1286998555 23474 0
1286998555 0 0 0 0
1286910312 280 0 280 0
1286910300 280 0 280 0
1286910000 281 0 323 0
1286909700 323 0 323 0
1286909400 311 0 323 0
1286909100 65 0 272 0
1286908800 272 0 272 0
1286908500 3802 0 96565 0
1286908200 96552 0 96565 0
1286907900 96254 0 96266 0
1286907600 95952 0 95964 0
1286907300 95653 0 95665 0
1286907000 95352 0 95364 0
1286906700 95053 0 95065 0
1286906400 94752 0 94764 0
1286906100 94454 0 94465 0
1286905800 94153 0 94165 0
1286905500 93853 0 93864 0
1286905200 93553 0 93565 0
1286904900 93252 0 93264 0
1286904600 92953 0 92965 0
1286904300 92652 0 92664 0
1286904000 92353 0 92365 0
1286903700 92052 0 92064 0
1286903400 91754 0 91765 0
1286903100 91453 0 91465 0
1286902800 91153 0 91164 0
1286902500 90853 0 90865 0
1286902200 90552 0 90564 0
1286901900 90253 0 90265 0
1286901600 89952 0 89964 0
1286901300 89653 0 89665 0
1286901000 89353 0 89364 0
1286900700 89053 0 89064 0
1286900400 88753 0 88765 0
1286900100 88453 0 88464 0
1286899800 88153 0 88165 0
1286899500 87852 0 87864 0
1286899200 87553 0 87565 0
1286898900 87252 0 87264 0
1286898600 86953 0 86965 0
1286898300 86652 0 86664 0
1286898000 86354 0 86365 0
1286897700 86053 0 86065 0
1286897400 85754 0 85765 0
1286897100 85453 0 85465 0
1286896800 85153 0 85164 0
1286896500 84853 0 84865 0
1286896200 84551 0 84564 0
1286895900 84253 0 84266 0
1286895600 83953 0 83965 0
1286895300 83652 0 83664 0
1286895000 83354 0 83365 0
1286894700 83053 0 83065 0
1286894400 82753 0 82764 0
1286894100 82453 0 82465 0
1286893800 82153 0 82164 0
1286893500 81853 0 81865 0
1286893200 81552 0 81564 0
1286892900 81253 0 81265 0
1286892600 80952 0 80964 0
1286892300 80653 0 80665 0
1286892000 80352 0 80364 0
1286891700 80054 0 80065 0
1286891400 79753 0 79765 0
1286891100 79453 0 79464 0
1286890800 79153 0 79165 0
1286890500 78853 0 78864 0
1286890200 78553 0 78565 0
1286889900 78252 0 78264 0
1286889600 77953 0 77965 0
1286889300 77652 0 77664 0
1286889000 77354 0 77365 0
1286888700 77053 0 77065 0
1286888400 76754 0 76765 0
1286888100 76453 0 76465 0
1286887800 76153 0 76164 0
1286887500 75853 0 75865 0
1286887200 75553 0 75564 0
1286886900 75253 0 75265 0
1286886600 74952 0 74964 0
1286886300 74653 0 74665 0
1286886000 74352 0 74364 0
1286885700 74053 0 74065 0
1286885400 73754 0 73765 0
1286885100 73453 0 73465 0
1286884800 73153 0 73164 0
1286884500 72853 0 72865 0
1286884200 72552 0 72564 0
1286883900 72253 0 72265 0
1286883600 71952 0 71964 0
1286883300 71653 0 71665 0
1286883000 71352 0 71364 0
1286882700 71054 0 71065 0
1286882400 70753 0 70765 0
1286882100 70453 0 70464 0
1286881800 70153 0 70165 0
1286881500 69853 0 69864 0
1286881200 69553 0 69565 0
1286880900 69253 0 69264 0
1286880600 68953 0 68965 0
1286880300 68652 0 68664 0
1286880000 68353 0 68365 0
1286879700 68052 0 68064 0
1286879400 67753 0 67765 0
1286879100 67452 0 67464 0
1286878800 67154 0 67165 0
1286878500 66853 0 66865 0
1286878200 66553 0 66564 0
1286877900 66253 0 66265 0
1286877600 65952 0 65964 0
1286877300 65653 0 65665 0
1286877000 65352 0 65364 0
1286876700 65053 0 65065 0
1286876400 64752 0 64764 0
1286876100 64454 0 64465 0
1286875800 64153 0 64165 0
1286875500 63853 0 63864 0
1286875200 63553 0 63565 0
1286874900 63253 0 63264 0
1286874600 62953 0 62965 0
1286874300 62652 0 62664 0
1286874000 62353 0 62365 0
1286873700 62052 0 62064 0
1286873400 61754 0 61765 0
1286873100 61453 0 61465 0
1286872800 61153 0 61164 0
1286872500 60853 0 60865 0
1286872200 60553 0 60564 0
1286871900 60253 0 60265 0
1286871600 59952 0 59964 0
1286871300 59653 0 59665 0
1286871000 59352 0 59364 0
1286870700 59054 0 59065 0
1286870400 58753 0 58765 0
1286870100 58453 0 58464 0
1286869800 58153 0 58165 0
1286869500 57853 0 57864 0
1286869200 57553 0 57565 0
1286868900 57252 0 57264 0
1286868600 56953 0 56965 0
1286868300 56652 0 56664 0
1286868000 56354 0 56365 0
1286867700 56053 0 56065 0
1286867400 55753 0 55764 0
1286867100 55453 0 55465 0
1286866800 55153 0 55164 0
1286866500 54853 0 54865 0
1286866200 54552 0 54564 0
1286865900 54253 0 54265 0
1286865600 53952 0 53964 0
1286865300 53654 0 53665 0
1286865000 53353 0 53365 0
1286864700 53054 0 53065 0
1286864400 52753 0 52765 0
1286864100 52453 0 52464 0
1286863800 52153 0 52165 0
1286863500 51852 0 51864 0
1286863200 51553 0 51565 0
1286862900 51252 0 51264 0
1286862600 50953 0 50965 0
1286862300 50652 0 50664 0
1286862000 50354 0 50365 0
1286861700 50053 0 50065 0
1286861400 49753 0 49764 0
1286861100 49453 0 49465 0
1286860800 49152 0 49164 0
1286860500 48853 0 48865 0
1286860200 48552 0 48564 0
1286859900 48253 0 48265 0
1286859600 47952 0 47964 0
1286859300 47654 0 47665 0
1286859000 47353 0 47365 0
1286858700 47053 0 47064 0
1286858400 46753 0 46765 0
1286858100 46453 0 46464 0
1286857800 46153 0 46165 0
1286857500 45852 0 45864 0
1286857200 45553 0 45565 0
1286856900 45252 0 45264 0
1286856600 44954 0 44965 0
1286856300 44653 0 44665 0
1286856000 44353 0 44364 0
1286855700 44053 0 44065 0
1286855400 43752 0 43764 0
1286855100 43453 0 43465 0
1286854800 43152 0 43164 0
1286854500 42853 0 42865 0
1286854200 42552 0 42564 0
1286853900 42253 0 42265 0
1286853600 41952 0 41964 0
1286853300 41654 0 41665 0
1286853000 41353 0 41365 0
1286852700 41053 0 41064 0
1286852400 40753 0 40765 0
1286852100 40453 0 40464 0
1286851800 40153 0 40165 0
1286851500 39852 0 39864 0
1286851200 39553 0 39565 0
1286850900 39252 0 39264 0
1286850600 38954 0 38965 0
1286850300 38653 0 38665 0
1286850000 38353 0 38364 0
1286849700 38053 0 38065 0
1286849400 37753 0 37764 0
1286849100 37453 0 37465 0
1286848800 37153 0 37164 0
1286848500 36853 0 36865 0
1286848200 36552 0 36564 0
1286847900 36253 0 36265 0
1286847600 35952 0 35964 0
1286847300 35653 0 35665 0
1286847000 35352 0 35364 0
1286846700 35054 0 35065 0
1286846400 34753 0 34765 0
1286846100 34454 0 34465 0
1286845800 34153 0 34165 0
1286845500 33853 0 33865 0
1286845200 33552 0 33564 0
1286844900 33253 0 33265 0
1286844600 32952 0 32964 0
1286844300 32653 0 32665 0
1286844000 32352 0 32364 0
1286843700 32054 0 32065 0
1286843400 31753 0 31765 0
1286843100 31453 0 31464 0
1286842800 31153 0 31165 0
1286842500 30853 0 30864 0
1286842200 30553 0 30565 0
1286841900 30252 0 30264 0
1286841600 29953 0 29965 0
1286841300 29652 0 29664 0
1286841000 29353 0 29365 0
1286840700 29052 0 29064 0
1286840400 28753 0 28765 0
1286840100 28452 0 28464 0
1286839800 28153 0 28165 0
1286839500 27853 0 27864 0
1286839200 27553 0 27564 0
1286838900 27253 0 27265 0
1286838600 26953 0 26964 0
1286838300 26653 0 26665 0
1286838000 26352 0 26364 0
1286837700 26053 0 26065 0
1286837400 25752 0 25764 0
1286837100 25454 0 25465 0
1286836800 25153 0 25165 0
1286836500 24853 0 24864 0
1286836200 24553 0 24565 0
1286835900 24253 0 24264 0
1286835600 23953 0 23965 0
1286835300 23652 0 23664 0
1286835000 23353 0 23365 0
1286834700 23052 0 23064 0
1286834400 22754 0 22765 0
1286834100 22453 0 22465 0
1286833800 22153 0 22164 0
1286833500 21853 0 21865 0
1286833200 21553 0 21564 0
1286832900 21253 0 21265 0
1286832600 20952 0 20964 0
1286832300 20653 0 20665 0
1286832000 20352 0 20364 0
1286831700 20054 0 20065 0
1286831400 19753 0 19765 0
1286831100 19453 0 19464 0
1286830800 19153 0 19165 0
1286830500 18852 0 18864 0
1286830200 18553 0 18565 0
1286829900 18252 0 18264 0
1286829600 17953 0 17965 0
1286829300 17652 0 17664 0
1286829000 17353 0 17365 0
1286828700 17052 0 17064 0
1286828400 16754 0 16765 0
1286828100 16453 0 16465 0
1286827800 16153 0 16164 0
1286827500 15853 0 15865 0
1286827200 15553 0 15564 0
1286826900 15253 0 15265 0
1286826600 14953 0 14964 0
1286826300 14653 0 14665 0
1286826000 14354 0 14365 0
1286825700 14053 0 14065 0
1286825400 13753 0 13764 0
1286825100 13453 0 13465 0
1286824800 13153 0 13164 0
1286824500 12852 0 12864 0
1286824200 12553 0 12565 0
1286823900 12252 0 12264 0
1286823600 11953 0 11965 0
1286823300 11652 0 11664 0
1286823000 11353 0 11365 0
1286822700 11052 0 11064 0
1286822400 10754 0 10765 0
1286822100 10453 0 10465 0
1286821800 10153 0 10164 0
1286821500 9853 0 9865 0
1286821200 9553 0 9564 0
1286820900 9253 0 9265 0
1286820600 8952 0 8964 0
1286820300 8653 0 8665 0
1286820000 8352 0 8364 0
1286819700 8053 0 8065 0
1286819400 7752 0 7764 0
1286819100 7453 0 7465 0
1286818800 7152 0 7164 0
1286818500 6854 0 6865 0
1286818200 6553 0 6565 0
1286817900 6254 0 6265 0
1286817600 5953 0 5965 0
1286817300 5653 0 5664 0
1286817000 5353 0 5365 0
1286816700 5053 0 5064 0
1286816400 4753 0 4765 0
1286816100 4453 0 4464 0
1286815800 4153 0 4165 0
1286815500 3852 0 3864 0
1286815200 3553 0 3565 0
1286814900 3252 0 3264 0
1286814600 2953 0 2965 0
1286814300 2652 0 2664 0
1286814000 2353 0 2365 0
1286813700 2052 0 2064 0
1286813400 1754 0 1765 0
1286813100 1453 0 1465 0
1286812800 1153 0 1164 0
1286812500 853 0 865 0
1286812200 551 0 564 0
1286811900 266 0 266 0
1286811600 3470 0 80373 0
1286811300 80361 0 80373 0
1286811000 80060 0 80072 0
1286810700 79760 0 79772 0
1286810400 79461 0 79473 0
1286810100 79161 0 79172 0
1286809800 78861 0 78872 0
1286809500 78561 0 78572 0
1286809200 78260 0 78272 0
1286808900 77961 0 77973 0
1286808600 77660 0 77672 0
1286808300 77361 0 77373 0
1286808000 77060 0 77072 0
1286807700 76761 0 76773 0
1286807400 76460 0 76472 0
1286807100 76161 0 76172 0
1286806800 75860 0 75872 0
1286806500 75561 0 75572 0
1286806200 75260 0 75272 0
1286805900 74961 0 74972 0
1286805600 74660 0 74672 0
1286805300 74361 0 74372 0
1286805000 74060 0 74072 0
1286804700 73761 0 73772 0
1286804400 73460 0 73472 0
1286804100 73161 0 73172 0
1286803800 72860 0 72872 0
1286803500 72561 0 72572 0
1286803200 72260 0 72272 0
1286802900 71961 0 71972 0
1286802600 71660 0 71672 0
1286802300 71361 0 71373 0
1286802000 71060 0 71072 0
1286801700 70761 0 70773 0
1286801400 70461 0 70472 0
1286801100 70161 0 70172 0
1286800800 69861 0 69872 0
1286800500 69561 0 69572 0
1286800200 69261 0 69272 0
1286799900 68960 0 68972 0
1286799600 68661 0 68672 0
1286799300 68360 0 68372 0
1286799000 68061 0 68073 0
1286798700 67761 0 67772 0
1286798400 67461 0 67472 0
1286798100 67161 0 67172 0
1286797800 66861 0 66872 0
1286797500 66561 0 66572 0
1286797200 66260 0 66272 0
1286796900 65961 0 65972 0
1286796600 65660 0 65672 0
1286796300 65361 0 65373 0
1286796000 65061 0 65072 0
1286795700 64761 0 64772 0
1286795400 64461 0 64472 0
1286795100 64161 0 64172 0
1286794800 63861 0 63872 0
1286794500 63560 0 63572 0
1286794200 63261 0 63272 0
1286793900 62960 0 62972 0
1286793600 62661 0 62673 0
1286793300 62360 0 62372 0
1286793000 62061 0 62073 0
1286792700 61761 0 61772 0
1286792400 61461 0 61472 0
1286792100 61161 0 61172 0
1286791800 60861 0 60872 0
1286791500 60561 0 60572 0
1286791200 60260 0 60272 0
1286790900 59961 0 59972 0
1286790600 59660 0 59672 0
1286790300 59361 0 59373 0
1286790000 59061 0 59072 0
1286789700 58761 0 58772 0
1286789400 58461 0 58472 0
1286789100 58161 0 58172 0
1286788800 57861 0 57872 0
1286788500 57560 0 57572 0
1286788200 57261 0 57272 0
1286787900 56960 0 56972 0
1286787600 56661 0 56673 0
1286787300 56361 0 56372 0
1286787000 56061 0 56072 0
1286786700 55761 0 55772 0
1286786400 55460 0 55472 0
1286786100 55161 0 55172 0
1286785800 54860 0 54872 0
1286785500 54561 0 54573 0
1286785200 54260 0 54272 0
1286784900 53961 0 53973 0
1286784600 53661 0 53672 0
1286784300 53361 0 53372 0
1286784000 53061 0 53072 0
1286783700 52760 0 52772 0
1286783400 52461 0 52472 0
1286783100 52161 0 52172 0
1286782800 51861 0 51872 0
1286782500 51561 0 51572 0
1286782200 51261 0 51272 0
1286781900 50960 0 50972 0
1286781600 50661 0 50672 0
1286781300 50360 0 50372 0
1286781000 50061 0 50072 0
1286780700 49760 0 49772 0
1286780400 49461 0 49473 0
1286780100 49161 0 49172 0
1286779800 48861 0 48872 0
1286779500 48561 0 48572 0
1286779200 48261 0 48272 0
1286778900 47961 0 47972 0
1286778600 47660 0 47672 0
1286778300 47361 0 47372 0
1286778000 47060 0 47072 0
1286777700 46761 0 46772 0
1286777400 46460 0 46472 0
1286777100 46161 0 46173 0
1286776800 45861 0 45872 0
1286776500 45561 0 45572 0
1286776200 45261 0 45272 0
1286775900 44960 0 44972 0
1286775600 44661 0 44672 0
1286775300 44360 0 44372 0
1286775000 44061 0 44073 0
1286774700 43761 0 43772 0
1286774400 43461 0 43472 0
1286774100 43161 0 43172 0
1286773800 42861 0 42872 0
1286773500 42561 0 42572 0
1286773200 42260 0 42272 0
1286772900 41961 0 41972 0
1286772600 41660 0 41672 0
1286772300 41361 0 41373 0
1286772000 41061 0 41072 0
1286771700 40761 0 40772 0
1286771400 40461 0 40472 0
1286771100 40160 0 40172 0
1286770800 39861 0 39872 0
1286770500 39560 0 39572 0
1286770200 39261 0 39272 0
1286769900 38960 0 38972 0
1286769600 38661 0 38673 0
1286769300 38360 0 38372 0
1286769000 38061 0 38073 0
1286768700 37761 0 37772 0
1286768400 37461 0 37472 0
1286768100 37160 0 37172 0
1286767800 36858 0 36873 0
1286767500 36564 0 36576 0
1286767200 36260 0 36272 0
1286766900 35961 0 35973 0
1286766600 35661 0 35672 0
1286766300 35361 0 35372 0
1286766000 35061 0 35072 0
1286765700 34760 0 34772 0
1286765400 34461 0 34472 0
1286765100 34160 0 34172 0
1286764800 33861 0 33873 0
1286764500 33560 0 33572 0
1286764200 33261 0 33273 0
1286763900 32961 0 32972 0
1286763600 32661 0 32672 0
1286763300 32361 0 32372 0
1286763000 32061 0 32072 0
1286762700 31761 0 31772 0
1286762400 31460 0 31472 0
1286762100 31161 0 31172 0
1286761800 30860 0 30872 0
1286761500 30561 0 30573 0
1286761200 30261 0 30272 0
1286760900 29961 0 29972 0
1286760600 29661 0 29672 0
1286760300 29360 0 29372 0
1286760000 29061 0 29072 0
1286759700 28760 0 28772 0
1286759400 28461 0 28473 0
1286759100 28161 0 28172 0
1286758800 27861 0 27872 0
1286758500 27561 0 27572 0
1286758200 27261 0 27272 0
1286757900 26961 0 26972 0
1286757600 26660 0 26672 0
1286757300 26361 0 26372 0
1286757000 26060 0 26072 0
1286756700 25761 0 25772 0
1286756400 25460 0 25472 0
1286756100 25161 0 25172 0
1286755800 24860 0 24872 0
1286755500 24561 0 24572 0
1286755200 24260 0 24272 0
1286754900 23961 0 23973 0
1286754600 23660 0 23672 0
1286754300 23361 0 23373 0
1286754000 23061 0 23072 0
1286753700 22761 0 22772 0
1286753400 22461 0 22472 0
1286753100 22161 0 22172 0
1286752800 21861 0 21872 0
1286752500 21560 0 21572 0
1286752200 21261 0 21272 0
1286751900 20960 0 20972 0
1286751600 20661 0 20673 0
1286751300 20360 0 20372 0
1286751000 20061 0 20073 0
1286750700 19761 0 19772 0
1286750400 19461 0 19472 0
1286750100 19161 0 19172 0
1286749800 18861 0 18872 0
1286749500 18561 0 18572 0
1286749200 18261 0 18272 0
1286748900 17961 0 17972 0
1286748600 17661 0 17672 0
1286748300 17361 0 17372 0
1286748000 17060 0 17072 0
1286747700 16761 0 16772 0
1286747400 16460 0 16472 0
1286747100 16161 0 16173 0
1286746800 15860 0 15872 0
1286746500 15561 0 15573 0
1286746200 15261 0 15272 0
1286745900 14961 0 14972 0
1286745600 14661 0 14672 0
1286745300 14361 0 14372 0
1286745000 14061 0 14072 0
1286744700 13760 0 13772 0
1286744400 13461 0 13472 0
1286744100 13160 0 13172 0
1286743800 12861 0 12873 0
1286743500 12561 0 12572 0
1286743200 12261 0 12272 0
1286742900 11961 0 11972 0
1286742600 11661 0 11672 0
1286742300 11361 0 11372 0
1286742000 11061 0 11072 0
1286741700 10761 0 10772 0
1286741400 10460 0 10472 0
1286741100 10161 0 10172 0
1286740800 9860 0 9872 0
1286740500 9561 0 9573 0
1286740200 9260 0 9272 0
1286739900 8961 0 8973 0
1286739600 8661 0 8672 0
1286739300 8361 0 8372 0
1286739000 8061 0 8072 0
1286738700 7761 0 7772 0
1286738400 7461 0 7472 0
1286738100 7160 0 7172 0
1286737800 6861 0 6872 0
1286737500 6560 0 6572 0
1286737200 6261 0 6273 0
1286736900 5961 0 5972 0
1286736600 5661 0 5672 0
1286736300 5361 0 5372 0
1286736000 5061 0 5072 0
1286735700 4761 0 4772 0
1286735400 4460 0 4472 0
1286735100 4161 0 4172 0
1286734800 3860 0 3872 0
1286734500 3561 0 3573 0
1286734200 3260 0 3272 0
1286733900 2961 0 2973 0
1286733600 2661 0 2672 0
1286733300 2361 0 2372 0
1286733000 2060 0 2072 0
1286732700 1761 0 1772 0
1286732400 1460 0 1472 0
1286732100 1161 0 1172 0
1286731800 860 0 872 0
1286731500 557 0 572 0
1286731200 276 0 276 0
1286730900 7679 0 202186 0
1286730600 202025 0 202186 0
1286730000 200824 0 201587 0
1286728200 199024 0 199787 0
1286726400 197224 0 197987 0
1286724600 195424 0 196186 0
1286722800 193624 0 194386 0
1286721000 191824 0 192587 0
1286719200 190025 0 190786 0
1286717400 188224 0 188986 0
1286715600 186424 0 187186 0
1286713800 184624 0 185386 0
1286712000 182824 0 183586 0
1286710200 181024 0 181786 0
1286708400 179224 0 179987 0
1286706600 177424 0 178187 0
1286704800 175624 0 176386 0
1286703000 173824 0 174586 0
1286701200 172024 0 172787 0
1286699400 170224 0 170986 0
1286697600 168424 0 169187 0
1286695800 166624 0 167387 0
1286694000 164824 0 165586 0
1286692200 163024 0 163787 0
1286690400 161225 0 161987 0
1286688600 159424 0 160186 0
1286686800 157624 0 158387 0
1286685000 155825 0 156587 0
1286683200 154024 0 154787 0
1286681400 152224 0 152987 0
1286679600 150425 0 151187 0
1286677800 148624 0 149386 0
1286676000 146824 0 147586 0
1286674200 145024 0 145787 0
1286672400 143225 0 143986 0
1286670600 141425 0 142186 0
1286668800 139624 0 140387 0
1286667000 137824 0 138587 0
1286665200 136024 0 136786 0
1286663400 134224 0 134986 0
1286661600 132424 0 133187 0
1286659800 130625 0 131387 0
1286658000 128824 0 129586 0
1286656200 127024 0 127786 0
1286654400 125224 0 125987 0
1286652600 123424 0 124187 0
1286650800 121625 0 122386 0
1286649000 119824 0 120586 0
1286647200 118024 0 118786 0
1286645400 116225 0 116987 0
1286643600 114424 0 115187 0
1286641800 112624 0 113387 0
1286640000 110824 0 111586 0
1286638200 109024 0 109786 0
1286636400 107224 0 107986 0
1286634600 105424 0 106186 0
1286632800 103625 0 104387 0
1286631000 101824 0 102586 0
1286629200 100024 0 100786 0
1286627400 98224 0 98987 0
1286625600 96425 0 97186 0
1286623800 94624 0 95386 0
1286622000 92824 0 93586 0
1286620200 91024 0 91786 0
1286618400 89224 0 89987 0
1286616600 87424 0 88186 0
1286614800 85624 0 86386 0
1286613000 83824 0 84587 0
1286611200 82024 0 82786 0
1286609400 80224 0 80986 0
1286607600 78424 0 79187 0
1286605800 76624 0 77386 0
1286604000 74824 0 75586 0
1286602200 73024 0 73786 0
1286600400 71225 0 71986 0
1286598600 69424 0 70187 0
1286596800 67624 0 68387 0
1286595000 65824 0 66587 0
1286593200 64024 0 64787 0
1286591400 62224 0 62987 0
1286589600 60424 0 61187 0
1286587800 58624 0 59386 0
1286586000 56824 0 57586 0
1286584200 55024 0 55787 0
1286582400 53224 0 53986 0
1286580600 51424 0 52186 0
1286578800 49624 0 50387 0
1286577000 47824 0 48586 0
1286575200 46024 0 46786 0
1286573400 44224 0 44987 0
1286571600 42424 0 43186 0
1286569800 40624 0 41386 0
1286568000 38824 0 39587 0
1286566200 37024 0 37786 0
1286564400 35224 0 35986 0
1286562600 33424 0 34187 0
1286560800 31624 0 32387 0
1286559000 29824 0 30586 0
1286557200 28024 0 28786 0
1286555400 26224 0 26987 0
1286553600 24424 0 25186 0
1286551800 22624 0 23386 0
1286550000 20825 0 21587 0
1286548200 19024 0 19786 0
1286546400 17224 0 17987 0
1286544600 15424 0 16186 0
1286542800 13624 0 14386 0
1286541000 11824 0 12586 0
1286539200 10024 0 10786 0
1286537400 8224 0 8987 0
1286535600 6424 0 7186 0
1286533800 4624 0 5387 0
1286532000 2824 0 3586 0
1286530200 976 0 1786 0
1286528400 0 0 0 0
1286526600 0 0 0 0
1286524800 0 0 0 0
1286523000 0 0 0 0
1286521200 0 0 0 0
1286519400 0 0 0 0
1286517600 62688 0 75286 0
1286515800 73025 0 73787 0
1286514000 71224 0 71986 0
1286512200 69424 0 70186 0
1286510400 67624 0 68386 0
1286508600 65824 0 66586 0
1286506800 64024 0 64786 0
1286505000 62224 0 62986 0
1286503200 60424 0 61186 0
1286501400 58624 0 59387 0
1286499600 56824 0 57587 0
1286497800 55024 0 55786 0
1286496000 53224 0 53986 0
1286494200 51425 0 52187 0
1286492400 49624 0 50386 0
1286490600 47824 0 48586 0
1286488800 46024 0 46786 0
1286487000 44224 0 44986 0
1286485200 42424 0 43187 0
1286483400 40624 0 41386 0
1286481600 38824 0 39586 0
1286479800 37024 0 37787 0
1286478000 35224 0 35986 0
1286476200 33424 0 34186 0
1286474400 31624 0 32387 0
1286472600 29824 0 30586 0
1286470800 28024 0 28786 0
1286469000 26224 0 26986 0
1286467200 24424 0 25187 0
1286465400 22624 0 23386 0
1286463600 20825 0 21586 0
1286461800 19024 0 19786 0
1286460000 17224 0 17986 0
1286458200 15424 0 16186 0
1286456400 13625 0 14387 0
1286454600 11824 0 12586 0
1286452800 10024 0 10787 0
1286451000 8224 0 8986 0
1286449200 6424 0 7186 0
1286447400 4624 0 5387 0
1286445600 2824 0 3586 0
1286443800 975 0 1787 0
1286442000 0 0 0 0
1286440200 0 0 0 0
1286438400 0 0 0 0
1286436600 0 0 0 0
1286434800 0 0 0 0
1286433000 0 0 0 0
1286431200 53039 0 63792 0
1286429400 61530 0 62292 0
1286427600 59730 0 60492 0
1286425800 57930 0 58692 0
1286424000 56130 0 56892 0
1286422200 54330 0 55092 0
1286420400 52530 0 53292 0
1286418600 50730 0 51492 0
1286416800 48930 0 49692 0
1286415000 47130 0 47892 0
1286413200 45330 0 46092 0
1286411400 43530 0 44292 0
1286409600 41730 0 42493 0
1286407800 39930 0 40692 0
1286406000 38130 0 38892 0
1286404200 36330 0 37092 0
1286402400 34531 0 35293 0
1286400600 32730 0 33492 0
1286398800 30930 0 31692 0
1286397000 29130 0 29892 0
1286395200 27330 0 28092 0
1286393400 25530 0 26292 0
1286391600 23730 0 24492 0
1286389800 21930 0 22692 0
1286388000 20130 0 20892 0
1286386200 18330 0 19092 0
1286384400 16530 0 17292 0
1286382600 14731 0 15493 0
1286380800 12930 0 13692 0
1286379000 11130 0 11892 0
1286377200 9330 0 10093 0
1286375400 7530 0 8292 0
1286373600 5730 0 6492 0
1286371800 3930 0 4692 0
1286370000 2130 0 2892 0
1286368200 4231 0 11386 0
1286366400 10024 0 10786 0
1286364600 8224 0 8986 0
1286362800 6424 0 7186 0
1286361000 4624 0 5386 0
1286359200 2825 0 3587 0
1286357400 975 0 1786 0
1286355600 0 0 0 0
1286353800 0 0 0 0
1286352000 0 0 0 0
1286350200 0 0 0 0
1286348400 0 0 0 0
1286346600 0 0 0 0
1286344800 0 0 0 0
1286343000 0 0 0 0
1286341200 0 0 0 0
1286339400 23363 0 68986 0
1286337600 67624 0 68386 0
1286335800 65825 0 66586 0
1286334000 64024 0 64787 0
1286332200 62225 0 62987 0
1286330400 60424 0 61186 0
1286328600 58624 0 59386 0
1286326800 56824 0 57587 0
1286325000 55025 0 55787 0
1286323200 53224 0 53986 0
1286321400 51424 0 52186 0
1286319600 49625 0 50387 0
1286317800 47824 0 48587 0
1286316000 46024 0 46787 0
1286314200 44224 0 44987 0
1286312400 42424 0 43187 0
1286310600 40625 0 41386 0
1286308800 38824 0 39586 0
1286307000 37024 0 37786 0
1286305200 35224 0 35986 0
1286303400 33424 0 34186 0
1286301600 31625 0 32386 0
1286299800 29825 0 30587 0
1286298000 28024 0 28787 0
1286296200 26224 0 26986 0
1286294400 24424 0 25186 0
1286292600 22624 0 23387 0
1286290800 20824 0 21586 0
1286289000 19024 0 19786 0
1286287200 17224 0 17987 0
1286285400 15424 0 16186 0
1286283600 13624 0 14386 0
1286281800 11825 0 12587 0
1286280000 10024 0 10786 0
1286278200 8224 0 8987 0
1286276400 6424 0 7187 0
1286274600 4624 0 5386 0
1286272800 2824 0 3587 0
1286271000 975 0 1786 0
1286269200 0 0 0 0
1286267400 0 0 0 0
1286265600 0 0 0 0
1286263800 0 0 0 0
1286262000 0 0 0 0
1286260200 0 0 0 0
1286258400 62689 0 75286 0
1286256600 73024 0 73786 0
1286254800 71224 0 71986 0
1286253000 69424 0 70187 0
1286251200 67624 0 68386 0
1286249400 65824 0 66587 0
1286247600 64024 0 64786 0
1286245800 62224 0 62987 0
1286244000 60424 0 61187 0
1286242200 58624 0 59386 0
1286240400 56824 0 57586 0
1286238600 55024 0 55787 0
1286236800 53225 0 53987 0
1286235000 51424 0 52186 0
1286233200 49624 0 50386 0
1286231400 47825 0 48587 0
1286229600 46024 0 46786 0
1286227800 44224 0 44987 0
1286226000 42424 0 43187 0
1286224200 40624 0 41386 0
1286222400 38824 0 39587 0
1286220600 37024 0 37787 0
1286218800 35224 0 35986 0
1286217000 33424 0 34187 0
1286215200 31624 0 32386 0
1286213400 29824 0 30586 0
1286211600 28024 0 28787 0
1286209800 26224 0 26986 0
1286208000 24424 0 25186 0
1286206200 22624 0 23387 0
1286204400 20824 0 21586 0
1286202600 19024 0 19786 0
1286200800 17225 0 17987 0
1286199000 15424 0 16186 0
1286197200 13624 0 14386 0
1286195400 11825 0 12587 0
1286193600 10024 0 10786 0
1286191800 8224 0 8987 0
1286190000 6424 0 7186 0
1286188200 4624 0 5386 0
1286186400 2824 0 3587 0
1286184600 975 0 1786 0
1286182800 0 0 0 0
1286181000 0 0 0 0
1286179200 0 0 0 0
1286177400 0 0 0 0
1286175600 0 0 0 0
1286173800 0 0 0 0
1286172000 62688 0 75285 0
1286170200 73024 0 73786 0
1286168400 71224 0 71985 0
1286166600 69423 0 70186 0
1286164800 67624 0 68386 0
1286163000 65824 0 66585 0
1286161200 64024 0 64786 0
1286159400 62224 0 62986 0
1286157600 60424 0 61186 0
1286155800 58624 0 59386 0
1286154000 56824 0 57586 0
1286152200 55023 0 55785 0
1286150400 53223 0 53985 0
1286148600 51424 0 52186 0
1286146800 49623 0 50386 0
1286145000 47824 0 48586 0
1286143200 46024 0 46785 0
1286141400 44224 0 44985 0
1286139600 42424 0 43186 0
1286137800 40624 0 41386 0
1286136000 38824 0 39585 0
1286134200 37024 0 37786 0
1286132400 35224 0 35986 0
1286130600 33424 0 34186 0
1286128800 31624 0 32386 0
1286127000 29823 0 30586 0
1286125200 28024 0 28786 0
1286123400 26224 0 26986 0
1286121600 24423 0 25186 0
1286119800 22624 0 23385 0
1286118000 20823 0 21586 0
1286116200 19024 0 19786 0
1286114400 17223 0 17985 0
1286112600 15423 0 16186 0
1286110800 13624 0 14386 0
1286109000 11824 0 12586 0
1286107200 10023 0 10786 0
1286105400 8224 0 8986 0
1286103600 6423 0 7185 0
1286101800 4623 0 5386 0
1286100000 2824 0 3585 0
1286098200 975 0 1786 0
1286096400 0 0 0 0
1286094600 0 0 0 0
1286092800 0 0 0 0
1286091000 0 0 0 0
1286089200 0 0 0 0
1286087400 0 0 0 0
1286085600 0 0 0 0
1286083800 0 0 0 0
1286082000 0 0 0 0
1286080200 0 0 0 0
1286078400 0 0 0 0
1286076600 0 0 0 0
1286074800 0 0 0 0
1286073000 0 0 0 0
1286071200 0 0 0 0
1286069400 0 0 0 0
1286067600 0 0 0 0
1286065800 0 0 0 0
1286064000 0 0 0 0
1286062200 0 0 0 0
1286060400 0 0 0 0
1286058600 0 0 0 0
1286056800 0 0 0 0
1286055000 0 0 0 0
1286053200 0 0 0 0
1286051400 0 0 0 0
1286049600 0 0 0 0
1286047800 0 0 0 0
1286046000 0 0 0 0
1286044200 27936 0 33886 0
1286042400 31624 0 32386 0
1286040600 29824 0 30587 0
1286038800 28024 0 28787 0
1286037000 26224 0 26987 0
1286035200 24424 0 25186 0
1286033400 22624 0 23386 0
1286031600 20824 0 21587 0
1286029800 19024 0 19786 0
1286028000 17224 0 17986 0
1286026200 15425 0 16187 0
1286024400 13624 0 14386 0
1286022600 11824 0 12587 0
1286020800 10024 0 10787 0
1286019000 8224 0 8986 0
1286017200 6424 0 7186 0
1286015400 4624 0 5387 0
1286013600 2824 0 3586 0
1286011800 976 0 1787 0
1286010000 0 0 0 0
1286008200 0 0 0 0
1286006400 0 0 0 0
1286004600 0 0 0 0
1286002800 0 0 0 0
1286001000 0 0 0 0
1285999200 0 0 0 0
1285997400 0 0 0 0
1285995600 12215 0 70487 0
1285993800 69424 0 70186 0
1285992000 67625 0 68386 0
1285990200 65824 0 66586 0
1285988400 64024 0 64786 0
1285986600 62225 0 62987 0
1285984800 60424 0 61186 0
1285983000 58624 0 59386 0
1285981200 56824 0 57587 0
1285979400 55024 0 55786 0
1285977600 53224 0 53986 0
1285975800 51424 0 52186 0
1285974000 49624 0 50386 0
1285972200 47824 0 48586 0
1285970400 46024 0 46786 0
1285968600 44224 0 44986 0
1285966800 42424 0 43186 0
1285965000 40624 0 41386 0
1285963200 38824 0 39586 0
1285961400 37025 0 37787 0
1285959600 35224 0 35986 0
1285957800 33424 0 34186 0
1285956000 31624 0 32386 0
1285954200 29824 0 30586 0
1285952400 28024 0 28786 0
1285950600 26224 0 26986 0
1285948800 24424 0 25186 0
1285947000 22625 0 23387 0
1285945200 20824 0 21586 0
1285943400 19024 0 19786 0
1285941600 17224 0 17987 0
1285939800 15424 0 16186 0
1285938000 13624 0 14386 0
1285936200 11824 0 12586 0
1285934400 10024 0 10786 0
1285932600 8224 0 8986 0
1285930800 6424 0 7186 0
1285929000 4624 0 5386 0
1285927200 2824 0 3586 0
1285925400 976 0 1786 0
1285923600 0 0 0 0
1285921800 0 0 0 0
1285920000 0 0 0 0
1285918200 0 0 0 0
1285916400 0 0 0 0
1285914600 0 0 0 0
1285912800 0 0 0 0
1285911000 0 0 0 0
1285909200 0 0 0 0
1285907400 417 0 68386 0
1285905600 67624 0 68386 0
1285903800 65824 0 66587 0
1285902000 64024 0 64787 0
1285900200 62224 0 62986 0
1285898400 60424 0 61186 0
1285896600 58625 0 59387 0
1285894800 56824 0 57586 0
1285893000 55024 0 55786 0
1285891200 53224 0 53986 0
1285889400 51424 0 52186 0
1285887600 49624 0 50387 0
1285885800 47824 0 48586 0
1285884000 46024 0 46786 0
1285882200 44224 0 44987 0
1285880400 42424 0 43186 0
1285878600 40624 0 41386 0
1285876800 38824 0 39587 0
1285875000 37024 0 37786 0
1285873200 35224 0 35986 0
1285871400 33424 0 34186 0
1285869600 31624 0 32386 0
1285867800 29824 0 30587 0
1285866000 28024 0 28786 0
1285864200 26224 0 26986 0
1285862400 24424 0 25187 0
1285860600 22624 0 23386 0
1285858800 20824 0 21586 0
1285857000 19025 0 19787 0
1285855200 17224 0 17986 0
1285853400 15424 0 16186 0
1285851600 13624 0 14386 0
1285849800 11824 0 12586 0
1285848000 10024 0 10787 0
1285846200 8224 0 8986 0
1285844400 6424 0 7186 0
1285842600 4624 0 5386 0
1285840800 2824 0 3586 0
1285839000 976 0 1787 0
1285837200 0 0 0 0
1285835400 0 0 0 0
1285833600 0 0 0 0
1285831800 0 0 0 0
1285830000 0 0 0 0
1285828200 0 0 0 0
1285826400 0 0 0 0
1285824600 0 0 0 0
1285822800 0 0 0 0
1285821000 0 0 0 0
1285819200 0 0 0 0
1285817400 55134 0 66286 0
1285815600 64024 0 64786 0
1285813800 62225 0 62986 0
1285812000 60425 0 61186 0
1285810200 58624 0 59386 0
1285808400 56825 0 57587 0
1285806600 55024 0 55786 0
1285804800 53224 0 53986 0
1285803000 51424 0 52186 0
1285801200 49624 0 50386 0
1285799400 47824 0 48586 0
1285797600 46024 0 46786 0
1285795800 44224 0 44986 0
1285794000 42424 0 43186 0
1285792200 40624 0 41387 0
1285790400 38824 0 39586 0
1285788600 37024 0 37786 0
1285786800 35224 0 35987 0
1285785000 33424 0 34186 0
1285783200 31624 0 32386 0
1285781400 29824 0 30586 0
1285779600 28024 0 28786 0
1285777800 26224 0 26987 0
1285776000 24424 0 25186 0
1285774200 22624 0 23386 0
1285772400 20825 0 21587 0
1285770600 19024 0 19786 0
1285768800 17224 0 17986 0
1285767000 15424 0 16186 0
1285765200 13624 0 14386 0
1285763400 11824 0 12587 0
1285761600 10024 0 10786 0
1285759800 8224 0 8986 0
1285758000 6424 0 7186 0
1285756200 4624 0 5386 0
1285754400 2824 0 3587 0
1285752600 975 0 1786 0
1285750800 0 0 0 0
1285749000 0 0 0 0
1285747200 0 0 0 0
1285745400 0 0 0 0
1285743600 0 0 0 0
1285741800 0 0 0 0
1285740000 0 0 0 0
1285738200 0 0 0 0
1285736400 0 0 0 0
1285734600 11865 0 68686 0
1285732800 67624 0 68386 0
1285731000 65824 0 66586 0
1285729200 64024 0 64786 0
1285727400 62224 0 62986 0
1285725600 60424 0 61187 0
1285723800 58624 0 59386 0
1285722000 56824 0 57586 0
1285720200 55024 0 55786 0
1285718400 53224 0 53986 0
1285716600 51424 0 52186 0
1285714800 49624 0 50386 0
1285713000 47824 0 48586 0
1285711200 46024 0 46786 0
1285709400 44225 0 44987 0
1285707600 42424 0 43186 0
1285705800 40624 0 41386 0
1285704000 38824 0 39586 0
1285702200 37024 0 37786 0
1285700400 35224 0 35986 0
1285698600 33424 0 34186 0
1285696800 31624 0 32386 0
1285695000 29824 0 30586 0
1285693200 28024 0 28786 0
1285691400 26224 0 26986 0
1285689600 24425 0 25187 0
1285687800 22624 0 23386 0
1285686000 20824 0 21586 0
1285684200 19024 0 19786 0
1285682400 17224 0 17986 0
1285680600 15424 0 16186 0
1285678800 13624 0 14386 0
1285677000 11824 0 12586 0
1285675200 10024 0 10787 0
1285673400 8224 0 8986 0
1285671600 6424 0 7186 0
1285669800 4624 0 5386 0
1285668000 2824 0 3586 0
1285666200 976 0 1787 0
1285664400 0 0 0 0
1285662600 0 0 0 0
1285660800 0 0 0 0
1285659000 0 0 0 0
1285657200 0 0 0 0
1285655400 0 0 0 0
1285653600 0 0 0 0
1285651800 0 0 0 0
1285650000 0 0 0 0
1285646400 7948 0 61787 0
1285639200 57724 0 61187 0
1285632000 50524 0 53986 0
1285624800 43324 0 46786 0
1285617600 36124 0 39586 0
1285610400 28924 0 32386 0
1285603200 21724 0 25186 0
1285596000 14524 0 17986 0
1285588800 7324 0 10786 0
1285581600 949 0 3586 0
1285574400 0 0 0 0
1285567200 0 0 0 0
1285560000 39834 0 65687 0
1285552800 57724 0 61186 0
1285545600 50524 0 53987 0
1285538400 43324 0 46787 0
1285531200 36124 0 39587 0
1285524000 28924 0 32387 0
1285516800 21724 0 25186 0
1285509600 14524 0 17987 0
1285502400 7324 0 10786 0
1285495200 949 0 3587 0
1285488000 0 0 0 0
1285480800 4332 0 17982 0
1285473600 12720 0 16181 0
1285466400 5519 0 8982 0
1285459200 242 0 1782 0
1285452000 0 0 0 0
1285444800 4176 0 33287 0
1285437600 28924 0 32386 0
1285430400 21724 0 25187 0
1285423200 14524 0 17987 0
1285416000 7324 0 10786 0
1285408800 949 0 3587 0
1285401600 0 0 0 0
1285394400 113 0 68387 0
1285387200 64925 0 68387 0
1285380000 57724 0 61187 0
1285372800 50524 0 53987 0
1285365600 43324 0 46787 0
1285358400 36124 0 39587 0
1285351200 28924 0 32386 0
1285344000 21724 0 25187 0
1285336800 14524 0 17986 0
1285329600 7324 0 10787 0
1285322400 949 0 3586 0
1285315200 0 0 0 0
1285308000 0 0 0 0
1285300800 59342 0 67786 0
1285293600 57724 0 61187 0
1285286400 50524 0 53987 0
1285279200 43324 0 46787 0
1285272000 36124 0 39587 0
1285264800 28924 0 32387 0
1285257600 21724 0 25186 0
1285250400 14524 0 17987 0
1285243200 7324 0 10786 0
1285236000 950 0 3587 0
1285228800 0 0 0 0
1285221600 0 0 0 0
1285214400 3298 0 7194 0
1285207200 431 0 2395 0
1285200000 70 0 46787 0
1285192800 43324 0 46787 0
1285185600 36124 0 39587 0
1285178400 28924 0 32386 0
1285171200 21724 0 25187 0
1285164000 14524 0 17986 0
1285156800 7324 0 10787 0
1285149600 949 0 3586 0
1285142400 0 0 0 0
1285135200 0 0 0 0
1285128000 7465 0 11286 0
1285120800 20143 0 56387 0
1285113600 50524 0 53986 0
1285106400 43324 0 46787 0
1285099200 36124 0 39587 0
1285092000 28924 0 32387 0
1285084800 21724 0 25187 0
1285077600 14524 0 17986 0
1285070400 7324 0 10787 0
1285063200 949 0 3587 0
1285056000 0 0 0 0
1285048800 0 0 0 0
1285041600 59342 0 67786 0
1285034400 57724 0 61187 0
1285027200 50524 0 53986 0
1285020000 43324 0 46786 0
1285012800 36124 0 39587 0
1285005600 28924 0 32386 0
1284998400 21724 0 25187 0
1284991200 14524 0 17986 0
1284984000 7324 0 10787 0
1284976800 949 0 3586 0
1284969600 0 0 0 0
1284962400 0 0 0 0
1284955200 8225 0 33460 0
1284948000 28198 0 31660 0
1284940800 20998 0 24461 0
1284933600 13798 0 17260 0
1284926400 6598 0 10061 0
1284919200 15448 0 29086 0
1284912000 21724 0 25187 0
1284904800 14524 0 17986 0
1284897600 7324 0 10786 0
1284890400 949 0 3586 0
1284883200 0 0 0 0
1284876000 0 0 0 0
1284868800 0 0 0 0
1284861600 0 0 0 0
1284854400 0 0 0 0
1284847200 0 0 0 0
1284840000 0 0 0 0
1284832800 26300 0 31789 0
1284825600 21724 0 25187 0
1284818400 14524 0 17987 0
1284811200 7324 0 10786 0
1284804000 949 0 3587 0
1284796800 0 0 0 0
1284789600 0 0 0 0
1284782400 59342 0 67786 0
1284775200 57724 0 61187 0
1284768000 50524 0 53986 0
1284760800 43324 0 46787 0
1284753600 36124 0 39586 0
1284746400 28924 0 32387 0
1284739200 21724 0 25186 0
1284732000 14524 0 17987 0
1284724800 7324 0 10786 0
1284717600 949 0 3587 0
1284710400 0 0 0 0
1284703200 69091 0 75286 0
1284696000 64925 0 68387 0
1284688800 57725 0 61187 0
1284681600 50525 0 53987 0
1284674400 43325 0 46786 0
1284667200 36125 0 39587 0
1284660000 28925 0 32387 0
1284652800 21724 0 25187 0
1284645600 14524 0 17987 0
1284638400 7324 0 10787 0
1284631200 950 0 3587 0
1284624000 0 0 0 0
1284616800 2982 0 9966 0
1284609600 4104 0 7566 0
1284602400 14 0 366 0
1284595200 4007 0 47387 0
1284588000 43324 0 46787 0
1284580800 36124 0 39586 0
1284573600 28924 0 32387 0
1284566400 21724 0 25187 0
1284559200 14524 0 17987 0
1284552000 7324 0 10787 0
1284544800 950 0 3587 0
1284537600 0 0 0 0
1284530400 0 0 0 0
1284523200 53705 0 67186 0
1284516000 57724 0 61187 0
1284508800 50524 0 53986 0
1284501600 43324 0 46787 0
1284494400 36124 0 39586 0
1284487200 28924 0 32387 0
1284480000 21724 0 25186 0
1284472800 14524 0 17987 0
1284465600 7324 0 10786 0
1284458400 949 0 3586 0
1284451200 0 0 0 0
1284444000 0 0 0 0
1284436800 18343 0 63286 0
1284429600 57724 0 61186 0
1284422400 50524 0 53986 0
1284415200 43324 0 46786 0
1284408000 36124 0 39586 0
1284400800 28924 0 32386 0
1284393600 21724 0 25187 0
1284386400 14524 0 17986 0
1284379200 7324 0 10787 0
1284372000 949 0 3586 0
1284364800 0 0 0 0
1284357600 0 0 0 0
1284350400 31660 0 64786 0
1284343200 57723 0 61186 0
1284336000 50523 0 53986 0
1284328800 43323 0 46785 0
1284321600 36123 0 39586 0
1284314400 28923 0 32386 0
1284307200 21723 0 25185 0
1284300000 14523 0 17986 0
1284292800 7323 0 10786 0
1284285600 949 0 3586 0
1284278400 0 0 0 0
1284271200 0 0 0 0
1284264000 0 0 0 0
1284256800 0 0 0 0
1284249600 0 0 0 0
1284242400 0 0 0 0
1284235200 0 0 0 0
1284228000 24962 0 31486 0
1284220800 21724 0 25187 0
1284213600 14524 0 17986 0
1284206400 7324 0 10786 0
1284199200 949 0 3586 0
1284192000 0 0 0 0
1284184800 8737 0 69287 0
1284177600 64924 0 68386 0
1284170400 57724 0 61187 0
1284163200 50524 0 53986 0
1284156000 43324 0 46786 0
1284148800 36124 0 39587 0
1284141600 28924 0 32386 0
1284134400 21724 0 25187 0
1284127200 14524 0 17986 0
1284120000 7324 0 10787 0
1284112800 949 0 3586 0
1284105600 0 0 0 0
1284098400 0 0 0 0
1284091200 34372 0 65086 0
1284084000 57724 0 61187 0
1284076800 50524 0 53986 0
1284069600 43324 0 46786 0
1284062400 36124 0 39587 0
1284055200 28924 0 32386 0
1284048000 21724 0 25187 0
1284040800 14524 0 17986 0
1284033600 7324 0 10786 0
1284026400 949 0 3586 0
1284019200 0 0 0 0
1284012000 0 0 0 0
1284004800 59342 0 67786 0
1283997600 57724 0 61186 0
1283990400 50524 0 53986 0
1283983200 43324 0 46786 0
1283976000 36124 0 39586 0
1283968800 28924 0 32386 0
1283961600 21724 0 25186 0
1283954400 14524 0 17986 0
1283947200 7324 0 10786 0
1283940000 950 0 3586 0
1283932800 0 0 0 0
1283925600 0 0 0 0
1283918400 28011 0 44169 0
1283911200 35906 0 39369 0
1283904000 28706 0 32169 0
1283896800 21506 0 24969 0
1283889600 14306 0 17768 0
1283882400 7106 0 10569 0
1283875200 850 0 3368 0
1283868000 0 0 0 0
1283860800 0 0 0 0
1283853600 0 0 0 0
1283846400 0 0 0 0
1283839200 0 0 0 0
1283832000 0 0 0 0
1283824800 366 0 2158 0
1283817600 0 0 0 0
1283810400 0 0 0 0
1283803200 0 0 0 0
1283796000 0 0 0 0
1283788800 12771 0 22487 0
1283781600 14524 0 17987 0
1283774400 7324 0 10787 0
1283767200 949 0 3587 0
1283760000 0 0 0 0
1283752800 0 0 0 0
1283745600 62179 0 68085 0
1283738400 57724 0 61186 0
1283731200 50524 0 53986 0
1283724000 43324 0 46785 0
1283716800 36123 0 39585 0
1283709600 28924 0 32386 0
1283702400 21723 0 25186 0
1283695200 14523 0 17986 0
1283688000 7324 0 10785 0
1283680800 949 0 3586 0
1283673600 0 0 0 0
1283666400 0 0 0 0
1283659200 0 0 0 0
1283652000 0 0 0 0
1283644800 0 0 0 0
1283637600 0 0 0 0
1283630400 0 0 0 0
1283623200 3683 0 25786 0
1283616000 21724 0 25186 0
1283608800 14524 0 17986 0
1283601600 7324 0 10787 0
1283594400 950 0 3587 0
1283587200 0 0 0 0
1283580000 0 0 0 0
1283572800 59343 0 67786 0
1283565600 57724 0 61187 0
1283558400 50524 0 53986 0
1283551200 43324 0 46787 0
1283544000 36124 0 39586 0
1283536800 28924 0 32387 0
1283529600 21724 0 25186 0
1283522400 14524 0 17987 0
1283515200 7324 0 10786 0
1283508000 950 0 3587 0
1283500800 0 0 0 0
1283493600 0 0 0 0
1283486400 42583 0 65986 0
1283479200 57724 0 61187 0
1283472000 50524 0 53987 0
1283464800 43324 0 46786 0
1283457600 36124 0 39587 0
1283450400 28924 0 32386 0
1283443200 21724 0 25186 0
1283436000 14524 0 17986 0
1283428800 7324 0 10787 0
1283421600 949 0 3586 0
1283414400 0 0 0 0
1283407200 0 0 0 0
1283400000 44736 0 56443 0
1283392800 46980 0 50442 0
1283385600 39780 0 43243 0
1283378400 32580 0 36043 0
1283371200 25380 0 28843 0
1283364000 18180 0 21643 0
1283356800 10980 0 14443 0
1283349600 3780 0 7243 0
1283342400 6893 0 10487 0
1283335200 950 0 3587 0
1283328000 0 0 0 0
1283320800 0 0 0 0
1283313600 37097 0 65387 0
1283306400 57724 0 61187 0
1283299200 50524 0 53987 0
1283292000 43324 0 46786 0
1283284800 36124 0 39587 0
1283277600 28924 0 32386 0
1283270400 21724 0 25187 0
1283263200 14524 0 17986 0
1283256000 7324 0 10787 0
1283248800 949 0 3586 0
1283241600 0 0 0 0
1283234400 0 0 0 0
1283227200 62179 0 68087 0
1283220000 57724 0 61186 0
1283212800 50524 0 53986 0
1283205600 43324 0 46787 0
1283198400 36124 0 39586 0
1283191200 28924 0 32387 0
1283184000 21724 0 25186 0
1283176800 14524 0 17987 0
1283169600 7324 0 10786 0
1283162400 949 0 3587 0
1283155200 0 0 0 0
1283148000 0 0 0 0
1283140800 13354 0 62686 0
1283133600 57724 0 61187 0
1283126400 50525 0 53987 0
1283119200 43325 0 46787 0
1283112000 36124 0 39586 0
1283104800 28925 0 32387 0
1283097600 21724 0 25186 0
1283090400 14524 0 17987 0
1283083200 7324 0 10786 0
1283076000 950 0 3587 0
1283068800 0 0 0 0
1283061600 1 0 1509 0
1283054400 237 0 1509 0
1283047200 0 0 0 0
1283040000 0 0 0 0
1283032800 0 0 0 0
1283025600 0 0 0 0
1283018400 0 0 0 0
1283011200 0 0 0 0
1283004000 13065 0 17387 0
1282996800 7324 0 10787 0
1282989600 949 0 3586 0
1282982400 0 0 0 0
1282975200 5850 0 68987 0
1282968000 64924 0 68386 0
1282960800 57724 0 61186 0
1282953600 50524 0 53987 0
1282946400 43324 0 46786 0
1282939200 36124 0 39587 0
1282932000 28924 0 32387 0
1282924800 21724 0 25186 0
1282917600 14524 0 17986 0
1282910400 7324 0 10787 0
1282903200 949 0 3587 0
1282896000 0 0 0 0
1282888800 8736 0 69287 0
1282881600 64924 0 68386 0
1282874400 57724 0 61187 0
1282867200 50524 0 53986 0
1282860000 43324 0 46787 0
1282852800 36124 0 39586 0
1282845600 28924 0 32387 0
1282838400 21724 0 25186 0
1282831200 14524 0 17987 0
1282824000 7324 0 10786 0
1282816800 950 0 3587 0
1282809600 0 0 0 0
1282802400 0 0 0 0
1282795200 31661 0 64786 0
1282788000 57724 0 61187 0
1282780800 50524 0 53986 0
1282773600 43324 0 46786 0
1282766400 36124 0 39587 0
1282759200 28924 0 32387 0
1282752000 21724 0 25187 0
1282744800 14524 0 17987 0
1282737600 7324 0 10786 0
1282730400 950 0 3587 0
1282723200 0 0 0 0
1282716000 0 0 0 0
1282708800 42583 0 65987 0
1282701600 57724 0 61186 0
1282694400 50524 0 53987 0
1282687200 43324 0 46786 0
1282680000 36124 0 39587 0
1282672800 28924 0 32387 0
1282665600 21724 0 25187 0
1282658400 14524 0 17987 0
1282651200 7324 0 10787 0
1282644000 949 0 3586 0
1282636800 0 0 0 0
1282629600 0 0 0 0
1282622400 34373 0 65087 0
1282615200 57725 0 61187 0
1282608000 50525 0 53987 0
1282600800 43325 0 46787 0
1282593600 36125 0 39587 0
1282586400 28925 0 32387 0
1282579200 21725 0 25187 0
1282572000 14525 0 17987 0
1282564800 7325 0 10787 0
1282557600 950 0 3587 0
1282550400 0 0 0 0
1282543200 0 0 0 0
1282536000 581 0 2739 0
1282528800 45204 0 59687 0
1282521600 50524 0 53987 0
1282514400 43324 0 46787 0
1282507200 36125 0 39587 0
1282500000 28925 0 32387 0
1282492800 21724 0 25186 0
1282485600 14524 0 17987 0
1282478400 7324 0 10787 0
1282471200 950 0 3587 0
1282464000 0 0 0 0
1282456800 1712 0 39658 0
1282449600 35896 0 39358 0
1282442400 28696 0 32158 0
1282435200 21496 0 24958 0
1282428000 14296 0 17758 0
1282420800 7096 0 10558 0
1282413600 7459 0 26987 0
1282406400 21724 0 25187 0
1282399200 14524 0 17986 0
1282392000 7324 0 10786 0
1282384800 949 0 3587 0
1282377600 0 0 0 0
1282370400 22334 0 60523 0
1282363200 54362 0 57824 0
1282356000 47161 0 50624 0
1282348800 39961 0 43424 0
1282341600 32761 0 36223 0
1282334400 25561 0 29024 0
1282327200 18361 0 21823 0
1282320000 11161 0 14624 0
1282312800 3961 0 7423 0
1282305600 6900 0 10487 0
1282298400 949 0 3587 0
1282291200 0 0 0 0
1282284000 0 0 0 0
1282276800 48120 0 66587 0
1282269600 57724 0 61187 0
1282262400 50524 0 53987 0
1282255200 43324 0 46787 0
1282248000 36124 0 39587 0
1282240800 28924 0 32387 0
1282233600 21724 0 25187 0
1282226400 14524 0 17987 0
1282219200 7324 0 10787 0
1282212000 949 0 3586 0
1282204800 0 0 0 0
1282197600 2965 0 68687 0
1282190400 64924 0 68386 0
1282183200 57724 0 61186 0
1282176000 50524 0 53987 0
1282168800 43324 0 46786 0
1282161600 36124 0 39587 0
1282154400 28924 0 32387 0
1282147200 21724 0 25187 0
1282140000 14524 0 17987 0
1282132800 7324 0 10787 0
1282125600 949 0 3586 0
1282118400 0 0 0 0
1282111200 0 0 0 0
1282104000 48129 0 66587 0
1282096800 57724 0 61187 0
1282089600 50524 0 53987 0
1282082400 43324 0 46787 0
1282075200 36124 0 39586 0
1282068000 28924 0 32387 0
1282060800 21724 0 25186 0
1282053600 14524 0 17987 0
1282046400 7324 0 10786 0
1282039200 949 0 3587 0
1282032000 0 0 0 0
1282024800 0 0 0 0
1282017600 45354 0 66287 0
1282010400 57724 0 61186 0
1282003200 50524 0 53987 0
1281996000 43324 0 46786 0
1281988800 36124 0 39587 0
1281981600 28924 0 32386 0
1281974400 21724 0 25187 0
1281967200 14524 0 17986 0
1281960000 7324 0 10787 0
1281952800 949 0 3586 0
1281945600 0 0 0 0
1281938400 0 0 0 0
1281931200 14291 0 23645 0
1281924000 15383 0 18845 0
1281916800 8183 0 11646 0
1281909600 1447 0 4445 0
1281902400 26475 0 37786 0
1281895200 28924 0 32386 0
1281888000 21724 0 25187 0
1281880800 14524 0 17986 0
1281873600 7324 0 10787 0
1281866400 949 0 3587 0
1281859200 0 0 0 0
1281852000 697 0 8379 0
1281844800 4317 0 7779 0
1281837600 23 0 579 0
1281830400 0 0 0 0
1281823200 0 0 0 0
1281816000 0 0 0 0
1281808800 26287 0 31787 0
1281801600 21724 0 25187 0
1281794400 14524 0 17986 0
1281787200 7325 0 10787 0
1281780000 950 0 3587 0
1281772800 0 0 0 0
1281765600 20400 0 70487 0
1281758400 64924 0 68387 0
1281751200 57724 0 61187 0
1281744000 50524 0 53986 0
1281736800 43324 0 46787 0
1281729600 36124 0 39586 0
1281722400 28924 0 32387 0
1281715200 21724 0 25186 0
1281708000 14524 0 17987 0
1281700800 7324 0 10786 0
1281693600 949 0 3587 0
1281686400 0 0 0 0
1281679200 0 0 0 0
1281672000 37106 0 65387 0
1281664800 57724 0 61187 0
1281657600 50524 0 53987 0
1281650400 43324 0 46787 0
1281643200 36125 0 39587 0
1281636000 28924 0 32387 0
1281628800 21724 0 25186 0
1281621600 14524 0 17987 0
1281614400 7324 0 10786 0
1281607200 949 0 3587 0
1281600000 0 0 0 0
1281592800 0 0 0 0
1281585600 59342 0 67787 0
1281578400 57724 0 61187 0
1281571200 50524 0 53986 0
1281564000 43324 0 46786 0
1281556800 36124 0 39586 0
1281549600 28924 0 32387 0
1281542400 21724 0 25186 0
1281535200 14524 0 17987 0
1281528000 7324 0 10786 0
1281520800 949 0 3587 0
1281513600 0 0 0 0
1281506400 63 0 752 0
1281499200 59365 0 67787 0
1281492000 57724 0 61186 0
1281484800 50524 0 53987 0
1281477600 43324 0 46787 0
1281470400 36124 0 39586 0
1281463200 28924 0 32387 0
1281456000 21724 0 25186 0
1281448800 14524 0 17987 0
1281441600 7324 0 10787 0
1281434400 949 0 3587 0
1281427200 0 0 0 0
1281420000 0 0 0 0
1281412800 48119 0 66587 0
1281405600 57724 0 61186 0
1281398400 50524 0 53987 0
1281391200 43324 0 46786 0
1281384000 36124 0 39587 0
1281376800 28924 0 32386 0
1281369600 21724 0 25187 0
1281362400 14524 0 17986 0
1281355200 7324 0 10787 0
1281348000 949 0 3586 0
1281340800 0 0 0 0
1281333600 0 0 0 0
1281326400 8992 0 16905 0
1281312000 6554 0 31187 0
1281225600 23582 0 73187 0
1281139200 26313 0 60344 0
1281052800 23694 0 69886 0
1280966400 22061 0 61187 0
1280880000 26705 0 67787 0
1280793600 26002 0 66887 0
1280707200 19950 0 53987 0
1280620800 16948 0 69287 0
1280534400 30110 0 71987 0
1280448000 26470 0 67486 0
1280361600 25539 0 66286 0
1280275200 25114 0 56890 0
1280188800 11594 0 42790 0
1280102400 10983 0 35387 0
1280016000 17626 0 69887 0
1279929600 28871 0 70487 0
1279843200 25770 0 66586 0
1279756800 27178 0 68387 0
1279670400 27897 0 69287 0
1279584000 26470 0 67486 0
1279497600 16950 0 53986 0
1279411200 21840 0 74987 0
1279324800 28139 0 69587 0
1279238400 27898 0 69287 0
1279152000 28870 0 70487 0
1279065600 27656 0 68987 0
1278979200 22196 0 61787 0
1278892800 27897 0 69287 0
1278806400 25931 0 53987 0
1278720000 18845 0 71687 0
1278633600 27656 0 68988 0
1278547200 27419 0 68687 0
1278460800 25308 0 65987 0
1278374400 25308 0 65987 0
1278288000 27900 0 69287 0
1278201600 30362 0 72287 0
1278115200 27658 0 68987 0
1278028800 22160 0 61486 0
1277942400 27656 0 68986 0
1277856000 26705 0 67786 0
1277769600 26470 0 67486 0
1277683200 31631 0 73786 0
1277596800 30867 0 72888 0
1277510400 21956 0 60586 0
1277424000 28139 0 69588 0
1277337600 28624 0 70187 0
1277251200 32928 0 75287 0
1277164800 17139 0 53987 0
1277078400 15004 0 71686 0
1276992000 29860 0 71687 0
1276905600 24850 0 65386 0
1276819200 25770 0 66586 0
1276732800 26470 0 67487 0
1276646400 26002 0 66886 0
1276560000 24398 0 64786 0
1276473600 29117 0 70788 0
1276387200 27180 0 68387 0
1276300800 24399 0 64786 0
1276214400 23505 0 63586 0
1276128000 21236 0 59686 0
1276041600 23505 0 63586 0
1275955200 23727 0 63887 0
1275868800 27179 0 68387 0
1275782400 29613 0 71387 0
1275696000 30614 0 72587 0
1275609600 28870 0 70486 0
1275523200 26002 0 66886 0
1275436800 22197 0 61795 0
1275350400 17847 0 53995 0
1275264000 6718 0 33886 0
1275177600 17384 0 70486 0
1275091200 27177 0 68383 0
1275004800 25770 0 66591 0
1274918400 25771 0 66587 0
1274832000 22186 0 53987 0
1274745600 9407 0 30457 0
1274659200 9014 0 38987 0
1274572800 19845 0 71393 0
1274486400 27421 0 68686 0
1274400000 18195 0 53987 0
1274313600 12254 0 70184 0
1274227200 27895 0 69287 0
1274140800 33289 0 90913 0
1274054400 31644 0 73813 0
1273968000 14159 0 71387 0
1273881600 28383 0 69886 0
1273795200 16980 0 53987 0
1273708800 54929 0 98624 0
1273622400 17100 0 67186 0
1273536000 26470 0 67487 0
1273449600 19433 0 53986 0
1273363200 12932 0 68402 0
1273276800 26714 0 67786 0
1273190400 18173 0 53987 0
1273104000 11165 0 68387 0
1273017600 26002 0 66886 0
1272931200 23683 0 53987 0
1272844800 9953 0 35083 0
1272758400 14146 0 66887 0
1272672000 17074 0 53987 0
1272585600 15164 0 62087 0
1272499200 25771 0 66586 0
1272412800 26003 0 66887 0
1272326400 24851 0 65386 0
1272240000 16950 0 53986 0
1272153600 15720 0 68687 0
1272067200 26942 0 68085 0
1271980800 24850 0 65387 0
1271894400 30110 0 71987 0
1271808000 27416 0 68676 0
1271721600 29356 0 71086 0
1271635200 28625 0 70187 0
1271548800 29364 0 71087 0
1271462400 27417 0 68687 0
1271376000 26941 0 68086 0
1271289600 30866 0 72886 0
1271203200 26705 0 67787 0
1271116800 29117 0 70786 0
1271030400 30110 0 71987 0
1270944000 29364 0 71087 0
1270857600 26002 0 66887 0
1270771200 29612 0 71387 0
1270684800 28625 0 70187 0
1270598400 57679 0 241787 0
1270512000 183724 0 226786 0
1270425600 97324 0 140387 0
1270339200 30867 0 72887 0
1270252800 30110 0 71987 0
1270166400 27178 0 68387 0
1270080000 26705 0 67787 0
1269993600 27898 0 69287 0
1269907200 26236 0 67186 0
1269820800 26056 0 145787 0
1269734400 97324 0 140387 0
1269648000 26237 0 67187 0
1269561600 25564 0 66287 0
1269475200 26943 0 68087 0
1269388800 26237 0 67187 0
1269302400 16975 0 53986 0
1269216000 21549 0 71088 0
1269129600 32928 0 75286 0
1269043200 27898 0 69287 0
1268956800 27657 0 68987 0
1268870400 26471 0 67486 0
1268784000 27417 0 68686 0
1268697600 27179 0 68387 0
1268611200 27178 0 68387 0
1268524800 27898 0 69287 0
1268438400 26471 0 67487 0
1268352000 25309 0 65987 0
1268265600 28871 0 70487 0
1268179200 28140 0 69586 0
1268092800 20893 0 53987 0
1268006400 18864 0 68687 0
1267920000 26706 0 67788 0
1267833600 27417 0 68686 0
1267747200 24318 0 64487 0
1267660800 26942 0 68087 0
1267574400 26236 0 67186 0
1267488000 24624 0 65086 0
1267401600 16950 0 53986 0
1267315200 13487 0 69587 0
1267228800 26943 0 68087 0
1267142400 24851 0 65387 0
1267056000 27418 0 68687 0
1266969600 25771 0 66587 0
1266883200 26705 0 67787 0
1266796800 21378 0 53987 0
1266710400 17380 0 68986 0
1266624000 26002 0 66886 0
1266537600 25395 0 65987 0
1266451200 19764 0 57587 0
1266364800 6429 0 31187 0
1266278400 13667 0 75287 0
1266192000 19279 0 57587 0
1266105600 19744 0 71386 0
1266019200 26236 0 67186 0
1265932800 27417 0 68687 0
1265846400 29118 0 70787 0
1265760000 26470 0 67487 0
1265673600 25078 0 65687 0
1265587200 19440 0 57587 0
1265500800 9538 0 67187 0
1265414400 21148 0 57587 0
1265328000 14864 0 66287 0
1265241600 30110 0 71987 0
1265155200 26236 0 67186 0
1265068800 25309 0 65986 0
1264982400 22714 0 57587 0
1264896000 16427 0 72287 0
1264809600 25770 0 66587 0
1264723200 25771 0 66587 0
1264636800 25079 0 65687 0
1264550400 24173 0 64487 0
1264464000 20320 0 57587 0
1264377600 12617 0 45286 0
1264291200 21046 0 69887 0
1264204800 27179 0 68387 0
1264118400 19535 0 57587 0
1264032000 16099 0 59987 0
1263945600 26236 0 67186 0
1263859200 19279 0 57586 0
1263772800 3850 0 24587 0
1263686400 14410 0 70186 0
1263600000 22335 0 57586 0
1263513600 21103 0 66887 0
1263427200 26236 0 67187 0
1263340800 24852 0 65387 0
1263254400 25769 0 66583 0
1263168000 19277 0 57583 0
1263081600 14586 0 72286 0
1262995200 24534 0 57586 0
1262908800 20040 0 66286 0
1262822400 21683 0 60887 0
1262736000 26008 0 66887 0
1262649600 21525 0 57587 0
1262563200 1999 0 18458 0
1262476800 72 0 5703 0
1262390400 16657 0 75287 0
1262304000 29364 0 71087 0
1262217600 26942 0 68087 0
1262131200 26003 0 66888 0
1262044800 24554 0 57587 0
1261958400 6776 0 34086 0
1261872000 9002 0 31187 0
1261785600 5425 0 26388 0
1261699200 14297 0 69287 0
1261612800 25309 0 65987 0
1261526400 26705 0 67786 0
1261440000 24374 0 57586 0
1261353600 18342 0 69587 0
1261267200 35328 0 77987 0
1261180800 25771 0 66588 0
1261094400 26002 0 66887 0
1261008000 25309 0 65987 0
1260921600 26236 0 67187 0
1260835200 22864 0 62687 0
1260748800 19469 0 57587 0
1260662400 10307 0 37233 0
1260576000 16336 0 65387 0
1260489600 26471 0 67487 0
1260403200 26944 0 68087 0
1260316800 20803 0 57586 0
1260230400 15754 0 47387 0
1260144000 21643 0 68086 0
1260057600 27708 0 60508 0
1259971200 22132 0 69287 0
1259884800 25309 0 65987 0
1259798400 18644 0 57587 0
1259712000 0 0 0 0
1259625600 0 0 0 0
1259539200 0 0 0 0
1259452800 0 0 0 0
1259366400 0 0 0 0
1259280000 0 0 0 0
1259193600 0 0 0 0
1259107200 0 0 0 0
1259020800 0 0 0 0
1258934400 0 0 0 0
1258848000 0 0 0 0
1258761600 0 0 0 0
1258675200 0 0 0 0
1258588800 0 0 0 0
1258502400 0 0 0 0
1258416000 0 0 0 0
1258329600 0 0 0 0
1258243200 0 0 0 0
1258156800 0 0 0 0
1258070400 0 0 0 0
1257984000 0 0 0 0
1257897600 0 0 0 0
1257811200 0 0 0 0
1257724800 0 0 0 0
1257638400 0 0 0 0
1257552000 0 0 0 0
1257465600 0 0 0 0
1257379200 0 0 0 0
1257292800 27555 0 70788 0
1257206400 30614 0 72588 0
1257120000 25771 0 66588 0
1257033600 26945 0 68089 0
1256947200 21478 0 59988 0
1256860800 26708 0 67787 0
1256774400 19751 0 57587 0
1256688000 17383 0 53987 0
1256601600 24545 0 57287 0
1256515200 13105 0 35461 0
1256428800 13941 0 70189 0
1256342400 30616 0 72589 0
1256256000 27658 0 68987 0
1256169600 20520 0 58489 0
1256083200 21384 0 59987 0
1255996800 22151 0 57587 0
1255910400 12898 0 42834 0
1255824000 21887 0 72888 0
1255737600 28873 0 70489 0
1255651200 18176 0 53988 0
1255564800 21391 0 63589 0
1255478400 26472 0 67489 0
1255392000 29613 0 71389 0
1255305600 18788 0 53989 0
1255219200 19038 0 69889 0
1255132800 28385 0 69888 0
1255046400 26427 0 59270 0
1254960000 14802 0 43370 0
1254873600 18816 0 48588 0
1254787200 15381 0 63587 0
1254700800 19835 0 54589 0
1254614400 16993 0 53989 0
1254528000 3129 0 23088 0
1254441600 17422 0 76189 0
1254355200 33721 0 76188 0
1254268800 33719 0 76188 0
1254182400 33720 0 76188 0
1254096000 33722 0 76189 0
1254009600 33721 0 76188 0
1253923200 33721 0 76188 0
1253836800 33722 0 76188 0
1253750400 16952 0 53979 0
1253664000 31368 0 76188 0
1253577600 28873 0 70488 0
1253491200 28142 0 69588 0
1253404800 27420 0 68688 0
1253318400 29120 0 70789 0
1253232000 26938 0 68079 0
1253145600 17911 0 53988 0
1253059200 19012 0 53678 0
1252972800 25874 0 67188 0
1252886400 33721 0 76188 0
1252800000 33721 0 76188 0
1252713600 22636 0 62388 0
1252627200 19376 0 53988 0
1252540800 20519 0 65388 0
1252454400 21770 0 61188 0
1252368000 25773 0 66588 0
1252281600 26709 0 67788 0
1252195200 32670 0 74988 0
1252108800 23226 0 58691 0
1252022400 20594 0 63278 0
1251936000 24401 0 64788 0
1251849600 25542 0 66288 0
1251763200 24176 0 64488 0
1251676800 25309 0 65983 0
1251590400 25077 0 65688 0
1251504000 23728 0 63888 0
1251417600 25534 0 66279 0
1251331200 24619 0 65078 0
1251244800 24626 0 65089 0
1251158400 22412 0 62088 0
1251072000 29861 0 71688 0
1250985600 25997 0 66879 0
1250899200 24175 0 64489 0
1250812800 15997 0 52188 0
1250726400 22749 0 65388 0
1250640000 25082 0 65688 0
1250553600 23507 0 63588 0
1250467200 32148 0 74389 0
1250380800 25533 0 66278 0
1250294400 23499 0 63578 0
1250208000 24625 0 65088 0
1250121600 16707 0 52188 0
1250035200 23506 0 63588 0
1249948800 23506 0 63588 0
1249862400 25540 0 66288 0
1249776000 25542 0 66296 0
1249689600 22633 0 62380 0
1249603200 22834 0 62678 0
1249516800 23285 0 63287 0
1249430400 23505 0 63587 0
1249344000 24625 0 65083 0
1249257600 23947 0 64181 0
1249171200 32144 0 74388 0
1249084800 21769 0 61188 0
1248998400 18210 0 52188 0
1248912000 19016 0 63288 0
1248825600 26002 0 66883 0
1248739200 22409 0 62088 0
1248652800 32148 0 74388 0
1248566400 25079 0 65688 0
1248480000 23506 0 63589 0
1248393600 24852 0 65389 0
1248307200 24398 0 64787 0
1248220800 24174 0 64483 0
1248134400 24172 0 64488 0
1248048000 32148 0 74388 0
1247961600 26004 0 66889 0
1247875200 25541 0 66289 0
1247788800 23064 0 62988 0
1247702400 18167 0 54888 0
1247616000 25080 0 65688 0
1247529600 22885 0 62689 0
1247443200 27658 0 68988 0
1247356800 26237 0 67188 0
1247270400 28871 0 70491 0
1247184000 27660 0 68989 0
1247097600 27899 0 69288 0
1247011200 26943 0 68088 0
1246924800 26707 0 67789 0
1246838400 28871 0 70486 0
1246752000 18376 0 52175 0
1246665600 21732 0 64779 0
1246579200 24625 0 65088 0
1246492800 25080 0 65685 0
1246406400 25538 0 66288 0
1246320000 23278 0 63284 0
1246233600 26239 0 67188 0
1246147200 18933 0 52188 0
1246060800 20513 0 64788 0
1245974400 26003 0 66888 0
1245888000 26237 0 67188 0
1245801600 18420 0 56088 0
1245715200 23081 0 62988 0
1245628800 27179 0 68388 0
1245542400 26137 0 61169 0
1245456000 24098 0 69588 0
1245369600 25770 0 66588 0
1245283200 27180 0 68390 0
1245196800 23953 0 64189 0
1245110400 16111 0 52188 0
1245024000 17224 0 71389 0
1244937600 27899 0 69288 0
1244851200 28626 0 70188 0
1244764800 27658 0 68986 0
1244678400 26705 0 67788 0
1244592000 23951 0 64188 0
1244505600 25082 0 65688 0
1244419200 26003 0 66888 0
1244332800 27419 0 68688 0
1244246400 25080 0 65688 0
1244160000 25310 0 65988 0
1244073600 25772 0 66589 0
1243987200 26236 0 67184 0
1243900800 24173 0 64488 0
1243814400 32149 0 74388 0
1243728000 26707 0 67789 0
1243641600 23944 0 64179 0
1243555200 19299 0 56088 0
1243468800 26706 0 67788 0
1243382400 25082 0 65688 0
1243296000 23951 0 64188 0
1243209600 31377 0 73487 0
1243123200 25806 0 61458 0
1243036800 22419 0 66886 0
1242950400 21768 0 61189 0
1242864000 17307 0 51289 0
1242777600 19231 0 63585 0
1242691200 18645 0 51285 0
1242604800 10071 0 45347 0
1242518400 19318 0 67188 0
1242432000 16154 0 51288 0
1242345600 1448 0 15133 0
1242259200 18453 0 62688 0
1242172800 17004 0 51288 0
1242086400 16036 0 48587 0
1242000000 19651 0 65388 0
1241913600 22393 0 61788 0
1241827200 17510 0 51288 0
1241740800 21218 0 65988 0
1241654400 23950 0 64188 0
1241568000 25081 0 65689 0
1241481600 24626 0 65088 0
1241395200 51152 0 150412 0
1241308800 85148 0 128202 0
1241222400 22298 0 68688 0
1241136000 25540 0 66288 0
1241049600 26472 0 67489 0
1240963200 25541 0 66289 0
1240876800 22819 0 52934 0
1240790400 20904 0 68689 0
1240704000 25770 0 66589 0
1240617600 25540 0 66289 0
1240531200 25081 0 65689 0
1240444800 25310 0 65988 0
1240358400 25073 0 65679 0
1240272000 34760 0 149379 0
1240185600 94625 0 137689 0
1240099200 26943 0 68088 0
1240012800 24853 0 65388 0
1239926400 24399 0 64788 0
1239840000 27179 0 68389 0
1239753600 25771 0 66589 0
1239667200 24626 0 65088 0
1239580800 53588 0 159888 0
1239494400 94626 0 137688 0
1239408000 26706 0 67788 0
1239321600 24001 0 61181 0
1239235200 18409 0 59089 0
1239148800 24400 0 64789 0
1239062400 24011 0 52384 0
1238976000 13735 0 60888 0
1238889600 24583 0 63740 0
1238803200 23434 0 64788 0
1238716800 26944 0 68089 0
1238630400 23586 0 61480 0
1238544000 21059 0 62388 0
1238457600 17447 0 54578 0
1238371200 25771 0 66589 0
1238284800 26705 0 67788 0
1238198400 25310 0 65989 0
1238112000 16779 0 52779 0
1238025600 24627 0 65089 0
1237939200 24528 0 62376 0
1237852800 23864 0 66589 0
1237766400 25310 0 65989 0
1237680000 17295 0 51280 0
1237593600 20667 0 63288 0
1237507200 26002 0 66888 0
1237420800 25272 0 63769 0
1237334400 22319 0 64189 0
1237248000 23950 0 64188 0
1237161600 27899 0 69289 0
1237075200 27898 0 69289 0
1236988800 25454 0 63849 0
1236902400 24249 0 66889 0
1236816000 27419 0 68688 0
1236729600 25448 0 64764 0
1236643200 15762 0 49463 0
1236556800 20898 0 66289 0
1236470400 23951 0 64188 0
1236384000 24015 0 64189 0
1236297600 17806 0 54578 0
1236211200 25320 0 65989 0
1236124800 24400 0 64789 0
1236038400 20925 0 59988 0
1235952000 23726 0 63884 0
1235865600 26703 0 67788 0
1235779200 23285 0 63289 0
1235692800 24175 0 64489 0
1235606400 22630 0 62389 0
1235520000 27419 0 68688 0
1235433600 31376 0 73488 0
1235347200 15640 0 51289 0
1235260800 18459 0 68989 0
1235174400 25540 0 66289 0
1235088000 24917 0 63685 0
1235001600 22388 0 63889 0
1234915200 22191 0 60321 0
1234828800 23593 0 65089 0
1234742400 23322 0 66288 0
1234656000 27899 0 69289 0
1234569600 25080 0 65688 0
1234483200 23085 0 54889 0
1234396800 19233 0 67479 0
1234310400 25080 0 65689 0
1234224000 23944 0 64178 0
1234137600 21750 0 54888 0
1234051200 17528 0 67189 0
1233964800 25369 0 63622 0
1233878400 24868 0 67789 0
1233792000 28139 0 69588 0
1233705600 24845 0 65379 0
1233619200 31376 0 73488 0
1233532800 34520 0 77089 0
1233446400 34520 0 77089 0
1233360000 25082 0 65689 0
1233273600 25081 0 65688 0
1233187200 17819 0 54888 0
1233100800 23950 0 62576 0
1233014400 18143 0 52066 0
1232928000 19078 0 68989 0
1232841600 26706 0 67788 0
1232755200 25540 0 66288 0
1232668800 23770 0 60843 0
1232582400 24461 0 67789 0
1232496000 25772 0 66589 0
1232409600 25080 0 65688 0
1232323200 34519 0 77089 0
1232236800 17519 0 54888 0
1232150400 22979 0 63888 0
1232064000 24627 0 65089 0
1231977600 25081 0 65689 0
1231891200 23727 0 63888 0
1231804800 23285 0 63289 0
1231718400 25081 0 65689 0
1231632000 27657 0 68988 0
1231545600 22628 0 62388 0
1231459200 18125 0 54889 0
1231372800 20495 0 62389 0
1231286400 23506 0 63588 0
1231200000 23950 0 64188 0
1231113600 27899 0 69289 0
1231027200 27899 0 69289 0
1230940800 22680 0 54889 0
1230854400 6488 0 33241 0
1230768000 12896 0 47659 0
1230681600 6452 0 33260 0
1230595200 0 0 0 0
1230508800 0 0 0 0
1230422400 0 0 0 0
1230336000 0 0 0 0
1230249600 0 0 0 0
1230163200 0 0 0 0
1230076800 1124 0 16206 0
1229990400 14277 0 73488 0
1229904000 22415 0 54887 0
1229817600 23666 0 73489 0
1229731200 31378 0 73489 0
1229644800 21002 0 54878 0
1229558400 13927 0 59347 0
1229472000 18005 0 62089 0
1229385600 23506 0 63588 0
1229299200 26005 0 66889 0
1229212800 25310 0 65988 0
1229126400 24845 0 65379 0
1229040000 26003 0 66888 0
1228953600 26004 0 66888 0
1228867200 25073 0 65679 0
1228780800 23944 0 64179 0
1228694400 25540 0 66289 0
1228608000 26004 0 66888 0
1228521600 24852 0 65388 0
1228435200 23978 0 64188 0
1228348800 25073 0 65679 0
1228262400 23285 0 63289 0
1228176000 21414 0 54878 0
1228089600 23642 0 73488 0
1228003200 26941 0 68088 0
1227916800 21964 0 54879 0
1227830400 19079 0 68388 0
1227744000 25996 0 66879 0
1227657600 24718 0 62797 0
1227571200 20081 0 51988 0
1227484800 10589 0 42198 0
1227398400 155 0 5089 0
1227312000 12705 0 63288 0
1227225600 18059 0 54888 0
1227139200 23334 0 63664 0
1227052800 16607 0 52564 0
1226966400 14745 0 60878 0
1226880000 26465 0 67480 0
1226793600 29863 0 71689 0
1226707200 23728 0 63888 0
1226620800 24852 0 65388 0
1226534400 25678 0 64550 0
1226448000 24081 0 66288 0
1226361600 21345 0 60588 0
1226275200 25310 0 65988 0
1226188800 23950 0 64189 0
1226102400 24619 0 65079 0
1226016000 18467 0 54888 0
1225929600 25371 0 67489 0
1225843200 24183 0 62949 0
1225756800 16852 0 53058 0
1225670400 18379 0 66589 0
1225584000 25318 0 65988 0
1225497600 24400 0 64789 0
1225411200 23728 0 63889 0
1225324800 25310 0 65988 0
1225238400 22471 0 54878 0
1225152000 10228 0 35305 0
1225065600 14656 0 54897 0
1224979200 21290 0 72589 0
1224892800 24847 0 65379 0
1224806400 19063 0 54889 0
1224720000 20585 0 66589 0
1224633600 23345 0 58597 0
1224547200 14898 0 49307 0
1224460800 13068 0 43012 0
1224374400 17149 0 64033 0
1224288000 22623 0 63646 0
1224201600 14409 0 47447 0
1224115200 18925 0 58190 0
1224028800 22841 0 62680 0
1223942400 20761 0 51289 0
1223856000 16111 0 56871 0
1223769600 19361 0 61806 0
1223683200 22003 0 64779 0
1223596800 23727 0 63888 0
1223510400 23728 0 63889 0
1223424000 24594 0 60840 0
1223337600 18430 0 47004 0
1223251200 13704 0 47879 0
1223164800 17188 0 66889 0
1223078400 22216 0 59218 0
1222992000 23718 0 66289 0
1222905600 24918 0 63690 0
1222819200 22614 0 64189 0
1222732800 20161 0 51289 0
1222646400 13046 0 46333 0
1222560000 9233 0 34634 0
1222473600 11701 0 65089 0
1222387200 19418 0 51289 0
1222300800 20840 0 68089 0
1222214400 22406 0 62080 0
1222128000 19468 0 51289 0
1222041600 15162 0 55280 0
1221955200 21222 0 66806 0
1221868800 18964 0 58799 0
1221782400 23074 0 62999 0
1221696000 22895 0 59259 0
1221609600 20812 0 63289 0
1221523200 21715 0 51299 0
1221436800 14498 0 47148 0
1221350400 20861 0 69391 0
1221264000 22287 0 65098 0
1221177600 15418 0 51299 0
1221091200 17568 0 62509 0
1221004800 13650 0 52199 0
1220918400 20602 0 51298 0
1220832000 14620 0 48249 0
1220745600 19104 0 70489 0
1220659200 31378 0 73489 0
1220572800 16329 0 51288 0
1220486400 16673 0 58808 0
1220400000 31270 0 74389 0
1220313600 22303 0 52188 0
1220227200 43520 0 87380 0
1220140800 6349 0 46319 0
1220054400 22576 0 62594 0
1219968000 23812 0 65418 0
1219881600 26055 0 67052 0
1219795200 23077 0 62500 0
1219708800 14446 0 48100 0
1219622400 11089 0 48332 0
1219536000 17062 0 64446 0
1219449600 24011 0 65490 0
1219363200 15245 0 49289 0
1219276800 14782 0 54470 0
1219190400 14470 0 46669 0
1219104000 12035 0 42472 0
1219017600 18888 0 58483 0
1218931200 20348 0 63682 0
1218844800 25095 0 63437 0
1218758400 88648 0 177777 0
1218672000 91813 0 134877 0
1218585600 25166 0 63984 0
1218499200 17223 0 48712 0
1218412800 22755 0 62138 0
1218326400 19336 0 64417 0
1218240000 23028 0 62030 0
1218153600 23090 0 65166 0
