1286998555 9603984 17747086
1286998555 0 0 0 0
1286910312 0 0 0 0
1286910300 0 0 0 0
1286910000 0 0 0 0
1286909700 0 0 0 0
1286909400 0 0 0 0
1286909100 0 0 0 0
1286908800 0 0 0 0
1286908500 0 0 0 0
1286908200 0 0 0 0
1286907900 0 0 0 0
1286907600 0 0 0 0
1286907300 0 0 0 0
1286907000 0 0 0 0
1286906700 0 0 0 0
1286906400 0 0 0 0
1286906100 0 0 0 0
1286905800 0 0 0 0
1286905500 0 0 0 0
1286905200 0 0 0 0
1286904900 0 0 0 0
1286904600 0 0 0 0
1286904300 0 0 0 0
1286904000 0 0 0 0
1286903700 0 0 0 0
1286903400 0 0 0 0
1286903100 0 0 0 0
1286902800 0 0 0 0
1286902500 0 0 0 0
1286902200 0 0 0 0
1286901900 0 0 0 0
1286901600 0 0 0 0
1286901300 0 0 0 0
1286901000 0 0 0 0
1286900700 0 0 0 0
1286900400 0 0 0 0
1286900100 0 0 0 0
1286899800 0 0 0 0
1286899500 0 0 0 0
1286899200 0 0 0 0
1286898900 0 0 0 0
1286898600 0 0 0 0
1286898300 0 0 0 0
1286898000 0 0 0 0
1286897700 0 0 0 0
1286897400 0 0 0 0
1286897100 0 0 0 0
1286896800 0 0 0 0
1286896500 0 0 0 0
1286896200 0 0 0 0
1286895900 0 0 0 0
1286895600 0 0 0 0
1286895300 0 0 0 0
1286895000 0 0 0 0
1286894700 0 0 0 0
1286894400 0 0 0 0
1286894100 0 0 0 0
1286893800 0 0 0 0
1286893500 0 0 0 0
1286893200 0 0 0 0
1286892900 0 0 0 0
1286892600 0 0 0 0
1286892300 0 0 0 0
1286892000 0 0 0 0
1286891700 0 0 0 0
1286891400 0 0 0 0
1286891100 0 0 0 0
1286890800 0 0 0 0
1286890500 0 0 0 0
1286890200 0 0 0 0
1286889900 0 0 0 0
1286889600 0 0 0 0
1286889300 0 0 0 0
1286889000 0 0 0 0
1286888700 0 0 0 0
1286888400 0 0 0 0
1286888100 0 0 0 0
1286887800 0 0 0 0
1286887500 0 0 0 0
1286887200 0 0 0 0
1286886900 0 0 0 0
1286886600 0 0 0 0
1286886300 0 0 0 0
1286886000 0 0 0 0
1286885700 0 0 0 0
1286885400 0 0 0 0
1286885100 0 0 0 0
1286884800 0 0 0 0
1286884500 0 0 0 0
1286884200 0 0 0 0
1286883900 0 0 0 0
1286883600 0 0 0 0
1286883300 0 0 0 0
1286883000 0 0 0 0
1286882700 0 0 0 0
1286882400 0 0 0 0
1286882100 0 0 0 0
1286881800 0 0 0 0
1286881500 0 0 0 0
1286881200 0 0 0 0
1286880900 0 0 0 0
1286880600 0 0 0 0
1286880300 0 0 0 0
1286880000 0 0 0 0
1286879700 0 0 0 0
1286879400 0 0 0 0
1286879100 0 0 0 0
1286878800 0 0 0 0
1286878500 0 0 0 0
1286878200 0 0 0 0
1286877900 0 0 0 0
1286877600 0 0 0 0
1286877300 0 0 0 0
1286877000 0 0 0 0
1286876700 0 0 0 0
1286876400 0 0 0 0
1286876100 0 0 0 0
1286875800 0 0 0 0
1286875500 0 0 0 0
1286875200 0 0 0 0
1286874900 0 0 0 0
1286874600 0 0 0 0
1286874300 0 0 0 0
1286874000 0 0 0 0
1286873700 0 0 0 0
1286873400 0 0 0 0
1286873100 0 0 0 0
1286872800 0 0 0 0
1286872500 0 0 0 0
1286872200 0 0 0 0
1286871900 0 0 0 0
1286871600 0 0 0 0
1286871300 0 0 0 0
1286871000 0 0 0 0
1286870700 0 0 0 0
1286870400 0 0 0 0
1286870100 0 0 0 0
1286869800 0 0 0 0
1286869500 0 0 0 0
1286869200 0 0 0 0
1286868900 0 0 0 0
1286868600 0 0 0 0
1286868300 0 0 0 0
1286868000 0 0 0 0
1286867700 0 0 0 0
1286867400 0 0 0 0
1286867100 0 0 0 0
1286866800 0 0 0 0
1286866500 0 0 0 0
1286866200 0 0 0 0
1286865900 0 0 0 0
1286865600 0 0 0 0
1286865300 0 0 0 0
1286865000 0 0 0 0
1286864700 0 0 0 0
1286864400 0 0 0 0
1286864100 0 0 0 0
1286863800 0 0 0 0
1286863500 0 0 0 0
1286863200 0 0 0 0
1286862900 0 0 0 0
1286862600 0 0 0 0
1286862300 0 0 0 0
1286862000 0 0 0 0
1286861700 0 0 0 0
1286861400 0 0 0 0
1286861100 0 0 0 0
1286860800 0 0 0 0
1286860500 0 0 0 0
1286860200 0 0 0 0
1286859900 0 0 0 0
1286859600 0 0 0 0
1286859300 0 0 0 0
1286859000 0 0 0 0
1286858700 0 0 0 0
1286858400 0 0 0 0
1286858100 0 0 0 0
1286857800 0 0 0 0
1286857500 0 0 0 0
1286857200 0 0 0 0
1286856900 0 0 0 0
1286856600 0 0 0 0
1286856300 0 0 0 0
1286856000 0 0 0 0
1286855700 0 0 0 0
1286855400 0 0 0 0
1286855100 0 0 0 0
1286854800 0 0 0 0
1286854500 0 0 0 0
1286854200 0 0 0 0
1286853900 0 0 0 0
1286853600 0 0 0 0
1286853300 0 0 0 0
1286853000 0 0 0 0
1286852700 0 0 0 0
1286852400 0 0 0 0
1286852100 0 0 0 0
1286851800 0 0 0 0
1286851500 0 0 0 0
1286851200 0 0 0 0
1286850900 0 0 0 0
1286850600 0 0 0 0
1286850300 0 0 0 0
1286850000 0 0 0 0
1286849700 0 0 0 0
1286849400 0 0 0 0
1286849100 0 0 0 0
1286848800 0 0 0 0
1286848500 0 0 0 0
1286848200 0 0 0 0
1286847900 0 0 0 0
1286847600 0 0 0 0
1286847300 0 0 0 0
1286847000 0 0 0 0
1286846700 0 0 0 0
1286846400 0 0 0 0
1286846100 0 0 0 0
1286845800 0 0 0 0
1286845500 0 0 0 0
1286845200 0 0 0 0
1286844900 0 0 0 0
1286844600 0 0 0 0
1286844300 0 0 0 0
1286844000 0 0 0 0
1286843700 0 0 0 0
1286843400 0 0 0 0
1286843100 0 0 0 0
1286842800 0 0 0 0
1286842500 0 0 0 0
1286842200 0 0 0 0
1286841900 0 0 0 0
1286841600 0 0 0 0
1286841300 0 0 0 0
1286841000 0 0 0 0
1286840700 0 0 0 0
1286840400 0 0 0 0
1286840100 0 0 0 0
1286839800 0 0 0 0
1286839500 0 0 0 0
1286839200 0 0 0 0
1286838900 0 0 0 0
1286838600 0 0 0 0
1286838300 0 0 0 0
1286838000 0 0 0 0
1286837700 0 0 0 0
1286837400 0 0 0 0
1286837100 0 0 0 0
1286836800 0 0 0 0
1286836500 0 0 0 0
1286836200 0 0 0 0
1286835900 0 0 0 0
1286835600 0 0 0 0
1286835300 0 0 0 0
1286835000 0 0 0 0
1286834700 0 0 0 0
1286834400 0 0 0 0
1286834100 0 0 0 0
1286833800 0 0 0 0
1286833500 0 0 0 0
1286833200 0 0 0 0
1286832900 0 0 0 0
1286832600 0 0 0 0
1286832300 0 0 0 0
1286832000 0 0 0 0
1286831700 0 0 0 0
1286831400 0 0 0 0
1286831100 0 0 0 0
1286830800 0 0 0 0
1286830500 0 0 0 0
1286830200 0 0 0 0
1286829900 0 0 0 0
1286829600 0 0 0 0
1286829300 0 0 0 0
1286829000 0 0 0 0
1286828700 0 0 0 0
1286828400 0 0 0 0
1286828100 0 0 0 0
1286827800 0 0 0 0
1286827500 0 0 0 0
1286827200 0 0 0 0
1286826900 0 0 0 0
1286826600 0 0 0 0
1286826300 0 0 0 0
1286826000 0 0 0 0
1286825700 0 0 0 0
1286825400 0 0 0 0
1286825100 0 0 0 0
1286824800 0 0 0 0
1286824500 0 0 0 0
1286824200 0 0 0 0
1286823900 0 0 0 0
1286823600 0 0 0 0
1286823300 0 0 0 0
1286823000 0 0 0 0
1286822700 0 0 0 0
1286822400 0 0 0 0
1286822100 0 0 0 0
1286821800 0 0 0 0
1286821500 0 0 0 0
1286821200 0 0 0 0
1286820900 0 0 0 0
1286820600 0 0 0 0
1286820300 0 0 0 0
1286820000 0 0 0 0
1286819700 0 0 0 0
1286819400 0 0 0 0
1286819100 0 0 0 0
1286818800 0 0 0 0
1286818500 0 0 0 0
1286818200 0 0 0 0
1286817900 0 0 0 0
1286817600 0 0 0 0
1286817300 0 0 0 0
1286817000 0 0 0 0
1286816700 0 0 0 0
1286816400 0 0 0 0
1286816100 0 0 0 0
1286815800 0 0 0 0
1286815500 0 0 0 0
1286815200 0 0 0 0
1286814900 0 0 0 0
1286814600 0 0 0 0
1286814300 0 0 0 0
1286814000 0 0 0 0
1286813700 0 0 0 0
1286813400 0 0 0 0
1286813100 0 0 0 0
1286812800 0 0 0 0
1286812500 0 0 0 0
1286812200 0 0 0 0
1286811900 0 0 0 0
1286811600 0 0 0 0
1286811300 0 0 0 0
1286811000 0 0 0 0
1286810700 0 0 0 0
1286810400 0 0 0 0
1286810100 0 0 0 0
1286809800 0 0 0 0
1286809500 0 0 0 0
1286809200 0 0 0 0
1286808900 0 0 0 0
1286808600 0 0 0 0
1286808300 0 0 0 0
1286808000 0 0 0 0
1286807700 0 0 0 0
1286807400 0 0 0 0
1286807100 0 0 0 0
1286806800 0 0 0 0
1286806500 0 0 0 0
1286806200 0 0 0 0
1286805900 0 0 0 0
1286805600 0 0 0 0
1286805300 0 0 0 0
1286805000 0 0 0 0
1286804700 0 0 0 0
1286804400 0 0 0 0
1286804100 0 0 0 0
1286803800 0 0 0 0
1286803500 0 0 0 0
1286803200 0 0 0 0
1286802900 0 0 0 0
1286802600 0 0 0 0
1286802300 0 0 0 0
1286802000 0 0 0 0
1286801700 0 0 0 0
1286801400 0 0 0 0
1286801100 0 0 0 0
1286800800 0 0 0 0
1286800500 0 0 0 0
1286800200 0 0 0 0
1286799900 0 0 0 0
1286799600 0 0 0 0
1286799300 0 0 0 0
1286799000 0 0 0 0
1286798700 0 0 0 0
1286798400 0 0 0 0
1286798100 0 0 0 0
1286797800 0 0 0 0
1286797500 0 0 0 0
1286797200 0 0 0 0
1286796900 0 0 0 0
1286796600 0 0 0 0
1286796300 0 0 0 0
1286796000 0 0 0 0
1286795700 0 0 0 0
1286795400 0 0 0 0
1286795100 0 0 0 0
1286794800 0 0 0 0
1286794500 0 0 0 0
1286794200 0 0 0 0
1286793900 0 0 0 0
1286793600 0 0 0 0
1286793300 0 0 0 0
1286793000 0 0 0 0
1286792700 0 0 0 0
1286792400 0 0 0 0
1286792100 0 0 0 0
1286791800 0 0 0 0
1286791500 0 0 0 0
1286791200 0 0 0 0
1286790900 0 0 0 0
1286790600 0 0 0 0
1286790300 0 0 0 0
1286790000 0 0 0 0
1286789700 0 0 0 0
1286789400 0 0 0 0
1286789100 0 0 0 0
1286788800 0 0 0 0
1286788500 0 0 0 0
1286788200 0 0 0 0
1286787900 0 0 0 0
1286787600 0 0 0 0
1286787300 0 0 0 0
1286787000 0 0 0 0
1286786700 0 0 0 0
1286786400 0 0 0 0
1286786100 0 0 0 0
1286785800 0 0 0 0
1286785500 0 0 0 0
1286785200 0 0 0 0
1286784900 0 0 0 0
1286784600 0 0 0 0
1286784300 0 0 0 0
1286784000 0 0 0 0
1286783700 0 0 0 0
1286783400 0 0 0 0
1286783100 0 0 0 0
1286782800 0 0 0 0
1286782500 0 0 0 0
1286782200 0 0 0 0
1286781900 0 0 0 0
1286781600 0 0 0 0
1286781300 0 0 0 0
1286781000 0 0 0 0
1286780700 0 0 0 0
1286780400 0 0 0 0
1286780100 0 0 0 0
1286779800 0 0 0 0
1286779500 0 0 0 0
1286779200 0 0 0 0
1286778900 0 0 0 0
1286778600 0 0 0 0
1286778300 0 0 0 0
1286778000 0 0 0 0
1286777700 0 0 0 0
1286777400 0 0 0 0
1286777100 0 0 0 0
1286776800 0 0 0 0
1286776500 0 0 0 0
1286776200 0 0 0 0
1286775900 0 0 0 0
1286775600 0 0 0 0
1286775300 0 0 0 0
1286775000 0 0 0 0
1286774700 0 0 0 0
1286774400 0 0 0 0
1286774100 0 0 0 0
1286773800 0 0 0 0
1286773500 0 0 0 0
1286773200 0 0 0 0
1286772900 0 0 0 0
1286772600 0 0 0 0
1286772300 0 0 0 0
1286772000 0 0 0 0
1286771700 0 0 0 0
1286771400 0 0 0 0
1286771100 0 0 0 0
1286770800 0 0 0 0
1286770500 0 0 0 0
1286770200 0 0 0 0
1286769900 0 0 0 0
1286769600 0 0 0 0
1286769300 0 0 0 0
1286769000 0 0 0 0
1286768700 0 0 0 0
1286768400 0 0 0 0
1286768100 0 0 0 0
1286767800 0 0 0 0
1286767500 0 0 0 0
1286767200 0 0 0 0
1286766900 0 0 0 0
1286766600 0 0 0 0
1286766300 0 0 0 0
1286766000 0 0 0 0
1286765700 0 0 0 0
1286765400 0 0 0 0
1286765100 0 0 0 0
1286764800 0 0 0 0
1286764500 0 0 0 0
1286764200 0 0 0 0
1286763900 0 0 0 0
1286763600 0 0 0 0
1286763300 0 0 0 0
1286763000 0 0 0 0
1286762700 0 0 0 0
1286762400 0 0 0 0
1286762100 0 0 0 0
1286761800 0 0 0 0
1286761500 0 0 0 0
1286761200 0 0 0 0
1286760900 0 0 0 0
1286760600 0 0 0 0
1286760300 0 0 0 0
1286760000 0 0 0 0
1286759700 0 0 0 0
1286759400 0 0 0 0
1286759100 0 0 0 0
1286758800 0 0 0 0
1286758500 0 0 0 0
1286758200 0 0 0 0
1286757900 0 0 0 0
1286757600 0 0 0 0
1286757300 0 0 0 0
1286757000 0 0 0 0
1286756700 0 0 0 0
1286756400 0 0 0 0
1286756100 0 0 0 0
1286755800 0 0 0 0
1286755500 0 0 0 0
1286755200 0 0 0 0
1286754900 0 0 0 0
1286754600 0 0 0 0
1286754300 0 0 0 0
1286754000 0 0 0 0
1286753700 0 0 0 0
1286753400 0 0 0 0
1286753100 0 0 0 0
1286752800 0 0 0 0
1286752500 0 0 0 0
1286752200 0 0 0 0
1286751900 0 0 0 0
1286751600 0 0 0 0
1286751300 0 0 0 0
1286751000 0 0 0 0
1286750700 0 0 0 0
1286750400 0 0 0 0
1286750100 0 0 0 0
1286749800 0 0 0 0
1286749500 0 0 0 0
1286749200 0 0 0 0
1286748900 0 0 0 0
1286748600 0 0 0 0
1286748300 0 0 0 0
1286748000 0 0 0 0
1286747700 0 0 0 0
1286747400 0 0 0 0
1286747100 0 0 0 0
1286746800 0 0 0 0
1286746500 0 0 0 0
1286746200 0 0 0 0
1286745900 0 0 0 0
1286745600 0 0 0 0
1286745300 0 0 0 0
1286745000 0 0 0 0
1286744700 0 0 0 0
1286744400 0 0 0 0
1286744100 0 0 0 0
1286743800 0 0 0 0
1286743500 0 0 0 0
1286743200 0 0 0 0
1286742900 0 0 0 0
1286742600 0 0 0 0
1286742300 0 0 0 0
1286742000 0 0 0 0
1286741700 0 0 0 0
1286741400 0 0 0 0
1286741100 0 0 0 0
1286740800 0 0 0 0
1286740500 0 0 0 0
1286740200 0 0 0 0
1286739900 0 0 0 0
1286739600 0 0 0 0
1286739300 0 0 0 0
1286739000 0 0 0 0
1286738700 0 0 0 0
1286738400 0 0 0 0
1286738100 0 0 0 0
1286737800 0 0 0 0
1286737500 0 0 0 0
1286737200 0 0 0 0
1286736900 0 0 0 0
1286736600 0 0 0 0
1286736300 0 0 0 0
1286736000 0 0 0 0
1286735700 0 0 0 0
1286735400 0 0 0 0
1286735100 0 0 0 0
1286734800 0 0 0 0
1286734500 0 0 0 0
1286734200 0 0 0 0
1286733900 0 0 0 0
1286733600 0 0 0 0
1286733300 0 0 0 0
1286733000 0 0 0 0
1286732700 0 0 0 0
1286732400 0 0 0 0
1286732100 0 0 0 0
1286731800 0 0 0 0
1286731500 0 0 0 0
1286731200 0 0 0 0
1286730900 0 0 0 0
1286730600 0 0 0 0
1286730000 0 0 0 0
1286728200 0 0 0 0
1286726400 0 0 0 0
1286724600 0 0 0 0
1286722800 0 0 0 0
1286721000 0 0 0 0
1286719200 0 0 0 0
1286717400 0 0 0 0
1286715600 0 0 0 0
1286713800 0 0 0 0
1286712000 0 0 0 0
1286710200 0 0 0 0
1286708400 0 0 0 0
1286706600 0 0 0 0
1286704800 0 0 0 0
1286703000 0 0 0 0
1286701200 0 0 0 0
1286699400 0 0 0 0
1286697600 0 0 0 0
1286695800 0 0 0 0
1286694000 0 0 0 0
1286692200 0 0 0 0
1286690400 0 0 0 0
1286688600 0 0 0 0
1286686800 0 0 0 0
1286685000 0 0 0 0
1286683200 0 0 0 0
1286681400 0 0 0 0
1286679600 0 0 0 0
1286677800 0 0 0 0
1286676000 0 0 0 0
1286674200 0 0 0 0
1286672400 0 0 0 0
1286670600 0 0 0 0
1286668800 0 0 0 0
1286667000 0 0 0 0
1286665200 0 0 0 0
1286663400 0 0 0 0
1286661600 0 0 0 0
1286659800 0 0 0 0
1286658000 0 0 0 0
1286656200 0 0 0 0
1286654400 0 0 0 0
1286652600 0 0 0 0
1286650800 0 0 0 0
1286649000 0 0 0 0
1286647200 0 0 0 0
1286645400 0 0 0 0
1286643600 0 0 0 0
1286641800 0 0 0 0
1286640000 0 0 0 0
1286638200 0 0 0 0
1286636400 0 0 0 0
1286634600 0 0 0 0
1286632800 0 0 0 0
1286631000 0 0 0 0
1286629200 0 0 0 0
1286627400 0 0 0 0
1286625600 0 0 0 0
1286623800 0 0 0 0
1286622000 0 0 0 0
1286620200 0 0 0 0
1286618400 0 0 0 0
1286616600 0 0 0 0
1286614800 0 0 0 0
1286613000 0 0 0 0
1286611200 0 0 0 0
1286609400 0 0 0 0
1286607600 0 0 0 0
1286605800 0 0 0 0
1286604000 0 0 0 0
1286602200 0 0 0 0
1286600400 0 0 0 0
1286598600 0 0 0 0
1286596800 0 0 0 0
1286595000 0 0 0 0
1286593200 0 0 0 0
1286591400 0 0 0 0
1286589600 0 0 0 0
1286587800 0 0 0 0
1286586000 0 0 0 0
1286584200 0 0 0 0
1286582400 0 0 0 0
1286580600 0 0 0 0
1286578800 0 0 0 0
1286577000 0 0 0 0
1286575200 0 0 0 0
1286573400 0 0 0 0
1286571600 0 0 0 0
1286569800 0 0 0 0
1286568000 0 0 0 0
1286566200 0 0 0 0
1286564400 0 0 0 0
1286562600 0 0 0 0
1286560800 0 0 0 0
1286559000 0 0 0 0
1286557200 0 0 0 0
1286555400 0 0 0 0
1286553600 0 0 0 0
1286551800 0 0 0 0
1286550000 0 0 0 0
1286548200 0 0 0 0
1286546400 0 0 0 0
1286544600 0 0 0 0
1286542800 0 0 0 0
1286541000 0 0 1 1
1286539200 131 438 247 851
1286537400 0 0 0 0
1286535600 0 0 0 0
1286533800 0 0 0 0
1286532000 0 0 0 0
1286530200 0 0 0 0
1286528400 0 0 0 0
1286526600 0 0 0 0
1286524800 0 0 0 0
1286523000 0 0 0 0
1286521200 0 0 0 0
1286519400 0 0 0 0
1286517600 0 0 0 0
1286515800 0 0 0 0
1286514000 0 0 0 0
1286512200 0 0 0 0
1286510400 0 0 0 0
1286508600 0 0 0 0
1286506800 0 0 0 0
1286505000 0 0 0 0
1286503200 0 0 0 0
1286501400 0 0 0 0
1286499600 0 0 0 0
1286497800 0 0 0 0
1286496000 0 0 0 0
1286494200 0 0 0 0
1286492400 0 0 0 0
1286490600 0 0 0 0
1286488800 0 0 0 0
1286487000 0 0 0 0
1286485200 0 0 0 0
1286483400 0 0 0 0
1286481600 0 0 0 0
1286479800 0 0 0 0
1286478000 0 0 0 0
1286476200 0 0 0 0
1286474400 0 0 0 0
1286472600 0 0 23 24
1286470800 47 88 166 388
1286469000 0 0 0 0
1286467200 0 0 0 0
1286465400 0 0 38 134
1286463600 200 694 235 811
1286461800 232 800 237 818
1286460000 4 3 26 24
1286458200 60 207 238 823
1286456400 237 823 241 834
1286454600 64 203 238 823
1286452800 4 10 30 70
1286451000 0 0 0 0
1286449200 0 0 0 0
1286447400 0 0 0 0
1286445600 0 0 0 0
1286443800 0 0 0 0
1286442000 0 0 0 0
1286440200 0 0 0 0
1286438400 0 0 0 0
1286436600 0 0 0 0
1286434800 0 0 0 0
1286433000 0 0 0 0
1286431200 0 0 0 0
1286429400 0 0 0 0
1286427600 0 0 0 0
1286425800 0 0 0 0
1286424000 0 0 0 0
1286422200 0 0 0 0
1286420400 0 0 0 0
1286418600 0 0 0 0
1286416800 0 0 0 0
1286415000 0 0 0 0
1286413200 0 0 0 0
1286411400 0 0 0 0
1286409600 0 0 0 0
1286407800 0 0 0 0
1286406000 0 0 0 0
1286404200 0 0 0 0
1286402400 0 0 0 0
1286400600 0 0 0 0
1286398800 0 0 0 0
1286397000 0 0 0 0
1286395200 0 0 0 0
1286393400 0 0 0 0
1286391600 0 0 0 0
1286389800 0 0 0 0
1286388000 0 0 0 0
1286386200 0 0 0 0
1286384400 0 0 0 0
1286382600 0 0 0 0
1286380800 0 0 0 0
1286379000 0 0 0 0
1286377200 0 0 0 0
1286375400 0 0 0 0
1286373600 0 0 0 0
1286371800 0 0 0 0
1286370000 0 0 0 0
1286368200 23 65 112 304
1286366400 28 66 112 210
1286364600 0 0 0 0
1286362800 0 0 0 0
1286361000 0 0 0 0
1286359200 0 0 0 0
1286357400 0 0 0 0
1286355600 0 0 0 0
1286353800 0 0 0 0
1286352000 0 0 0 0
1286350200 0 0 0 0
1286348400 0 0 0 0
1286346600 0 0 0 0
1286344800 0 0 0 0
1286343000 0 0 0 0
1286341200 0 0 0 0
1286339400 0 0 0 0
1286337600 0 0 0 0
1286335800 0 0 0 0
1286334000 0 0 0 0
1286332200 0 0 0 0
1286330400 0 0 0 0
1286328600 0 0 0 0
1286326800 0 0 0 0
1286325000 0 0 0 0
1286323200 0 0 0 0
1286321400 198 13 1190 1171
1286319600 8 188 50 1171
1286317800 0 0 0 0
1286316000 0 0 0 0
1286314200 0 0 0 0
1286312400 0 0 0 0
1286310600 0 0 0 0
1286308800 0 0 0 0
1286307000 0 0 0 0
1286305200 0 0 0 0
1286303400 0 0 0 0
1286301600 0 0 0 0
1286299800 0 1 98 300
1286298000 103 280 152 318
1286296200 26 31 152 178
1286294400 0 0 0 0
1286292600 0 0 0 0
1286290800 0 0 0 0
1286289000 0 0 0 0
1286287200 0 0 0 0
1286285400 0 0 0 0
1286283600 0 0 0 0
1286281800 0 0 0 0
1286280000 0 0 0 0
1286278200 0 0 0 0
1286276400 0 0 0 0
1286274600 0 0 0 0
1286272800 0 0 0 0
1286271000 0 0 0 0
1286269200 0 0 0 0
1286267400 0 0 0 0
1286265600 0 0 0 0
1286263800 0 0 0 0
1286262000 0 0 0 0
1286260200 0 0 0 0
1286258400 0 0 0 0
1286256600 0 0 0 0
1286254800 0 0 0 0
1286253000 0 0 0 0
1286251200 0 0 0 0
1286249400 0 0 0 0
1286247600 0 0 0 0
1286245800 0 0 0 0
1286244000 0 0 0 0
1286242200 0 0 0 0
1286240400 0 0 0 0
1286238600 0 0 0 0
1286236800 0 0 0 0
1286235000 0 0 0 0
1286233200 0 0 0 0
1286231400 0 0 0 0
1286229600 0 0 0 0
1286227800 0 0 0 0
1286226000 0 0 0 0
1286224200 0 0 0 0
1286222400 0 0 0 0
1286220600 0 0 0 0
1286218800 0 0 0 0
1286217000 0 0 0 0
1286215200 0 0 0 0
1286213400 0 0 0 0
1286211600 0 0 0 0
1286209800 0 0 0 0
1286208000 0 0 0 0
1286206200 0 0 0 0
1286204400 0 0 0 0
1286202600 0 0 0 0
1286200800 0 0 0 0
1286199000 0 0 0 0
1286197200 0 0 0 0
1286195400 0 0 0 0
1286193600 0 0 0 0
1286191800 0 0 0 0
1286190000 0 0 0 0
1286188200 0 0 0 0
1286186400 0 0 0 0
1286184600 0 0 0 0
1286182800 0 0 0 0
1286181000 0 0 0 0
1286179200 0 0 0 0
1286177400 0 0 0 0
1286175600 0 0 0 0
1286173800 0 0 0 0
1286172000 0 0 0 0
1286170200 0 0 0 0
1286168400 0 0 0 0
1286166600 0 0 0 0
1286164800 0 0 0 0
1286163000 0 0 0 0
1286161200 0 0 0 0
1286159400 0 0 0 0
1286157600 0 0 0 0
1286155800 0 0 0 0
1286154000 0 0 0 0
1286152200 0 0 0 0
1286150400 0 0 0 0
1286148600 0 0 0 0
1286146800 0 0 0 0
1286145000 0 0 0 0
1286143200 0 0 0 0
1286141400 0 0 0 0
1286139600 0 0 0 0
1286137800 0 0 0 0
1286136000 0 0 0 0
1286134200 0 0 0 0
1286132400 0 0 0 0
1286130600 0 0 0 0
1286128800 0 0 0 0
1286127000 0 0 0 0
1286125200 0 0 0 0
1286123400 0 0 0 0
1286121600 0 0 0 0
1286119800 0 0 0 0
1286118000 0 0 0 0
1286116200 0 0 0 0
1286114400 0 0 0 0
1286112600 0 0 0 0
1286110800 0 0 0 0
1286109000 0 0 0 0
1286107200 0 0 0 0
1286105400 0 0 0 0
1286103600 0 0 0 0
1286101800 0 0 0 0
1286100000 0 0 0 0
1286098200 0 0 0 0
1286096400 0 0 0 0
1286094600 0 0 0 0
1286092800 0 0 0 0
1286091000 0 0 0 0
1286089200 0 0 0 0
1286087400 0 0 0 0
1286085600 0 0 0 0
1286083800 0 0 0 0
1286082000 0 0 0 0
1286080200 0 0 0 0
1286078400 0 0 0 0
1286076600 0 0 0 0
1286074800 0 0 0 0
1286073000 0 0 0 0
1286071200 0 0 0 0
1286069400 0 0 0 0
1286067600 0 0 0 0
1286065800 0 0 0 0
1286064000 0 0 0 0
1286062200 0 0 0 0
1286060400 0 0 0 0
1286058600 0 0 0 0
1286056800 0 0 0 0
1286055000 0 0 0 0
1286053200 0 0 0 0
1286051400 0 0 0 0
1286049600 0 0 0 0
1286047800 0 0 0 0
1286046000 0 0 0 0
1286044200 0 0 0 0
1286042400 0 0 0 0
1286040600 0 0 0 0
1286038800 0 0 0 0
1286037000 0 0 0 0
1286035200 0 0 0 0
1286033400 0 0 0 0
1286031600 0 0 0 0
1286029800 0 0 0 0
1286028000 0 0 0 0
1286026200 0 0 0 0
1286024400 0 0 0 0
1286022600 0 0 0 0
1286020800 0 0 0 0
1286019000 0 0 0 0
1286017200 0 0 0 0
1286015400 0 0 0 0
1286013600 0 0 0 0
1286011800 0 0 0 0
1286010000 0 0 0 0
1286008200 0 0 0 0
1286006400 0 0 0 0
1286004600 0 0 0 0
1286002800 0 0 0 0
1286001000 0 0 0 0
1285999200 0 0 0 0
1285997400 0 0 0 0
1285995600 0 0 0 0
1285993800 0 0 0 0
1285992000 0 0 0 0
1285990200 0 0 0 0
1285988400 0 0 0 0
1285986600 0 0 0 0
1285984800 0 0 0 0
1285983000 0 0 0 0
1285981200 0 0 0 0
1285979400 0 0 0 0
1285977600 0 0 0 0
1285975800 0 0 0 0
1285974000 0 0 0 0
1285972200 0 0 0 0
1285970400 0 0 0 0
1285968600 0 0 0 0
1285966800 0 0 0 0
1285965000 203 195 1195 1141
1285963200 0 0 0 0
1285961400 0 0 0 0
1285959600 0 0 0 0
1285957800 0 0 0 0
1285956000 9 27 55 190
1285954200 141 492 226 781
1285952400 146 497 226 782
1285950600 0 0 0 0
1285948800 0 0 0 0
1285947000 0 0 0 0
1285945200 0 0 0 0
1285943400 0 0 0 0
1285941600 0 0 0 0
1285939800 0 0 0 0
1285938000 0 0 0 0
1285936200 0 0 0 0
1285934400 0 0 0 0
1285932600 0 0 0 0
1285930800 0 0 0 0
1285929000 0 0 0 0
1285927200 0 0 0 0
1285925400 0 0 0 0
1285923600 0 0 0 0
1285921800 0 0 0 0
1285920000 0 0 0 0
1285918200 0 0 0 0
1285916400 0 0 0 0
1285914600 0 0 0 0
1285912800 0 0 0 0
1285911000 0 0 0 0
1285909200 0 0 0 0
1285907400 0 0 0 0
1285905600 0 0 0 0
1285903800 0 0 0 0
1285902000 0 0 0 0
1285900200 0 0 0 0
1285898400 0 0 0 0
1285896600 0 0 0 0
1285894800 0 0 0 0
1285893000 0 0 0 0
1285891200 0 0 0 0
1285889400 0 0 0 0
1285887600 0 0 0 0
1285885800 0 0 0 0
1285884000 0 0 0 0
1285882200 0 0 0 0
1285880400 0 0 0 0
1285878600 0 0 0 0
1285876800 0 0 0 0
1285875000 0 0 0 0
1285873200 0 0 0 0
1285871400 0 0 0 0
1285869600 0 0 0 0
1285867800 0 0 0 0
1285866000 0 0 0 0
1285864200 0 0 0 0
1285862400 0 0 0 0
1285860600 0 0 0 0
1285858800 0 0 0 0
1285857000 0 0 0 0
1285855200 0 0 0 0
1285853400 0 0 0 0
1285851600 0 0 0 0
1285849800 0 0 0 0
1285848000 0 0 0 0
1285846200 0 0 0 0
1285844400 0 0 0 0
1285842600 0 0 0 0
1285840800 0 0 0 0
1285839000 0 0 0 0
1285837200 0 0 0 0
1285835400 0 0 0 0
1285833600 0 0 0 0
1285831800 0 0 0 0
1285830000 0 0 0 0
1285828200 0 0 0 0
1285826400 0 0 0 0
1285824600 0 0 0 0
1285822800 0 0 0 0
1285821000 0 0 0 0
1285819200 0 0 0 0
1285817400 0 0 0 0
1285815600 0 0 0 0
1285813800 0 0 0 0
1285812000 0 0 0 0
1285810200 0 0 0 0
1285808400 0 0 0 0
1285806600 0 0 0 0
1285804800 0 0 0 0
1285803000 0 0 0 0
1285801200 0 0 0 0
1285799400 0 0 0 0
1285797600 0 0 0 0
1285795800 0 0 0 0
1285794000 0 0 0 0
1285792200 0 0 0 0
1285790400 0 0 0 0
1285788600 0 0 0 0
1285786800 0 0 0 0
1285785000 0 0 0 0
1285783200 0 0 0 0
1285781400 0 0 0 0
1285779600 0 0 0 0
1285777800 0 0 0 0
1285776000 0 0 0 0
1285774200 0 0 0 0
1285772400 0 0 0 0
1285770600 0 0 0 0
1285768800 0 0 0 0
1285767000 0 0 0 0
1285765200 0 0 0 0
1285763400 0 0 0 0
1285761600 0 0 0 0
1285759800 0 0 0 0
1285758000 0 0 0 0
1285756200 0 0 0 0
1285754400 0 0 0 0
1285752600 0 0 0 0
1285750800 0 0 0 0
1285749000 0 0 0 0
1285747200 0 0 0 0
1285745400 0 0 0 0
1285743600 0 0 0 0
1285741800 0 0 0 0
1285740000 0 0 0 0
1285738200 0 0 0 0
1285736400 0 0 0 0
1285734600 0 0 0 0
1285732800 0 0 0 0
1285731000 0 0 0 0
1285729200 0 0 0 0
1285727400 0 0 0 0
1285725600 0 0 0 0
1285723800 0 0 0 0
1285722000 0 0 0 0
1285720200 0 0 0 0
1285718400 0 0 0 0
1285716600 0 0 0 0
1285714800 0 0 0 0
1285713000 0 0 0 0
1285711200 0 0 0 0
1285709400 0 0 0 0
1285707600 0 0 0 0
1285705800 0 0 0 0
1285704000 0 0 0 0
1285702200 0 0 0 0
1285700400 0 0 0 0
1285698600 0 0 0 0
1285696800 0 0 0 0
1285695000 0 0 0 0
1285693200 0 0 0 0
1285691400 0 0 0 0
1285689600 0 0 0 0
1285687800 0 0 0 0
1285686000 0 0 0 0
1285684200 0 0 0 0
1285682400 0 0 0 0
1285680600 0 0 0 0
1285678800 0 0 0 0
1285677000 0 0 0 0
1285675200 4 8 26 56
1285673400 0 0 0 0
1285671600 0 0 0 0
1285669800 0 0 0 0
1285668000 0 0 0 0
1285666200 0 0 0 0
1285664400 0 0 0 0
1285662600 0 0 0 0
1285660800 0 0 0 0
1285659000 0 0 0 0
1285657200 0 0 0 0
1285655400 0 0 0 0
1285653600 0 0 0 0
1285651800 0 0 0 0
1285650000 0 0 0 0
1285646400 0 0 0 0
1285639200 0 0 0 0
1285632000 0 0 0 0
1285624800 0 0 0 0
1285617600 0 47 35 1149
1285610400 0 0 0 0
1285603200 0 0 0 0
1285596000 6 24 111 402
1285588800 0 0 0 0
1285581600 0 0 0 0
1285574400 0 0 0 0
1285567200 0 0 0 0
1285560000 0 0 0 0
1285552800 0 0 0 0
1285545600 0 0 0 0
1285538400 0 0 0 0
1285531200 0 0 0 0
1285524000 0 0 0 0
1285516800 0 0 0 0
1285509600 0 0 0 0
1285502400 0 0 0 0
1285495200 0 0 0 0
1285488000 0 0 0 0
1285480800 0 0 0 0
1285473600 0 0 0 0
1285466400 0 0 0 0
1285459200 0 0 0 0
1285452000 0 0 0 0
1285444800 0 0 0 0
1285437600 0 0 0 0
1285430400 0 0 0 0
1285423200 0 0 0 0
1285416000 0 0 0 0
1285408800 0 0 0 0
1285401600 0 0 0 0
1285394400 0 0 0 0
1285387200 0 0 0 0
1285380000 0 0 0 0
1285372800 0 0 0 0
1285365600 0 0 0 0
1285358400 123 430 218 753
1285351200 64 166 374 740
1285344000 0 0 0 0
1285336800 0 0 0 0
1285329600 1 4 42 111
1285322400 0 0 0 0
1285315200 0 0 0 0
1285308000 0 0 0 0
1285300800 0 0 0 0
1285293600 0 0 0 0
1285286400 0 0 0 0
1285279200 0 0 0 0
1285272000 0 0 0 0
1285264800 0 0 0 0
1285257600 0 0 0 0
1285250400 2 9 74 226
1285243200 0 0 0 0
1285236000 0 0 0 0
1285228800 0 0 0 0
1285221600 0 0 0 0
1285214400 0 0 0 0
1285207200 0 0 0 0
1285200000 0 0 0 0
1285192800 0 0 0 0
1285185600 0 0 0 0
1285178400 0 0 0 0
1285171200 0 0 0 0
1285164000 0 0 0 0
1285156800 1 5 45 126
1285149600 0 0 0 0
1285142400 0 0 0 0
1285135200 0 0 0 0
1285128000 0 0 0 0
1285120800 0 0 0 0
1285113600 0 0 0 0
1285106400 0 0 0 0
1285099200 0 0 0 0
1285092000 0 0 0 0
1285084800 0 0 0 0
1285077600 9 21 231 532
1285070400 0 0 0 0
1285063200 0 0 0 0
1285056000 0 0 0 0
1285048800 0 0 0 0
1285041600 0 0 0 0
1285034400 0 0 0 0
1285027200 0 0 0 0
1285020000 0 0 0 0
1285012800 49 49 1175 1148
1285005600 0 0 0 0
1284998400 0 0 0 0
1284991200 0 1 26 58
1284984000 0 0 0 0
1284976800 0 0 0 0
1284969600 0 0 0 0
1284962400 0 0 0 0
1284955200 0 0 0 0
1284948000 0 0 0 0
1284940800 0 0 0 0
1284933600 0 0 0 0
1284926400 0 0 0 0
1284919200 0 0 0 0
1284912000 0 0 0 0
1284904800 0 0 0 0
1284897600 0 0 0 0
1284890400 0 0 0 0
1284883200 0 0 0 0
1284876000 0 0 0 0
1284868800 0 0 0 0
1284861600 0 0 0 0
1284854400 0 0 0 0
1284847200 0 0 0 0
1284840000 0 0 0 0
1284832800 0 0 0 0
1284825600 0 0 0 0
1284818400 0 0 0 0
1284811200 0 0 0 0
1284804000 0 0 0 0
1284796800 0 0 0 0
1284789600 0 0 0 0
1284782400 0 0 0 0
1284775200 0 0 0 0
1284768000 0 0 0 0
1284760800 0 0 0 0
1284753600 0 0 0 0
1284746400 0 0 0 0
1284739200 0 0 0 0
1284732000 0 0 0 0
1284724800 0 0 0 0
1284717600 0 0 0 0
1284710400 0 0 0 0
1284703200 0 0 0 0
1284696000 0 0 0 0
1284688800 0 0 0 0
1284681600 0 0 0 0
1284674400 0 0 0 0
1284667200 0 0 0 0
1284660000 0 0 0 0
1284652800 0 0 0 0
1284645600 0 0 0 0
1284638400 0 0 0 0
1284631200 0 0 0 0
1284624000 0 0 0 0
1284616800 0 0 0 0
1284609600 0 0 0 0
1284602400 0 0 0 0
1284595200 0 0 0 0
1284588000 0 0 0 0
1284580800 797 22689 3544 75629
1284573600 0 0 0 0
1284566400 0 0 0 0
1284559200 15 2 353 101
1284552000 1 4 31 101
1284544800 0 0 0 0
1284537600 0 0 0 0
1284530400 0 0 0 0
1284523200 0 0 0 0
1284516000 0 0 0 0
1284508800 16 16 356 227
1284501600 0 0 0 0
1284494400 0 47 35 1145
1284487200 0 0 0 0
1284480000 0 0 0 0
1284472800 0 0 0 0
1284465600 0 0 0 0
1284458400 0 0 0 0
1284451200 0 0 0 0
1284444000 0 0 0 0
1284436800 0 0 0 0
1284429600 0 0 0 0
1284422400 0 0 0 0
1284415200 0 0 0 0
1284408000 0 0 0 0
1284400800 48 1 1170 40
1284393600 0 0 0 0
1284386400 0 0 0 0
1284379200 0 0 0 0
1284372000 0 0 0 0
1284364800 0 0 0 0
1284357600 0 0 0 0
1284350400 0 0 0 0
1284343200 0 0 0 0
1284336000 0 0 0 0
1284328800 0 0 0 0
1284321600 0 0 0 0
1284314400 0 0 0 0
1284307200 0 0 0 0
1284300000 0 0 0 0
1284292800 0 0 0 0
1284285600 0 0 0 0
1284278400 0 0 0 0
1284271200 0 0 0 0
1284264000 0 0 0 0
1284256800 0 0 0 0
1284249600 0 0 0 0
1284242400 0 0 0 0
1284235200 0 0 0 0
1284228000 0 0 0 0
1284220800 0 0 0 0
1284213600 0 0 0 0
1284206400 0 0 0 0
1284199200 0 0 0 0
1284192000 0 0 0 0
1284184800 0 0 0 0
1284177600 0 0 0 0
1284170400 0 0 0 0
1284163200 0 0 0 0
1284156000 0 0 0 0
1284148800 0 0 0 0
1284141600 0 0 0 0
1284134400 0 0 0 0
1284127200 0 1 26 57
1284120000 0 0 0 0
1284112800 0 0 0 0
1284105600 0 0 0 0
1284098400 0 0 0 0
1284091200 0 0 0 0
1284084000 0 0 0 0
1284076800 0 0 0 0
1284069600 0 0 0 0
1284062400 0 0 0 0
1284055200 0 0 0 0
1284048000 0 0 0 0
1284040800 0 0 0 0
1284033600 2 7 47 136
1284026400 0 0 0 0
1284019200 0 0 0 0
1284012000 0 0 0 0
1284004800 0 0 0 0
1283997600 0 0 0 0
1283990400 0 0 0 0
1283983200 0 0 0 0
1283976000 0 0 0 0
1283968800 0 0 0 0
1283961600 0 0 0 0
1283954400 1 47 35 1140
1283947200 2 5 76 146
1283940000 0 0 0 0
1283932800 0 0 0 0
1283925600 0 0 0 0
1283918400 0 0 0 0
1283911200 0 0 0 0
1283904000 0 0 0 0
1283896800 0 0 0 0
1283889600 0 0 0 0
1283882400 0 0 0 0
1283875200 0 0 0 0
1283868000 0 0 0 0
1283860800 0 0 0 0
1283853600 0 0 0 0
1283846400 0 0 0 0
1283839200 0 0 0 0
1283832000 0 0 0 0
1283824800 0 0 0 0
1283817600 0 0 0 0
1283810400 0 0 0 0
1283803200 0 0 0 0
1283796000 0 0 0 0
1283788800 0 0 0 0
1283781600 0 0 0 0
1283774400 0 0 0 0
1283767200 0 0 0 0
1283760000 0 0 0 0
1283752800 0 0 0 0
1283745600 0 0 0 0
1283738400 0 0 0 0
1283731200 0 0 0 0
1283724000 0 0 0 0
1283716800 0 0 0 0
1283709600 0 0 0 0
1283702400 0 0 0 0
1283695200 0 0 0 0
1283688000 0 0 0 0
1283680800 0 0 0 0
1283673600 0 0 0 0
1283666400 0 0 0 0
1283659200 0 0 0 0
1283652000 0 0 0 0
1283644800 0 0 0 0
1283637600 0 0 0 0
1283630400 0 0 0 0
1283623200 0 0 0 0
1283616000 0 0 0 0
1283608800 0 0 0 0
1283601600 0 0 0 0
1283594400 0 0 0 0
1283587200 0 0 0 0
1283580000 0 0 0 0
1283572800 0 0 0 0
1283565600 0 0 0 0
1283558400 0 0 0 0
1283551200 0 0 0 0
1283544000 0 0 0 0
1283536800 0 0 0 0
1283529600 0 0 0 0
1283522400 0 0 0 0
1283515200 0 0 0 0
1283508000 0 0 0 0
1283500800 0 0 0 0
1283493600 0 0 0 0
1283486400 0 0 0 0
1283479200 0 0 0 0
1283472000 0 0 0 0
1283464800 0 0 0 0
1283457600 0 0 0 0
1283450400 0 0 0 0
1283443200 0 0 0 0
1283436000 0 0 0 0
1283428800 0 0 0 0
1283421600 0 0 0 0
1283414400 0 0 0 0
1283407200 0 0 0 0
1283400000 0 0 0 0
1283392800 0 0 0 0
1283385600 0 0 0 0
1283378400 49 48 1170 1138
1283371200 0 0 0 0
1283364000 0 0 0 0
1283356800 0 0 0 0
1283349600 66 229 243 841
1283342400 2 8 71 217
1283335200 0 0 0 0
1283328000 0 0 0 0
1283320800 0 0 0 0
1283313600 0 0 0 0
1283306400 0 0 0 0
1283299200 0 0 0 0
1283292000 0 0 0 0
1283284800 49 48 1167 1134
1283277600 0 0 0 0
1283270400 0 0 0 0
1283263200 0 0 0 0
1283256000 0 0 0 0
1283248800 0 0 0 0
1283241600 0 0 0 0
1283234400 0 0 0 0
1283227200 0 0 0 0
1283220000 0 0 0 0
1283212800 0 0 0 0
1283205600 0 0 0 0
1283198400 0 0 0 0
1283191200 0 0 0 0
1283184000 0 0 0 0
1283176800 0 0 0 0
1283169600 0 0 0 0
1283162400 0 0 0 0
1283155200 0 0 0 0
1283148000 0 0 0 0
1283140800 0 0 0 0
1283133600 0 0 0 0
1283126400 0 0 0 0
1283119200 0 0 0 0
1283112000 0 0 0 0
1283104800 0 0 0 0
1283097600 0 0 0 0
1283090400 0 0 0 0
1283083200 0 0 0 0
1283076000 0 0 0 0
1283068800 0 0 0 0
1283061600 0 0 0 0
1283054400 0 0 0 0
1283047200 0 0 0 0
1283040000 0 0 0 0
1283032800 0 0 0 0
1283025600 0 0 0 0
1283018400 0 0 0 0
1283011200 0 0 0 0
1283004000 0 0 0 0
1282996800 0 0 0 0
1282989600 0 0 0 0
1282982400 0 0 0 0
1282975200 0 0 0 0
1282968000 0 0 0 0
1282960800 0 0 0 0
1282953600 0 0 0 0
1282946400 0 0 0 0
1282939200 49 48 1163 1132
1282932000 0 0 0 0
1282924800 0 0 0 0
1282917600 0 0 0 0
1282910400 1 3 37 96
1282903200 0 0 0 0
1282896000 0 0 0 0
1282888800 0 0 0 0
1282881600 0 0 0 0
1282874400 0 0 0 0
1282867200 0 0 0 0
1282860000 0 0 0 0
1282852800 0 0 0 0
1282845600 0 0 0 0
1282838400 0 0 0 0
1282831200 1 3 37 91
1282824000 0 0 0 0
1282816800 0 0 0 0
1282809600 0 0 0 0
1282802400 0 0 0 0
1282795200 0 0 0 0
1282788000 0 0 0 0
1282780800 0 0 0 0
1282773600 0 0 0 0
1282766400 0 0 0 0
1282759200 0 0 0 0
1282752000 0 0 0 0
1282744800 0 0 0 0
1282737600 1 3 37 97
1282730400 0 0 0 0
1282723200 0 0 0 0
1282716000 0 0 0 0
1282708800 0 0 0 0
1282701600 0 0 0 0
1282694400 0 0 0 0
1282687200 0 0 0 0
1282680000 0 0 0 0
1282672800 0 0 0 0
1282665600 0 0 0 0
1282658400 0 0 0 0
1282651200 1 3 37 95
1282644000 0 0 0 0
1282636800 0 0 0 0
1282629600 0 0 0 0
1282622400 0 0 0 0
1282615200 0 0 0 0
1282608000 0 0 0 0
1282600800 0 0 0 0
1282593600 0 0 0 0
1282586400 0 0 0 0
1282579200 0 0 0 0
1282572000 0 2 30 59
1282564800 0 0 0 0
1282557600 0 0 0 0
1282550400 0 0 0 0
1282543200 0 0 0 0
1282536000 0 0 0 0
1282528800 0 0 0 0
1282521600 0 0 0 0
1282514400 0 0 0 0
1282507200 0 0 0 0
1282500000 0 0 0 0
1282492800 0 0 0 0
1282485600 0 0 0 0
1282478400 0 0 0 0
1282471200 0 0 0 0
1282464000 0 0 0 0
1282456800 0 0 0 0
1282449600 0 0 0 0
1282442400 0 0 0 0
1282435200 0 0 0 0
1282428000 0 0 0 0
1282420800 0 0 0 0
1282413600 0 0 0 0
1282406400 0 0 0 0
1282399200 0 0 0 0
1282392000 0 0 0 0
1282384800 0 0 0 0
1282377600 0 0 0 0
1282370400 0 0 0 0
1282363200 0 0 0 0
1282356000 0 0 0 0
1282348800 0 0 0 0
1282341600 0 0 0 0
1282334400 0 0 0 0
1282327200 0 0 0 0
1282320000 0 0 0 0
1282312800 0 0 0 0
1282305600 6 21 94 323
1282298400 0 0 0 0
1282291200 0 0 0 0
1282284000 0 0 0 0
1282276800 0 0 0 0
1282269600 0 0 0 0
1282262400 0 0 0 0
1282255200 0 0 0 0
1282248000 0 0 0 0
1282240800 0 0 0 0
1282233600 0 0 0 0
1282226400 0 2 26 54
1282219200 0 0 0 0
1282212000 0 0 0 0
1282204800 0 0 0 0
1282197600 0 0 0 0
1282190400 0 0 0 0
1282183200 0 0 0 0
1282176000 0 0 0 0
1282168800 0 0 0 0
1282161600 0 0 0 0
1282154400 0 0 0 0
1282147200 0 0 0 0
1282140000 1 6 58 168
1282132800 0 0 0 0
1282125600 0 0 0 0
1282118400 0 0 0 0
1282111200 0 0 0 0
1282104000 0 0 0 0
1282096800 0 0 0 0
1282089600 0 0 0 0
1282082400 48 48 1164 1129
1282075200 0 0 0 0
1282068000 0 0 0 0
1282060800 0 0 0 0
1282053600 0 0 0 0
1282046400 0 0 0 0
1282039200 0 0 0 0
1282032000 0 0 0 0
1282024800 0 0 0 0
1282017600 0 0 0 0
1282010400 0 0 0 0
1282003200 0 0 0 0
1281996000 0 0 0 0
1281988800 55 133 195 279
1281981600 0 0 0 0
1281974400 0 0 0 0
1281967200 0 0 0 0
1281960000 2 8 44 139
1281952800 0 0 0 0
1281945600 0 0 0 0
1281938400 0 0 0 0
1281931200 0 0 0 0
1281924000 0 0 0 0
1281916800 0 0 0 0
1281909600 0 0 0 0
1281902400 0 0 0 0
1281895200 0 0 0 0
1281888000 0 0 0 0
1281880800 0 0 0 0
1281873600 0 0 0 0
1281866400 0 0 0 0
1281859200 0 0 0 0
1281852000 0 0 0 0
1281844800 0 0 0 0
1281837600 0 0 0 0
1281830400 0 0 0 0
1281823200 0 0 0 0
1281816000 0 0 0 0
1281808800 0 0 0 0
1281801600 0 0 0 0
1281794400 0 0 0 0
1281787200 0 0 0 0
1281780000 0 0 0 0
1281772800 0 0 0 0
1281765600 0 0 0 0
1281758400 0 0 0 0
1281751200 0 0 0 0
1281744000 0 0 0 0
1281736800 0 0 0 0
1281729600 0 0 0 0
1281722400 47 1 1156 40
1281715200 1 46 35 1124
1281708000 14 1 355 54
1281700800 0 0 0 0
1281693600 0 0 0 0
1281686400 0 0 0 0
1281679200 0 0 0 0
1281672000 0 0 0 0
1281664800 0 0 0 0
1281657600 0 0 0 0
1281650400 0 0 16 13
1281643200 0 0 0 0
1281636000 0 0 0 0
1281628800 0 0 0 0
1281621600 0 0 0 0
1281614400 6 20 149 397
1281607200 0 0 0 0
1281600000 0 0 0 0
1281592800 0 0 0 0
1281585600 0 0 0 0
1281578400 0 0 0 0
1281571200 0 0 0 0
1281564000 0 0 0 0
1281556800 80 216 104 284
1281549600 44 465 351 5313
1281542400 0 0 0 0
1281535200 1 4 41 111
1281528000 0 0 0 0
1281520800 0 0 0 0
1281513600 0 0 0 0
1281506400 0 0 0 0
1281499200 0 0 0 0
1281492000 0 0 0 0
1281484800 0 0 0 0
1281477600 0 0 0 0
1281470400 0 0 0 0
1281463200 0 0 0 0
1281456000 0 0 0 0
1281448800 0 0 0 0
1281441600 1 2 32 73
1281434400 0 0 0 0
1281427200 0 0 0 0
1281420000 0 0 0 0
1281412800 0 0 0 0
1281405600 0 0 0 0
1281398400 0 0 0 0
1281391200 0 0 0 0
1281384000 0 0 0 0
1281376800 0 0 0 0
1281369600 0 0 0 0
1281362400 0 0 0 0
1281355200 1 3 37 89
1281348000 0 0 0 0
1281340800 0 0 0 0
1281333600 0 0 0 0
1281326400 0 0 0 0
1281312000 0 0 0 0
1281225600 0 0 0 0
1281139200 0 0 37 100
1281052800 0 0 0 0
1280966400 0 0 31 70
1280880000 0 0 26 56
1280793600 3 3 1153 1123
1280707200 0 0 0 0
1280620800 0 0 0 0
1280534400 2 2 1147 1115
1280448000 0 0 29 70
1280361600 0 0 34 84
1280275200 0 0 64 203
1280188800 0 8 274 1713
1280102400 0 0 0 0
1280016000 0 0 0 0
1279929600 0 0 87 284
1279843200 2 2 1144 1115
1279756800 0 0 31 83
1279670400 3 3 1153 1113
1279584000 3 3 1141 1110
1279497600 0 0 0 0
1279411200 0 0 0 0
1279324800 0 0 0 0
1279238400 5 7 1139 1106
1279152000 0 0 62 182
1279065600 4 3 1134 1105
1278979200 0 0 0 0
1278892800 0 0 0 0
1278806400 0 0 0 0
1278720000 0 0 0 0
1278633600 0 0 14 14
1278547200 2 2 1129 1102
1278460800 3 3 1130 1112
1278374400 0 0 0 0
1278288000 0 0 0 0
1278201600 0 0 0 0
1278115200 0 0 79 269
1278028800 3 3 1127 1093
1277942400 0 1 231 458
1277856000 0 0 26 49
1277769600 0 0 51 138
1277683200 0 0 0 0
1277596800 0 0 0 0
1277510400 5 83 1117 14970
1277424000 0 0 46 128
1277337600 0 0 30 98
1277251200 0 0 47 40
1277164800 0 0 36 86
1277078400 0 0 0 0
1276992000 0 0 0 0
1276905600 0 0 0 0
1276819200 0 0 628 58
1276732800 0 0 37 107
1276646400 0 0 0 0
1276560000 2 87 771 25310
1276473600 0 0 0 0
1276387200 0 0 0 0
1276300800 0 0 45 124
1276214400 3 3 1107 1087
1276128000 0 0 27 59
1276041600 0 4 105 368
1275955200 0 0 60 66
1275868800 0 0 0 0
1275782400 0 0 0 0
1275696000 0 0 0 0
1275609600 0 0 0 0
1275523200 3 3 1114 1069
1275436800 0 0 81 235
1275350400 3 3 1095 1070
1275264000 0 0 0 0
1275177600 0 0 0 0
1275091200 0 77 723 22556
1275004800 10 222 1100 34537
1274918400 3 3 1106 1060
1274832000 9 165 718 22346
1274745600 0 0 0 0
1274659200 0 0 0 0
1274572800 0 0 0 0
1274486400 7 126 1128 35560
1274400000 6 115 1095 18184
1274313600 0 0 0 0
1274227200 0 15 256 3133
1274140800 0 0 52 41
1274054400 0 0 0 0
1273968000 0 0 0 0
1273881600 0 0 83 229
1273795200 0 0 40 72
1273708800 0 0 38 63
1273622400 0 0 100 257
1273536000 2 2 1078 1058
1273449600 0 0 0 0
1273363200 0 0 0 0
1273276800 0 86 793 25038
1273190400 0 0 0 0
1273104000 0 0 126 405
1273017600 9 130 1081 25083
1272931200 2 2 1089 1192
1272844800 0 0 0 0
1272758400 0 0 15 17
1272672000 0 0 0 0
1272585600 3 3 569 1065
1272499200 1 1 1085 1055
1272412800 0 0 41 66
1272326400 0 0 182 201
1272240000 0 0 0 0
1272153600 0 0 0 0
1272067200 0 0 0 0
1271980800 0 0 0 0
1271894400 0 0 0 0
1271808000 0 0 0 0
1271721600 0 0 0 0
1271635200 0 0 0 0
1271548800 0 2 598 1038
1271462400 2 2 1088 1066
1271376000 0 0 562 109
1271289600 0 0 0 0
1271203200 0 0 0 0
1271116800 7 134 634 20265
1271030400 0 0 0 0
1270944000 0 0 0 0
1270857600 0 0 38 88
1270771200 3 2 1086 1026
1270684800 0 0 48 89
1270598400 0 0 0 0
1270512000 26 68 123 263
1270425600 0 0 27 31
1270339200 0 0 0 0
1270252800 0 0 0 0
1270166400 5 80 1048 22366
1270080000 2 2 1070 1056
1269993600 0 0 48 109
1269907200 3 3 1078 1048
1269820800 0 0 0 0
1269734400 8 48 105 550
1269648000 43 155 1258 565
1269561600 20 48 302 268
1269475200 0 0 53 125
1269388800 0 0 58 184
1269302400 1 108 960 31105
1269216000 0 0 0 0
1269129600 0 0 0 0
1269043200 0 0 40 65
1268956800 0 0 71 178
1268870400 3 3 1074 1049
1268784000 3 3 1072 1036
1268697600 0 0 561 57
1268611200 0 0 0 0
1268524800 0 0 0 0
1268438400 0 0 0 0
1268352000 0 0 0 0
1268265600 0 0 32 27
1268179200 0 0 37 63
1268092800 2 93 755 26335
1268006400 0 0 0 0
1267920000 0 0 0 0
1267833600 3 43 1069 11570
1267747200 0 61 547 18062
1267660800 0 54 518 15257
1267574400 3 165 853 26814
1267488000 4 2 1054 1034
1267401600 0 0 0 0
1267315200 0 0 0 0
1267228800 0 0 0 0
1267142400 0 0 0 0
1267056000 0 0 123 389
1266969600 0 0 59 135
1266883200 0 0 0 0
1266796800 0 0 0 0
1266710400 0 0 0 0
1266624000 2 113 1005 31067
1266537600 2 8 1064 1047
1266451200 0 0 0 0
1266364800 0 0 0 0
1266278400 0 0 0 0
1266192000 0 0 0 0
1266105600 0 0 28 33
1266019200 0 0 599 181
1265932800 4 14 1066 2085
1265846400 0 0 74 204
1265760000 3 3 1048 1021
1265673600 0 0 66 87
1265587200 0 0 0 0
1265500800 0 0 0 0
1265414400 0 0 93 242
1265328000 0 0 44 76
1265241600 0 0 55 115
1265155200 0 0 0 0
1265068800 7 3 2111 1026
1264982400 0 0 0 0
1264896000 0 0 0 0
1264809600 0 0 144 50
1264723200 0 2 141 439
1264636800 7 77 146 1027
1264550400 0 0 42 58
1264464000 0 0 0 0
1264377600 0 0 0 0
1264291200 0 0 0 0
1264204800 33 111 1154 1270
1264118400 0 0 48 101
1264032000 0 0 0 0
1263945600 0 0 76 196
1263859200 7 7 1066 1031
1263772800 0 0 0 0
1263686400 0 0 0 0
1263600000 0 0 49 86
1263513600 0 0 50 100
1263427200 0 0 52 103
1263340800 0 0 337 77
1263254400 0 0 36 56
1263168000 0 0 0 0
1263081600 0 0 0 0
1262995200 0 52 479 15130
1262908800 0 0 86 234
1262822400 0 0 48 84
1262736000 5 4 1052 1024
1262649600 11 227 1267 41044
1262563200 0 0 0 0
1262476800 0 0 0 0
1262390400 0 0 0 0
1262304000 0 0 0 0
1262217600 0 0 0 0
1262131200 0 0 36 56
1262044800 0 0 346 59
1261958400 0 0 0 0
1261872000 0 0 0 0
1261785600 0 0 0 0
1261699200 0 0 0 0
1261612800 0 0 45 62
1261526400 12 46 1308 1282
1261440000 0 0 31 49
1261353600 0 0 0 0
1261267200 0 0 0 0
1261180800 0 0 40 60
1261094400 0 0 85 78
1261008000 11 5 1506 1020
1260921600 0 0 61 146
1260835200 1 105 552 17561
1260748800 0 0 43 60
1260662400 0 0 0 0
1260576000 3 2 1045 1011
1260489600 0 0 228 224
1260403200 0 0 49 116
1260316800 0 8 132 2087
1260230400 0 0 16 21
1260144000 0 0 0 0
1260057600 0 0 0 0
1259971200 0 0 0 0
1259884800 0 1 263 275
1259798400 0 46 384 8980
1259712000 0 0 0 0
1259625600 0 0 0 0
1259539200 0 0 0 0
1259452800 0 0 0 0
1259366400 0 0 0 0
1259280000 0 0 0 0
1259193600 0 0 0 0
1259107200 0 0 0 0
1259020800 0 0 0 0
1258934400 0 0 0 0
1258848000 0 0 0 0
1258761600 0 0 0 0
1258675200 0 0 0 0
1258588800 0 0 0 0
1258502400 0 0 0 0
1258416000 0 0 0 0
1258329600 0 0 0 0
1258243200 0 0 0 0
1258156800 0 0 0 0
1258070400 0 0 0 0
1257984000 0 0 0 0
1257897600 0 0 0 0
1257811200 0 0 0 0
1257724800 0 0 0 0
1257638400 0 0 0 0
1257552000 0 0 0 0
1257465600 0 0 0 0
1257379200 0 0 0 0
1257292800 11 143 1167 37784
1257206400 0 0 0 0
1257120000 0 0 0 0
1257033600 0 0 0 0
1256947200 0 0 67 109
1256860800 4 4 1034 994
1256774400 0 0 92 123
1256688000 5 22 423 759
1256601600 8 18 998 984
1256515200 0 0 0 0
1256428800 0 0 0 0
1256342400 1 2 130 191
1256256000 1 3 1006 1052
1256169600 8 19 1006 990
1256083200 21 109 1006 10432
1255996800 31 111 1091 1414
1255910400 0 0 0 0
1255824000 0 0 0 0
1255737600 192 59 51764 1256
1255651200 0 0 0 0
1255564800 3 3 979 986
1255478400 17 104 212 743
1255392000 0 0 0 0
1255305600 0 0 183 615
1255219200 0 0 0 0
1255132800 0 0 0 0
1255046400 0 0 0 0
1254960000 0 0 0 0
1254873600 0 0 0 0
1254787200 0 0 0 0
1254700800 0 0 0 0
1254614400 0 0 0 0
1254528000 0 0 0 0
1254441600 0 0 0 0
1254355200 0 0 0 0
1254268800 0 0 0 0
1254182400 0 0 0 0
1254096000 0 0 0 0
1254009600 0 0 0 0
1253923200 0 0 0 0
1253836800 0 0 0 0
1253750400 0 0 0 0
1253664000 0 0 0 0
1253577600 0 0 0 0
1253491200 0 0 0 0
1253404800 140 5 28264 870
1253318400 1 1 203 238
1253232000 10 45 122 446
1253145600 42 178 178 531
1253059200 56 292 306 755
1252972800 1 0 382 33
1252886400 0 0 0 0
1252800000 0 0 0 0
1252713600 0 0 0 0
1252627200 0 1 57 199
1252540800 0 0 51 109
1252454400 1 1 201 270
1252368000 0 0 0 0
1252281600 0 0 0 0
1252195200 26 66 105 272
1252108800 30 123 641 871
1252022400 0 0 0 0
1251936000 0 0 199 194
1251849600 0 0 0 0
1251763200 2 60 252 9217
1251676800 0 0 0 0
1251590400 0 0 0 0
1251504000 0 0 0 0
1251417600 0 0 72 214
1251331200 0 0 215 211
1251244800 0 0 0 0
1251158400 0 0 17 194
1251072000 0 0 0 0
1250985600 0 2 75 883
1250899200 0 0 215 209
1250812800 0 0 44 80
1250726400 0 0 69 155
1250640000 0 0 78 223
1250553600 0 0 0 0
1250467200 0 0 0 0
1250380800 0 0 0 0
1250294400 0 0 41 68
1250208000 3 119 683 21254
1250121600 0 0 213 210
1250035200 0 0 47 77
1249948800 0 0 40 65
1249862400 0 0 0 0
1249776000 0 0 0 0
1249689600 0 0 197 191
1249603200 0 0 41 69
1249516800 0 8 403 2190
1249430400 0 0 41 71
1249344000 0 0 196 191
1249257600 0 0 0 0
1249171200 0 0 0 0
1249084800 0 0 70 114
1248998400 0 0 164 243
1248912000 0 0 100 311
1248825600 0 0 0 0
1248739200 0 6 119 2139
1248652800 0 0 72 178
1248566400 0 0 0 0
1248480000 0 0 0 0
1248393600 0 0 195 190
1248307200 7 267 1312 40285
1248220800 0 0 60 101
1248134400 0 0 196 190
1248048000 0 0 73 79
1247961600 0 0 121 331
1247875200 0 0 57 114
1247788800 0 0 194 190
1247702400 0 0 224 349
1247616000 0 0 58 99
1247529600 0 0 62 87
1247443200 0 0 114 161
1247356800 0 0 0 0
1247270400 0 1 161 704
1247184000 0 0 33 55
1247097600 0 0 0 0
1247011200 0 0 42 46
1246924800 0 0 0 0
1246838400 0 0 0 0
1246752000 0 0 0 0
1246665600 0 35 508 8897
1246579200 0 0 55 171
1246492800 0 0 0 0
1246406400 27 935 1795 62446
1246320000 0 0 68 188
1246233600 0 0 0 0
1246147200 0 0 0 0
1246060800 0 0 65 120
1245974400 0 0 209 203
1245888000 0 0 0 0
1245801600 2 7 192 295
1245715200 0 1 152 270
1245628800 0 0 0 0
1245542400 0 1 333 850
1245456000 0 0 0 0
1245369600 0 0 0 0
1245283200 0 59 564 17142
1245196800 8 100 748 24431
1245110400 0 0 0 0
1245024000 0 0 0 0
1244937600 0 0 0 0
1244851200 0 0 0 0
1244764800 0 0 0 0
1244678400 0 4 117 274
1244592000 0 4 163 279
1244505600 0 0 99 133
1244419200 0 0 0 0
1244332800 0 0 0 0
1244246400 0 0 200 79
1244160000 0 0 133 716
1244073600 0 0 64 134
1243987200 2 22 231 3289
1243900800 0 0 306 324
1243814400 0 0 0 0
1243728000 0 0 86 207
1243641600 0 0 56 59
1243555200 0 5 284 673
1243468800 0 0 0 0
1243382400 0 0 0 0
1243296000 0 0 0 0
1243209600 0 0 0 0
1243123200 0 0 0 0
1243036800 0 0 0 0
1242950400 0 0 0 0
1242864000 0 0 0 0
1242777600 0 0 0 0
1242691200 0 0 0 0
1242604800 0 0 0 0
1242518400 0 0 0 0
1242432000 0 0 0 0
1242345600 0 0 0 0
1242259200 0 0 0 0
1242172800 0 0 0 0
1242086400 0 0 0 0
1242000000 0 0 0 0
1241913600 0 0 0 0
1241827200 0 0 0 0
1241740800 0 0 77 107
1241654400 0 0 186 183
1241568000 0 22 319 5756
1241481600 0 0 396 195
1241395200 0 0 0 0
1241308800 0 0 0 0
1241222400 0 0 0 0
1241136000 20 93 2522 10036
1241049600 5 123 775 21435
1240963200 0 48 519 14194
1240876800 0 0 80 107
1240790400 0 0 0 0
1240704000 0 0 16 25
1240617600 0 0 184 277
1240531200 0 0 164 160
1240444800 0 0 178 174
1240358400 0 0 0 0
1240272000 0 0 0 0
1240185600 0 0 33 44
1240099200 0 0 38 77
1240012800 0 3 134 302
1239926400 43 41 12036 7065
1239840000 0 0 7 9
1239753600 0 0 133 161
1239667200 0 0 0 0
1239580800 0 0 0 0
1239494400 0 0 0 0
1239408000 0 0 0 0
1239321600 2 66 539 15107
1239235200 0 0 100 310
1239148800 0 0 103 245
1239062400 0 0 0 0
1238976000 0 0 0 0
1238889600 0 1 121 723
1238803200 4 12 161 280
1238716800 0 0 161 157
1238630400 28 428 1763 61831
1238544000 22 54 174 299
1238457600 2 101 839 28531
1238371200 0 0 0 0
1238284800 0 0 78 100
1238198400 9 22 251 368
1238112000 7 66 468 14756
1238025600 2 110 660 23147
1237939200 6 14 121 272
1237852800 3 9 186 287
1237766400 0 2 252 500
1237680000 0 0 0 0
1237593600 6 22 155 1554
1237507200 6 63 515 15001
1237420800 0 1 198 294
1237334400 7 21 144 295
1237248000 3 9 228 281
1237161600 0 0 0 0
1237075200 0 0 0 0
1236988800 21 53 139 291
1236902400 0 0 156 152
1236816000 0 1 146 304
1236729600 19 49 187 894
1236643200 2 9 219 445
1236556800 0 0 0 0
1236470400 0 0 0 0
1236384000 6 18 167 297
1236297600 7 22 238 2561
1236211200 0 8 154 2472
1236124800 5 14 202 325
1236038400 0 5 281 1512
1235952000 0 0 0 0
1235865600 0 0 0 0
1235779200 5 15 107 312
1235692800 7 127 562 18673
1235606400 0 0 0 0
1235520000 0 0 0 0
1235433600 0 0 0 0
1235347200 0 0 0 0
1235260800 0 0 69 145
1235174400 4 50 341 11063
1235088000 5 14 150 286
1235001600 15 0 4919 461
1234915200 12 34 149 289
1234828800 4 11 176 290
1234742400 0 0 0 0
1234656000 0 0 0 0
1234569600 3 12 154 317
1234483200 8 20 191 283
1234396800 0 0 0 0
1234310400 15 82 276 9865
1234224000 7 118 606 19412
1234137600 0 0 0 0
1234051200 0 0 63 237
1233964800 106 33 27255 687
1233878400 3 11 169 279
1233792000 0 4 105 275
1233705600 22 50 417 428
1233619200 9 44 1993 11606
1233532800 0 0 0 0
1233446400 0 0 0 0
1233360000 15 313 1091 35668
1233273600 71 2275 1809 62463
1233187200 0 0 173 317
1233100800 7 14 362 328
1233014400 0 0 150 356
1232928000 0 0 0 0
1232841600 0 0 0 0
1232755200 17 142 738 18659
1232668800 41 577 1736 60920
1232582400 0 3 149 878
1232496000 157 668 5831 24014
1232409600 23 168 1061 35714
1232323200 0 0 0 0
1232236800 0 0 0 0
1232150400 236 1673 6143 62277
1232064000 0 33 338 9920
1231977600 5 102 628 20343
1231891200 9 22 227 319
1231804800 4 13 125 624
1231718400 0 0 0 0
1231632000 0 0 0 0
1231545600 5 13 257 285
1231459200 0 0 279 275
1231372800 0 0 284 194
1231286400 0 0 163 355
1231200000 9 27 153 1414
1231113600 0 0 0 0
1231027200 0 0 0 0
1230940800 0 0 44 61
1230854400 0 0 0 0
1230768000 0 0 0 0
1230681600 0 0 0 0
1230595200 0 0 0 0
1230508800 0 0 0 0
1230422400 0 0 0 0
1230336000 0 0 0 0
1230249600 0 0 0 0
1230163200 0 0 0 0
1230076800 0 0 0 0
1229990400 0 0 0 0
1229904000 0 0 0 0
1229817600 0 0 0 0
1229731200 0 0 0 0
1229644800 0 0 0 0
1229558400 0 0 0 0
1229472000 0 0 0 0
1229385600 0 0 91 196
1229299200 0 0 0 0
1229212800 0 0 0 0
1229126400 0 0 0 0
1229040000 0 0 0 0
1228953600 6 14 146 277
1228867200 19 48 152 282
1228780800 24 58 151 265
1228694400 561 11 133287 2868
1228608000 0 0 0 0
1228521600 18 47 298 398
1228435200 0 0 0 0
1228348800 2 9 184 281
1228262400 7 18 236 295
1228176000 18 46 353 734
1228089600 0 0 0 0
1228003200 0 0 0 0
1227916800 23 55 365 705
1227830400 0 0 0 0
1227744000 4 11 299 282
1227657600 42 631 1917 62233
1227571200 0 0 153 149
1227484800 0 0 0 0
1227398400 0 0 0 0
1227312000 0 0 43 65
1227225600 0 0 0 0
1227139200 82 2716 1841 62611
1227052800 13 40 237 2038
1226966400 16 41 203 274
1226880000 0 0 0 0
1226793600 0 0 0 0
1226707200 17 44 200 273
1226620800 0 0 54 75
1226534400 4 11 267 335
1226448000 19 47 172 295
1226361600 6 15 142 284
1226275200 114 6431 22154 1230920
1226188800 2 81 719 23326
1226102400 113 5275 11265 624856
1226016000 17 45 254 780
1225929600 2 7 226 487
1225843200 12 178 1209 41372
1225756800 7 18 166 276
1225670400 0 0 0 0
1225584000 0 0 0 0
1225497600 5 16 156 242
1225411200 7 81 540 18839
1225324800 6 18 240 384
1225238400 29 626 1530 62755
1225152000 8 19 124 280
1225065600 0 0 0 0
1224979200 0 0 36 72
1224892800 15 36 181 298
1224806400 0 0 102 244
1224720000 6 16 244 752
1224633600 61 2256 1177 61780
1224547200 9 21 163 282
1224460800 0 0 0 0
1224374400 0 0 41 61
1224288000 9 24 205 281
1224201600 5 150 342 14942
1224115200 49 1927 1177 61908
1224028800 26 787 1185 61826
1223942400 60 3039 1168 61772
1223856000 0 0 0 0
1223769600 0 0 0 0
1223683200 7 19 165 270
1223596800 0 0 57 89
1223510400 0 0 75 113
1223424000 23 417 1112 60915
1223337600 8 20 164 272
1223251200 0 0 0 0
1223164800 0 0 0 0
1223078400 6 16 182 287
1222992000 3 24 227 662
1222905600 20 56 330 644
1222819200 16 71 235 752
1222732800 7 19 178 281
1222646400 0 0 95 102
1222560000 0 0 0 0
1222473600 20 50 197 285
1222387200 0 0 156 156
1222300800 8 22 274 686
1222214400 105 2672 1749 62021
1222128000 81 291 3550 10709
1222041600 0 0 0 0
1221955200 0 0 0 0
1221868800 0 0 172 171
1221782400 0 0 154 118
1221696000 18 431 1130 61646
1221609600 0 0 59 89
1221523200 0 0 79 599
1221436800 0 0 0 0
1221350400 0 0 0 0
1221264000 3 0 1011 217
1221177600 0 0 91 117
1221091200 0 63 355 18014
1221004800 174 196 1160050 1192548
1220918400 1494 143 357981 33222
1220832000 18 213 5659 61755
1220745600 0 0 0 0
1220659200 11 28 344 407
1220572800 4 5 815 339
1220486400 64 169 7477 24268
1220400000 0 0 100 151
1220313600 2 106 985 30591
1220227200 0 0 0 0
1220140800 0 0 85 254
1220054400 0 0 107 133
1219968000 0 0 57 93
1219881600 0 0 161 260
1219795200 20 147 812 22870
1219708800 11 113 596 13629
1219622400 0 0 0 0
1219536000 0 0 0 0
1219449600 22 55 234 583
1219363200 52 198 502 12700
1219276800 29 71 104 421
1219190400 34 115 237 643
1219104000 1 72 660 19540
1219017600 0 0 0 0
1218931200 0 0 46 95
1218844800 22 230 1820 19349
1218758400 127 2585 1189 34960
1218672000 30 750 1023 32631
1218585600 68 590 1069 30879
1218499200 51 198 890 9426
1218412800 0 2 222 670
1218326400 0 0 25 28
1218240000 30 69 344 504
1218153600 118 216 19210 914
