1286998555 64902063 19635420
1286998555 0 0 0 0
1286910312 3035 423 3035 423
1286910300 3035 423 3035 423
1286910000 2913 406 3035 423
1286909700 0 0 0 0
1286909400 0 0 15 5
1286909100 14 4 15 5
1286908800 0 0 0 0
1286908500 8 3 225 109
1286908200 221 107 225 109
1286907900 130 82 131 83
1286907600 109 76 136 82
1286907300 135 82 136 102
1286907000 127 102 131 104
1286906700 131 104 152 123
1286906400 261 141 2885 595
1286906100 2910 622 3588 1335
1286905800 3461 1288 3588 1335
1286905500 135 78 136 79
1286905200 112 79 205 109
1286904900 203 109 205 125
1286904600 161 123 162 125
1286904300 154 92 156 93
1286904000 119 84 179 96
1286903700 176 95 179 96
1286903400 127 81 130 86
1286903100 130 86 145 96
1286902800 145 95 150 96
1286902500 148 78 150 79
1286902200 108 76 131 86
1286901900 130 85 131 86
1286901600 105 73 126 78
1286901300 127 78 172 99
1286901000 172 98 175 99
1286900700 175 96 186 118
1286900400 184 116 186 118
1286900100 142 86 153 87
1286899800 153 85 162 97
1286899500 164 97 220 103
1286899200 220 104 247 135
1286898900 243 132 247 135
1286898600 160 81 161 81
1286898300 19670 462 488294 9622
1286898000 489968 9688 533955 11444
1286897700 534357 11491 544012 12637
1286897400 542969 12593 544012 12637
1286897100 514150 11394 515586 11459
1286896800 460318 9550 476437 9711
1286896500 36868 5337 37581 5346
1286896200 35990 4900 37581 5106
1286895900 973 549 3523 4762
1286895600 3471 4871 3523 7748
1286895300 2123 7748 2153 7759
1286895000 2154 7759 2205 7762
1286894700 2196 7752 2205 7762
1286894400 1980 7507 2006 7630
1286894100 2004 7628 2006 7630
1286893800 1957 7601 2005 7621
1286893500 2010 7623 2156 7676
1286893200 2152 7675 2156 7676
1286892900 2059 7662 2061 7663
1286892600 2027 7660 2201 7805
1286892300 2210 7817 2451 8138
1286892000 2452 8134 2482 8138
1286891700 2462 8045 2482 8061
1286891400 1962 7648 2284 7954
1286891100 2281 7949 2284 7954
1286890800 2245 7869 2874 8753
1286890500 2883 8742 3121 8753
1286890200 3429 8475 11535 8477
1286889900 11721 8449 16608 8752
1286889600 16585 8737 16608 8752
1286889300 16299 8375 23373 9061
1286889000 23140 9045 23373 9061
1286888700 17077 8638 17934 8854
1286888400 17776 8833 17934 8854
1286888100 13615 8311 13628 9005
1286887800 13464 8987 18036 9005
1286887500 17737 8529 18036 8540
1286887200 9767 8239 9906 8245
1286886900 6227 8089 8906 8291
1286886600 8818 8299 8906 8513
1286886300 6446 8488 6506 8513
1286886000 15196 8055 286430 13858
1286885700 289557 13936 364608 15814
1286885400 351630 15550 364608 15814
1286885100 10413 8610 10685 8627
1286884800 3291 8172 3363 8173
1286884500 3388 8157 4065 8172
1286884200 4073 7785 4308 8093
1286883900 4330 8085 4922 8093
1286883600 5722 7925 24943 8748
1286883300 24206 8714 24943 8748
1286883000 4954 7855 7465 8141
1286882700 7296 8130 7465 8141
1286882400 2882 7848 2970 7858
1286882100 3009 7616 4052 8173
1286881800 4116 8164 5808 8173
1286881500 5747 7950 5808 7951
1286881200 4336 7955 8841 8176
1286880900 9317 8179 21849 8274
1286880600 22861 8299 49454 8978
1286880300 48551 8960 49454 8978
1286880000 24017 8482 24830 8507
1286879700 2703 7838 3700 7850
1286879400 3720 7577 4260 7747
1286879100 4228 7750 4260 7832
1286878800 3521 7840 5035 8060
1286878500 4943 8049 5035 8060
1286878200 2683 7780 6778 8036
1286877900 6778 8034 6799 8036
1286877600 6855 7983 8333 7989
1286877300 8339 7857 8502 8072
1286877000 8300 8066 8502 8072
1286876700 3478 7932 3683 7934
1286876400 3661 7900 3683 7902
1286876100 3182 7853 4198 7856
1286875800 4292 7801 6764 7824
1286875500 6614 7821 6764 7824
1286875200 2687 7741 2697 7744
1286874900 2436 7695 2440 7922
1286874600 2383 7924 3461 8000
1286874300 3417 7990 3461 8000
1286874000 2366 7755 2461 7779
1286873700 2465 7772 2564 7779
1286873400 3056 7656 16009 8569
1286873100 15512 8530 16009 8569
1286872800 2598 7540 5753 7961
1286872500 5712 7960 5753 7961
1286872200 4620 7956 4654 7959
1286871900 3730 7889 3746 7901
1286871600 3534 7594 8628 7860
1286871300 8568 7853 8628 7860
1286871000 6974 7678 6993 7736
1286870700 6699 7751 11422 8170
1286870400 11239 8156 11422 8170
1286870100 6702 7815 13664 8232
1286869800 13915 8226 20511 8232
1286869500 20631 8093 23800 8441
1286869200 23539 8425 23800 8441
1286868900 16434 8023 16708 8119
1286868600 10055 8121 14694 8188
1286868300 14682 8177 14694 8188
1286868000 14391 7940 14405 8519
1286867700 13790 8508 14027 8519
1286867400 7408 8218 7579 8243
1286867100 2943 7587 3142 7689
1286866800 3746 7694 19622 7827
1286866500 21597 7874 73501 9111
1286866200 72726 9101 73501 9111
1286865900 51848 8844 52369 8853
1286865600 37781 8600 38170 8617
1286865300 28992 8225 42995 8999
1286865000 42914 8974 42995 8999
1286864700 40932 8397 40991 8671
1286864400 38546 8640 39390 8671
1286864100 19993 7934 115008 10161
1286863800 111250 10077 115008 10161
1286863500 12763 7890 18939 8292
1286863200 19097 8293 23271 8337
1286862900 23760 8342 35506 8466
1286862600 35442 8467 35506 8506
1286862300 33494 8472 33770 8506
1286862000 26074 7674 26879 7675
1286861700 4844 7652 4946 7665
1286861400 2322 7327 5765 7608
1286861100 5674 7594 5765 7608
1286860800 3295 7253 3298 7551
1286860500 3187 7542 3222 7551
1286860200 2444 7311 6204 7337
1286859900 6096 7345 6204 7566
1286859600 3282 7554 3762 7566
1286859300 3743 7292 3762 7530
1286859000 3257 7511 3616 7530
1286858700 3820 7053 9197 7916
1286858400 9210 7900 9553 7916
1286858100 9987 7536 21398 8702
1286857800 21531 8693 25038 8702
1286857500 24817 8479 25038 8482
1286857200 19360 8410 19521 8420
1286856900 14727 8143 15157 8168
1286856600 4395 7538 4431 7544
1286856300 3610 7410 7525 7707
1286856000 7753 7723 13752 8144
1286855700 13548 8108 13752 8144
1286855400 8473 7127 15017 7184
1286855100 14471 5569 15017 5778
1286854800 129 80 130 81
1286854500 115 75 116 76
1286854200 115 68 116 69
1286853900 107 66 108 67
1286853600 106 59 139 78
1286853300 138 78 139 78
1286853000 117 77 118 78
1286852700 107 65 122 66
1286852400 122 65 125 75
1286852100 123 74 125 75
1286851800 96 59 118 69
1286851500 118 69 126 89
1286851200 125 88 126 89
1286850900 123 66 125 67
1286850600 93 49 120 73
1286850300 354 95 6508 700
1286850000 6354 697 6508 700
1286849700 7688 748 148664 4006
1286849400 148366 3972 148664 4006
1286849100 141069 3107 154856 3404
1286848800 154667 3401 154856 3404
1286848500 150856 3357 181068 3931
1286848200 182030 3954 207305 4573
1286847900 206428 4601 207305 5352
1286847600 182283 5389 183399 6279
1286847300 150240 6147 155499 6279
1286847000 11846 2662 12082 2681
1286846700 6011 2143 6205 2209
1286846400 930 430 940 698
1286846100 765 711 2585 1056
1286845800 3324 1126 22756 2991
1286845500 21926 2885 22756 2991
1286845200 140 101 141 102
1286844900 130 84 131 85
1286844600 110 77 132 82
1286844300 131 81 132 82
1286844000 113 78 129 84
1286843700 130 84 163 100
1286843400 2392 155 60961 1606
1286843100 58731 1551 60961 1606
1286842800 172 127 262 170
1286842500 489 202 6475 1069
1286842200 6845 1077 16584 1314
1286841900 16223 1326 16584 1655
1286841600 6720 1665 6761 1954
1286841300 5582 1937 5658 1954
1286841000 4367 1549 19920 1550
1286840700 19531 1551 19920 2306
1286840400 9081 2250 9314 2306
1286840100 2861 748 2980 779
1286839800 21 7 22 8
1286839500 2 2 7 5
1286839200 7 5 16 8
1286838900 15 7 16 8
1286838600 9 5 14 13
1286838300 13 12 14 13
1286838000 17 8 169 96
1286837700 165 93 169 96
1286837400 75 29 78 30
1286837100 14 7 15 8
1286836800 6 2 7 3
1286836500 2 3 23 8
1286836200 22 7 23 8
1286835900 2 3 8 3
1286835600 7 3 8 6
1286835300 4 5 6 6
1286835000 5 2 6 2
1286834700 3 2 27 9
1286834400 26 8 27 9
1286834100 2 3 7 5
1286833800 7 5 17 9
1286833500 16 8 17 9
1286833200 7 3 8 4
1286832900 5 4 11 5
1286832600 10 4 11 5
1286832300 2 3 8 3
1286832000 8 3 17 8
1286831700 16 7 17 8
1286831400 6 2 7 3
1286831100 2 2 22 7
1286830800 21 6 22 7
1286830500 3 3 45 55
1286830200 43 53 45 55
1286829900 11 8 12 9
1286829600 9 4 44 33
1286829300 895 99 21321 1698
1286829000 21243 1703 21321 1837
1286828700 19007 1784 19220 1837
1286828400 15042 546 45078 1430
1286828100 43540 1416 45078 1430
1286827800 3042 1032 3152 1063
1286827500 582 238 11814 772
1286827200 11536 766 11814 772
1286826900 4159 600 4248 609
1286826600 1958 371 5144 372
1286826300 13872 557 223359 5204
1286826000 225547 5249 283049 6458
1286825700 282685 6453 283049 6458
1286825400 273866 6344 292814 6771
1286825100 292875 6773 294489 6831
1286824800 293695 6813 294489 6831
1286824500 273040 6363 277815 6398
1286824200 277376 6389 277815 6398
1286823900 260167 6079 265856 6173
1286823600 119121 3703 123637 3825
1286823300 595 530 3243 1258
1286823000 3168 1235 3243 1258
1286822700 1698 658 13185 1001
1286822400 13087 1085 13185 3317
1286822100 10183 3220 10516 3317
1286821800 1420 677 1456 686
1286821500 481 458 482 458
1286821200 476 458 515 469
1286820900 699 497 5549 1236
1286820600 5577 1245 6333 1486
1286820300 6138 1455 6333 1486
1286820000 1016 658 1034 664
1286819700 605 529 1045 654
1286819400 1046 653 1070 654
1286819100 1062 651 1070 652
1286818800 862 625 876 630
1286818500 4202 701 100323 5312
1286818200 100128 5330 100323 5762
1286817900 91980 5573 95457 5762
1286817600 659 629 982 737
1286817300 988 753 1160 1198
1286817000 1153 1180 1160 1198
1286816700 982 729 1014 737
1286816400 995 730 1014 737
1286816100 523 562 1049 757
1286815800 1466 861 12439 3612
1286815500 14521 3575 64492 3612
1286815200 62139 2620 64492 2709
1286814900 924 376 16573 2494
1286814600 16411 2546 16573 3936
1286814300 11861 3796 12179 3936
1286814000 4086 443 4236 456
1286813700 302 162 3724 1347
1286813400 3591 1301 3724 1347
1286813100 355 166 6469 1970
1286812800 6476 1973 6681 2074
1286812500 6995 2160 15264 4421
1286812200 14602 4229 15264 4421
1286811900 0 0 0 0
1286811600 514 340 12869 8502
1286811300 12863 8514 12869 8844
1286811000 12922 8846 17923 8897
1286810700 17851 8912 17923 9288
1286810400 15919 9264 16123 9288
1286810100 10499 8652 10569 8678
1286809800 8959 8693 16480 9089
1286809500 17442 9179 42738 11561
1286809200 42999 11572 49272 11850
1286808900 49999 11690 69100 11850
1286808600 66618 7301 69100 7512
1286808300 7152 2268 9311 2726
1286808000 9048 2670 9311 2726
1286807700 2716 1342 2760 1350
1286807400 1568 1159 1696 1186
1286807100 1682 1182 1696 1186
1286806800 1342 1090 1756 1225
1286806500 1755 1225 1756 1240
1286806200 1717 1235 1734 1240
1286805900 1327 1120 1784 1226
1286805600 1772 1226 1784 1229
1286805300 1950 1347 13807 4474
1286805000 15584 4791 62282 13128
1286804700 60316 12954 62282 13128
1286804400 8486 8388 8669 8398
1286804100 3732 8147 4859 8462
1286803800 5016 8443 9152 8462
1286803500 9571 7980 20585 8251
1286803200 20864 8247 28214 8251
1286802900 28261 8159 29505 8160
1286802600 29222 8173 29505 8775
1286802300 21862 8489 22453 8775
1286802000 6103 962 6351 998
1286801700 167 114 276 163
1286801400 1057 336 21602 4893
1286801100 21159 4993 21602 7633
1286800800 9507 7640 9528 7828
1286800500 8723 7809 8966 7828
1286800200 2662 7332 10749 7930
1286799900 10652 7912 10749 7930
1286799600 8185 7506 8331 7766
1286799300 4337 7760 4356 7766
1286799000 3814 7616 3885 7624
1286798700 2083 7428 5064 7724
1286798400 5359 7739 13118 8136
1286798100 13873 8146 33713 8426
1286797800 33918 8428 39309 8481
1286797500 38279 8457 39309 8481
1286797200 10988 7836 11236 7850
1286796900 4934 7505 5055 7515
1286796600 2055 7275 8687 8016
1286796300 9328 8041 26172 8706
1286796000 25600 8675 26172 8706
1286795700 10339 7867 10574 7871
1286795400 4471 7770 12219 7925
1286795100 12752 7949 26777 8602
1286794800 26285 8581 26777 8602
1286794500 13224 8038 13359 8040
1286794200 10554 8025 33334 8412
1286793900 32503 8396 33334 8412
1286793600 12249 8019 12569 8028
1286793300 4226 7800 12839 8182
1286793000 12858 8183 13361 8218
1286792700 13020 8194 13361 8218
1286792400 4086 7579 4196 7648
1286792100 4705 7676 18079 8429
1286791800 18220 8410 21939 8429
1286791500 21353 7921 21939 7927
1286791200 5891 7769 5975 7782
1286790900 4228 7500 13253 8204
1286790600 13321 8213 14973 8443
1286790300 14733 8428 14973 8443
1286790000 8315 8032 8438 8040
1286789700 5073 7838 5088 7970
1286789400 4745 7977 5983 8181
1286789100 6495 8171 19967 8181
1286788800 19859 7920 19967 8209
1286788500 16623 8201 17040 8209
1286788200 6710 8034 8796 8222
1286787900 8800 8223 8910 8248
1286787600 9597 8266 27663 8741
1286787300 26790 8702 27663 8741
1286787000 3973 7706 7114 8150
1286786700 7127 8155 7491 8310
1286786400 7587 8307 10125 8310
1286786100 10449 8249 18967 8566
1286785800 19003 8553 19886 8566
1286785500 19798 8248 19886 8250
1286785200 16931 8204 17504 8212
1286784900 3395 8044 9076 8262
1286784600 9794 8266 28679 8379
1286784300 28040 8369 28679 8379
1286784000 11674 8130 22691 8478
1286783700 22993 8488 30946 8766
1286783400 30958 8759 31277 8766
1286783100 31642 8581 41251 8582
1286782800 40979 8559 41251 8685
1286782500 33640 8676 33833 8685
1286782200 28473 8448 28596 8475
1286781900 25403 8461 29284 8475
1286781600 29481 8149 34671 8584
1286781300 34654 8573 34671 8584
1286781000 34703 8321 47561 8592
1286780700 46891 8582 47561 8592
1286780400 31002 8349 35555 8509
1286780100 35686 8507 39130 8509
1286779800 39378 8465 45909 8649
1286779500 45354 8641 45909 8649
1286779200 30850 8437 32215 8439
1286778900 32580 8417 42195 8855
1286778600 42591 8868 53019 9219
1286778300 53558 9238 67722 9744
1286778000 66572 9706 67722 9744
1286777700 39249 8811 46051 9037
1286777400 44536 8979 46051 9037
1286777100 8292 7611 11102 8248
1286776800 11184 8252 13354 8379
1286776500 13542 8378 18507 8379
1286776200 18736 8357 24755 8387
1286775900 24151 8375 24755 8387
1286775600 8271 8077 8290 8155
1286775300 7921 8150 11103 8155
1286775000 10941 8044 11103 8097
1286774700 7011 8100 15266 8183
1286774400 14900 8169 15266 8183
1286774100 5297 7807 5504 7818
1286773800 5597 7825 8059 8014
1286773500 8278 8016 14048 8082
1286773200 14254 8083 19210 8108
1286772900 19768 8133 34452 8790
1286772600 33408 8744 34452 8790
1286772300 8580 7678 14443 8406
1286772000 14372 8403 14443 8406
1286771700 12933 8338 23449 8630
1286771400 22967 8618 23449 8630
1286771100 10305 8314 10321 8320
1286770800 10164 8193 17233 8492
1286770500 17466 8495 23077 8585
1286770200 22728 8575 23077 8585
1286769900 13404 8312 13560 8315
1286769600 17970 8444 235857 13236
1286769300 236898 13227 261882 13236
1286769000 260519 12991 261882 13011
1286768700 225460 12478 245123 12549
1286768400 245453 12610 254128 14214
1286768100 248575 13909 254128 14214
1286767800 111135 6338 115317 6595
1286767500 24774 1053 25717 1093
1286767200 21 3 22 9
1286766900 5 8 6 9
1286766600 1 2 2 3
1286766300 2 3 16 8
1286766000 15 7 16 8
1286765700 0 2 1 3
1286765400 0 2 5 6
1286765100 4 5 5 6
1286764800 1 3 15 14
1286764500 15 14 28 19
1286764200 28 19 29 25
1286763900 30 24 60 25
1286763600 58 19 60 20
1286763300 18 9 217 68
1286763000 209 65 217 68
1286762700 1 3 6 9
1286762400 5 8 6 9
1286762100 2 3 2 4
1286761800 2 4 17 8
1286761500 16 7 17 8
1286761200 2 3 3 4
1286760900 2 2 7 7
1286760600 6 6 7 7
1286760300 1 3 3 4
1286760000 3 4 16 8
1286759700 15 7 16 8
1286759400 2 4 2 4
1286759100 2 4 6 7
1286758800 5 6 6 7
1286758500 3 4 3 4
1286758200 3 4 16 11
1286757900 15 10 16 11
1286757600 2 5 16 30
1286757300 1082 60 29113 869
1286757000 29356 882 35756 1241
1286756700 34606 1206 35756 1241
1286756400 4241 287 4398 294
1286756100 410 116 7572 365
1286755800 8222 377 23842 678
1286755500 23177 684 23842 859
1286755200 6154 860 16387 897
1286754900 15798 878 16387 897
1286754600 1710 514 34684 3288
1286754300 34505 3501 34684 9121
1286754000 29677 9114 29804 9121
1286753700 26310 8959 26357 9138
1286753400 25752 9179 42853 10279
1286753100 43020 10298 47410 10823
1286752800 47245 10778 47410 10823
1286752500 43356 9621 53989 9844
1286752200 53809 9839 53989 9844
1286751900 49720 9755 65045 10829
1286751600 64888 10818 65045 10829
1286751300 60074 10525 60771 10543
1286751000 42761 10088 43364 10114
1286750700 27595 9454 45154 10294
1286750400 45324 10279 49800 10294
1286750100 50236 9893 61715 10091
1286749800 60160 10064 61715 10091
1286749500 19088 9347 19326 9356
1286749200 13091 9125 19152 9292
1286748900 19696 9307 34008 9707
1286748600 34168 9712 38373 9866
1286748300 38034 9845 38373 9866
1286748000 28801 9310 29128 9319
1286747700 20373 9093 24439 9380
1286747400 25077 9391 40393 9670
1286747100 40572 9670 45284 9695
1286746800 45451 9713 49477 10159
1286746500 49296 10143 49477 10159
1286746200 44680 9740 47770 10051
1286745900 47493 10024 47770 10051
1286745600 40210 9335 40226 9338
1286745300 40125 9280 48717 9481
1286745000 48734 9492 49198 9797
1286744700 48745 9791 49198 9797
1286744400 37847 9655 37896 9666
1286744100 36620 9379 37483 9444
1286743800 37649 9451 42025 9642
1286743500 41350 9616 42025 9642
1286743200 24121 8941 37373 9167
1286742900 37210 9168 37373 9196
1286742600 33357 9206 44419 9484
1286742300 43861 9462 44419 9484
1286742000 29189 8892 29204 8894
1286741700 28607 8849 28797 8852
1286741400 24380 8807 44035 9573
1286741100 43864 9571 44035 9573
1286740800 38908 9519 39388 9520
1286740500 27877 9524 40294 9709
1286740200 40413 9717 43276 9933
1286739900 43396 9918 46559 9933
1286739600 45896 9535 46559 9551
1286739300 28802 9130 37193 9131
1286739000 37078 9104 37193 9114
1286738700 34671 8884 50151 9829
1286738400 50027 9837 50151 10058
1286738100 47581 10071 66732 10401
1286737800 66444 10390 66732 10401
1286737500 58122 10092 58883 10114
1286737200 38960 9559 39877 9576
1286736900 14887 9108 14971 9113
1286736600 15100 9012 18504 9373
1286736300 18655 9349 22624 9373
1286736000 22585 8748 22624 9103
1286735700 21731 9099 26023 9103
1286735400 26192 8998 30263 8999
1286735100 30566 8992 38549 9229
1286734800 38104 9232 38549 9315
1286734500 27440 9304 27547 9315
1286734200 27722 9020 31925 9140
1286733900 31757 9125 31925 9140
1286733600 27223 8770 27346 9111
1286733300 24712 9108 43285 9111
1286733000 43499 9046 48643 9451
1286732700 48783 9445 52472 9451
1286732400 51561 9293 52472 9297
1286732100 27518 9179 27639 9190
1286731800 24408 8897 25675 8898
1286731500 24391 8451 25675 8896
1286731200 0 0 0 0
1286730900 1757 425 47941 11612
1286730600 41510 10689 47941 11612
1286730000 41873 9428 60238 9895
1286728200 33552 9166 37563 9455
1286726400 33672 9250 41027 9794
1286724600 33248 8978 51219 9330
1286722800 40121 9189 47445 9577
1286721000 43670 9276 51511 9739
1286719200 37712 9030 49634 9428
1286717400 47229 9318 73109 10159
1286715600 60121 9771 88923 10634
1286713800 44528 9320 60928 9665
1286712000 59358 9523 88550 10335
1286710200 68090 9899 88550 10253
1286708400 54918 9445 63940 9786
1286706600 43328 8936 55309 9573
1286704800 16851 8682 30479 9084
1286703000 17676 8471 22119 8654
1286701200 13488 8211 37913 9178
1286699400 43600 9373 61624 10071
1286697600 65597 9694 121687 10974
1286695800 44218 9089 121687 10974
1286694000 44580 9220 60062 9787
1286692200 35831 9092 60062 9716
1286690400 40782 9283 59473 9716
1286688600 25651 8876 37839 9371
1286686800 20913 8683 56083 9682
1286685000 82063 10298 435035 18748
1286683200 90452 10672 435035 18748
1286681400 5480 2560 21466 8927
1286679600 6 3 18 9
1286677800 5 5 117 200
1286676000 10448 809 50716 2369
1286674200 19434 1295 50716 2369
1286672400 30561 1831 60173 3092
1286670600 27285 1370 51435 7731
1286668800 53210 9159 67085 9862
1286667000 21491 8684 33661 9064
1286665200 29782 8949 62704 10107
1286663400 38984 9024 60642 9615
1286661600 32962 9085 46441 9603
1286659800 25479 8869 46879 9457
1286658000 38889 9186 69238 10119
1286656200 47366 9305 74032 10227
1286654400 48407 9514 63156 10248
1286652600 28854 8776 41228 9150
1286650800 38428 9249 48657 9791
1286649000 24875 8875 31332 9100
1286647200 25005 9058 141039 12380
1286645400 86972 11043 185358 13964
1286643600 33941 9130 46138 9541
1286641800 25293 8574 40784 9295
1286640000 33136 8996 46808 9514
1286638200 54601 9815 84887 10624
1286636400 37794 9375 51641 9789
1286634600 32924 9295 39975 9408
1286632800 26531 8911 34701 9363
1286631000 27712 8921 32587 9853
1286629200 39196 9718 48677 10389
1286627400 54530 9607 63958 9851
1286625600 57712 9792 75685 10457
1286623800 52622 9918 66905 10385
1286622000 31120 9170 49654 10030
1286620200 24631 8901 40312 9412
1286618400 28068 9000 41892 9583
1286616600 23333 8670 41892 9583
1286614800 22435 8533 32185 9026
1286613000 35683 9137 45075 9652
1286611200 32393 8915 41019 9397
1286609400 20668 8821 26736 9031
1286607600 23369 8873 60377 9801
1286605800 28007 9000 60377 9801
1286604000 49243 9346 108048 10469
1286602200 41437 9527 60032 10166
1286600400 24155 9049 40925 9982
1286598600 20131 8787 48355 9569
1286596800 77851 10696 207454 14848
1286595000 146609 12627 241001 14687
1286593200 99256 10966 268343 15068
1286591400 24408 8709 27696 9124
1286589600 17486 8749 30746 9168
1286587800 20625 8901 24677 9202
1286586000 20070 8738 28859 9282
1286584200 21230 8679 28859 9282
1286582400 27669 8840 40892 9411
1286580600 23578 8546 33260 9127
1286578800 27633 8923 38894 9609
1286577000 24054 8753 29872 9114
1286575200 37750 9331 50105 9981
1286573400 34381 9384 42502 9655
1286571600 24688 9035 33949 9252
1286569800 31367 9359 49871 9986
1286568000 26400 8876 36622 9411
1286566200 23822 8727 37814 9022
1286564400 16185 8425 30181 9029
1286562600 14830 8419 26084 8856
1286560800 28695 8739 44699 9309
1286559000 29043 8803 41048 9090
1286557200 14867 8151 20469 8338
1286555400 14913 8150 26769 8723
1286553600 24068 8393 27031 8723
1286551800 32211 8600 48393 9151
1286550000 22702 8368 28822 8673
1286548200 26446 8411 38694 8718
1286546400 31469 8636 70798 9975
1286544600 36064 8748 70798 9975
1286542800 33267 8425 48572 9063
1286541000 21572 8109 43749 9063
1286539200 239418 13161 478763 18007
1286537400 17962 8255 46259 9374
1286535600 780 507 4838 3150
1286533800 10 5 18 11
1286532000 8 5 20 11
1286530200 551 24 3279 128
1286528400 0 0 0 0
1286526600 0 0 0 0
1286524800 0 0 0 0
1286523000 0 0 0 0
1286521200 0 0 0 0
1286519400 0 0 0 0
1286517600 11408 6808 33012 8938
1286515800 20885 8391 33012 8938
1286514000 14909 6979 29200 8861
1286512200 117086 11183 299428 15836
1286510400 154795 11955 270897 14204
1286508600 98495 11493 175475 13363
1286506800 102359 11560 153338 12441
1286505000 35288 9910 98227 12441
1286503200 29195 9568 42069 10562
1286501400 25264 9261 39482 10562
1286499600 31267 9147 43161 9793
1286497800 18149 8455 35289 9332
1286496000 21942 8414 27875 8954
1286494200 21428 8511 28708 9073
1286492400 19710 8475 31846 9487
1286490600 18249 6365 34752 10998
1286488800 20 24 44 76
1286487000 1646 733 17246 3406
1286485200 3639 242 17246 656
1286483400 138 51 864 309
1286481600 3 2 14 7
1286479800 3 3 16 8
1286478000 3 2 19 8
1286476200 2 2 16 10
1286474400 11 4 26 13
1286472600 3 2 28 29
1286470800 56 92 181 391
1286469000 29 8 181 43
1286467200 4 3 17 9
1286465400 232 8 37606 909
1286463600 202058 4844 266225 6294
1286461800 241213 5687 265053 6111
1286460000 7 6 43 32
1286458200 74519 1696 294634 6760
1286456400 309823 7065 341051 7755
1286454600 68673 1588 271018 6271
1286452800 120 29 696 154
1286451000 6 4 18 11
1286449200 7 4 29 11
1286447400 9 5 29 11
1286445600 31 8 3229 113
1286443800 528 23 3229 113
1286442000 0 0 0 0
1286440200 0 0 0 0
1286438400 0 0 0 0
1286436600 0 0 0 0
1286434800 0 0 0 0
1286433000 0 0 0 0
1286431200 61933 8485 89388 10568
1286429400 33162 8884 48071 9513
1286427600 41552 8833 72664 9592
1286425800 16409 8057 28543 8384
1286424000 19571 8183 27519 8682
1286422200 28990 8481 149966 12858
1286420400 125259 11432 162170 12858
1286418600 92027 12028 140698 12643
1286416800 5951 2403 30274 11226
1286415000 177 105 710 432
1286413200 12003 633 46831 2050
1286411400 85 171 230 483
1286409600 8132 557 20145 942
1286407800 23 8 117 42
1286406000 2 2 16 7
1286404200 4 2 19 9
1286402400 7 4 20 10
1286400600 7 5 19 10
1286398800 9 4 30 10
1286397000 6 4 23 12
1286395200 10 6 23 12
1286393400 28 20 75 43
1286391600 16 8 374 96
1286389800 65 17 374 96
1286388000 5 4 15 9
1286386200 6 4 22 12
1286384400 5 5 19 12
1286382600 6 5 19 13
1286380800 7 6 28 14
1286379000 8 7 28 14
1286377200 7 6 23 13
1286375400 8 6 25 13
1286373600 9 7 27 17
1286371800 11 10 31 17
1286370000 26 15 40 23
1286368200 72170 4318 423563 18974
1286366400 20150 640 76167 2498
1286364600 7 5 17 11
1286362800 12 6 25 11
1286361000 12 8 23 12
1286359200 13 8 22 13
1286357400 544 24 3213 121
1286355600 0 0 0 0
1286353800 0 0 0 0
1286352000 0 0 0 0
1286350200 0 0 0 0
1286348400 0 0 0 0
1286346600 0 0 0 0
1286344800 0 0 0 0
1286343000 0 0 0 0
1286341200 0 0 0 0
1286339400 3068 2793 14838 8467
1286337600 16930 8271 27361 8561
1286335800 28049 8709 62307 9439
1286334000 33240 8783 76866 10206
1286332200 28219 8703 76866 12555
1286330400 23142 9111 53583 12555
1286328600 39268 5372 70238 8682
1286326800 31222 6974 66000 9858
1286325000 21599 8458 30585 8805
1286323200 27635 7607 68065 9877
1286321400 202 17 1194 1178
1286319600 11 191 63 1178
1286317800 0 2 0 8
1286316000 16 25 38 133
1286314200 36 96 114 352
1286312400 0 3 0 9
1286310600 0 3 0 10
1286308800 0 3 0 10
1286307000 0 4 0 11
1286305200 0 4 0 11
1286303400 0 8 0 33
1286301600 0 13 67 44
1286299800 3705 667 444910 38787
1286298000 168175 19667 444910 38787
1286296200 516 430 2844 2361
1286294400 74 26 442 149
1286292600 4 3 18 12
1286290800 4 3 18 9
1286289000 7 4 20 9
1286287200 11 4 25 10
1286285400 21 5 43 14
1286283600 1339 227 20487 8871
1286281800 24948 9189 31261 9999
1286280000 22563 8835 31683 10173
1286278200 3918 2470 14568 7588
1286276400 5 4 27 11
1286274600 10 4 27 10
1286272800 9 6 19 11
1286271000 23 13 90 51
1286269200 0 0 0 0
1286267400 0 0 0 0
1286265600 0 0 0 0
1286263800 0 0 0 0
1286262000 0 0 0 0
1286260200 0 0 0 0
1286258400 21734 7718 46086 9888
1286256600 17781 8992 23180 9366
1286254800 16034 8937 28821 9487
1286253000 75587 10013 217262 13404
1286251200 121104 11064 237611 13431
1286249400 10282 8630 27013 9391
1286247600 9619 8427 27013 10602
1286245800 73168 11861 110522 13919
1286244000 21045 9167 38862 11357
1286242200 20641 8846 31026 9660
1286240400 16936 8743 25612 9156
1286238600 11162 8353 18376 8678
1286236800 2253 1028 13979 6381
1286235000 3 3 16 8
1286233200 3 2 16 7
1286231400 3 2 14 8
1286229600 2 2 16 8
1286227800 6 4 16 8
1286226000 4 2 54 13
1286224200 24 8 62 30
1286222400 29 16 279 91
1286220600 46 16 279 91
1286218800 5 3 18 8
1286217000 4 2 19 8
1286215200 3 2 19 8
1286213400 5 2 17 8
1286211600 4 3 18 9
1286209800 3 2 15 7
1286208000 4 3 21 10
1286206200 8 4 21 10
1286204400 6 3 21 10
1286202600 10 5 29 14
1286200800 3259 2244 12961 8606
1286199000 25229 8963 32963 9328
1286197200 16321 8622 22346 9063
1286195400 35553 9041 72953 9555
1286193600 18553 8445 23247 8727
1286191800 42759 8829 64573 9244
1286190000 1307 863 8086 5344
1286188200 11 6 30 14
1286186400 8 4 77 56
1286184600 21 14 77 56
1286182800 0 0 0 0
1286181000 0 0 0 0
1286179200 0 0 0 0
1286177400 0 0 0 0
1286175600 0 0 0 0
1286173800 0 0 0 0
1286172000 8680 7092 15990 8899
1286170200 9919 8420 20055 9238
1286168400 12093 8624 20055 9238
1286166600 60120 9922 132806 11869
1286164800 14468 8511 31221 9149
1286163000 30065 9460 206015 12666
1286161200 208692 12774 251460 13859
1286159400 25918 9189 36210 9764
1286157600 14298 8745 29611 9565
1286155800 14562 8765 19354 9130
1286154000 13647 8851 19239 13214
1286152200 26577 11245 56519 13214
1286150400 12813 9651 39962 10674
1286148600 26442 10190 39962 10839
1286146800 33247 10428 41514 10922
1286145000 29432 10618 34239 12376
1286143200 31325 10681 34239 12376
1286141400 23308 9140 31978 9562
1286139600 30475 7117 39190 9422
1286137800 1202 165 95214 2194
1286136000 117189 2733 129669 3132
1286134200 96479 2707 120104 3510
1286132400 299 145 401 174
1286130600 37898 2054 79877 4091
1286128800 5603 865 14580 2137
1286127000 162 96 386 184
1286125200 125 82 145 91
1286123400 385 118 1621 384
1286121600 77 43 143 77
1286119800 71 20 407 112
1286118000 2 2 15 7
1286116200 2 2 15 8
1286114400 2 2 17 8
1286112600 3 3 17 7
1286110800 5 2 21 7
1286109000 6 2 22 8
1286107200 6 3 22 10
1286105400 7 4 22 10
1286103600 6 3 16 9
1286101800 8 5 16 10
1286100000 529 22 3122 106
1286098200 11 5 35 14
1286096400 0 0 0 0
1286094600 0 0 0 0
1286092800 0 0 0 0
1286091000 0 0 0 0
1286089200 0 0 0 0
1286087400 0 0 0 0
1286085600 0 0 0 0
1286083800 0 0 0 0
1286082000 0 0 0 0
1286080200 0 0 0 0
1286078400 0 0 0 0
1286076600 0 0 0 0
1286074800 0 0 0 0
1286073000 0 0 0 0
1286071200 0 0 0 0
1286069400 0 0 0 0
1286067600 0 0 0 0
1286065800 0 0 0 0
1286064000 0 0 0 0
1286062200 0 0 0 0
1286060400 0 0 0 0
1286058600 0 0 0 0
1286056800 0 0 0 0
1286055000 0 0 0 0
1286053200 0 0 0 0
1286051400 0 0 0 0
1286049600 0 0 0 0
1286047800 0 0 0 0
1286046000 0 0 0 0
1286044200 6925 891 59815 5650
1286042400 10147 1123 59815 5650
1286040600 686 264 1093 410
1286038800 65665 3155 108658 4038
1286037000 1678 326 7377 1400
1286035200 4 2 15 8
1286033400 5 2 16 8
1286031600 4 2 16 8
1286029800 4 2 20 8
1286028000 4 2 20 8
1286026200 6 2 19 8
1286024400 6 2 23 8
1286022600 4 2 18 8
1286020800 7 3 26 8
1286019000 4 2 20 8
1286017200 7 3 31 11
1286015400 65 19 172 56
1286013600 8 6 101 54
1286011800 25 12 101 54
1286010000 0 0 0 0
1286008200 0 0 0 0
1286006400 0 0 0 0
1286004600 0 0 0 0
1286002800 0 0 0 0
1286001000 0 0 0 0
1285999200 0 0 0 0
1285997400 0 0 0 0
1285995600 4 0 37 8
1285993800 40503 2497 110331 5560
1285992000 20968 1854 40245 3446
1285990200 4 2 26 8
1285988400 2 2 18 8
1285986600 5 2 19 8
1285984800 4 2 54 18
1285983000 10 5 54 18
1285981200 10 9 34 33
1285979400 14 9 35 34
1285977600 6 6 20 22
1285975800 14512 1193 41100 2513
1285974000 21357 736 41487 1635
1285972200 18856 922 40839 1635
1285970400 1466 249 6474 812
1285968600 4 2 17 8
1285966800 2 2 15 8
1285965000 206 199 1195 1143
1285963200 3 3 19 12
1285961400 4 2 15 7
1285959600 2 2 17 8
1285957800 2 2 14 7
1285956000 32 32 179 198
1285954200 96954 2580 189543 4807
1285952400 115055 2941 187143 4710
1285950600 2 2 15 10
1285948800 2 3 18 10
1285947000 4 3 18 9
1285945200 2 2 16 7
1285943400 2 2 16 8
1285941600 123 52 4376 303
1285939800 7028 434 24757 696
1285938000 3 2 15 7
1285936200 2 2 17 7
1285934400 6 2 19 8
1285932600 4 4 20 8
1285930800 7 4 22 14
1285929000 7 3 18 9
1285927200 4 4 17 8
1285925400 531 22 3142 111
1285923600 0 0 0 0
1285921800 0 0 0 0
1285920000 0 0 0 0
1285918200 0 0 0 0
1285916400 0 0 0 0
1285914600 0 0 0 0
1285912800 0 0 0 0
1285911000 0 0 0 0
1285909200 0 0 0 0
1285907400 0 0 50 11
1285905600 28 5 50 11
1285903800 106361 4372 238275 9542
1285902000 76577 3800 238275 9352
1285900200 22 16 45 31
1285898400 46 19 272 86
1285896600 56 19 272 86
1285894800 8 5 102 40
1285893000 19 9 102 40
1285891200 3 3 15 8
1285889400 4 3 15 8
1285887600 3 3 15 7
1285885800 3 3 17 14
1285884000 5 4 18 14
1285882200 3 3 15 7
1285880400 2 3 14 8
1285878600 3 3 15 7
1285876800 4 3 15 8
1285875000 2 3 17 7
1285873200 3 3 17 7
1285871400 3 3 16 7
1285869600 5 3 16 8
1285867800 10 5 40 9
1285866000 68 20 386 106
1285864200 2 2 15 7
1285862400 3 2 18 8
1285860600 2 2 17 8
1285858800 2 2 17 8
1285857000 6 9 19 17
1285855200 5 12 18 18
1285853400 6 12 20 17
1285851600 6 13 21 17
1285849800 6 12 21 17
1285848000 8 12 20 18
1285846200 7 13 17 19
1285844400 11 14 31 20
1285842600 13 14 31 21
1285840800 12 15 23 21
1285839000 531 27 3157 124
1285837200 0 0 0 0
1285835400 0 0 0 0
1285833600 0 0 0 0
1285831800 0 0 0 0
1285830000 0 0 0 0
1285828200 0 0 0 0
1285826400 0 0 0 0
1285824600 0 0 0 0
1285822800 0 0 0 0
1285821000 0 0 0 0
1285819200 0 0 0 0
1285817400 275 128 580 178
1285815600 990 440 4752 1942
1285813800 50715 1968 108851 5659
1285812000 35139 2453 88277 5659
1285810200 838 343 3575 1193
1285808400 41243 2241 62643 3774
1285806600 55993 1930 56280 1958
1285804800 51509 1816 56444 1961
1285803000 5 2 23 7
1285801200 3 3 16 7
1285799400 4 3 15 7
1285797600 25 13 109 47
1285795800 2 2 15 7
1285794000 2 2 16 7
1285792200 5 2 16 8
1285790400 2 2 17 8
1285788600 2 2 15 8
1285786800 2 2 15 8
1285785000 2 3 15 10
1285783200 2 2 16 9
1285781400 2 3 16 9
1285779600 3 2 18 7
1285777800 21 9 107 46
1285776000 3 3 18 10
1285774200 2 3 18 9
1285772400 3 2 14 8
1285770600 4107 1182 17212 5415
1285768800 3 2 16 9
1285767000 3 3 16 9
1285765200 3 2 18 8
1285763400 69 20 393 107
1285761600 3 3 15 8
1285759800 2 2 13 7
1285758000 4 3 24 9
1285756200 8 3 24 15
1285754400 517 22 3062 105
1285752600 9 5 40 14
1285750800 0 0 0 0
1285749000 0 0 0 0
1285747200 0 0 0 0
1285745400 0 0 0 0
1285743600 0 0 0 0
1285741800 0 0 0 0
1285740000 0 0 0 0
1285738200 0 0 0 0
1285736400 0 0 0 0
1285734600 4 0 37 11
1285732800 27 5 39 11
1285731000 33 6 45 10
1285729200 34 5 55 10
1285727400 29419 1423 116702 5625
1285725600 38915 2607 107159 6580
1285723800 34 21 148 85
1285722000 32 13 129 52
1285720200 4 2 17 7
1285718400 3138 260 10175 564
1285716600 2 3 15 12
1285714800 4 2 18 8
1285713000 3 2 17 7
1285711200 32 19 130 58
1285709400 42 19 129 55
1285707600 10 6 338 133
1285705800 107 35 338 133
1285704000 2 2 19 11
1285702200 4 3 19 11
1285700400 1 2 15 7
1285698600 2 2 18 8
1285696800 2 2 18 9
1285695000 3 3 16 9
1285693200 2 2 15 8
1285691400 2 2 16 8
1285689600 5 2 17 8
1285687800 2 2 18 8
1285686000 2 2 13 8
1285684200 2 2 18 9
1285682400 2 2 14 7
1285680600 2 2 17 10
1285678800 2 3 17 10
1285677000 2 2 17 8
1285675200 42 22 226 121
1285673400 3 3 15 8
1285671600 5 3 19 10
1285669800 7 4 20 10
1285668000 9 4 92 65
1285666200 23 14 92 65
1285664400 0 0 0 0
1285662600 0 0 0 0
1285660800 0 0 0 0
1285659000 0 0 0 0
1285657200 0 0 0 0
1285655400 0 0 0 0
1285653600 0 0 0 0
1285651800 0 0 0 0
1285650000 0 0 0 0
1285646400 103399 3285 246064 8213
1285639200 3291 308 31555 2037
1285632000 17947 1283 82924 2800
1285624800 4582 164 31400 914
1285617600 4 49 36 1151
1285610400 2 2 17 8
1285603200 3 2 18 12
1285596000 6322 164 114138 2793
1285588800 5 3 25 11
1285581600 6 3 69 49
1285574400 0 0 0 0
1285567200 0 0 0 0
1285560000 53073 1163 220113 4539
1285552800 1760 572 19934 2906
1285545600 1804 486 13423 3055
1285538400 22842 1019 454871 11542
1285531200 2333 698 20567 2981
1285524000 6013 673 107679 3665
1285516800 21907 1334 118088 4960
1285509600 4 2 25 8
1285502400 7 3 24 11
1285495200 7 4 88 53
1285488000 0 0 0 0
1285480800 0 0 17 8
1285473600 3 3 19 10
1285466400 696 97 21062 837
1285459200 2148 119 25242 962
1285452000 0 0 0 0
1285444800 5263 321 91838 3623
1285437600 40535 2350 136632 5428
1285430400 454 107 7718 2078
1285423200 4 2 21 9
1285416000 7 3 20 10
1285408800 8 4 107 51
1285401600 0 0 0 0
1285394400 0 0 107 71
1285387200 2690 411 24932 4104
1285380000 569 168 3790 547
1285372800 12 7 158 67
1285365600 15 6 159 61
1285358400 79428 2144 169852 4327
1285351200 26617 736 141804 3700
1285344000 890 89 8740 606
1285336800 168 14 3962 293
1285329600 3075 83 73659 1936
1285322400 131 6 3041 114
1285315200 0 0 0 0
1285308000 0 0 0 0
1285300800 27983 1832 128727 6664
1285293600 29736 909 143121 4573
1285286400 1358 75 31917 1147
1285279200 2 2 17 8
1285272000 2 3 17 9
1285264800 6 4 56 29
1285257600 6 7 44 18
1285250400 3025 86 72694 1798
1285243200 24 18 386 117
1285236000 8 8 113 64
1285228800 0 0 0 0
1285221600 0 0 0 0
1285214400 27930 1582 129963 5814
1285207200 940 190 21885 3636
1285200000 0 0 1145 359
1285192800 613 192 4247 1266
1285185600 1 2 19 9
1285178400 3 2 18 11
1285171200 3 3 16 11
1285164000 18 15 164 55
1285156800 801 36 18985 576
1285149600 130 10 3002 117
1285142400 0 0 0 0
1285135200 0 0 0 0
1285128000 1604 222 28970 2429
1285120800 20513 1371 130950 5325
1285113600 138 12 3271 257
1285106400 2 2 17 9
1285099200 1 2 18 8
1285092000 2 2 18 9
1285084800 4 3 18 13
1285077600 1160 57 27534 1250
1285070400 4 3 23 11
1285063200 129 6 3071 121
1285056000 0 0 0 0
1285048800 0 0 0 0
1285041600 71225 1600 337968 6732
1285034400 24373 856 181122 6688
1285027200 9 4 156 36
1285020000 2 2 16 10
1285012800 52 51 1175 1149
1285005600 2001 144 21552 1486
1284998400 129 11 3055 237
1284991200 25 11 312 164
1284984000 4 3 25 10
1284976800 99 6 2296 98
1284969600 0 0 0 0
1284962400 0 0 0 0
1284955200 1805 105 42763 2108
1284948000 548 196 4168 1052
1284940800 214 54 4168 979
1284933600 16141 1906 58230 8521
1284926400 1760 415 11898 3066
1284919200 22851 820 229153 6638
1284912000 13188 636 185092 6556
1284904800 21 7 349 98
1284897600 6 3 19 11
1284890400 6 4 77 48
1284883200 0 0 0 0
1284876000 0 0 0 0
1284868800 0 0 0 0
1284861600 0 0 0 0
1284854400 0 0 0 0
1284847200 0 0 0 0
1284840000 0 0 0 0
1284832800 42806 1994 242708 15083
1284825600 2049 350 16703 2491
1284818400 5 2 22 8
1284811200 6 3 23 12
1284804000 125 6 2926 105
1284796800 0 0 0 0
1284789600 0 0 0 0
1284782400 26468 926 129626 4737
1284775200 29 15 213 112
1284768000 5 3 202 71
1284760800 17 6 202 71
1284753600 2 2 17 13
1284746400 2 2 18 13
1284739200 3 3 17 9
1284732000 4 9 22 19
1284724800 7 12 25 21
1284717600 127 10 2933 113
1284710400 0 0 0 0
1284703200 33 15 51 22
1284696000 4340 288 67270 3060
1284688800 26239 2066 98790 6818
1284681600 3999 200 22508 963
1284674400 3 3 18 9
1284667200 3 3 19 9
1284660000 3 3 16 11
1284652800 2 2 16 9
1284645600 175 18 3658 321
1284638400 5 3 22 11
1284631200 98 6 2269 97
1284624000 0 0 0 0
1284616800 18422 802 158171 5800
1284609600 1037 273 8729 1833
1284602400 340 69 8506 1745
1284595200 33 5 799 140
1284588000 8 6 68 79
1284580800 24949 23585 194194 75772
1284573600 8 4 142 55
1284566400 2 2 17 8
1284559200 142 11 73750 1765
1284552000 2961 75 73750 1765
1284544800 7 4 87 52
1284537600 0 0 0 0
1284530400 0 0 0 0
1284523200 113 2024 2079 48175
1284516000 58056 2282 552173 12218
1284508800 2832 97 45741 1261
1284501600 535 78 9956 1264
1284494400 2117 197 26054 1171
1284487200 2 2 16 8
1284480000 2 2 19 8
1284472800 16 10 134 47
1284465600 5 13 21 20
1284458400 4 6 46 22
1284451200 0 0 0 0
1284444000 0 0 0 0
1284436800 8287 401 138671 5227
1284429600 25197 1239 137247 6670
1284422400 3 3 18 13
1284415200 3 3 17 10
1284408000 2 2 18 9
1284400800 57 5 1294 65
1284393600 4299 284 36311 1576
1284386400 11 4 222 56
1284379200 4 3 24 14
1284372000 7 4 94 50
1284364800 0 0 0 0
1284357600 0 0 0 0
1284350400 16428 720 124316 4170
1284343200 761 271 6159 1755
1284336000 117 83 145 96
1284328800 743 227 14758 3320
1284321600 265 154 399 228
1284314400 11636 1091 83619 5715
1284307200 8 4 85 46
1284300000 5 2 24 10
1284292800 7 4 24 12
1284285600 99 7 2264 95
1284278400 0 0 0 0
1284271200 0 0 0 0
1284264000 0 0 0 0
1284256800 0 0 0 0
1284249600 0 0 0 0
1284242400 0 0 0 0
1284235200 0 0 0 0
1284228000 27797 1503 116827 5469
1284220800 8 4 95 56
1284213600 5 2 21 12
1284206400 6 3 21 10
1284199200 123 6 2870 106
1284192000 0 0 0 0
1284184800 1 0 20 10
1284177600 6 5 52 48
1284170400 1099 195 7067 1169
1284163200 5560 271 88006 2482
1284156000 382 56 5350 580
1284148800 2 2 18 8
1284141600 3 2 16 9
1284134400 14 6 98 26
1284127200 14 12 241 136
1284120000 7 8 23 16
1284112800 11 6 159 56
1284105600 0 0 0 0
1284098400 0 0 0 0
1284091200 10542 849 115482 6306
1284084000 10359 685 115482 5121
1284076800 2 2 17 8
1284069600 3 3 16 8
1284062400 30 12 269 77
1284055200 3 3 17 10
1284048000 3 3 17 10
1284040800 2 2 19 9
1284033600 3045 77 59647 1493
1284026400 120 6 2789 109
1284019200 0 0 0 0
1284012000 0 0 0 0
1284004800 13523 866 103435 5577
1283997600 1060 266 8531 1859
1283990400 961 190 10025 2136
1283983200 5 3 54 30
1283976000 14 5 231 83
1283968800 2 2 16 8
1283961600 2 2 19 9
1283954400 3 50 36 1143
1283947200 3141 81 75305 1885
1283940000 120 6 2795 103
1283932800 0 0 0 0
1283925600 0 0 0 0
1283918400 276 117 2581 509
1283911200 4030 726 19259 3883
1283904000 8132 1228 33796 3393
1283896800 6468 1738 16246 5181
1283889600 118 79 230 118
1283882400 32731 1604 250221 6426
1283875200 1272 261 10434 2665
1283868000 0 0 0 0
1283860800 0 0 0 0
1283853600 0 0 0 0
1283846400 0 0 0 0
1283839200 0 0 0 0
1283832000 0 0 0 0
1283824800 6519 282 54547 1577
1283817600 0 0 0 0
1283810400 0 0 0 0
1283803200 0 0 0 0
1283796000 0 0 0 0
1283788800 945 353 14912 2668
1283781600 4272 865 24865 2726
1283774400 5 3 19 12
1283767200 6 4 73 51
1283760000 0 0 0 0
1283752800 0 0 0 0
1283745600 544 241 1938 560
1283738400 20718 6743 471845 21220
1283731200 91880 4112 481473 20021
1283724000 5479 765 51210 5166
1283716800 416 133 4052 519
1283709600 1027 320 7030 1495
1283702400 1477 429 13631 2616
1283695200 1827 179 34413 2296
1283688000 27 11 255 69
1283680800 6 4 84 49
1283673600 0 0 0 0
1283666400 0 0 0 0
1283659200 0 0 0 0
1283652000 0 0 0 0
1283644800 0 0 0 0
1283637600 0 0 0 0
1283630400 0 0 0 0
1283623200 27805 1599 125206 7748
1283616000 1960 525 19715 2911
1283608800 1177 458 5950 1465
1283601600 4 3 20 10
1283594400 95 6 2221 94
1283587200 0 0 0 0
1283580000 0 0 0 0
1283572800 3358 768 42838 6217
1283565600 11677 1736 56709 8046
1283558400 314 51 4971 759
1283551200 6 3 90 34
1283544000 17 7 357 135
1283536800 4955 379 34975 1347
1283529600 2 2 19 9
1283522400 2 2 19 10
1283515200 3 3 18 10
1283508000 7 4 103 51
1283500800 0 0 0 0
1283493600 0 0 0 0
1283486400 5058 484 25915 2282
1283479200 37957 1776 143808 6048
1283472000 5 5 54 47
1283464800 24 10 170 66
1283457600 8 5 81 38
1283450400 7 4 78 26
1283443200 2 2 17 8
1283436000 2 2 17 8
1283428800 10 6 270 78
1283421600 103 8 2162 86
1283414400 0 0 0 0
1283407200 0 0 0 0
1283400000 12935 725 132463 5687
1283392800 17 9 75 45
1283385600 2 2 18 9
1283378400 62 56 1170 1153
1283371200 18 11 233 97
1283364000 13 5 194 61
1283356800 4193 276 25054 1574
1283349600 105900 2384 416473 9265
1283342400 3847 98 92459 2076
1283335200 118 10 2721 110
1283328000 0 0 0 0
1283320800 0 0 0 0
1283313600 22473 1276 178076 7657
1283306400 6886 387 110347 5928
1283299200 22 11 266 145
1283292000 2 2 38 58
1283284800 6511 469 46263 1915
1283277600 2 2 20 9
1283270400 2 2 18 8
1283263200 8 4 153 58
1283256000 15 6 245 63
1283248800 6 4 85 51
1283241600 0 0 0 0
1283234400 0 0 0 0
1283227200 6666 346 140158 4450
1283220000 22254 1319 146013 5354
1283212800 2 2 16 8
1283205600 1 2 16 9
1283198400 2 2 19 10
1283191200 14 6 195 69
1283184000 3 2 22 13
1283176800 14 5 274 71
1283169600 5 2 23 9
1283162400 2 1 35 13
1283155200 0 0 0 0
1283148000 0 0 0 0
1283140800 15502 587 155645 4428
1283133600 7032 1190 30889 4001
1283126400 6423 1335 23238 3909
1283119200 6215 943 47001 5297
1283112000 273 119 437 154
1283104800 18530 946 121042 6239
1283097600 9855 611 105643 4503
1283090400 5 12 19 18
1283083200 7 13 21 19
1283076000 4 6 40 24
1283068800 0 0 0 0
1283061600 156 4 102431 3196
1283054400 17653 505 118830 3389
1283047200 0 0 0 0
1283040000 0 0 0 0
1283032800 0 0 0 0
1283025600 0 0 0 0
1283018400 0 0 0 0
1283011200 0 0 0 0
1283004000 29076 1299 138959 5688
1282996800 4 3 26 10
1282989600 7 4 100 51
1282982400 0 0 0 0
1282975200 0 0 15 7
1282968000 1285 96 23772 1541
1282960800 4055 268 44564 2002
1282953600 5 2 47 10
1282946400 109 49 5479 404
1282939200 8733 557 65018 2454
1282932000 9 4 57 30
1282924800 2 2 18 8
1282917600 12 4 123 28
1282910400 335 16 7955 320
1282903200 115 6 2704 98
1282896000 0 0 0 0
1282888800 18 9 1127 98
1282881600 244 93 1127 230
1282874400 24285 1190 133047 5219
1282867200 2 2 16 7
1282860000 2 3 17 8
1282852800 2 3 17 8
1282845600 6 4 60 14
1282838400 3 3 21 8
1282831200 203 15 4568 261
1282824000 5 3 28 11
1282816800 113 5 2665 98
1282809600 0 0 0 0
1282802400 0 0 0 0
1282795200 10124 559 97264 3108
1282788000 385 82 5366 911
1282780800 684 110 6600 1280
1282773600 4970 285 61683 3072
1282766400 4412 321 29939 1427
1282759200 6 4 76 36
1282752000 1756 123 36638 2056
1282744800 1486 93 36638 2056
1282737600 519 35 12266 545
1282730400 92 9 2077 97
1282723200 0 0 0 0
1282716000 0 0 0 0
1282708800 599 227 1541 544
1282701600 22195 1125 126700 4610
1282694400 1412 1556 29182 29356
1282687200 2 2 15 8
1282680000 2 2 17 8
1282672800 2 2 17 8
1282665600 3 2 17 8
1282658400 2 2 16 8
1282651200 215 14 5040 274
1282644000 111 6 2594 106
1282636800 0 0 0 0
1282629600 0 0 0 0
1282622400 165 68 503 216
1282615200 56069 4087 322111 16414
1282608000 765 170 11427 3069
1282600800 2 2 17 8
1282593600 10099 452 112822 2955
1282586400 16 6 183 64
1282579200 2 2 19 8
1282572000 13 7 241 129
1282564800 5 3 17 10
1282557600 6 4 82 52
1282550400 0 0 0 0
1282543200 0 0 0 0
1282536000 19661 1200 85245 6127
1282528800 2568 412 31318 3872
1282521600 5833 1020 37568 3671
1282514400 3028 459 23121 2314
1282507200 1446 897 5661 1572
1282500000 1435 867 4812 1384
1282492800 1337 322 12198 2657
1282485600 2 2 18 8
1282478400 4 2 18 11
1282471200 6 4 87 49
1282464000 0 0 0 0
1282456800 0 0 36 34
1282449600 25 34 68 71
1282442400 27 32 85 62
1282435200 36 34 176 85
1282428000 25 32 76 55
1282420800 435 85 9876 1330
1282413600 4799 314 36929 2315
1282406400 43819 1151 442543 9802
1282399200 3 2 17 9
1282392000 5 3 20 12
1282384800 88 6 2064 99
1282377600 0 0 0 0
1282370400 8714 534 111250 4802
1282363200 906 128 10083 1449
1282356000 13 10 181 109
1282348800 13 7 156 88
1282341600 1097 135 14692 1251
1282334400 2 2 17 9
1282327200 2 2 17 8
1282320000 2 2 15 9
1282312800 18 7 163 48
1282305600 8860 215 108175 2828
1282298400 110 5 2570 99
1282291200 0 0 0 0
1282284000 0 0 0 0
1282276800 26 6 145 66
1282269600 83 29 361 146
1282262400 8051 339 58162 2383
1282255200 1 2 18 9
1282248000 2 2 17 9
1282240800 113 43 1322 539
1282233600 2 2 18 8
1282226400 12 7 251 127
1282219200 5 3 30 10
1282212000 6 4 77 50
1282204800 0 0 0 0
1282197600 17 4 422 123
1282190400 309 119 671 172
1282183200 289 116 360 141
1282176000 4379 453 65283 2148
1282168800 4 3 53 48
1282161600 14 6 207 86
1282154400 2 2 18 8
1282147200 1187 134 18697 1237
1282140000 5083 144 121954 3426
1282132800 4 2 19 9
1282125600 113 6 2649 106
1282118400 0 0 0 0
1282111200 0 0 0 0
1282104000 2 2 17 11
1282096800 24 13 104 58
1282089600 7208 414 110930 4253
1282082400 71 55 1161 1160
1282075200 2 2 18 8
1282068000 2 2 17 8
1282060800 2 2 17 8
1282053600 2 2 16 11
1282046400 4 3 18 12
1282039200 110 6 2566 113
1282032000 0 0 0 0
1282024800 0 0 0 0
1282017600 1 2 27 15
1282010400 1163 127 13107 948
1282003200 1425 192 18845 930
1281996000 2 2 18 11
1281988800 107736 7236 408980 17045
1281981600 25 10 400 157
1281974400 2 2 17 8
1281967200 2 2 20 9
1281960000 3540 81 70863 1435
1281952800 88 6 2027 97
1281945600 0 0 0 0
1281938400 0 0 0 0
1281931200 27090 1265 113098 4876
1281924000 35 18 185 95
1281916800 4 3 21 13
1281909600 9 3 115 25
1281902400 648 111 14614 2339
1281895200 1861 405 13714 2816
1281888000 1174 283 16659 5532
1281880800 3 2 20 10
1281873600 3 3 20 14
1281866400 85 5 1979 93
1281859200 0 0 0 0
1281852000 0 0 9 18
1281844800 288 60 2793 517
1281837600 1 0 39 23
1281830400 0 0 0 0
1281823200 0 0 0 0
1281816000 0 0 0 0
1281808800 19841 1279 108352 8068
1281801600 2314 235 44728 3783
1281794400 2 2 16 13
1281787200 3 3 19 13
1281780000 88 5 2051 91
1281772800 0 0 0 0
1281765600 0 0 16 8
1281758400 5 4 42 30
1281751200 17 7 211 75
1281744000 1 2 17 8
1281736800 349 77 4233 481
1281729600 2 2 19 11
1281722400 50 4 1156 42
1281715200 4 48 35 1126
1281708000 24 9 509 94
1281700800 7 12 32 20
1281693600 88 10 2003 105
1281686400 0 0 0 0
1281679200 0 0 0 0
1281672000 9 12 233 204
1281664800 26145 1304 198114 6077
1281657600 3 3 18 9
1281650400 12 6 200 69
1281643200 3 3 18 8
1281636000 3 3 17 8
1281628800 3 2 18 13
1281621600 2 2 21 10
1281614400 3849 116 53961 1286
1281607200 111 6 2588 102
1281600000 0 0 0 0
1281592800 0 0 0 0
1281585600 49715 1736 55453 1953
1281578400 55488 1925 55860 1997
1281571200 35640 1276 56863 2124
1281564000 1028 61 15714 983
1281556800 304809 12762 409496 17197
1281549600 33059 3057 263157 16723
1281542400 2 2 18 10
1281535200 5713 383 45271 2675
1281528000 4 3 29 11
1281520800 3 2 43 14
1281513600 0 0 0 0
1281506400 9228 449 151470 5589
1281499200 3 2 25 8
1281492000 10 6 89 47
1281484800 378 61 4843 471
1281477600 5295 548 33219 2169
1281470400 2 2 19 10
1281463200 2 2 17 8
1281456000 2 2 19 8
1281448800 2 2 35 39
1281441600 367 40 4761 625
1281434400 109 6 2575 98
1281427200 0 0 0 0
1281420000 0 0 0 0
1281412800 128 58 1041 384
1281405600 1469 275 18587 3850
1281398400 2 2 17 8
1281391200 2 2 18 10
1281384000 2 2 16 10
1281376800 2 2 16 10
1281369600 198 37 3511 455
1281362400 2 2 21 11
1281355200 292 27 6293 352
1281348000 85 6 1962 87
1281340800 0 0 0 0
1281333600 0 0 0 0
1281326400 17032 571 262820 5447
1281312000 2227 129 241044 4934
1281225600 4940 218 273049 6589
1281139200 10206 371 128815 6052
1281052800 2983 115 56821 2084
1280966400 236 29 17690 1728
1280880000 49 17 2962 365
1280793600 1897 209 126097 5287
1280707200 2112 156 237097 4831
1280620800 4010 250 161161 5140
1280534400 4099 225 182158 6087
1280448000 8691 297 55284 1931
1280361600 5990 243 119315 4882
1280275200 900 26 138799 3329
1280188800 2202 112 134260 4812
1280102400 2949 89 186479 4849
1280016000 3352 210 117750 5713
1279929600 4288 200 94326 4598
1279843200 11791 313 302962 6400
1279756800 9866 369 56461 2421
1279670400 3511 134 56667 2090
1279584000 472 29 36524 1631
1279497600 82 13 19019 2554
1279411200 1518 69 151320 4742
1279324800 228 90 12872 1833
1279238400 1036 90 56733 2164
1279152000 4993 218 61057 3436
1279065600 1958 113 125892 4406
1278979200 262 20 28668 1764
1278892800 167 47 13108 1665
1278806400 1582 115 100192 4661
1278720000 1143 72 87687 4348
1278633600 297 29 36945 2425
1278547200 2098 95 57417 2380
1278460800 652 46 41517 2252
1278374400 1042 47 182899 3677
1278288000 2407 138 191693 5674
1278201600 1508 85 129825 4659
1278115200 4763 251 149310 6023
1278028800 2036 95 103505 4249
1277942400 3744 982 211135 228658
1277856000 5428 4251 405717 859796
1277769600 3109 138 196055 5645
1277683200 1820 2399 145113 461831
1277596800 10869 2098 114689 444166
1277510400 12648 10356 366496 1242426
1277424000 4765 172 365129 10061
1277337600 4769 2097 200450 498064
1277251200 1643 88 101534 3608
1277164800 547 40 96511 3608
1277078400 1658 60 130535 4663
1276992000 1283 111 99968 3060
1276905600 3767 216 111538 6416
1276819200 2388 123 144528 6434
1276732800 6444 250 114495 3459
1276646400 15524 1248 228298 12976
1276560000 4628 487 163228 25312
1276473600 46815 5590 364964 61722
1276387200 3977 233 91129 4920
1276300800 2220 100 94454 3925
1276214400 6278 269 119375 5109
1276128000 10089 458 110778 5850
1276041600 3082 145 97082 4800
1275955200 3045 96 174612 5906
1275868800 1833 410 152027 62123
1275782400 1992 90 176866 4658
1275696000 4113 323 119752 4476
1275609600 304 11 43898 1174
1275523200 9612 372 112841 4376
1275436800 6913 248 145471 3860
1275350400 1161 63 111200 3731
1275264000 1137 54 113703 4127
1275177600 14546 506 288625 6665
1275091200 9581 441 189778 22558
1275004800 2059 310 121291 34612
1274918400 4293 129 199923 3601
1274832000 9422 979 360929 40855
1274745600 14725 353 360627 7836
1274659200 3765 191 106486 4882
1274572800 5247 191 153539 3536
1274486400 12530 476 300208 35566
1274400000 6428 326 99239 18231
1274313600 6913 222 275052 6388
1274227200 2886 141 168614 5142
1274140800 6713 224 291518 6071
1274054400 1892 100 159277 4899
1273968000 122 11 9670 1000
1273881600 1672 78 111811 4445
1273795200 1453 76 110926 5480
1273708800 10509 310 353439 7464
1273622400 1762 96 115877 5629
1273536000 5864 169 312767 6630
1273449600 2413 107 126327 5475
1273363200 2209 112 123977 5148
1273276800 1927 193 103191 25046
1273190400 2245 141 103077 4296
1273104000 5714 137 304769 6945
1273017600 3806 267 307600 25155
1272931200 5629 159 298915 6496
1272844800 1225 72 112065 3909
1272758400 2986 168 116029 4807
1272672000 642 66 30696 2908
1272585600 3178 119 284060 6327
1272499200 1466 127 78406 4042
1272412800 1772 104 120186 7010
1272326400 804 59 71061 3856
1272240000 2893 149 221041 4932
1272153600 3849 203 93918 5637
1272067200 4358 196 346147 7416
1271980800 2828 133 112384 6908
1271894400 4208 265 139897 5726
1271808000 2981 170 111435 5294
1271721600 2216 92 227198 4980
1271635200 1524 78 98717 3901
1271548800 894 68 59944 3712
1271462400 4611 227 162965 4487
1271376000 1719 70 127243 3674
1271289600 20036 563 1115982 20928
1271203200 4838 185 130581 4278
1271116800 11232 3487 309665 27717
1271030400 30815 4616 311700 28579
1270944000 772 85 63252 3553
1270857600 4283 189 193641 4906
1270771200 11362 408 72585 4090
1270684800 8404 285 245333 6055
1270598400 2553 154 101378 4663
1270512000 77719 13778 277124 21012
1270425600 92500 11664 363771 20183
1270339200 2875 165 148025 4523
1270252800 15961 533 321691 6995
1270166400 5853 300 189990 22651
1270080000 9828 352 209327 5652
1269993600 1763 113 111688 4584
1269907200 2069 132 77691 4513
1269820800 5563 2899 246383 18351
1269734400 70491 16221 173302 22886
1269648000 26781 7549 133271 21847
1269561600 18798 3619 221702 21464
1269475200 11951 499 126751 5841
1269388800 1001 97 70915 3795
1269302400 2535 214 135410 31291
1269216000 5331 288 146455 7479
1269129600 18627 281 344336 4484
1269043200 14731 241 356960 6534
1268956800 6228 239 73218 4158
1268870400 9097 297 215290 4676
1268784000 1171 75 105704 3726
1268697600 4815 197 318175 6789
1268611200 10123 385 330598 6764
1268524800 4712 138 337820 8941
1268438400 3318 114 331458 7280
1268352000 1638 105 105241 4568
1268265600 9177 416 318924 6628
1268179200 1947 84 145956 3478
1268092800 2932 253 140118 26355
1268006400 9825 291 151619 5132
1267920000 3463 182 132872 4734
1267833600 10770 344 252653 11549
1267747200 5986 284 127991 18065
1267660800 8867 383 297369 15302
1267574400 2714 320 157104 26842
1267488000 1594 103 115037 3530
1267401600 5472 233 148268 5137
1267315200 2324 104 137038 4264
1267228800 1572 74 137961 4555
1267142400 5682 229 151253 5101
1267056000 11500 384 312092 6011
1266969600 3095 146 136983 4899
1266883200 352 26 62227 2498
1266796800 5278 265 147829 4772
1266710400 13988 397 1219058 22749
1266624000 92 135 9957 31050
1266537600 3067 162 111816 4213
1266451200 21332 1048 338951 11637
1266364800 4042 253 153890 4372
1266278400 104 7 18173 831
1266192000 1 2 266 100
1266105600 6866 277 111769 4067
1266019200 2124 130 84378 4969
1265932800 2382 186 116975 4558
1265846400 6448 300 90121 4487
1265760000 586 62 27480 1336
1265673600 14935 396 290340 6358
1265587200 6264 313 136555 5413
1265500800 2389 131 83091 4533
1265414400 2376 120 136448 3834
1265328000 6878 261 155710 6087
1265241600 13108 507 108068 4440
1265155200 3125 191 94644 7854
1265068800 374 51 49675 3452
1264982400 4172 230 129878 4601
1264896000 12256 716 88374 6934
1264809600 4568 197 63966 3397
1264723200 2893 187 151468 6805
1264636800 29182 473 319435 4978
1264550400 757 48 47999 2268
1264464000 36518 2246 364763 18498
1264377600 1686 74 83862 2256
1264291200 17392 1885 207883 12523
1264204800 32846 5213 308469 26947
1264118400 4425 236 151274 5576
1264032000 521 52 69815 3823
1263945600 2074 141 118960 4425
1263859200 2928 121 133676 6035
1263772800 2143 156 98976 5253
1263686400 2798 143 125059 4465
1263600000 2595 151 162172 5042
1263513600 2539 116 162172 5612
1263427200 6282 297 142740 5698
1263340800 4879 223 147341 6347
1263254400 1551 97 282938 5960
1263168000 38487 1099 316310 10947
1263081600 15025 331 344515 5520
1262995200 4726 236 191632 15142
1262908800 542 23 138089 3798
1262822400 23094 320 347029 5561
1262736000 28619 348 340613 6016
1262649600 25627 694 342068 41951
1262563200 5178 164 331087 6407
1262476800 149 3 18126 459
1262390400 9689 125 343190 4157
1262304000 66557 927 364742 13684
1262217600 123 24 9162 1768
1262131200 2326 86 192007 5181
1262044800 11566 343 364724 9039
1261958400 591 47 69081 2371
1261872000 20618 518 334874 7354
1261785600 522 33 56338 3204
1261699200 10707 224 354675 5396
1261612800 3539 102 320231 6399
1261526400 32144 423 347505 7786
1261440000 38618 502 363369 7001
1261353600 11651 258 340941 6431
1261267200 74629 937 363983 9775
1261180800 9065 241 283094 8445
1261094400 2372 114 201980 6160
1261008000 2361 90 227544 6338
1260921600 19640 561 329802 7499
1260835200 2130 223 178728 17666
1260748800 3250 203 105599 4021
1260662400 3955 153 236665 5740
1260576000 2101 140 113094 6562
1260489600 12951 1021 152403 12098
1260403200 7824 589 180825 10089
1260316800 2477 144 177004 4885
1260230400 11731 303 1016198 19919
1260144000 102598 1205 365876 9745
1260057600 18692 501 364743 9975
1259971200 28397 783 364671 9694
1259884800 3043 137 356524 9267
1259798400 29272 3087 332204 21405
1259712000 0 0 0 0
1259625600 0 0 0 0
1259539200 0 0 0 0
1259452800 0 0 0 0
1259366400 0 0 0 0
1259280000 0 0 0 0
1259193600 0 0 0 0
1259107200 0 0 0 0
1259020800 0 0 0 0
1258934400 0 0 0 0
1258848000 0 0 0 0
1258761600 0 0 0 0
1258675200 0 0 0 0
1258588800 0 0 0 0
1258502400 0 0 0 0
1258416000 0 0 0 0
1258329600 0 0 0 0
1258243200 0 0 0 0
1258156800 0 0 0 0
1258070400 0 0 0 0
1257984000 0 0 0 0
1257897600 0 0 0 0
1257811200 0 0 0 0
1257724800 0 0 0 0
1257638400 0 0 0 0
1257552000 0 0 0 0
1257465600 0 0 0 0
1257379200 0 0 0 0
1257292800 4490 245 334350 37791
1257206400 7812 363 271139 20655
1257120000 2773 175 147371 4713
1257033600 1434 74 113930 4616
1256947200 10711 323 349810 7245
1256860800 4399 210 237845 4871
1256774400 3403 110 267532 5337
1256688000 9473 485 360406 14204
1256601600 7876 269 335415 6637
1256515200 3478 116 226363 6386
1256428800 4476 2355 160835 614645
1256342400 9421 257 347465 7063
1256256000 587 44 126744 3664
1256169600 2247 447 100740 15688
1256083200 23358 1944 361514 30834
1255996800 10441 892 218308 8208
1255910400 773 75 36207 2363
1255824000 1709 74 131909 4637
1255737600 21705 1920 303698 24730
1255651200 1441 83 134540 3970
1255564800 12019 134 333909 4859
1255478400 43311 4174 356788 26860
1255392000 19246 2372 291068 33008
1255305600 2960 260 238845 12015
1255219200 1281 683 37814 19215
1255132800 23241 1969 349340 15158
1255046400 7277 360 280635 7070
1254960000 13233 618 319720 6741
1254873600 36915 3516 314490 23031
1254787200 57118 49937 1083516 1187003
1254700800 10867 404 252518 5383
1254614400 1596 41 258336 5867
1254528000 359 18 26940 1521
1254441600 42 7 4075 598
1254355200 23 5 2421 465
1254268800 210 19 26097 1413
1254182400 3 3 209 56
1254096000 8 5 443 177
1254009600 109 14 14774 952
1253923200 203 15 18122 926
1253836800 268 21 39481 2042
1253750400 49 6 9341 555
1253664000 24878 859 331972 7205
1253577600 1903 319 93826 4574
1253491200 2400 104 175093 5185
1253404800 6412 324 210715 5201
1253318400 3031 123 206365 6233
1253232000 10064 3659 133179 18569
1253145600 27110 9652 1025625 24259
1253059200 65533 13552 1025625 21947
1252972800 1706 120 100900 5475
1252886400 3217 145 216450 5475
1252800000 10 2 1992 76
1252713600 1071 52 147764 4682
1252627200 3769 114 251096 6892
1252540800 4220 149 208012 5092
1252454400 1106 71 121332 5244
1252368000 1948 103 210218 4726
1252281600 1764 144 145098 4351
1252195200 24625 4343 153976 17598
1252108800 27796 4196 175556 19569
1252022400 2919 127 221885 5573
1251936000 3055 144 153855 3699
1251849600 2512 100 251191 7009
1251763200 2999 372 102433 16283
1251676800 3965 460 246408 6300
1251590400 3084 331 75242 4341
1251504000 2600 117 156913 4782
1251417600 304 28 26731 1665
1251331200 3394 190 153601 7672
1251244800 5143 168 291393 8301
1251158400 124 18 10464 1093
1251072000 2727 117 253535 5724
1250985600 3879 218 190620 5413
1250899200 2206 108 147174 6699
1250812800 51 14 6226 1082
1250726400 1093 75 86580 3549
1250640000 12445 1751 200730 18321
1250553600 1881 84 119998 4651
1250467200 4900 238 183741 4553
1250380800 2136 111 127926 3676
1250294400 1473 106 91781 5807
1250208000 1050 251 47502 21354
1250121600 5309 280 175584 5937
1250035200 3184 141 191172 5167
1249948800 3010 112 252381 5796
1249862400 6564 463 283917 7634
1249776000 2105 129 78599 5077
1249689600 596 49 52678 2013
1249603200 4628 201 262522 5785
1249516800 2657 191 131384 5908
1249430400 622 85 84942 8863
1249344000 1724 88 244699 6446
1249257600 3217 177 254798 6181
1249171200 5402 286 332172 8175
1249084800 4852 202 269741 6644
1248998400 5571 519 291576 89525
1248912000 4578 162 230446 5102
1248825600 10021 388 295044 11220
1248739200 1979 503 203637 92738
1248652800 4221 164 308927 6463
1248566400 6534 426 321301 22213
1248480000 288 63 18497 1996
1248393600 9953 705 268834 17011
1248307200 22134 1750 296946 41507
1248220800 5238 239 176203 12576
1248134400 346 59 29120 4108
1248048000 6941 280 319291 7280
1247961600 7365 255 194864 5078
1247875200 3092 144 251998 5551
1247788800 6778 251 211763 5737
1247702400 5544 262 285828 12944
1247616000 3565 192 285828 12468
1247529600 6199 172 308822 6387
1247443200 5722 380 321069 7955
1247356800 4377 356 155596 5058
1247270400 9237 527 315894 7061
1247184000 5965 414 175652 6758
1247097600 3930 147 236718 6606
1247011200 4462 206 298692 6612
1246924800 13318 2300 366434 18508
1246838400 10291 580 286166 16009
1246752000 3131 173 178705 4965
1246665600 10273 412 263724 8900
1246579200 8508 281 367566 9300
1246492800 8881 246 363458 8404
1246406400 9463 1444 294259 62454
1246320000 508 24 87287 2813
1246233600 10667 333 307044 7798
1246147200 13099 469 309365 5960
1246060800 4464 197 233809 7243
1245974400 6416 203 268792 6857
1245888000 2630 240 131429 33249
1245801600 52713 50235 1099585 1189103
1245715200 2110 90 199532 7420
1245628800 10922 315 369607 9034
1245542400 3575 145 195768 5058
1245456000 4008 142 180285 4508
1245369600 3398 164 223509 8609
1245283200 4315 265 222904 17663
1245196800 5428 323 254744 24466
1245110400 1269 77 280619 8306
1245024000 3927 136 118482 3347
1244937600 5279 235 290438 5642
1244851200 4316 268 174147 6165
1244764800 6943 444 230488 22727
1244678400 6299 367 266965 18664
1244592000 4659 263 251909 10493
1244505600 2952 135 250372 8407
1244419200 2207 170 122809 4967
1244332800 4019 194 197471 7030
1244246400 8489 264 202044 6036
1244160000 3075 86 135499 3483
1244073600 7992 237 320003 7435
1243987200 4590 284 226551 18256
1243900800 3894 164 298597 7765
1243814400 5297 225 246781 6430
1243728000 10228 326 321776 6409
1243641600 6452 247 264664 8030
1243555200 15 11 2441 896
1243468800 0 0 0 0
1243382400 0 0 0 0
1243296000 0 0 0 0
1243209600 0 0 0 0
1243123200 0 0 0 0
1243036800 0 0 0 0
1242950400 0 0 0 0
1242864000 0 0 0 0
1242777600 0 0 0 0
1242691200 0 0 0 0
1242604800 0 0 0 0
1242518400 0 0 0 0
1242432000 0 0 0 0
1242345600 0 0 0 0
1242259200 0 0 0 0
1242172800 0 0 0 0
1242086400 0 0 0 0
1242000000 0 0 0 0
1241913600 0 0 0 0
1241827200 14286 346 370621 9169
1241740800 4733 157 327736 9009
1241654400 1764 86 196675 4280
1241568000 7460 266 367743 9471
1241481600 4735 173 136252 11486
1241395200 3454 201 348092 7983
1241308800 8121 317 273157 7961
1241222400 26123 1210 346805 22513
1241136000 23511 1861 364805 19852
1241049600 3620 369 206535 21819
1240963200 13957 468 335497 14564
1240876800 4640 165 367820 7704
1240790400 1342 127 107280 2863
1240704000 5580 236 302201 7258
1240617600 7039 194 371412 10413
1240531200 5692 190 294770 7673
1240444800 528 85 20676 2240
1240358400 10636 419 355305 7970
1240272000 6003 221 217204 8388
1240185600 2695 325 253423 40745
1240099200 5422 316 215195 10487
1240012800 11573 505 360910 18956
1239926400 14402 476 346487 13389
1239840000 7793 223 362735 7049
1239753600 9117 230 366144 8067
1239667200 4197 164 370129 11442
1239580800 8621 288 363009 7521
1239494400 3754 127 368747 7293
1239408000 13883 435 370516 7467
1239321600 18829 724 236289 15556
1239235200 3328 145 293999 11148
1239148800 9384 231 350691 6612
1239062400 6076 323 275405 6311
1238976000 4541 245 240868 8419
1238889600 5312 272 215014 7991
1238803200 9903 1108 306479 19804
1238716800 8318 583 365488 18228
1238630400 15828 3281 180183 62421
1238544000 19369 3363 217802 20078
1238457600 3456 299 182961 28646
1238371200 7299 399 241399 4987
1238284800 4076 346 356140 22516
1238198400 16647 1811 267351 19578
1238112000 10669 1087 251354 21011
1238025600 1402 310 251048 23568
1237939200 15727 1439 343939 16794
1237852800 6935 514 271043 16370
1237766400 3038 2301 322040 60742
1237680000 5472 199 302267 8572
1237593600 12334 1208 260822 19044
1237507200 6040 830 220979 19992
1237420800 4393 226 271830 18713
1237334400 9807 2414 270243 19551
1237248000 7345 704 208140 16161
1237161600 9137 356 283932 8044
1237075200 189 22 14393 1552
1236988800 13381 3332 244424 19149
1236902400 352 39 29657 1703
1236816000 4378 296 284223 22264
1236729600 11664 2993 268574 20667
1236643200 7120 685 252859 20666
1236556800 6029 306 327108 8395
1236470400 2205 92 218494 5127
1236384000 9908 1246 325603 22451
1236297600 8969 853 193751 17402
1236211200 41726 86 1172035 7410
1236124800 12499 985 270020 17808
1236038400 644 57 118045 5114
1235952000 2098 107 219080 4248
1235865600 3367 117 303527 7791
1235779200 6869 933 179651 20268
1235692800 7894 773 270690 21961
1235606400 7025 376 290982 6881
1235520000 12215 1902 327181 32369
1235433600 8 6 344 160
1235347200 3 3 188 59
1235260800 18297 2823 243820 21854
1235174400 8531 699 271435 17360
1235088000 7462 1108 192541 21566
1235001600 2975 158 184789 5618
1234915200 16647 2340 300682 17730
1234828800 4625 873 193124 17413
1234742400 3419 172 311948 6637
1234656000 12406 1074 289344 29315
1234569600 9061 809 320273 16301
1234483200 8200 1362 190900 22917
1234396800 6003 239 279799 8283
1234310400 10896 2365 278226 17363
1234224000 7255 978 270819 20392
1234137600 7140 4797 193131 19676
1234051200 7754 3882 277486 26644
1233964800 11655 5618 176935 24355
1233878400 9092 3702 265022 23100
1233792000 9485 4729 272732 25307
1233705600 15246 5315 269625 21159
1233619200 12017 7135 272143 24769
1233532800 1137 1731 21178 20242
1233446400 14 7 1878 89
1233360000 13291 3752 277240 35679
1233273600 8264 4126 205638 62489
1233187200 5018 1453 126527 21130
1233100800 5203 924 130778 16683
1233014400 170 32 12121 1316
1232928000 3828 169 261572 6755
1232841600 2401 106 208046 6151
1232755200 14406 2561 275429 30973
1232668800 28346 6010 271178 61249
1232582400 1279 94 165176 6233
1232496000 11844 2073 271589 23947
1232409600 24064 2771 270618 35745
1232323200 5644 716 268753 18391
1232236800 3 3 53 52
1232150400 33593 4834 272778 62542
1232064000 3567 201 198852 9948
1231977600 1605 248 114638 20566
1231891200 26601 1674 407118 23438
1231804800 10697 808 277111 17748
1231718400 2485 191 156180 5174
1231632000 2725 173 345123 7149
1231545600 7322 983 262188 17360
1231459200 1933 105 180040 5422
1231372800 619 86 41607 2564
1231286400 2949 264 171550 17678
1231200000 10361 1506 320401 20478
1231113600 3584 234 215527 5609
1231027200 3601 165 182397 5546
1230940800 3153 167 236976 7149
1230854400 1987 143 117645 4399
1230768000 13551 3652 146515 19452
1230681600 611 109 43891 3056
1230595200 0 0 0 0
1230508800 0 0 0 0
1230422400 0 0 0 0
1230336000 0 0 0 0
1230249600 0 0 0 0
1230163200 0 0 0 0
1230076800 30 0 8213 673
1229990400 8 2 1866 100
1229904000 2642 160 155302 5407
1229817600 2250 253 134415 7990
1229731200 5934 383 232198 5423
1229644800 10936 649 306386 16524
1229558400 5365 710 152792 18108
1229472000 9026 2524 183234 20141
1229385600 3508 254 211048 4869
1229299200 14853 942 369146 21812
1229212800 5877 253 186420 7306
1229126400 8393 1521 284870 18671
1229040000 5179 484 159792 6380
1228953600 6252 900 234907 17956
1228867200 13747 3455 363112 19685
1228780800 9754 3788 181489 17096
1228694400 3750 426 202923 66822
1228608000 7668 225 316383 7531
1228521600 38932 2272 1231922 23031
1228435200 78 22 3368 837
1228348800 7605 679 269873 16889
1228262400 4959 1284 165622 18249
1228176000 19741 5312 370774 22659
1228089600 33890 10653 293537 38986
1228003200 11763 2501 317313 38722
1227916800 25390 6601 362383 38366
1227830400 198 46 10235 1440
1227744000 8015 1439 268547 32001
1227657600 19063 6357 273673 62567
1227571200 7401 1753 181206 23423
1227484800 2404 129 184568 5499
1227398400 0 0 47 47
1227312000 10582 3817 225214 36661
1227225600 5627 187 338992 10490
1227139200 10948 5225 259178 62628
1227052800 7045 4318 184295 33838
1226966400 20591 4924 219286 32653
1226880000 2301 258 189159 18530
1226793600 4243 145 179830 5401
1226707200 12312 5673 246452 33452
1226620800 3036 122 246227 7107
1226534400 7555 1352 266603 35638
1226448000 10899 5872 240805 32944
1226361600 4700 1949 271830 32509
1226275200 6990 6708 249463 1231053
1226188800 4656 1707 265775 43296
1226102400 9286 8251 275456 641705
1226016000 11535 3601 181102 22040
1225929600 16561 3978 280503 42860
1225843200 11997 2288 272057 41414
1225756800 7263 2217 156974 35125
1225670400 5174 9242 274770 1044987
1225584000 3529 191 167764 17930
1225497600 4608 2308 107668 32675
1225411200 6762 1207 176582 21878
1225324800 16092 3795 230091 34149
1225238400 17820 5757 267836 62761
1225152000 10565 2898 259328 33629
1225065600 21239 2719 361185 31831
1224979200 9305 1305 294521 29839
1224892800 10400 3901 189251 35811
1224806400 448 28 70268 1977
1224720000 7012 1762 155729 34201
1224633600 9569 7191 216478 61796
1224547200 7395 2334 229348 33352
1224460800 9884 20415 270157 935840
1224374400 17698 3146 252332 32192
1224288000 15821 4082 253849 33355
1224201600 5781 957 262625 35208
1224115200 7768 22865 224759 922132
1224028800 22763 7162 242007 61950
1223942400 6092 4344 262400 61776
1223856000 799 120 40517 3865
1223769600 3436 4133 222985 32415
1223683200 12958 5893 172703 34531
1223596800 10559 1366 275199 32116
1223510400 18918 5675 271734 32100
1223424000 23609 18242 266824 781223
1223337600 7467 2355 210054 33213
1223251200 583 101 36868 2438
1223164800 3517 139 216118 7236
1223078400 7783 1799 268119 36295
1222992000 11465 1432 366331 37643
1222905600 17711 53751 236230 1036453
1222819200 9931 4052 318335 35883
1222732800 7632 2340 202952 33963
1222646400 243 62 20642 2739
1222560000 6538 1961 331224 32467
1222473600 10750 7938 104569 32953
1222387200 2543 388 125689 34747
1222300800 4769 1781 140771 32332
1222214400 14239 8062 292144 62211
1222128000 599 485 16541 14595
1222041600 2435 238 155815 8231
1221955200 1517 69 184329 5568
1221868800 949 53 105670 4674
1221782400 950 80 72707 3066
1221696000 11454 2655 370632 61826
1221609600 1452 61 110259 3978
1221523200 1743 310 129978 30984
1221436800 2714 358 230297 24815
1221350400 3294 148 182962 5134
1221264000 211 31 18827 2896
1221177600 444 34 96900 3160
1221091200 3459 243 143081 18140
1221004800 6220 2780 1159048 1191811
1220918400 1590 183 358509 33547
1220832000 2042 649 123274 62510
1220745600 2555 167 132678 9345
1220659200 9636 1834 165270 19041
1220572800 50 19 6211 1490
1220486400 17885 2654 195661 39825
1220400000 1526 102 164185 3649
1220313600 150 168 8623 30594
1220227200 2121 279 113695 5213
1220140800 962 73 56902 2551
1220054400 2701 150 120460 4037
1219968000 14 6 1332 284
1219881600 2465 146 140501 3983
1219795200 15955 2807 205666 39302
1219708800 7612 1410 139590 29246
1219622400 592 86 38574 2697
1219536000 1334 98 103680 2816
1219449600 13789 3529 141959 16714
1219363200 53740 7786 183548 27966
1219276800 4017 3400 120201 17618
1219190400 8619 4969 93445 16950
1219104000 1520 220 84025 20138
1219017600 2600 96 152138 3807
1218931200 4507 356 189987 16004
1218844800 3318 2002 61287 19595
1218758400 42166 18285 95863 46332
1218672000 47915 16597 162631 46183
1218585600 18154 10983 77384 46201
1218499200 6099 2917 213041 173045
1218412800 3981 3580 73041 38775
1218326400 10840 5670 151436 17872
1218240000 7448 2919 76357 18063
1218153600 15383 4365 152786 17456
