1286998555 52051964 1390562
1286998555 0 0 0 0
1286910312 2785 339 2785 339
1286910300 2785 339 2785 339
1286910000 2664 324 2785 339
1286909700 0 0 0 0
1286909400 0 0 0 0
1286909100 0 0 0 0
1286908800 0 0 0 0
1286908500 5 2 150 59
1286908200 145 57 150 59
1286907900 41 20 45 26
1286907600 44 25 45 26
1286907300 41 21 49 42
1286907000 49 42 56 48
1286906700 56 48 71 67
1286906400 175 84 2683 492
1286906100 2648 501 2683 745
1286905800 1679 718 1742 745
1286905500 34 16 42 26
1286905200 42 26 56 36
1286904900 55 35 56 36
1286904600 39 20 40 21
1286904300 33 20 40 21
1286904000 39 21 40 21
1286903700 36 21 41 21
1286903400 40 20 41 21
1286903100 36 17 63 38
1286902800 61 37 63 38
1286902500 34 16 43 26
1286902200 42 25 43 26
1286901900 37 20 41 21
1286901600 40 21 41 21
1286901300 37 21 78 35
1286901000 76 34 78 35
1286900700 40 21 42 25
1286900400 41 24 42 25
1286900100 40 21 40 21
1286899800 40 21 43 26
1286899500 45 26 103 38
1286899200 100 37 103 38
1286898900 43 25 44 26
1286898600 41 24 42 25
1286898300 19564 402 488147 9562
1286898000 489823 9628 533861 11381
1286897700 534257 11427 543778 12552
1286897400 542733 12507 543778 12552
1286897100 513870 11265 515299 11327
1286896800 460207 9481 476331 9643
1286896500 36444 5189 36600 5238
1286896200 30982 3739 32364 3903
1286895900 557 123 2179 207
1286895600 2100 199 2179 207
1286895300 27 4 27 5
1286895000 27 3 27 4
1286894700 27 3 27 3
1286894400 27 3 27 4
1286894100 27 4 50 27
1286893800 49 26 50 27
1286893500 27 6 28 7
1286893200 27 4 27 6
1286892900 27 5 27 6
1286892600 27 5 28 5
1286892300 28 5 48 16
1286892000 47 15 48 16
1286891700 27 3 27 4
1286891400 27 4 27 4
1286891100 27 4 28 4
1286890800 27 3 28 4
1286890500 27 3 41 25
1286890200 40 24 41 25
1286889900 27 4 27 5
1286889600 27 3 27 3
1286889300 27 3 27 5
1286889000 27 5 28 7
1286888700 28 7 44 17
1286888400 43 16 44 17
1286888100 27 3 27 5
1286887800 27 5 27 5
1286887500 27 4 27 5
1286887200 27 4 29 7
1286886900 44 8 459 36
1286886600 452 36 459 57
1286886300 273 55 283 57
1286886000 11165 229 278470 5576
1286885700 281540 5668 355236 7900
1286885400 342370 7621 355236 7900
1286885100 4204 300 4364 312
1286884800 27 3 27 4
1286884500 27 3 27 5
1286884200 27 4 27 5
1286883900 27 4 30 9
1286883600 29 8 30 9
1286883300 28 6 29 10
1286883000 28 9 29 10
1286882700 27 5 28 5
1286882400 27 5 28 6
1286882100 2 6 28 7
1286881800 27 6 28 7
1286881500 27 3 27 4
1286881200 27 4 27 6
1286880900 121 9 2612 103
1286880600 2517 99 2612 103
1286880300 27 3 27 4
1286880000 27 3 27 4
1286879700 27 3 27 3
1286879400 27 3 27 5
1286879100 26 4 27 5
1286878800 24 2 27 3
1286878500 26 2 27 3
1286878200 23 1 24 2
1286877900 0 1 27 3
1286877600 27 3 27 3
1286877300 27 3 28 7
1286877000 28 6 28 7
1286876700 27 4 28 5
1286876400 24 3 27 3
1286876100 27 3 27 3
1286875800 27 3 27 3
1286875500 27 3 27 4
1286875200 27 4 27 6
1286874900 27 5 27 6
1286874600 27 3 27 3
1286874300 27 3 27 3
1286874000 27 3 27 3
1286873700 27 3 27 4
1286873400 27 4 28 7
1286873100 27 6 28 7
1286872800 27 3 27 3
1286872500 26 3 27 4
1286872200 25 3 27 4
1286871900 27 3 27 3
1286871600 27 3 27 4
1286871300 26 3 27 4
1286871000 24 2 27 3
1286870700 27 3 27 3
1286870400 27 3 27 3
1286870100 27 3 27 3
1286869800 27 3 27 3
1286869500 27 3 27 4
1286869200 27 4 27 4
1286868900 27 4 28 6
1286868600 27 5 28 6
1286868300 26 3 27 3
1286868000 24 2 24 3
1286867700 24 2 27 3
1286867400 27 3 27 4
1286867100 27 4 27 5
1286866800 27 4 27 5
1286866500 27 3 27 3
1286866200 27 3 27 3
1286865900 26 2 27 3
1286865600 24 2 27 4
1286865300 27 4 27 4
1286865000 27 3 27 4
1286864700 27 3 27 5
1286864400 27 5 27 5
1286864100 27 4 27 5
1286863800 27 3 27 3
1286863500 27 3 27 4
1286863200 27 4 27 4
1286862900 27 3 27 4
1286862600 27 3 27 3
1286862300 27 3 27 3
1286862000 27 3 27 3
1286861700 26 2 27 3
1286861400 24 2 27 4
1286861100 27 3 27 4
1286860800 27 3 27 3
1286860500 27 3 27 5
1286860200 27 4 27 5
1286859900 27 3 27 3
1286859600 27 3 27 4
1286859300 27 4 27 4
1286859000 27 3 27 4
1286858700 27 3 27 3
1286858400 27 3 27 3
1286858100 27 3 27 3
1286857800 27 3 27 3
1286857500 27 3 27 4
1286857200 27 3 27 4
1286856900 27 3 27 3
1286856600 27 3 27 3
1286856300 27 3 27 3
1286856000 27 3 27 3
1286855700 26 2 27 3
1286855400 1 0 27 6
1286855100 27 6 47 25
1286854800 46 24 47 25
1286854500 27 3 27 3
1286854200 27 3 27 3
1286853900 27 3 27 3
1286853600 27 3 27 3
1286853300 27 3 43 18
1286853000 42 17 43 18
1286852700 27 3 27 3
1286852400 27 3 27 3
1286852100 27 3 27 3
1286851800 27 3 27 3
1286851500 27 3 43 25
1286851200 42 24 43 25
1286850900 25 2 27 3
1286850600 27 3 30 14
1286850300 262 36 6381 626
1286850000 6225 622 6381 626
1286849700 7518 664 148537 3935
1286849400 148240 3902 148537 3935
1286849100 140983 3047 154777 3353
1286848800 154586 3349 154777 3353
1286848500 150728 3273 180967 3860
1286848200 181925 3881 207119 4436
1286847900 206178 4445 207119 4691
1286847600 180395 4745 181457 6044
1286847300 149663 5915 154911 6044
1286847000 11567 2521 11805 2541
1286846700 5684 1992 5869 2055
1286846400 819 363 829 628
1286846100 612 635 1070 829
1286845800 1813 895 21357 2653
1286845500 20576 2557 21357 2653
1286845200 70 48 72 50
1286844900 41 21 42 25
1286844600 41 24 41 25
1286844300 41 21 43 22
1286844000 42 21 43 22
1286843700 42 21 83 44
1286843400 2311 98 60870 1543
1286843100 58640 1488 60870 1543
1286842800 64 62 65 63
1286842500 287 91 6286 992
1286842200 6647 998 16149 1159
1286841900 15728 1169 16149 1451
1286841600 4705 1466 5516 1883
1286841300 5440 1866 5516 1883
1286841000 4212 1465 19791 1467
1286840700 19244 1434 19791 1803
1286840400 5919 1743 6121 1803
1286840100 603 170 629 178
1286839800 0 0 0 0
1286839500 0 0 0 0
1286839200 0 0 0 0
1286838900 0 0 0 0
1286838600 0 0 0 0
1286838300 0 0 0 0
1286838000 0 0 0 0
1286837700 0 0 0 0
1286837400 0 0 0 0
1286837100 0 0 0 0
1286836800 0 0 0 0
1286836500 0 0 0 0
1286836200 0 0 0 0
1286835900 0 0 0 0
1286835600 0 0 0 0
1286835300 0 0 0 0
1286835000 0 0 0 0
1286834700 0 0 0 0
1286834400 0 0 0 0
1286834100 0 0 0 0
1286833800 0 0 0 0
1286833500 0 0 0 0
1286833200 0 0 0 0
1286832900 0 0 0 0
1286832600 0 0 0 0
1286832300 0 0 0 0
1286832000 0 0 0 0
1286831700 0 0 0 0
1286831400 0 0 0 0
1286831100 0 0 0 0
1286830800 0 0 0 0
1286830500 0 0 0 0
1286830200 0 0 0 0
1286829900 0 0 0 0
1286829600 0 0 0 0
1286829300 0 0 0 0
1286829000 0 0 0 0
1286828700 0 0 0 0
1286828400 0 0 1 1
1286828100 1 1 13 16
1286827800 13 15 19 16
1286827500 32 13 384 40
1286827200 382 39 384 40
1286826900 339 17 340 17
1286826600 375 20 1298 99
1286826300 10157 284 222778 4747
1286826000 224972 4794 282622 6037
1286825700 282253 6031 282622 6037
1286825400 273305 5911 292411 6344
1286825100 292471 6346 294054 6413
1286824800 293260 6395 294054 6413
1286824500 272616 5930 277416 5969
1286824200 276976 5960 277416 5969
1286823900 259743 5647 265439 5744
1286823600 118547 3218 123057 3339
1286823300 95 84 900 627
1286823000 870 608 900 627
1286822700 599 138 12616 514
1286822400 12331 552 12616 1574
1286822100 4722 1525 4864 1574
1286821800 957 236 993 245
1286821500 27 3 27 3
1286821200 27 3 28 4
1286820900 29 6 61 79
1286820600 77 85 523 246
1286820300 526 244 605 246
1286820000 587 202 605 208
1286819700 173 74 617 196
1286819400 616 195 617 196
1286819100 599 178 605 179
1286818800 441 168 454 173
1286818500 3796 244 99809 4809
1286818200 99613 4826 99809 5244
1286817900 91458 5054 94932 5244
1286817600 223 88 512 186
1286817300 519 203 704 658
1286817000 697 640 704 658
1286816700 524 184 546 190
1286816400 527 183 546 190
1286816100 51 14 553 209
1286815800 945 315 11267 3114
1286815500 13387 3029 64290 3114
1286815200 61935 962 64290 996
1286814900 654 149 14383 1968
1286814600 14269 2030 14383 3665
1286814300 11002 3533 11293 3665
1286814000 3883 353 4029 365
1286813700 176 90 2953 1174
1286813400 2846 1132 2953 1174
1286813100 242 89 5513 1528
1286812800 5546 1544 6414 1966
1286812500 6658 2042 13085 4054
1286812200 12517 3878 13085 4054
1286811900 0 0 0 0
1286811600 38 12 950 318
1286811300 941 324 950 482
1286811000 745 487 1224 615
1286810700 1218 614 1224 615
1286810400 1079 603 1204 615
1286810100 1186 611 1204 615
1286809800 736 512 1087 599
1286809500 2081 669 28211 2522
1286809200 27811 2518 28211 2522
1286808900 20069 2591 68488 7010
1286808600 66009 6800 68488 7010
1286808300 6571 1777 7973 2025
1286808000 7704 1976 7973 2025
1286807700 1260 804 1268 809
1286807400 1071 693 1218 726
1286807100 1203 721 1218 726
1286806800 837 619 1244 760
1286806500 1242 760 1244 769
1286806200 1192 764 1209 769
1286805900 813 651 1263 753
1286805600 1251 752 1263 753
1286805300 1207 796 7176 1960
1286805000 9014 2087 57316 5439
1286804700 55244 5263 57316 5439
1286804400 829 653 833 696
1286804100 726 695 730 696
1286803800 664 661 1148 671
1286803500 1134 410 1148 417
1286803200 756 236 787 246
1286802900 26 2 27 3
1286802600 24 2 29 10
1286802300 85 28 1580 522
1286802000 1518 503 1580 522
1286801700 50 50 86 87
1286801400 818 177 20073 2563
1286801100 19337 2469 20073 2563
1286800800 27 3 27 3
1286800500 27 3 27 4
1286800200 27 4 27 5
1286799900 27 4 27 5
1286799600 27 3 27 3
1286799300 27 3 27 3
1286799000 27 3 27 4
1286798700 27 3 27 4
1286798400 27 3 27 3
1286798100 26 3 27 3
1286797800 24 3 27 3
1286797500 27 3 27 3
1286797200 27 3 27 3
1286796900 27 3 27 3
1286796600 27 3 27 3
1286796300 27 3 27 4
1286796000 27 4 35 16
1286795700 34 15 35 16
1286795400 27 3 27 3
1286795100 31 4 154 47
1286794800 149 45 154 47
1286794500 26 3 27 4
1286794200 25 4 28 7
1286793900 27 6 28 7
1286793600 27 3 41 18
1286793300 40 17 41 18
1286793000 27 3 27 3
1286792700 27 3 28 5
1286792400 28 5 37 14
1286792100 36 13 37 14
1286791800 28 8 29 9
1286791500 27 5 28 5
1286791200 27 5 28 5
1286790900 27 5 27 10
1286790600 27 10 27 10
1286790300 27 10 28 16
1286790000 27 15 28 16
1286789700 27 4 27 4
1286789400 27 4 27 4
1286789100 27 3 27 4
1286788800 27 3 36 16
1286788500 35 15 36 16
1286788200 27 3 28 7
1286787900 27 6 28 7
1286787600 24 2 27 3
1286787300 27 3 27 3
1286787000 27 3 36 17
1286786700 34 16 36 17
1286786400 1 0 28 3
1286786100 28 3 38 17
1286785800 38 17 38 18
1286785500 37 17 38 18
1286785200 27 7 28 8
1286784900 27 4 29 16
1286784600 28 15 29 16
1286784300 27 11 28 12
1286784000 27 11 28 12
1286783700 27 5 28 6
1286783400 26 3 27 4
1286783100 25 3 27 4
1286782800 27 3 27 3
1286782500 27 3 38 22
1286782200 37 21 38 22
1286781900 27 5 28 6
1286781600 27 4 27 5
1286781300 27 3 29 5
1286781000 28 5 29 9
1286780700 28 9 28 13
1286780400 28 12 28 13
1286780100 28 4 29 11
1286779800 28 10 29 11
1286779500 24 5 25 6
1286779200 24 3 27 3
1286778900 27 3 27 3
1286778600 27 3 27 3
1286778300 27 3 27 5
1286778000 27 4 27 5
1286777700 27 3 27 4
1286777400 27 3 27 4
1286777100 27 4 27 4
1286776800 26 3 27 4
1286776500 24 2 27 3
1286776200 27 3 27 4
1286775900 27 3 27 4
1286775600 26 3 27 3
1286775300 24 3 27 3
1286775000 26 2 27 3
1286774700 24 2 27 3
1286774400 26 2 27 3
1286774100 3 2 27 6
1286773800 27 6 29 11
1286773500 28 10 29 11
1286773200 27 6 28 7
1286772900 27 3 27 3
1286772600 27 3 27 4
1286772300 27 4 27 4
1286772000 27 4 27 4
1286771700 27 3 27 4
1286771400 27 3 27 3
1286771100 27 3 27 3
1286770800 27 3 27 3
1286770500 27 3 27 3
1286770200 27 3 27 4
1286769900 42 4 408 11
1286769600 8589 184 223532 4744
1286769300 224829 4767 255964 5323
1286769000 254536 5291 255964 5323
1286768700 217566 4474 231862 4905
1286768400 232174 4934 240378 5715
1286768100 235140 5593 240378 5715
1286767800 105227 2580 109438 2668
1286767500 24311 888 25237 922
1286767200 0 0 0 0
1286766900 0 0 0 0
1286766600 0 0 0 0
1286766300 0 0 0 0
1286766000 0 0 0 0
1286765700 0 0 0 0
1286765400 0 0 0 0
1286765100 0 0 0 0
1286764800 0 0 0 0
1286764500 0 0 0 0
1286764200 0 0 0 0
1286763900 0 0 0 0
1286763600 0 0 0 0
1286763300 0 0 0 0
1286763000 0 0 0 0
1286762700 0 0 0 0
1286762400 0 0 0 0
1286762100 0 0 0 0
1286761800 0 0 0 0
1286761500 0 0 0 0
1286761200 0 0 0 0
1286760900 0 0 0 0
1286760600 0 0 0 0
1286760300 0 0 0 0
1286760000 0 0 0 0
1286759700 0 0 0 0
1286759400 0 0 0 0
1286759100 0 0 0 0
1286758800 0 0 0 0
1286758500 0 0 0 0
1286758200 0 0 0 0
1286757900 0 0 0 0
1286757600 0 0 0 0
1286757300 0 0 0 0
1286757000 0 0 0 0
1286756700 0 0 0 0
1286756400 2 0 73 19
1286756100 70 18 73 19
1286755800 0 0 0 0
1286755500 0 0 4 4
1286755200 3 3 4 4
1286754900 0 0 2 2
1286754600 52 8 1274 174
1286754300 1232 170 1274 174
1286754000 151 67 152 77
1286753700 140 76 146 77
1286753400 146 71 166 91
1286753100 165 90 166 91
1286752800 164 73 165 75
1286752500 153 74 154 75
1286752200 145 69 171 74
1286751900 169 73 171 74
1286751600 145 70 152 70
1286751300 152 70 164 87
1286751000 163 86 164 87
1286750700 139 69 147 70
1286750400 148 68 190 80
1286750100 188 79 190 80
1286749800 147 74 174 93
1286749500 173 92 174 93
1286749200 154 67 155 72
1286748900 157 72 245 77
1286748600 242 77 245 79
1286748300 176 78 178 79
1286748000 177 77 178 95
1286747700 170 93 172 95
1286747400 143 65 147 72
1286747100 147 71 154 72
1286746800 153 67 154 75
1286746500 149 74 171 75
1286746200 171 71 198 101
1286745900 196 99 198 101
1286745600 151 71 152 72
1286745300 143 67 179 74
1286745000 180 74 228 78
1286744700 225 77 228 78
1286744400 164 75 190 93
1286744100 188 92 190 93
1286743800 143 69 212 75
1286743500 209 74 212 75
1286743200 143 63 145 76
1286742900 144 75 145 76
1286742600 138 72 160 72
1286742300 161 72 196 91
1286742000 196 90 197 91
1286741700 199 72 264 73
1286741400 260 71 264 72
1286741100 155 68 156 69
1286740800 149 68 197 80
1286740500 195 80 197 80
1286740200 164 80 235 88
1286739900 233 87 235 88
1286739600 203 72 242 79
1286739300 238 78 242 79
1286739000 154 71 155 75
1286738700 143 75 162 84
1286738400 161 83 162 84
1286738100 157 75 158 76
1286737800 148 64 149 73
1286737500 145 73 205 80
1286737200 204 80 205 80
1286736900 179 79 180 80
1286736600 155 75 213 82
1286736300 210 81 213 82
1286736000 143 66 145 72
1286735700 145 71 149 72
1286735400 149 65 165 75
1286735100 165 75 181 91
1286734800 182 90 209 91
1286734500 206 79 209 80
1286734200 162 76 379 82
1286733900 371 81 379 82
1286733600 182 74 707 109
1286733300 692 106 707 109
1286733000 303 45 315 47
1286732700 27 3 27 4
1286732400 27 4 27 5
1286732100 27 5 27 5
1286731800 27 4 27 5
1286731500 25 2 27 3
1286731200 0 0 0 0
1286730900 537 88 14658 2413
1286730600 9654 1562 14658 2413
1286730000 436 154 657 229
1286728200 597 184 3101 733
1286726400 1390 552 3101 733
1286724600 170 71 233 86
1286722800 199 75 298 84
1286721000 241 77 413 91
1286719200 176 72 209 82
1286717400 179 73 326 88
1286715600 190 75 240 98
1286713800 236 74 1605 169
1286712000 282 32 1605 169
1286710200 28 6 45 24
1286708400 438 20 2505 94
1286706600 27 4 46 21
1286704800 29 5 47 22
1286703000 28 5 40 22
1286701200 25 4 53 25
1286699400 30 7 46 26
1286697600 27 5 40 23
1286695800 30 6 49 27
1286694000 29 6 45 24
1286692200 27 5 42 18
1286690400 28 8 40 25
1286688600 30 9 49 25
1286686800 36 9 83 27
1286685000 26088 742 415345 10048
1286683200 67451 2097 415345 10048
1286681400 1005 260 4267 936
1286679600 0 0 0 0
1286677800 0 0 0 0
1286676000 183 15 1084 78
1286674200 97 13 479 38
1286672400 7330 292 43058 1659
1286670600 1051 80 4270 334
1286668800 103 15 500 63
1286667000 30 5 54 21
1286665200 27 6 37 22
1286663400 30 6 47 19
1286661600 28 6 38 21
1286659800 26 6 30 24
1286658000 27 5 37 18
1286656200 29 6 46 23
1286654400 27 5 39 20
1286652600 28 5 47 22
1286650800 28 5 42 19
1286649000 31 6 58 22
1286647200 5257 513 108426 3725
1286645400 58514 2394 166097 5260
1286643600 26 3 28 7
1286641800 27 4 29 8
1286640000 26 4 29 9
1286638200 27 4 28 6
1286636400 26 4 28 8
1286634600 26 3 29 10
1286632800 26 3 28 8
1286631000 90 17 1943 495
1286629200 2857 434 12368 1762
1286627400 27 3 29 6
1286625600 25 3 27 6
1286623800 26 3 84 46
1286622000 36 9 84 46
1286620200 25 3 28 6
1286618400 27 3 29 6
1286616600 27 4 28 8
1286614800 27 4 28 8
1286613000 26 4 29 7
1286611200 26 4 28 6
1286609400 27 4 28 8
1286607600 27 3 28 8
1286605800 27 3 28 7
1286604000 27 4 28 7
1286602200 27 4 28 8
1286600400 27 4 28 8
1286598600 26 4 28 8
1286596800 51327 1773 187981 6133
1286595000 124497 3448 213032 5269
1286593200 57482 1542 213574 5003
1286591400 34 8 79 27
1286589600 31 6 62 22
1286587800 28 5 41 19
1286586000 27 4 39 22
1286584200 27 5 46 19
1286582400 29 6 46 27
1286580600 28 5 44 19
1286578800 27 5 40 22
1286577000 29 5 47 18
1286575200 28 4 41 21
1286573400 27 4 36 20
1286571600 28 5 44 24
1286569800 30 5 54 25
1286568000 27 4 41 18
1286566200 31 5 60 23
1286564400 28 6 42 25
1286562600 30 4 59 19
1286560800 27 4 40 24
1286559000 30 4 53 21
1286557200 26 3 30 9
1286555400 29 6 49 26
1286553600 27 3 40 25
1286551800 29 6 50 25
1286550000 29 5 50 25
1286548200 28 7 65 25
1286546400 31 6 65 30
1286544600 29 7 49 30
1286542800 30 6 49 22
1286541000 28 5 49 26
1286539200 215229 4339 463232 9036
1286537400 275 22 1489 67
1286535600 79 10 496 67
1286533800 0 0 0 0
1286532000 0 0 0 0
1286530200 535 16 3218 108
1286528400 0 0 0 0
1286526600 0 0 0 0
1286524800 0 0 0 0
1286523000 0 0 0 0
1286521200 0 0 0 0
1286519400 0 0 0 0
1286517600 21 1 29 4
1286515800 27 3 29 4
1286514000 22 2 27 3
1286512200 87336 2346 267157 6719
1286510400 108433 2580 231619 4821
1286508600 70094 2653 155076 4368
1286506800 77110 3050 131009 3920
1286505000 15700 1559 75895 3873
1286503200 6503 546 27238 1288
1286501400 2296 422 8664 1288
1286499600 27 3 29 6
1286497800 27 3 29 4
1286496000 27 3 29 4
1286494200 27 3 29 4
1286492400 630 214 6499 1236
1286490600 8680 2198 29655 8283
1286488800 0 0 2 4
1286487000 20 11 87 40
1286485200 220 15 457 57
1286483400 36 9 226 57
1286481600 0 0 0 0
1286479800 0 0 0 0
1286478000 0 0 0 0
1286476200 0 0 0 0
1286474400 0 0 0 0
1286472600 0 0 0 0
1286470800 0 0 0 0
1286469000 0 0 0 0
1286467200 0 0 0 0
1286465400 228 3 37527 768
1286463600 201852 4144 265990 5481
1286461800 240975 4880 264820 5291
1286460000 0 0 0 0
1286458200 74455 1483 294369 5932
1286456400 309583 6235 340785 6929
1286454600 68595 1380 271640 5463
1286452800 83 7 508 53
1286451000 0 0 0 0
1286449200 0 0 0 0
1286447400 0 0 0 0
1286445600 18 0 3199 98
1286443800 513 15 3199 98
1286442000 0 0 0 0
1286440200 0 0 0 0
1286438400 0 0 0 0
1286436600 0 0 0 0
1286434800 0 0 0 0
1286433000 0 0 0 0
1286431200 21 2 27 5
1286429400 26 3 27 4
1286427600 26 3 27 5
1286425800 27 3 30 9
1286424000 537 113 3096 665
1286422200 12850 313 128126 5051
1286420400 102008 3123 145076 5051
1286418600 72096 3263 133458 4337
1286416800 4294 436 23914 2234
1286415000 0 0 0 0
1286413200 7 3 23 19
1286411400 1 2 16 19
1286409600 187 21 1089 115
1286407800 0 0 0 0
1286406000 0 0 0 0
1286404200 0 0 0 0
1286402400 0 0 0 0
1286400600 0 0 0 0
1286398800 0 0 0 0
1286397000 0 0 0 0
1286395200 0 0 0 0
1286393400 0 0 0 0
1286391600 0 0 0 0
1286389800 0 0 0 0
1286388000 0 0 0 0
1286386200 0 0 0 0
1286384400 0 0 0 0
1286382600 0 0 0 0
1286380800 0 0 0 0
1286379000 0 0 0 0
1286377200 0 0 0 0
1286375400 0 0 0 0
1286373600 0 0 0 0
1286371800 0 0 0 0
1286370000 0 0 0 0
1286368200 56 2 346 17
1286366400 7920 196 47366 1177
1286364600 0 0 0 0
1286362800 0 0 0 0
1286361000 0 0 0 0
1286359200 0 0 0 0
1286357400 528 16 3165 101
1286355600 0 0 0 0
1286353800 0 0 0 0
1286352000 0 0 0 0
1286350200 0 0 0 0
1286348400 0 0 0 0
1286346600 0 0 0 0
1286344800 0 0 0 0
1286343000 0 0 0 0
1286341200 0 0 0 0
1286339400 8 0 27 4
1286337600 21 2 27 5
1286335800 27 3 28 5
1286334000 27 3 27 4
1286332200 76 6 8155 738
1286330400 1330 120 8155 738
1286328600 29949 2473 69494 6318
1286326800 3898 537 17871 2092
1286325000 26 3 28 7
1286323200 26 4 28 8
1286321400 0 0 0 0
1286319600 0 0 0 0
1286317800 0 0 0 0
1286316000 0 0 0 0
1286314200 0 0 0 0
1286312400 0 0 0 0
1286310600 0 0 0 0
1286308800 0 0 0 0
1286307000 0 0 0 0
1286305200 0 0 0 0
1286303400 0 0 0 0
1286301600 0 0 0 0
1286299800 0 0 1 4
1286298000 0 0 2 4
1286296200 0 0 2 4
1286294400 0 0 0 0
1286292600 0 0 0 0
1286290800 0 0 0 0
1286289000 0 0 0 0
1286287200 0 0 0 0
1286285400 0 0 0 0
1286283600 333 18 2010 117
1286281800 27 3 32 13
1286280000 27 3 34 9
1286278200 13 1 32 7
1286276400 0 0 0 0
1286274600 0 0 0 0
1286272800 0 0 0 0
1286271000 7 5 51 41
1286269200 0 0 0 0
1286267400 0 0 0 0
1286265600 0 0 0 0
1286263800 0 0 0 0
1286262000 0 0 0 0
1286260200 0 0 0 0
1286258400 22 3 31 12
1286256600 27 3 33 9
1286254800 27 3 33 9
1286253000 27 4 34 12
1286251200 107037 2433 227853 4819
1286249400 27 3 32 6
1286247600 104 17 13360 2539
1286245800 58302 3273 101431 4656
1286244000 6526 512 23677 1624
1286242200 27 3 36 7
1286240400 25 2 32 12
1286238600 26 4 32 12
1286236800 9 0 32 6
1286235000 0 0 0 0
1286233200 0 0 0 0
1286231400 0 0 0 0
1286229600 0 0 0 0
1286227800 0 0 0 0
1286226000 0 0 0 0
1286224200 0 0 0 0
1286222400 0 0 0 0
1286220600 0 0 0 0
1286218800 0 0 0 0
1286217000 0 0 0 0
1286215200 0 0 0 0
1286213400 0 0 0 0
1286211600 0 0 0 0
1286209800 0 0 0 0
1286208000 0 0 0 0
1286206200 0 0 0 0
1286204400 0 0 0 0
1286202600 0 0 0 0
1286200800 8 0 28 5
1286199000 28 4 34 12
1286197200 27 3 32 6
1286195400 27 3 32 8
1286193600 27 3 32 8
1286191800 27 3 33 9
1286190000 5 1 33 9
1286188200 0 0 0 0
1286186400 0 0 52 43
1286184600 8 6 52 43
1286182800 0 0 0 0
1286181000 0 0 0 0
1286179200 0 0 0 0
1286177400 0 0 0 0
1286175600 0 0 0 0
1286173800 0 0 0 0
1286172000 23 4 34 11
1286170200 27 4 33 10
1286168400 28 4 33 10
1286166600 45558 1310 113949 3145
1286164800 22 4 33 9
1286163000 14778 790 195502 4195
1286161200 196484 4137 234935 4832
1286159400 3277 140 20274 851
1286157600 27 3 32 11
1286155800 27 3 34 14
1286154000 166 123 4970 4512
1286152200 2827 1915 4970 4512
1286150400 1624 1090 2107 2070
1286148600 1717 873 3416 1427
1286146800 1661 918 2944 1380
1286145000 3086 1188 9865 3585
1286143200 3980 1484 9865 3585
1286141400 574 187 935 312
1286139600 7860 604 30068 2346
1286137800 1099 109 95201 2178
1286136000 117144 2697 129106 3047
1286134200 96250 2607 119805 3397
1286132400 211 80 313 98
1286130600 36915 1847 79657 3564
1286128800 4228 663 9609 1760
1286127000 38 21 53 34
1286125200 42 25 61 35
1286123400 305 70 1370 267
1286121600 0 0 0 0
1286119800 0 0 0 0
1286118000 0 0 0 0
1286116200 0 0 0 0
1286114400 0 0 0 0
1286112600 0 0 0 0
1286110800 0 0 0 0
1286109000 0 0 0 0
1286107200 0 0 0 0
1286105400 0 0 0 0
1286103600 0 0 0 0
1286101800 0 0 0 0
1286100000 518 15 3106 98
1286098200 0 0 0 0
1286096400 0 0 0 0
1286094600 0 0 0 0
1286092800 0 0 0 0
1286091000 0 0 0 0
1286089200 0 0 0 0
1286087400 0 0 0 0
1286085600 0 0 0 0
1286083800 0 0 0 0
1286082000 0 0 0 0
1286080200 0 0 0 0
1286078400 0 0 0 0
1286076600 0 0 0 0
1286074800 0 0 0 0
1286073000 0 0 0 0
1286071200 0 0 0 0
1286069400 0 0 0 0
1286067600 0 0 0 0
1286065800 0 0 0 0
1286064000 0 0 0 0
1286062200 0 0 0 0
1286060400 0 0 0 0
1286058600 0 0 0 0
1286056800 0 0 0 0
1286055000 0 0 0 0
1286053200 0 0 0 0
1286051400 0 0 0 0
1286049600 0 0 0 0
1286047800 0 0 0 0
1286046000 0 0 0 0
1286044200 6444 793 59512 5518
1286042400 10018 1043 59512 5518
1286040600 591 194 987 333
1286038800 62633 2877 108337 3881
1286037000 519 179 2045 781
1286035200 0 0 0 0
1286033400 0 0 0 0
1286031600 0 0 0 0
1286029800 0 0 0 0
1286028000 0 0 0 0
1286026200 0 0 0 0
1286024400 0 0 0 0
1286022600 0 0 0 0
1286020800 0 0 0 0
1286019000 0 0 0 0
1286017200 0 0 0 0
1286015400 0 0 0 0
1286013600 0 0 51 40
1286011800 8 6 51 40
1286010000 0 0 0 0
1286008200 0 0 0 0
1286006400 0 0 0 0
1286004600 0 0 0 0
1286002800 0 0 0 0
1286001000 0 0 0 0
1285999200 0 0 0 0
1285997400 0 0 0 0
1285995600 4 0 27 3
1285993800 39362 2236 110156 4973
1285992000 20672 1736 39923 3295
1285990200 0 0 0 0
1285988400 0 0 0 0
1285986600 0 0 0 0
1285984800 0 0 0 0
1285983000 0 0 0 0
1285981200 0 0 0 0
1285979400 0 0 0 0
1285977600 0 0 1 0
1285975800 375 23 2137 135
1285974000 5 3 68 13
1285972200 2981 67 17608 381
1285970400 177 20 878 97
1285968600 0 0 0 0
1285966800 0 0 0 0
1285965000 0 0 0 0
1285963200 0 0 0 0
1285961400 0 0 0 0
1285959600 0 0 0 0
1285957800 0 0 0 0
1285956000 18 0 118 8
1285954200 96806 2083 189325 4018
1285952400 114876 2433 186890 3926
1285950600 0 0 0 0
1285948800 0 0 0 0
1285947000 0 0 0 0
1285945200 0 0 0 0
1285943400 0 0 0 0
1285941600 0 1 9 15
1285939800 381 25 1909 118
1285938000 0 0 0 0
1285936200 0 0 0 0
1285934400 0 0 0 0
1285932600 0 0 0 0
1285930800 0 0 0 0
1285929000 0 0 0 0
1285927200 0 0 0 0
1285925400 518 16 3111 101
1285923600 0 0 0 0
1285921800 0 0 0 0
1285920000 0 0 0 0
1285918200 0 0 0 0
1285916400 0 0 0 0
1285914600 0 0 0 0
1285912800 0 0 0 0
1285911000 0 0 0 0
1285909200 0 0 0 0
1285907400 0 0 27 3
1285905600 22 2 27 3
1285903800 104298 4056 238074 9256
1285902000 76376 3714 238074 9180
1285900200 0 0 0 0
1285898400 0 0 0 0
1285896600 0 0 0 0
1285894800 0 0 0 0
1285893000 0 0 0 0
1285891200 0 0 0 0
1285889400 0 0 0 0
1285887600 0 0 0 0
1285885800 0 0 0 0
1285884000 0 0 0 0
1285882200 0 0 0 0
1285880400 0 0 0 0
1285878600 0 0 0 0
1285876800 0 0 0 0
1285875000 0 0 0 0
1285873200 0 0 0 0
1285871400 0 0 0 0
1285869600 0 0 0 0
1285867800 0 0 0 0
1285866000 0 0 0 0
1285864200 0 0 0 0
1285862400 0 0 0 0
1285860600 0 0 0 0
1285858800 0 0 0 0
1285857000 0 0 0 0
1285855200 0 0 0 0
1285853400 0 0 0 0
1285851600 0 0 0 0
1285849800 0 0 0 0
1285848000 0 0 0 0
1285846200 0 0 0 0
1285844400 0 0 0 0
1285842600 0 0 0 0
1285840800 0 0 0 0
1285839000 516 16 3102 105
1285837200 0 0 0 0
1285835400 0 0 0 0
1285833600 0 0 0 0
1285831800 0 0 0 0
1285830000 0 0 0 0
1285828200 0 0 0 0
1285826400 0 0 0 0
1285824600 0 0 0 0
1285822800 0 0 0 0
1285821000 0 0 0 0
1285819200 0 0 0 0
1285817400 203 71 495 111
1285815600 843 353 4293 1759
1285813800 50458 1817 108445 5200
1285812000 32333 2045 84086 5200
1285810200 745 281 3445 1124
1285808400 3325 731 7387 1713
1285806600 45 7 61 14
1285804800 241 48 717 231
1285803000 0 0 0 0
1285801200 0 0 0 0
1285799400 0 0 0 0
1285797600 0 0 0 0
1285795800 0 0 0 0
1285794000 0 0 0 0
1285792200 0 0 0 0
1285790400 0 0 0 0
1285788600 0 0 0 0
1285786800 0 0 0 0
1285785000 0 0 0 0
1285783200 0 0 0 0
1285781400 0 0 0 0
1285779600 0 0 0 0
1285777800 0 0 0 0
1285776000 0 0 0 0
1285774200 0 0 0 0
1285772400 0 0 0 0
1285770600 3700 1140 16868 5321
1285768800 0 0 0 0
1285767000 0 0 0 0
1285765200 0 0 0 0
1285763400 0 0 0 0
1285761600 0 0 0 0
1285759800 0 0 0 0
1285758000 0 0 0 0
1285756200 0 0 0 0
1285754400 505 15 3042 98
1285752600 0 0 0 0
1285750800 0 0 0 0
1285749000 0 0 0 0
1285747200 0 0 0 0
1285745400 0 0 0 0
1285743600 0 0 0 0
1285741800 0 0 0 0
1285740000 0 0 0 0
1285738200 0 0 0 0
1285736400 0 0 0 0
1285734600 4 0 27 3
1285732800 21 2 27 3
1285731000 27 3 27 3
1285729200 26 2 27 3
1285727400 29358 1382 116530 5538
1285725600 36681 2256 106994 5918
1285723800 0 0 0 0
1285722000 0 0 0 0
1285720200 0 0 0 0
1285718400 663 50 2160 156
1285716600 0 0 0 0
1285714800 0 0 0 0
1285713000 0 0 0 0
1285711200 0 0 0 0
1285709400 0 0 0 0
1285707600 0 0 0 0
1285705800 0 0 0 0
1285704000 0 0 0 0
1285702200 0 0 0 0
1285700400 0 0 0 0
1285698600 0 0 0 0
1285696800 0 0 0 0
1285695000 0 0 0 0
1285693200 0 0 0 0
1285691400 0 0 0 0
1285689600 0 0 0 0
1285687800 0 0 0 0
1285686000 0 0 0 0
1285684200 0 0 0 0
1285682400 0 0 0 0
1285680600 0 0 0 0
1285678800 0 0 0 0
1285677000 0 0 0 0
1285675200 8 6 54 39
1285673400 0 0 0 0
1285671600 0 0 0 0
1285669800 0 0 0 0
1285668000 0 0 57 48
1285666200 9 7 57 48
1285664400 0 0 0 0
1285662600 0 0 0 0
1285660800 0 0 0 0
1285659000 0 0 0 0
1285657200 0 0 0 0
1285655400 0 0 0 0
1285653600 0 0 0 0
1285651800 0 0 0 0
1285650000 0 0 0 0
1285646400 102950 3165 239814 7301
1285639200 1394 46 31223 972
1285632000 4675 134 81459 2123
1285624800 45 3 1105 94
1285617600 0 0 0 0
1285610400 0 0 0 0
1285603200 0 0 0 0
1285596000 6292 131 114052 2390
1285588800 0 0 0 0
1285581600 2 1 57 41
1285574400 0 0 0 0
1285567200 0 0 0 0
1285560000 53040 1141 220088 4537
1285552800 1442 449 19382 2678
1285545600 1372 354 13136 2922
1285538400 22589 927 454391 11354
1285531200 2151 623 19097 2771
1285524000 5893 599 107572 3589
1285516800 21536 1217 117965 4733
1285509600 0 0 0 0
1285502400 0 0 0 0
1285495200 1 1 56 40
1285488000 0 0 0 0
1285480800 0 0 0 0
1285473600 0 0 0 0
1285466400 39 3 728 61
1285459200 30 1 386 43
1285452000 0 0 0 0
1285444800 5242 309 91640 3544
1285437600 39114 2175 135961 5365
1285430400 346 87 5508 1758
1285423200 0 0 0 0
1285416000 0 0 0 0
1285408800 1 0 57 40
1285401600 0 0 0 0
1285394400 0 0 30 17
1285387200 2379 338 24512 3865
1285380000 474 112 3548 452
1285372800 0 0 0 0
1285365600 0 0 0 0
1285358400 79299 1709 169638 3604
1285351200 26534 561 141588 2958
1285344000 6 2 167 63
1285336800 74 4 1779 120
1285329600 3060 74 73459 1797
1285322400 126 4 3021 105
1285315200 0 0 0 0
1285308000 0 0 0 0
1285300800 16261 1319 128199 6450
1285293600 27605 802 143062 4421
1285286400 134 6 3225 147
1285279200 0 0 0 0
1285272000 0 0 0 0
1285264800 0 0 0 0
1285257600 0 0 0 0
1285250400 3010 63 72501 1535
1285243200 0 0 0 0
1285236000 1 0 56 40
1285228800 0 0 0 0
1285221600 0 0 0 0
1285214400 27329 1473 129819 5743
1285207200 859 163 20389 3344
1285200000 0 0 1026 283
1285192800 491 147 3940 1152
1285185600 0 0 0 0
1285178400 0 0 0 0
1285171200 0 0 0 0
1285164000 0 0 0 0
1285156800 784 17 18773 412
1285149600 123 3 2979 102
1285142400 0 0 0 0
1285135200 0 0 0 0
1285128000 1476 175 28512 2234
1285120800 19847 1210 130817 5234
1285113600 45 3 1108 89
1285106400 0 0 0 0
1285099200 0 0 0 0
1285092000 0 0 0 0
1285084800 0 0 0 0
1285077600 1130 27 27143 689
1285070400 0 0 0 0
1285063200 124 3 3023 104
1285056000 0 0 0 0
1285048800 0 0 0 0
1285041600 71170 1579 337947 6730
1285034400 23660 734 167902 5034
1285027200 0 0 0 0
1285020000 0 0 0 0
1285012800 0 0 0 0
1285005600 74 5 1692 89
1284998400 37 2 901 75
1284991200 1 1 56 40
1284984000 0 0 0 0
1284976800 93 3 2258 88
1284969600 0 0 0 0
1284962400 0 0 0 0
1284955200 1786 90 42663 2006
1284948000 328 113 2195 744
1284940800 34 10 223 208
1284933600 15407 1667 57947 8393
1284926400 1590 339 11487 2689
1284919200 22718 760 228791 6484
1284912000 12357 545 167678 5057
1284904800 0 0 0 0
1284897600 0 0 0 0
1284890400 1 0 56 40
1284883200 0 0 0 0
1284876000 0 0 0 0
1284868800 0 0 0 0
1284861600 0 0 0 0
1284854400 0 0 0 0
1284847200 0 0 0 0
1284840000 0 0 0 0
1284832800 41255 1736 242540 14861
1284825600 1447 236 15485 1890
1284818400 0 0 0 0
1284811200 0 0 0 0
1284804000 120 3 2895 96
1284796800 0 0 0 0
1284789600 0 0 0 0
1284782400 25578 851 129453 4648
1284775200 0 0 0 0
1284768000 0 0 0 0
1284760800 0 0 0 0
1284753600 0 0 0 0
1284746400 0 0 0 0
1284739200 0 0 0 0
1284732000 0 0 0 0
1284724800 0 0 0 0
1284717600 120 3 2897 93
1284710400 0 0 0 0
1284703200 25 2 27 3
1284696000 4194 245 67186 2733
1284688800 25484 1906 98694 6591
1284681600 108 8 1423 78
1284674400 0 0 0 0
1284667200 0 0 0 0
1284660000 0 0 0 0
1284652800 0 0 0 0
1284645600 57 3 1052 91
1284638400 0 0 0 0
1284631200 93 3 2247 87
1284624000 0 0 0 0
1284616800 18175 750 158556 5731
1284609600 924 202 8391 1697
1284602400 320 62 8001 1570
1284595200 24 1 596 60
1284588000 0 0 0 0
1284580800 0 0 3 4
1284573600 0 0 0 0
1284566400 0 0 0 0
1284559200 112 2 73711 1656
1284552000 2948 66 73711 1656
1284544800 2 1 57 42
1284537600 0 0 0 0
1284530400 0 0 0 0
1284523200 20 1 41 26
1284516000 57688 2172 552056 12146
1284508800 2783 66 45664 1027
1284501600 511 69 9826 1216
1284494400 94 7 1086 95
1284487200 0 0 0 0
1284480000 0 0 0 0
1284472800 0 0 0 0
1284465600 0 0 0 0
1284458400 0 0 0 0
1284451200 0 0 0 0
1284444000 0 0 0 0
1284436800 8232 378 138526 4871
1284429600 24702 1146 136935 6528
1284422400 0 0 0 0
1284415200 0 0 0 0
1284408000 0 0 0 0
1284400800 0 0 2 2
1284393600 1002 33 21655 682
1284386400 0 0 0 0
1284379200 0 0 0 0
1284372000 1 1 51 40
1284364800 0 0 0 0
1284357600 0 0 0 0
1284350400 15306 648 124235 4110
1284343200 493 164 5914 1601
1284336000 37 20 64 36
1284328800 653 160 14449 3175
1284321600 174 85 253 110
1284314400 10615 884 81109 4995
1284307200 0 0 0 0
1284300000 0 0 0 0
1284292800 0 0 0 0
1284285600 91 3 2231 80
1284278400 0 0 0 0
1284271200 0 0 0 0
1284264000 0 0 0 0
1284256800 0 0 0 0
1284249600 0 0 0 0
1284242400 0 0 0 0
1284235200 0 0 0 0
1284228000 26930 1354 110232 4820
1284220800 0 0 0 0
1284213600 0 0 0 0
1284206400 0 0 0 0
1284199200 118 3 2849 97
1284192000 0 0 0 0
1284184800 0 0 0 0
1284177600 0 0 0 0
1284170400 87 12 2004 240
1284163200 3389 111 77849 2160
1284156000 362 49 5180 540
1284148800 0 0 0 0
1284141600 0 0 0 0
1284134400 0 0 0 0
1284127200 1 0 52 41
1284120000 0 0 0 0
1284112800 4 0 121 41
1284105600 0 0 0 0
1284098400 0 0 0 0
1284091200 10431 780 114895 6176
1284084000 9720 588 114895 4936
1284076800 0 0 0 0
1284069600 0 0 0 0
1284062400 0 0 0 0
1284055200 0 0 0 0
1284048000 0 0 0 0
1284040800 0 0 0 0
1284033600 3031 65 59470 1329
1284026400 114 3 2758 96
1284019200 0 0 0 0
1284012000 0 0 0 0
1284004800 13250 783 103256 5439
1283997600 952 209 8059 1687
1283990400 734 143 9577 1974
1283983200 0 0 0 0
1283976000 0 0 0 0
1283968800 0 0 0 0
1283961600 0 0 0 0
1283954400 0 0 0 0
1283947200 3127 70 75074 1710
1283940000 114 3 2754 92
1283932800 0 0 0 0
1283925600 0 0 0 0
1283918400 208 68 2368 377
1283911200 3793 584 18945 3735
1283904000 6733 829 33284 2891
1283896800 4790 1220 13736 4900
1283889600 39 22 88 52
1283882400 32084 1383 249997 6320
1283875200 1013 205 7584 2261
1283868000 0 0 0 0
1283860800 0 0 0 0
1283853600 0 0 0 0
1283846400 0 0 0 0
1283839200 0 0 0 0
1283832000 0 0 0 0
1283824800 108 5 2634 138
1283817600 0 0 0 0
1283810400 0 0 0 0
1283803200 0 0 0 0
1283796000 0 0 0 0
1283788800 611 103 14127 2387
1283781600 3251 491 24479 2211
1283774400 0 0 0 0
1283767200 2 1 57 42
1283760000 0 0 0 0
1283752800 0 0 0 0
1283745600 456 180 1805 475
1283738400 439 165 2271 649
1283731200 3926 442 56902 3941
1283724000 5328 671 51119 5099
1283716800 172 57 1167 268
1283709600 924 254 6756 1388
1283702400 1347 350 13365 2479
1283695200 1504 120 28901 1624
1283688000 0 0 0 0
1283680800 2 1 56 40
1283673600 0 0 0 0
1283666400 0 0 0 0
1283659200 0 0 0 0
1283652000 0 0 0 0
1283644800 0 0 0 0
1283637600 0 0 0 0
1283630400 0 0 0 0
1283623200 26549 1423 124623 7384
1283616000 1840 454 19035 2712
1283608800 958 385 5284 1303
1283601600 0 0 0 0
1283594400 91 3 2200 85
1283587200 0 0 0 0
1283580000 0 0 0 0
1283572800 3207 658 42625 6024
1283565600 11170 1588 56417 7740
1283558400 102 8 1405 107
1283551200 0 0 0 0
1283544000 0 0 0 0
1283536800 143 10 3354 218
1283529600 0 0 0 0
1283522400 0 0 0 0
1283515200 0 0 0 0
1283508000 1 0 56 40
1283500800 0 0 0 0
1283493600 0 0 0 0
1283486400 4938 423 25711 2059
1283479200 37411 1678 143438 5966
1283472000 0 0 0 0
1283464800 0 0 0 0
1283457600 0 0 0 0
1283450400 0 0 0 0
1283443200 0 0 0 0
1283436000 0 0 0 0
1283428800 0 0 0 0
1283421600 88 3 2140 77
1283414400 0 0 0 0
1283407200 0 0 0 0
1283400000 12629 651 131987 5507
1283392800 0 0 0 0
1283385600 0 0 0 0
1283378400 0 0 2 2
1283371200 0 0 0 0
1283364000 0 0 0 0
1283356800 12 2 184 62
1283349600 105694 2123 416263 8444
1283342400 3830 75 92234 1821
1283335200 111 3 2684 88
1283328000 0 0 0 0
1283320800 0 0 0 0
1283313600 17453 1110 115964 7561
1283306400 5599 295 110155 5833
1283299200 0 0 0 0
1283292000 0 0 0 0
1283284800 125 10 1916 104
1283277600 0 0 0 0
1283270400 0 0 0 0
1283263200 0 0 0 0
1283256000 0 0 0 0
1283248800 1 1 56 40
1283241600 0 0 0 0
1283234400 0 0 0 0
1283227200 6409 250 140049 4353
1283220000 21528 1191 145807 5254
1283212800 0 0 0 0
1283205600 0 0 0 0
1283198400 0 0 0 0
1283191200 0 0 0 0
1283184000 0 0 0 0
1283176800 0 0 0 0
1283169600 0 0 0 0
1283162400 0 0 0 0
1283155200 0 0 0 0
1283148000 0 0 0 0
1283140800 15458 564 155480 4340
1283133600 6280 947 30488 3360
1283126400 5396 981 22988 3800
1283119200 5558 757 46611 4718
1283112000 176 53 351 88
1283104800 18104 826 120905 6143
1283097600 8822 458 105491 4407
1283090400 0 0 0 0
1283083200 0 0 0 0
1283076000 0 0 0 0
1283068800 0 0 0 0
1283061600 156 4 102305 3117
1283054400 17259 469 118700 3324
1283047200 0 0 0 0
1283040000 0 0 0 0
1283032800 0 0 0 0
1283025600 0 0 0 0
1283018400 0 0 0 0
1283011200 0 0 0 0
1283004000 28245 1173 138787 5470
1282996800 0 0 0 0
1282989600 2 1 57 41
1282982400 0 0 0 0
1282975200 0 0 0 0
1282968000 52 3 1269 104
1282960800 46 7 596 91
1282953600 0 0 0 0
1282946400 0 0 14 15
1282939200 86 8 1073 74
1282932000 0 0 0 0
1282924800 0 0 0 0
1282917600 0 0 0 0
1282910400 323 7 7766 195
1282903200 111 3 2682 89
1282896000 0 0 0 0
1282888800 6 2 1026 44
1282881600 146 36 1026 166
1282874400 23944 1095 132853 4546
1282867200 0 0 0 0
1282860000 0 0 0 0
1282852800 0 0 0 0
1282845600 0 0 0 0
1282838400 0 0 0 0
1282831200 183 6 4423 148
1282824000 0 0 0 0
1282816800 109 3 2643 88
1282809600 0 0 0 0
1282802400 0 0 0 0
1282795200 9603 453 97099 3024
1282788000 346 63 4951 764
1282780800 650 96 6577 1264
1282773600 6 0 4177 140
1282766400 372 13 4945 204
1282759200 0 0 0 0
1282752000 589 23 36539 2026
1282744800 1466 81 36539 2026
1282737600 502 16 12058 407
1282730400 85 3 2053 82
1282723200 0 0 0 0
1282716000 0 0 0 0
1282708800 512 173 1251 403
1282701600 21793 1004 126393 4516
1282694400 1346 1525 28680 29293
1282687200 0 0 0 0
1282680000 0 0 0 0
1282672800 0 0 0 0
1282665600 0 0 0 0
1282658400 0 0 0 0
1282651200 201 5 4852 148
1282644000 106 3 2568 93
1282636800 0 0 0 0
1282629600 0 0 0 0
1282622400 106 32 406 76
1282615200 55732 3973 321819 16289
1282608000 669 149 9322 2675
1282600800 0 0 0 0
1282593600 5491 141 107975 2297
1282586400 0 0 0 0
1282579200 0 0 0 0
1282572000 2 1 57 41
1282564800 0 0 0 0
1282557600 2 1 57 40
1282550400 0 0 0 0
1282543200 0 0 0 0
1282536000 17498 1015 84415 5799
1282528800 2377 326 29442 3396
1282521600 4702 664 35813 2925
1282514400 2763 344 23008 2045
1282507200 1335 833 5493 1486
1282500000 1322 803 4643 1281
1282492800 1260 290 11681 2556
1282485600 0 0 0 0
1282478400 0 0 0 0
1282471200 1 0 56 40
1282464000 0 0 0 0
1282456800 0 0 0 0
1282449600 1 2 49 25
1282442400 7 2 55 29
1282435200 1 1 30 17
1282428000 2 1 47 25
1282420800 121 10 2903 241
1282413600 38 4 573 71
1282406400 43717 1115 442348 9734
1282399200 0 0 0 0
1282392000 0 0 0 0
1282384800 83 3 2001 81
1282377600 0 0 0 0
1282370400 7879 418 111063 4702
1282363200 789 100 7936 1107
1282356000 0 0 0 0
1282348800 0 0 0 0
1282341600 81 8 1020 116
1282334400 0 0 0 0
1282327200 0 0 0 0
1282320000 0 0 0 0
1282312800 0 0 0 0
1282305600 8836 188 108001 2600
1282298400 105 3 2542 86
1282291200 0 0 0 0
1282284000 0 0 0 0
1282276800 18 1 27 3
1282269600 26 2 27 3
1282262400 362 66 2920 575
1282255200 0 0 0 0
1282248000 0 0 0 0
1282240800 36 3 799 45
1282233600 0 0 0 0
1282226400 2 1 63 41
1282219200 0 0 0 0
1282212000 1 1 56 41
1282204800 0 0 0 0
1282197600 13 2 340 59
1282190400 200 55 588 79
1282183200 195 58 254 78
1282176000 4240 378 65348 2072
1282168800 0 0 0 0
1282161600 0 0 0 0
1282154400 0 0 0 0
1282147200 63 5 837 72
1282140000 5072 134 121748 3231
1282132800 0 0 0 0
1282125600 108 3 2618 96
1282118400 0 0 0 0
1282111200 0 0 0 0
1282104000 0 0 0 0
1282096800 0 0 0 0
1282089600 38 3 630 31
1282082400 0 0 1 2
1282075200 0 0 0 0
1282068000 0 0 0 0
1282060800 0 0 0 0
1282053600 0 0 0 0
1282046400 0 0 0 0
1282039200 104 3 2538 94
1282032000 0 0 0 0
1282024800 0 0 0 0
1282017600 0 0 0 0
1282010400 33 4 697 76
1282003200 138 9 1813 117
1281996000 0 0 0 0
1281988800 0 0 4 4
1281981600 0 0 0 0
1281974400 0 0 0 0
1281967200 0 0 0 0
1281960000 3526 67 70788 1287
1281952800 82 3 1982 80
1281945600 0 0 0 0
1281938400 0 0 0 0
1281931200 26826 1192 112975 4809
1281924000 0 0 0 0
1281916800 0 0 0 0
1281909600 0 0 0 0
1281902400 34 17 316 351
1281895200 1590 332 12369 2659
1281888000 1038 201 13779 3768
1281880800 0 0 0 0
1281873600 0 0 0 0
1281866400 81 3 1952 81
1281859200 0 0 0 0
1281852000 0 0 0 0
1281844800 78 4 1182 53
1281837600 0 0 0 0
1281830400 0 0 0 0
1281823200 0 0 0 0
1281816000 0 0 0 0
1281808800 19043 1145 107861 7883
1281801600 551 75 11614 1723
1281794400 0 0 0 0
1281787200 0 0 0 0
1281780000 83 3 2015 75
1281772800 0 0 0 0
1281765600 0 0 0 0
1281758400 0 0 0 0
1281751200 0 0 0 0
1281744000 0 0 0 0
1281736800 78 6 977 83
1281729600 0 0 0 0
1281722400 0 0 0 0
1281715200 0 0 0 0
1281708000 0 0 2 2
1281700800 0 0 0 0
1281693600 81 3 1955 83
1281686400 0 0 0 0
1281679200 0 0 0 0
1281672000 0 0 0 0
1281664800 24873 1131 198008 5902
1281657600 0 0 0 0
1281650400 0 0 0 0
1281643200 0 0 0 0
1281636000 0 0 0 0
1281628800 0 0 0 0
1281621600 0 0 0 0
1281614400 3810 84 53850 1164
1281607200 105 3 2547 91
1281600000 0 0 0 0
1281592800 0 0 0 0
1281585600 50 23 97 42
1281578400 57 25 110 46
1281571200 261 48 4179 546
1281564000 3 1 74 28
1281556800 0 0 2 4
1281549600 0 0 2 2
1281542400 0 0 0 0
1281535200 266 9 5826 169
1281528000 0 0 0 0
1281520800 0 0 0 0
1281513600 0 0 0 0
1281506400 8810 391 151335 5515
1281499200 0 0 0 0
1281492000 0 0 0 0
1281484800 1 0 51 24
1281477600 762 92 16850 2072
1281470400 0 0 0 0
1281463200 0 0 0 0
1281456000 0 0 0 0
1281448800 0 0 1 2
1281441600 193 7 4575 151
1281434400 105 3 2549 86
1281427200 0 0 0 0
1281420000 0 0 0 0
1281412800 54 15 802 279
1281405600 1386 227 18476 3292
1281398400 0 0 0 0
1281391200 0 0 0 0
1281384000 0 0 0 0
1281376800 0 0 0 0
1281369600 55 4 1251 87
1281362400 0 0 0 0
1281355200 251 8 6046 194
1281348000 80 3 1941 79
1281340800 0 0 0 0
1281333600 0 0 0 0
1281326400 16697 491 262730 5392
1281312000 1507 71 240974 4879
1281225600 3753 136 272922 6296
1281139200 1395 55 128698 4661
1281052800 31 3 3149 405
1280966400 61 2 3614 258
1280880000 11 2 743 156
1280793600 1717 178 124932 4886
1280707200 1708 96 235464 4751
1280620800 2655 123 137586 4657
1280534400 2506 144 181809 5881
1280448000 22 3 1889 98
1280361600 1677 77 119192 4360
1280275200 869 18 138584 3099
1280188800 1545 70 134052 3700
1280102400 2926 82 186250 4747
1280016000 3167 169 117721 5566
1279929600 2457 117 94218 4522
1279843200 11719 292 302972 6377
1279756800 119 20 5467 629
1279670400 138 9 26661 873
1279584000 15 0 2358 222
1279497600 71 9 17402 2183
1279411200 1430 59 151207 4684
1279324800 110 65 5887 1270
1279238400 113 32 9019 1400
1279152000 311 29 41603 1705
1279065600 1790 78 117950 4261
1278979200 39 2 3522 342
1278892800 130 24 12979 1552
1278806400 1506 82 100010 4483
1278720000 1079 57 87537 4255
1278633600 18 0 2227 110
1278547200 81 13 9871 1773
1278460800 267 16 41155 2117
1278374400 948 27 182818 3631
1278288000 2298 108 191630 5612
1278201600 1434 68 129728 4601
1278115200 4497 209 149167 5787
1278028800 1967 81 103358 4180
1277942400 3089 129 210868 5127
1277856000 5191 135 403749 8651
1277769600 2709 117 191993 5366
1277683200 1667 91 144720 3188
1277596800 1675 155 114516 4097
1277510400 6124 200 308813 6722
1277424000 4694 147 360664 6944
1277337600 3989 128 200364 4818
1277251200 1251 46 101472 3557
1277164800 413 22 96420 3557
1277078400 1639 55 130953 3981
1276992000 868 66 99917 2584
1276905600 3650 188 111199 6380
1276819200 2343 94 143501 5037
1276732800 2207 100 114485 3441
1276646400 3282 144 228113 4404
1276560000 2746 102 137633 5011
1276473600 21844 576 240373 7016
1276387200 3813 210 91114 4778
1276300800 2187 83 94426 3895
1276214400 1956 114 118898 5057
1276128000 2396 156 110718 5811
1276041600 3057 130 97034 4759
1275955200 2849 80 174597 5876
1275868800 1758 389 152016 61650
1275782400 1955 78 176822 4636
1275696000 3423 214 117434 3999
1275609600 3 0 1484 72
1275523200 965 38 112648 4308
1275436800 2984 105 145439 3838
1275350400 846 29 111131 3692
1275264000 1087 44 113637 4094
1275177600 4591 172 288612 6635
1275091200 2415 143 112005 6204
1275004800 840 36 81000 3391
1274918400 2820 75 199943 3408
1274832000 490 42 39186 2235
1274745600 7947 216 360132 7347
1274659200 3439 158 106400 3739
1274572800 4983 157 153500 3525
1274486400 9758 251 300148 7406
1274400000 6205 182 99229 2767
1274313600 6844 209 275057 5834
1274227200 2690 105 168565 4639
1274140800 6498 172 291516 6064
1274054400 1830 80 159056 4807
1273968000 43 2 6150 850
1273881600 1643 69 111773 4429
1273795200 1358 62 110940 4892
1273708800 10047 271 353419 7461
1273622400 1713 82 115260 5358
1273536000 5845 156 312727 6627
1273449600 2398 96 126218 5420
1273363200 1766 82 123977 5040
1273276800 1326 60 103129 4187
1273190400 1805 92 102949 4260
1273104000 5521 121 287841 6535
1273017600 3640 116 307610 6396
1272931200 5619 146 298911 6460
1272844800 1211 63 111991 3888
1272758400 2299 121 115936 4781
1272672000 444 43 30258 2638
1272585600 3135 104 283808 5893
1272499200 1181 98 55140 3809
1272412800 1556 79 120061 5900
1272326400 711 44 65114 3253
1272240000 2877 130 220964 4903
1272153600 3052 155 93874 5292
1272067200 4033 160 345799 6909
1271980800 2818 128 112363 6690
1271894400 3558 206 139815 5248
1271808000 2497 136 111182 4905
1271721600 1789 50 227166 4963
1271635200 1390 61 98694 3691
1271548800 866 55 59236 3139
1271462400 4214 179 162626 4400
1271376000 1699 58 127202 3660
1271289600 6919 230 239359 5037
1271203200 1526 65 130468 4198
1271116800 1492 85 152650 4611
1271030400 1847 168 86439 4830
1270944000 742 72 63049 3449
1270857600 3836 136 193607 4892
1270771200 235 37 52731 3327
1270684800 5750 186 245368 5963
1270598400 2133 111 101317 4049
1270512000 1101 45 90615 3595
1270425600 3380 195 127076 5123
1270339200 2732 141 147941 4241
1270252800 10797 352 265758 6117
1270166400 1922 80 189948 4997
1270080000 5884 207 209314 5649
1269993600 1569 92 111656 4277
1269907200 1556 90 77633 4469
1269820800 2194 119 246321 5486
1269734400 2828 272 124340 3868
1269648000 2100 133 133284 7495
1269561600 4845 229 195139 8646
1269475200 8473 359 126738 5792
1269388800 936 79 70855 3598
1269302400 1819 59 135386 3945
1269216000 4728 239 146289 7396
1269129600 1321 94 77997 3694
1269043200 2881 98 278448 6337
1268956800 835 49 73054 4100
1268870400 6228 187 215279 4674
1268784000 1126 59 105669 3692
1268697600 3576 117 318192 6784
1268611200 9530 333 330597 6761
1268524800 4696 133 337520 8814
1268438400 3085 97 331113 7147
1268352000 1603 94 105085 4492
1268265600 7487 337 318915 6615
1268179200 1910 69 145871 3390
1268092800 2537 118 139990 5918
1268006400 9310 256 146779 3245
1267920000 3035 139 132718 4550
1267833600 10608 280 252635 5166
1267747200 2398 92 128005 3953
1267660800 5700 200 297363 6219
1267574400 2201 119 157030 4334
1267488000 1429 66 114940 3473
1267401600 5343 211 148253 5000
1267315200 1956 76 136865 4206
1267228800 1553 70 137695 4429
1267142400 2555 109 150581 4850
1267056000 6878 219 312049 5995
1266969600 2707 108 136977 4879
1266883200 262 16 61929 2401
1266796800 5231 250 147789 4695
1266710400 9517 299 363936 7070
1266624000 77 9 9895 766
1266537600 3041 141 111720 4186
1266451200 11005 533 338944 7283
1266364800 3791 224 153655 4328
1266278400 7 0 1880 272
1266192000 0 0 101 39
1266105600 6471 246 111740 3946
1266019200 1614 88 84154 4893
1265932800 2054 133 116535 3947
1265846400 1990 158 90015 4450
1265760000 103 19 6026 1167
1265673600 14855 382 290305 6324
1265587200 5779 272 136619 5163
1265500800 1860 101 82171 4311
1265414400 1815 93 136309 3580
1265328000 3979 146 155622 5983
1265241600 522 126 22550 3135
1265155200 1876 126 89186 7579
1265068800 208 29 27516 2233
1264982400 4090 204 129889 4540
1264896000 6450 475 88183 5636
1264809600 104 35 10092 1639
1264723200 2817 162 151019 6630
1264636800 2313 119 145327 4755
1264550400 220 20 26683 2172
1264464000 5118 315 235221 8541
1264377600 165 4 23589 701
1264291200 2306 146 94898 3885
1264204800 4257 107 271347 5715
1264118400 4339 209 151176 5526
1264032000 502 38 69035 3578
1263945600 2005 111 118854 4341
1263859200 2872 100 133064 5832
1263772800 1812 128 98783 4910
1263686400 2712 124 125056 4309
1263600000 1834 101 107882 4895
1263513600 2318 96 118393 5525
1263427200 6247 274 142693 5590
1263340800 4792 202 147183 6303
1263254400 1414 75 282884 5903
1263168000 37507 886 316040 8579
1263081600 5219 220 177024 5390
1262995200 4645 165 191584 5957
1262908800 532 18 137918 3545
1262822400 1602 81 137241 5519
1262736000 270 17 16935 889
1262649600 1411 74 108590 5294
1262563200 5115 145 331085 6374
1262476800 149 3 18124 455
1262390400 513 35 35126 1347
1262304000 2149 130 130596 6189
1262217600 93 17 8711 1625
1262131200 2307 75 191968 5068
1262044800 2338 112 163872 5711
1261958400 561 37 68628 1964
1261872000 20376 493 334915 7110
1261785600 491 24 55790 2981
1261699200 2527 135 121639 5262
1261612800 3509 88 320181 6388
1261526400 677 68 58252 5243
1261440000 4004 127 320301 6947
1261353600 2374 128 114490 4129
1261267200 5105 178 130518 4086
1261180800 9038 228 282696 8275
1261094400 2348 97 201943 5360
1261008000 2330 71 227510 6311
1260921600 19589 517 329521 7287
1260835200 1940 85 179082 6779
1260748800 3118 159 105482 3887
1260662400 3933 144 236505 5720
1260576000 779 48 51744 1751
1260489600 2626 124 116285 4062
1260403200 1887 80 137878 5131
1260316800 2426 118 176987 4862
1260230400 7241 199 213502 4411
1260144000 844 45 126646 3860
1260057600 2700 82 297651 6253
1259971200 904 77 31901 1892
1259884800 473 44 27240 1887
1259798400 68 7 8722 1358
1259712000 0 0 0 0
1259625600 0 0 0 0
1259539200 0 0 0 0
1259452800 0 0 0 0
1259366400 0 0 0 0
1259280000 0 0 0 0
1259193600 0 0 0 0
1259107200 0 0 0 0
1259020800 0 0 0 0
1258934400 0 0 0 0
1258848000 0 0 0 0
1258761600 0 0 0 0
1258675200 0 0 0 0
1258588800 0 0 0 0
1258502400 0 0 0 0
1258416000 0 0 0 0
1258329600 0 0 0 0
1258243200 0 0 0 0
1258156800 0 0 0 0
1258070400 0 0 0 0
1257984000 0 0 0 0
1257897600 0 0 0 0
1257811200 0 0 0 0
1257724800 0 0 0 0
1257638400 0 0 0 0
1257552000 0 0 0 0
1257465600 0 0 0 0
1257379200 0 0 0 0
1257292800 4449 91 334315 6626
1257206400 7653 337 271137 20629
1257120000 2688 151 147330 4682
1257033600 1392 61 113587 4368
1256947200 8519 236 349794 7227
1256860800 4335 182 237862 4854
1256774400 3100 90 267528 5315
1256688000 2901 117 174793 5887
1256601600 5746 145 334270 6583
1256515200 3464 101 226267 6068
1256428800 2825 167 151843 4812
1256342400 9328 230 347449 7043
1256256000 554 25 126561 3372
1256169600 1999 117 100370 4104
1256083200 7524 195 333036 6534
1255996800 5470 165 119133 3538
1255910400 569 48 24601 1350
1255824000 1657 59 131804 4497
1255737600 9092 254 261408 6568
1255651200 1397 63 134490 3942
1255564800 2708 113 132250 4542
1255478400 4703 121 136533 2902
1255392000 6930 260 141328 3214
1255305600 1922 83 196226 4400
1255219200 312 51 13651 2521
1255132800 18567 505 349031 8301
1255046400 7103 275 278471 6858
1254960000 12982 492 319707 6722
1254873600 27487 728 314260 6259
1254787200 57091 49925 1088773 1189196
1254700800 10436 346 252517 5371
1254614400 1579 38 258243 5799
1254528000 357 17 26907 1519
1254441600 22 2 2237 392
1254355200 17 0 2202 387
1254268800 188 11 26048 1366
1254182400 0 0 40 34
1254096000 0 0 40 34
1254009600 89 8 14344 881
1253923200 180 10 18097 909
1253836800 250 16 39453 2024
1253750400 25 1 6031 249
1253664000 24568 720 331954 7184
1253577600 1692 136 93787 4266
1253491200 2308 87 174996 5149
1253404800 6172 287 210705 5183
1253318400 2999 105 206326 6201
1253232000 4862 219 120039 4027
1253145600 2181 136 66397 3322
1253059200 3605 133 211386 6286
1252972800 1654 109 100665 5136
1252886400 3193 134 216562 5136
1252800000 6 0 1983 72
1252713600 1062 42 147722 4571
1252627200 3750 101 251051 6862
1252540800 4200 135 208046 5066
1252454400 1065 60 121342 5233
1252368000 1639 83 210154 4701
1252281600 1743 134 145131 4332
1252195200 95 18 8416 1457
1252108800 531 32 107216 2927
1252022400 2845 107 222579 5582
1251936000 2911 124 153882 3447
1251849600 2471 92 251200 7000
1251763200 2812 236 102276 16117
1251676800 3655 410 246367 6289
1251590400 2951 306 75201 4308
1251504000 2579 104 156309 4740
1251417600 247 17 26543 815
1251331200 3362 172 153561 7629
1251244800 5127 154 291070 8131
1251158400 64 9 7998 1058
1251072000 2677 107 253567 5700
1250985600 3718 192 190620 5394
1250899200 2188 93 146777 6404
1250812800 41 5 4832 755
1250726400 1077 62 86472 3316
1250640000 3076 110 201339 4464
1250553600 1871 74 119921 4591
1250467200 4792 217 184266 4549
1250380800 1968 91 127838 3635
1250294400 1457 99 91419 5686
1250208000 783 97 47454 3535
1250121600 5281 265 175570 5820
1250035200 3165 128 191175 5155
1249948800 2959 98 252331 5775
1249862400 6443 431 283785 7582
1249776000 2010 113 78548 5050
1249689600 470 31 52673 1429
1249603200 4604 187 262471 5768
1249516800 2554 167 131340 5745
1249430400 607 77 84919 8846
1249344000 1710 81 244455 6323
1249257600 3153 145 254771 6154
1249171200 5284 262 332129 8155
1249084800 4699 182 269693 6625
1248998400 5544 197 291511 7120
1248912000 4563 151 230371 5082
1248825600 9964 296 295059 6401
1248739200 1940 66 204170 5863
1248652800 4197 151 308889 6429
1248566400 6391 400 321187 21965
1248480000 164 49 6450 1693
1248393600 1310 92 189450 6343
1248307200 3925 138 206482 5740
1248220800 5194 190 176235 5110
1248134400 281 51 29078 3998
1248048000 6814 259 319206 7166
1247961600 7084 231 194791 5044
1247875200 3066 132 251980 5496
1247788800 6578 214 211723 5715
1247702400 5435 207 285681 7586
1247616000 3516 144 285681 7586
1247529600 6186 165 308810 6381
1247443200 5608 351 320286 7229
1247356800 4145 321 155587 5022
1247270400 8996 463 315867 7051
1247184000 5613 355 175544 6602
1247097600 3466 126 236636 6573
1247011200 4443 195 298682 6389
1246924800 5389 168 365228 7398
1246838400 9085 233 286171 5702
1246752000 3032 158 178537 4887
1246665600 10174 356 263691 7241
1246579200 8452 265 367152 9275
1246492800 8783 232 363434 8384
1246406400 4689 129 294256 5842
1246320000 433 16 87100 2732
1246233600 10650 321 307070 6773
1246147200 12977 444 309402 5935
1246060800 4406 187 233752 7196
1245974400 6389 192 268733 6818
1245888000 2599 230 131007 32571
1245801600 2010 107 148199 4355
1245715200 135 9 15231 1036
1245628800 10823 299 368818 8237
1245542400 3473 129 195744 5040
1245456000 3960 135 180090 4429
1245369600 3294 127 221403 7147
1245283200 4130 122 222896 5262
1245196800 3104 103 254582 5034
1245110400 1249 41 280236 7237
1245024000 3879 127 118476 3285
1244937600 5060 201 290375 5627
1244851200 4199 247 173837 6060
1244764800 6798 429 230408 22175
1244678400 1604 166 160658 18656
1244592000 2588 119 127115 5200
1244505600 2910 96 250238 7209
1244419200 2117 145 122348 4780
1244332800 3907 148 197366 4987
1244246400 8451 241 201961 5980
1244160000 3059 71 135257 3352
1244073600 7874 213 319949 7418
1243987200 2486 81 195289 4296
1243900800 3806 143 298373 7502
1243814400 5214 201 246747 6213
1243728000 10020 292 321758 6398
1243641600 6003 220 264570 7973
1243555200 1 0 655 66
1243468800 0 0 0 0
1243382400 0 0 0 0
1243296000 0 0 0 0
1243209600 0 0 0 0
1243123200 0 0 0 0
1243036800 0 0 0 0
1242950400 0 0 0 0
1242864000 0 0 0 0
1242777600 0 0 0 0
1242691200 0 0 0 0
1242604800 0 0 0 0
1242518400 0 0 0 0
1242432000 0 0 0 0
1242345600 0 0 0 0
1242259200 0 0 0 0
1242172800 0 0 0 0
1242086400 0 0 0 0
1242000000 0 0 0 0
1241913600 0 0 0 0
1241827200 14224 338 370622 8848
1241740800 4702 141 327653 8649
1241654400 1752 75 196607 4263
1241568000 6077 184 367029 8885
1241481600 4609 108 136224 2524
1241395200 3412 186 348014 7921
1241308800 8010 290 272492 7317
1241222400 16921 496 254493 7781
1241136000 12198 345 364276 6522
1241049600 3540 110 206486 3941
1240963200 10507 282 335455 7410
1240876800 4538 148 367793 7023
1240790400 1269 110 107275 2806
1240704000 5528 214 302230 6599
1240617600 6972 174 371423 9090
1240531200 2244 99 294577 7478
1240444800 479 71 20653 2078
1240358400 10536 393 355353 6835
1240272000 5908 194 217197 6888
1240185600 2636 147 252451 5734
1240099200 5362 262 214444 6722
1240012800 9222 261 360889 8396
1239926400 10318 276 346420 6457
1239840000 7727 195 362740 6918
1239753600 9047 214 365884 7744
1239667200 4127 111 371204 7051
1239580800 8560 270 362854 7216
1239494400 3721 113 368223 6727
1239408000 13782 409 370373 7291
1239321600 15767 450 236150 6495
1239235200 3316 99 293934 6534
1239148800 9367 220 350710 6596
1239062400 5900 301 275367 6255
1238976000 4508 218 240197 7524
1238889600 5115 238 214323 7339
1238803200 4947 244 306507 6656
1238716800 7919 241 365291 6544
1238630400 2621 152 113175 4576
1238544000 1522 65 216931 6471
1238457600 3302 151 182273 5787
1238371200 5585 330 241385 4974
1238284800 4014 205 355300 8658
1238198400 9783 310 267070 7458
1238112000 4076 124 251257 5927
1238025600 1206 62 250121 6175
1237939200 9661 386 343856 7387
1237852800 2358 110 225799 5478
1237766400 2911 103 321882 7383
1237680000 5411 186 302203 8544
1237593600 5477 198 177625 5310
1237507200 275 28 32252 1028
1237420800 2112 73 186016 6111
1237334400 542 44 80154 1928
1237248000 2816 164 207392 6578
1237161600 7157 296 283898 8013
1237075200 143 12 14343 1402
1236988800 1991 65 244361 5856
1236902400 320 30 29629 1686
1236816000 2071 74 283575 5828
1236729600 172 29 8667 1059
1236643200 1692 63 252837 7387
1236556800 5948 287 327085 8368
1236470400 2190 82 217562 4927
1236384000 3058 93 325439 6374
1236297600 1081 49 169548 5497
1236211200 1004 66 204408 7191
1236124800 2233 97 261290 7024
1236038400 621 43 117933 5075
1235952000 2018 90 219022 3974
1235865600 3146 97 302511 7729
1235779200 2265 97 179594 4799
1235692800 331 44 27073 1426
1235606400 6779 345 290890 6223
1235520000 2904 156 101087 4065
1235433600 0 0 26 30
1235347200 0 0 25 29
1235260800 4487 256 180299 6055
1235174400 3989 167 260891 7951
1235088000 401 44 26629 2305
1235001600 2490 136 183427 5315
1234915200 4997 154 300632 7548
1234828800 103 17 14736 2120
1234742400 3312 147 311575 6307
1234656000 7544 296 289328 8030
1234569600 2351 96 320218 13462
1234483200 208 15 31190 1123
1234396800 5990 219 279730 8268
1234310400 108 18 11869 1696
1234224000 2693 116 268355 7764
1234137600 4639 219 185023 6576
1234051200 6166 219 269540 7345
1233964800 2129 96 162374 5907
1233878400 19 1 5743 1137
1233792000 1499 77 208496 6755
1233705600 162 25 13666 2201
1233619200 3969 129 156554 5330
1233532800 147 27 13408 2117
1233446400 4 0 1862 77
1233360000 2717 133 171373 4317
1233273600 1256 58 52547 3385
1233187200 3889 106 120830 3041
1233100800 637 47 90632 2096
1233014400 143 19 12024 1229
1232928000 3610 141 261502 6725
1232841600 2328 67 208744 6156
1232755200 655 74 62503 1682
1232668800 137 31 6642 1327
1232582400 1242 77 165178 6206
1232496000 2650 118 210008 7454
1232409600 1351 56 154638 4932
1232323200 1027 59 124939 4179
1232236800 0 0 24 29
1232150400 1811 102 115126 3143
1232064000 3207 129 198718 5326
1231977600 1464 58 114502 3831
1231891200 1978 92 186492 4575
1231804800 3956 121 182790 4717
1231718400 2415 154 156149 5159
1231632000 2629 144 345186 7131
1231545600 2750 136 180052 5397
1231459200 1850 85 180052 5397
1231372800 552 71 41512 2393
1231286400 2835 124 171561 4022
1231200000 5492 173 320392 6558
1231113600 3469 194 215449 5586
1231027200 3432 132 182362 5535
1230940800 3028 117 236806 4876
1230854400 1883 122 117648 3175
1230768000 1810 110 111438 4046
1230681600 444 66 37604 1741
1230595200 0 0 0 0
1230508800 0 0 0 0
1230422400 0 0 0 0
1230336000 0 0 0 0
1230249600 0 0 0 0
1230163200 0 0 0 0
1230076800 7 0 1705 147
1229990400 6 0 1821 66
1229904000 2594 132 154632 5322
1229817600 2096 164 134351 5654
1229731200 5717 302 231814 4936
1229644800 1954 173 156280 6162
1229558400 2883 268 132687 5200
1229472000 1906 308 126305 4043
1229385600 3285 165 211029 4849
1229299200 3757 200 264836 5445
1229212800 5744 222 186102 6925
1229126400 1201 221 76184 2703
1229040000 5068 385 159424 5874
1228953600 1692 95 205802 6915
1228867200 4505 167 362951 7683
1228780800 1640 65 181249 4120
1228694400 3157 166 202924 4663
1228608000 3244 103 277821 7087
1228521600 6350 251 275522 7495
1228435200 68 14 3341 819
1228348800 3133 107 218544 5291
1228262400 66 29 3771 1092
1228176000 6399 185 349141 7174
1228089600 491 57 44203 3233
1228003200 2437 97 193514 5976
1227916800 4435 169 209252 6386
1227830400 176 23 10227 1387
1227744000 998 57 78928 4131
1227657600 799 22 123654 3155
1227571200 176 27 10138 1494
1227484800 2388 119 184394 5413
1227398400 0 0 24 29
1227312000 1248 73 83762 2164
1227225600 5549 170 337904 9415
1227139200 1821 67 154816 5833
1227052800 207 40 30709 1110
1226966400 2299 64 151811 3818
1226880000 2074 74 189073 4305
1226793600 4144 132 179787 5375
1226707200 3172 103 246450 6297
1226620800 2996 89 245126 6108
1226534400 3004 120 220976 5972
1226448000 1745 66 145611 4425
1226361600 145 11 30386 654
1226275200 6814 194 249427 5819
1226188800 2734 189 265655 18152
1226102400 1755 163 167835 15795
1226016000 2200 56 181081 3743
1225929600 2623 78 280024 5935
1225843200 1714 45 170623 4454
1225756800 2656 94 123417 4188
1225670400 285 35 30168 1794
1225584000 3414 110 167791 4761
1225497600 44 4 6443 960
1225411200 1381 39 176501 4529
1225324800 2627 106 138180 4529
1225238400 2348 55 243873 4269
1225152000 1399 65 162984 4828
1225065600 12239 335 361208 7915
1224979200 302 26 35532 2565
1224892800 1225 44 111823 2424
1224806400 306 12 70117 1715
1224720000 2391 87 155664 4615
1224633600 108 11 20668 832
1224547200 2796 100 142378 6108
1224460800 479 49 37615 2391
1224374400 11266 284 252284 5245
1224288000 3965 129 136208 4704
1224201600 1100 96 62197 3615
1224115200 791 30 224343 8650
1224028800 114 15 10664 1464
1223942400 1339 69 82751 5239
1223856000 679 90 40440 3358
1223769600 2154 82 222926 5767
1223683200 547 71 49864 2023
1223596800 196 31 26778 2209
1223510400 185 32 13780 1403
1223424000 4348 195 200118 7654
1223337600 2830 148 210705 7596
1223251200 536 89 36862 2172
1223164800 3454 129 216102 7224
1223078400 3152 109 268135 6972
1222992000 2259 72 225138 5704
1222905600 3494 110 176924 4433
1222819200 130 47 9365 481
1222732800 2998 108 148957 4149
1222646400 200 42 20378 2632
1222560000 6432 211 330281 7954
1222473600 1461 101 104563 3669
1222387200 2527 99 125682 4224
1222300800 146 14 31310 1077
1222214400 0 0 4597 543
1222128000 105 29 7562 1689
1222041600 2239 180 155804 3542
1221955200 1452 55 184299 5491
1221868800 947 46 105660 4651
1221782400 920 70 72682 2933
1221696000 1341 52 105972 3282
1221609600 1448 55 110236 3749
1221523200 1694 80 129943 4752
1221436800 2643 126 230292 5444
1221350400 3202 132 182913 5110
1221264000 190 22 18572 2777
1221177600 440 26 96870 3120
1221091200 3234 138 142886 4733
1221004800 1629 247 1195944 1196017
1220918400 55 7 6769 990
1220832000 1805 210 123157 31115
1220745600 2473 123 132658 3702
1220659200 476 50 62865 3437
1220572800 42 9 5845 1326
1220486400 2816 85 132464 3616
1220400000 1495 55 164153 3639
1220313600 127 43 8467 1302
1220227200 1908 90 113603 3014
1220140800 852 50 56902 2533
1220054400 2689 130 120426 4020
1219968000 13 3 1227 254
1219881600 2430 87 140031 3944
1219795200 1894 74 86387 2661
1219708800 3038 89 122958 2793
1219622400 310 43 19665 2341
1219536000 1329 95 103681 2689
1219449600 1711 59 80320 2083
1219363200 1062 43 75796 2691
1219276800 1243 43 120179 2879
1219190400 1982 77 93434 3448
1219104000 1404 44 84010 2603
1219017600 2506 89 152108 3800
1218931200 4457 173 189963 4633
1218844800 68 38 3604 858
1218758400 61 9 9119 1826
1218672000 1949 66 125996 3934
1218585600 835 40 77261 3044
1218499200 1566 43 213023 4685
1218412800 405 31 72904 2515
1218326400 2102 59 151443 3990
1218240000 98 12 4959 887
1218153600 2692 86 152713 3674
