1286998555 396925 95603
1286998555 0 0 0 0
1286910312 190 50 190 50
1286910300 190 50 190 50
1286910000 181 47 190 50
1286909700 0 0 0 0
1286909400 0 0 14 4
1286909100 13 3 14 4
1286908800 0 0 0 0
1286908500 0 0 17 4
1286908200 16 3 17 4
1286907900 3 1 4 1
1286907600 3 1 14 4
1286907300 13 3 14 4
1286907000 3 2 4 3
1286906700 3 1 15 4
1286906400 19 5 115 35
1286906100 115 35 116 37
1286905800 112 35 116 37
1286905500 19 4 20 5
1286905200 3 2 9 10
1286904900 10 11 59 53
1286904600 57 51 59 53
1286904300 9 11 10 12
1286904000 7 7 30 17
1286903700 29 16 30 17
1286903400 21 11 22 12
1286903100 8 7 18 8
1286902800 17 7 18 7
1286902500 9 6 10 7
1286902200 3 1 6 2
1286901900 5 2 6 3
1286901600 4 3 12 3
1286901300 12 3 16 5
1286901000 16 5 17 15
1286900700 19 16 72 44
1286900400 69 42 72 44
1286900100 8 8 28 9
1286899800 27 7 28 17
1286899500 24 16 36 17
1286899200 37 14 84 45
1286898900 81 43 84 45
1286898600 23 6 24 7
1286898300 8 2 9 3
1286898000 3 1 6 2
1286897700 11 3 142 34
1286897400 144 35 198 73
1286897100 192 70 198 73
1286896800 45 13 135 49
1286896500 135 48 135 49
1286896200 130 33 135 35
1286895900 31 8 32 10
1286895600 30 9 32 10
1286895300 3 1 3 1
1286895000 3 1 15 3
1286894700 14 2 15 3
1286894400 3 1 3 1
1286894100 3 1 19 4
1286893800 18 3 19 4
1286893500 3 1 3 1
1286893200 3 1 5 2
1286892900 4 1 5 2
1286892600 3 1 3 1
1286892300 3 1 16 4
1286892000 15 3 16 4
1286891700 3 1 3 1
1286891400 3 1 3 1
1286891100 3 1 3 1
1286890800 3 1 4 1
1286890500 4 1 15 4
1286890200 14 3 15 4
1286889900 3 1 4 1
1286889600 3 1 4 1
1286889300 3 1 3 3
1286889000 3 2 3 3
1286888700 3 1 15 4
1286888400 14 3 15 4
1286888100 3 1 3 1
1286887800 3 1 17 3
1286887500 16 2 17 3
1286887200 3 1 3 1
1286886900 3 1 5 2
1286886600 5 2 19 4
1286886300 18 3 19 4
1286886000 0 0 13 2
1286885700 17 7 113 146
1286885400 127 171 522 836
1286885100 503 805 522 836
1286884800 9 1 10 2
1286884500 0 0 0 0
1286884200 0 0 3 1
1286883900 2 0 3 1
1286883600 0 0 0 0
1286883300 0 0 12 2
1286883000 11 1 12 2
1286882700 0 0 0 0
1286882400 0 0 1 0
1286882100 0 0 1 3
1286881800 0 2 3 3
1286881500 3 0 11 2
1286881200 10 1 11 2
1286880900 0 0 6 2
1286880600 5 1 6 2
1286880300 0 0 1 0
1286880000 0 0 0 0
1286879700 0 0 15 3
1286879400 14 2 15 3
1286879100 0 0 0 0
1286878800 0 0 1 0
1286878500 0 0 1 0
1286878200 0 0 0 0
1286877900 0 0 10 2
1286877600 9 1 10 2
1286877300 0 0 0 0
1286877000 0 0 2 3
1286876700 1 2 2 3
1286876400 0 0 0 0
1286876100 0 0 12 2
1286875800 11 1 12 2
1286875500 0 0 0 0
1286875200 0 0 2 1
1286874900 1 0 2 1
1286874600 0 0 0 0
1286874300 0 0 11 2
1286874000 10 1 11 2
1286873700 0 0 0 0
1286873400 0 0 12 2
1286873100 11 1 12 2
1286872800 0 0 0 0
1286872500 0 0 1 0
1286872200 0 0 1 3
1286871900 0 2 0 3
1286871600 0 0 12 2
1286871300 11 1 12 2
1286871000 0 0 0 0
1286870700 0 0 12 3
1286870400 11 2 12 3
1286870100 0 0 0 0
1286869800 0 0 1 0
1286869500 0 0 1 0
1286869200 0 0 0 0
1286868900 0 0 13 3
1286868600 12 2 13 3
1286868300 0 0 0 0
1286868000 0 0 14 2
1286867700 13 1 14 2
1286867400 0 0 0 0
1286867100 0 0 11 4
1286866800 10 3 11 4
1286866500 0 0 0 0
1286866200 0 0 3 1
1286865900 2 0 3 1
1286865600 0 0 0 0
1286865300 0 0 12 2
1286865000 11 1 12 2
1286864700 0 0 0 0
1286864400 0 0 11 2
1286864100 10 1 11 2
1286863800 0 0 0 0
1286863500 0 0 2 1
1286863200 1 0 2 1
1286862900 0 0 0 0
1286862600 0 0 14 5
1286862300 13 4 14 5
1286862000 0 0 0 0
1286861700 0 0 10 2
1286861400 9 1 10 2
1286861100 0 0 0 0
1286860800 0 0 2 1
1286860500 1 0 2 1
1286860200 0 0 0 0
1286859900 0 0 12 2
1286859600 11 1 12 2
1286859300 0 0 0 0
1286859000 0 0 12 2
1286858700 11 1 12 2
1286858400 0 0 0 0
1286858100 0 0 3 2
1286857800 2 2 3 2
1286857500 0 1 0 2
1286857200 0 0 12 3
1286856900 11 2 12 3
1286856600 0 0 0 0
1286856300 0 0 1 0
1286856000 0 0 1 0
1286855700 0 0 0 0
1286855400 1 0 36 8
1286855100 34 7 36 8
1286854800 3 1 4 2
1286854500 3 1 4 1
1286854200 3 1 4 1
1286853900 3 1 3 1
1286853600 3 1 14 3
1286853300 13 3 14 4
1286853000 3 3 4 4
1286852700 3 1 18 4
1286852400 17 3 18 4
1286852100 3 1 3 1
1286851800 3 1 3 1
1286851500 3 1 4 2
1286851200 4 2 15 3
1286850900 14 3 15 3
1286850600 13 2 14 3
1286850300 5 1 63 23
1286850000 64 23 92 26
1286849700 91 25 92 26
1286849400 62 21 65 22
1286849100 3 1 4 1
1286848800 5 2 45 34
1286848500 45 33 57 34
1286848200 57 16 78 37
1286847900 83 38 235 85
1286847600 245 88 485 165
1286847300 474 161 485 165
1286847000 199 77 212 79
1286846700 206 76 212 79
1286846400 49 17 51 18
1286846100 14 5 15 6
1286845800 21 8 304 114
1286845500 293 109 304 114
1286845200 3 1 4 2
1286844900 3 1 7 4
1286844600 7 3 13 4
1286844300 12 3 13 4
1286844000 3 3 4 4
1286843700 3 1 18 4
1286843400 17 4 18 8
1286843100 14 7 34 8
1286842800 36 8 115 52
1286842500 115 51 129 52
1286842200 131 29 189 48
1286841900 186 47 189 48
1286841600 123 34 126 35
1286841300 63 18 87 34
1286841000 87 34 113 43
1286840700 117 44 222 81
1286840400 217 78 222 81
1286840100 85 23 88 24
1286839800 13 4 14 5
1286839500 0 0 0 3
1286839200 0 3 12 3
1286838900 11 3 12 3
1286838600 1 3 13 11
1286838300 12 10 13 11
1286838000 8 4 166 93
1286837700 161 90 166 93
1286837400 42 26 44 28
1286837100 10 1 11 2
1286836800 0 0 0 0
1286836500 0 0 13 2
1286836200 12 1 13 2
1286835900 0 0 0 0
1286835600 0 0 1 0
1286835300 0 0 1 0
1286835000 0 0 0 0
1286834700 0 0 15 3
1286834400 14 2 15 3
1286834100 0 0 0 3
1286833800 0 3 13 3
1286833500 12 2 13 3
1286833200 0 0 0 0
1286832900 0 0 1 0
1286832600 0 0 1 0
1286832300 0 0 0 0
1286832000 0 0 13 2
1286831700 12 1 13 2
1286831400 0 0 0 0
1286831100 0 0 12 2
1286830800 11 1 12 2
1286830500 1 1 38 53
1286830200 36 51 38 53
1286829900 3 2 4 3
1286829600 1 1 41 29
1286829300 40 29 41 29
1286829000 28 29 29 29
1286828700 22 29 23 36
1286828400 19 36 52 53
1286828100 50 51 52 53
1286827800 10 4 24 12
1286827500 28 13 149 62
1286827200 148 63 149 104
1286826900 122 101 125 104
1286826600 58 47 93 48
1286826300 92 26 93 46
1286826000 81 44 84 46
1286825700 3 1 20 7
1286825400 19 6 20 7
1286825100 3 1 3 1
1286824800 3 1 3 1
1286824500 3 1 3 1
1286824200 3 1 3 1
1286823900 10 3 189 62
1286823600 182 59 189 62
1286823300 4 1 33 18
1286823000 33 17 37 18
1286822700 41 7 156 47
1286822400 159 47 242 70
1286822100 233 67 242 70
1286821800 16 5 17 6
1286821500 3 1 3 1
1286821200 3 1 16 3
1286820900 15 2 16 3
1286820600 5 2 41 13
1286820300 40 12 41 13
1286820000 13 6 14 7
1286819700 5 1 22 7
1286819400 22 7 22 7
1286819100 21 6 22 7
1286818800 8 3 9 4
1286818500 8 2 106 46
1286818200 106 46 114 49
1286817900 110 47 114 49
1286817600 5 2 26 9
1286817300 25 8 26 9
1286817000 15 6 17 7
1286816700 16 7 17 7
1286816400 12 6 13 7
1286816100 3 1 27 10
1286815800 39 13 370 104
1286815500 355 100 370 104
1286815200 16 7 101 22
1286814900 97 21 101 22
1286814600 8 4 52 22
1286814300 55 22 134 34
1286814000 129 32 134 34
1286813700 16 4 17 5
1286813400 10 4 11 5
1286813100 6 3 85 22
1286812800 88 22 180 42
1286812500 178 41 180 42
1286812200 122 39 128 41
1286811900 0 0 0 0
1286811600 0 0 10 5
1286811300 10 5 23 5
1286811000 22 5 23 8
1286810700 15 7 16 8
1286810400 15 6 27 9
1286810100 26 8 27 9
1286809800 9 4 11 6
1286809500 14 7 115 41
1286809200 124 44 361 117
1286808900 350 113 361 117
1286808600 75 28 98 29
1286808300 103 31 251 91
1286808000 241 87 251 91
1286807700 24 8 25 9
1286807400 13 6 22 8
1286807100 21 7 22 8
1286806800 8 3 28 10
1286806500 27 9 28 10
1286806200 14 7 15 8
1286805900 13 4 26 9
1286805600 25 8 26 9
1286805300 20 8 121 35
1286805000 127 37 299 91
1286804700 288 87 299 91
1286804400 9 4 9 4
1286804100 9 4 28 9
1286803800 29 9 70 19
1286803500 68 18 70 19
1286803200 27 7 29 8
1286802900 2 0 3 1
1286802600 0 0 4 1
1286802300 9 1 141 25
1286802000 135 24 141 25
1286801700 3 1 4 1
1286801400 32 30 787 798
1286801100 758 768 787 798
1286800800 0 2 0 3
1286800500 0 0 1 0
1286800200 0 0 1 0
1286799900 0 0 0 0
1286799600 0 0 14 2
1286799300 13 1 14 2
1286799000 0 0 0 0
1286798700 0 0 12 3
1286798400 11 2 12 3
1286798100 0 0 0 0
1286797800 0 0 1 1
1286797500 0 0 1 1
1286797200 0 0 0 0
1286796900 0 0 12 2
1286796600 11 1 12 2
1286796300 0 0 0 0
1286796000 0 0 2 1
1286795700 1 0 2 1
1286795400 0 0 3 3
1286795100 3 3 18 4
1286794800 17 3 18 4
1286794500 0 0 0 0
1286794200 0 0 3 1
1286793900 2 0 3 1
1286793600 0 0 0 0
1286793300 0 0 12 2
1286793000 11 1 12 2
1286792700 0 0 0 0
1286792400 0 0 12 2
1286792100 11 1 12 2
1286791800 0 0 0 0
1286791500 0 0 1 0
1286791200 0 0 1 0
1286790900 0 0 0 0
1286790600 0 0 11 5
1286790300 10 4 11 5
1286790000 0 0 0 0
1286789700 0 0 14 3
1286789400 13 2 14 3
1286789100 0 0 0 0
1286788800 0 0 1 0
1286788500 0 0 1 0
1286788200 0 0 0 0
1286787900 0 0 14 2
1286787600 13 1 14 2
1286787300 0 0 0 0
1286787000 0 0 12 2
1286786700 11 1 12 2
1286786400 0 0 0 0
1286786100 0 0 1 0
1286785800 0 0 1 3
1286785500 0 2 0 3
1286785200 0 0 13 3
1286784900 12 2 13 3
1286784600 0 0 0 0
1286784300 0 0 9 2
1286784000 8 1 9 2
1286783700 0 0 0 0
1286783400 0 0 1 1
1286783100 0 0 1 1
1286782800 0 0 0 0
1286782500 0 0 9 2
1286782200 8 1 9 2
1286781900 0 0 0 0
1286781600 0 0 2 1
1286781300 1 0 2 1
1286781000 0 0 0 3
1286780700 0 2 11 3
1286780400 10 1 11 2
1286780100 0 0 0 0
1286779800 0 0 11 2
1286779500 10 1 11 2
1286779200 0 0 0 0
1286778900 0 0 1 0
1286778600 0 0 1 0
1286778300 0 0 0 0
1286778000 0 0 10 2
1286777700 9 1 10 2
1286777400 0 0 0 0
1286777100 0 0 13 2
1286776800 12 1 13 2
1286776500 0 0 0 0
1286776200 0 0 4 3
1286775900 3 2 4 3
1286775600 0 0 0 0
1286775300 0 0 9 2
1286775000 8 1 9 2
1286774700 0 0 0 0
1286774400 0 0 10 2
1286774100 9 1 10 2
1286773800 0 0 0 0
1286773500 0 0 1 0
1286773200 0 0 1 0
1286772900 0 0 0 0
1286772600 0 0 13 2
1286772300 12 1 13 2
1286772000 0 0 0 0
1286771700 0 0 12 5
1286771400 11 4 12 5
1286771100 0 0 0 0
1286770800 0 0 1 0
1286770500 0 0 1 0
1286770200 0 0 0 0
1286769900 0 0 12 3
1286769600 11 2 12 3
1286769300 0 0 0 0
1286769000 0 0 1 0
1286768700 0 0 1 0
1286768400 2 0 79 25
1286768100 81 26 142 52
1286767800 146 53 235 76
1286767500 226 73 235 76
1286767200 0 0 1 3
1286766900 0 2 1 3
1286766600 0 0 0 0
1286766300 0 0 11 3
1286766000 10 2 11 3
1286765700 0 0 0 0
1286765400 0 0 1 0
1286765100 0 0 1 0
1286764800 0 0 12 12
1286764500 12 12 22 13
1286764200 22 13 26 22
1286763900 27 21 59 22
1286763600 56 16 59 17
1286763300 10 3 168 65
1286763000 161 62 168 65
1286762700 0 0 2 3
1286762400 1 2 2 3
1286762100 0 0 0 0
1286761800 0 0 12 2
1286761500 11 1 12 2
1286761200 0 0 0 0
1286760900 0 0 1 1
1286760600 0 0 1 1
1286760300 0 0 0 0
1286760000 0 0 11 2
1286759700 10 1 11 2
1286759400 0 0 0 0
1286759100 0 0 2 1
1286758800 1 0 2 1
1286758500 0 0 0 0
1286758200 0 0 10 5
1286757900 9 4 10 5
1286757600 0 0 0 0
1286757300 0 0 1 0
1286757000 1 0 1 1
1286756700 0 0 1 1
1286756400 0 0 14 3
1286756100 13 2 14 3
1286755800 0 0 1 1
1286755500 0 0 15 2
1286755200 14 1 15 2
1286754900 0 0 1 1
1286754600 12 3 313 87
1286754300 301 83 313 87
1286754000 6 2 7 3
1286753700 7 3 16 7
1286753400 15 6 16 7
1286753100 7 3 8 3
1286752800 7 3 8 3
1286752500 7 2 8 3
1286752200 5 2 9 3
1286751900 9 3 18 5
1286751600 17 4 18 5
1286751300 9 3 10 3
1286751000 6 3 18 5
1286750700 17 4 18 5
1286750400 5 2 6 3
1286750100 6 3 7 3
1286749800 7 3 8 3
1286749500 7 2 8 3
1286749200 5 2 21 8
1286748900 20 7 21 8
1286748600 5 2 8 3
1286748300 8 3 9 4
1286748000 12 4 84 20
1286747700 81 19 84 20
1286747400 6 2 19 5
1286747100 19 5 32 11
1286746800 31 10 32 11
1286746500 6 2 7 3
1286746200 6 2 7 3
1286745900 6 2 7 3
1286745600 6 2 20 6
1286745300 19 5 20 6
1286745000 6 2 6 3
1286744700 6 3 8 6
1286744400 8 6 17 6
1286744100 16 5 17 6
1286743800 10 4 20 5
1286743500 19 4 20 5
1286743200 6 2 6 3
1286742900 6 3 6 3
1286742600 6 3 7 3
1286742300 9 3 68 22
1286742000 66 21 68 22
1286741700 19 4 20 5
1286741400 9 3 10 4
1286741100 6 3 11 5
1286740800 10 4 11 5
1286740500 9 3 10 3
1286740200 8 3 21 8
1286739900 21 8 24 8
1286739600 23 7 24 8
1286739300 7 3 16 5
1286739000 15 4 16 5
1286738700 6 3 8 3
1286738400 7 3 8 3
1286738100 6 3 7 3
1286737800 6 3 6 3
1286737500 6 3 20 5
1286737200 19 4 20 5
1286736900 9 3 10 3
1286736600 7 3 17 5
1286736300 16 4 17 5
1286736000 7 3 8 3
1286735700 7 3 9 3
1286735400 8 3 9 6
1286735100 8 5 8 6
1286734800 8 3 21 5
1286734500 24 5 104 28
1286734200 100 27 104 28
1286733900 9 4 18 5
1286733600 17 5 18 6
1286733300 22 9 168 114
1286733000 161 109 168 114
1286732700 0 0 1 0
1286732400 0 0 0 0
1286732100 0 0 27 5
1286731800 25 4 27 5
1286731500 0 0 0 0
1286731200 0 0 0 0
1286730900 16 9 440 247
1286730600 406 359 440 482
1286730000 22 5 40 12
1286728200 25 6 103 35
1286726400 26 8 103 35
1286724600 7 2 29 8
1286722800 10 2 29 9
1286721000 8 2 18 7
1286719200 7 2 19 6
1286717400 6 2 15 6
1286715600 12 2 49 10
1286713800 12 2 36 11
1286712000 7 2 26 9
1286710200 6 1 16 4
1286708400 25 1 126 12
1286706600 3 1 15 3
1286704800 5 1 19 5
1286703000 6 1 30 5
1286701200 3 1 14 3
1286699400 4 1 17 6
1286697600 4 1 16 3
1286695800 5 1 16 4
1286694000 3 1 15 4
1286692200 4 1 13 3
1286690400 6 1 17 4
1286688600 5 1 20 4
1286686800 5 1 20 4
1286685000 53 22 155 83
1286683200 33 8 155 38
1286681400 35 9 167 49
1286679600 2 0 12 2
1286677800 1 0 11 3
1286676000 3 0 12 2
1286674200 8 2 26 7
1286672400 19 7 73 33
1286670600 18 3 95 23
1286668800 18 4 95 23
1286667000 4 1 14 3
1286665200 4 1 18 4
1286663400 3 1 16 4
1286661600 5 1 16 3
1286659800 4 1 14 4
1286658000 4 1 14 3
1286656200 4 1 17 6
1286654400 5 1 17 6
1286652600 5 1 15 3
1286650800 5 1 18 7
1286649000 4 1 16 3
1286647200 114 91 587 510
1286645400 126 43 310 121
1286643600 2 0 14 3
1286641800 3 0 14 3
1286640000 1 0 14 2
1286638200 1 0 14 3
1286636400 2 0 14 2
1286634600 1 0 14 3
1286632800 3 0 14 3
1286631000 3 0 196 46
1286629200 111 87 413 469
1286627400 0 0 13 2
1286625600 2 0 13 3
1286623800 1 0 23 7
1286622000 3 1 23 7
1286620200 3 0 16 3
1286618400 0 0 12 5
1286616600 4 0 22 3
1286614800 2 0 13 4
1286613000 2 0 12 4
1286611200 1 0 13 3
1286609400 0 0 12 3
1286607600 1 0 11 2
1286605800 1 0 11 2
1286604000 0 0 10 2
1286602200 1 0 13 3
1286600400 1 0 12 3
1286598600 1 0 12 2
1286596800 144 70 455 296
1286595000 23 8 66 21
1286593200 117 157 673 936
1286591400 4 1 14 6
1286589600 4 1 15 4
1286587800 4 1 15 5
1286586000 5 1 15 3
1286584200 4 1 16 4
1286582400 9 3 33 19
1286580600 14 7 62 41
1286578800 6 1 49 31
1286577000 10 5 49 31
1286575200 10 4 163 87
1286573400 32 16 163 87
1286571600 61 19 163 53
1286569800 5 1 16 3
1286568000 4 1 17 3
1286566200 5 1 17 3
1286564400 5 1 17 3
1286562600 4 1 15 4
1286560800 5 1 15 3
1286559000 3 1 17 5
1286557200 5 1 17 5
1286555400 4 1 13 3
1286553600 4 1 15 4
1286551800 4 1 17 4
1286550000 5 1 17 4
1286548200 6 1 17 4
1286546400 4 1 15 6
1286544600 4 1 18 4
1286542800 7 1 18 4
1286541000 5 1 18 5
1286539200 29 4 146 25
1286537400 6 1 156 35
1286535600 25 5 156 35
1286533800 1 0 10 3
1286532000 1 0 13 2
1286530200 8 0 53 10
1286528400 0 0 0 0
1286526600 0 0 0 0
1286524800 0 0 0 0
1286523000 0 0 0 0
1286521200 0 0 0 0
1286519400 0 0 0 0
1286517600 0 0 13 2
1286515800 2 0 14 3
1286514000 3 6 16 37
1286512200 86 79 317 361
1286510400 48 18 422 112
1286508600 257 128 795 546
1286506800 364 272 1003 810
1286505000 165 164 539 793
1286503200 61 23 538 609
1286501400 113 108 538 609
1286499600 25 13 89 48
1286497800 31 37 89 114
1286496000 25 11 79 38
1286494200 3 0 13 2
1286492400 10 3 258 78
1286490600 258 149 561 577
1286488800 2 0 13 2
1286487000 10 2 38 11
1286485200 9 1 115 31
1286483400 18 4 115 31
1286481600 2 0 11 3
1286479800 1 0 13 3
1286478000 1 0 16 3
1286476200 0 0 12 4
1286474400 4 1 22 11
1286472600 1 0 13 2
1286470800 5 0 139 38
1286469000 22 6 139 38
1286467200 2 0 13 3
1286465400 1 0 14 2
1286463600 1 0 12 2
1286461800 1 0 12 2
1286460000 1 0 12 2
1286458200 1 0 14 3
1286456400 3 0 14 3
1286454600 5 0 22 3
1286452800 27 3 155 27
1286451000 1 0 11 3
1286449200 1 0 13 3
1286447400 2 0 13 3
1286445600 2 0 19 4
1286443800 8 0 36 6
1286442000 0 0 0 0
1286440200 0 0 0 0
1286438400 0 0 0 0
1286436600 0 0 0 0
1286434800 0 0 0 0
1286433000 0 0 0 0
1286431200 0 0 9 3
1286429400 1 0 10 3
1286427600 2 0 11 4
1286425800 1 0 14 2
1286424000 22 11 127 70
1286422200 6 2 357 242
1286420400 220 220 357 660
1286418600 262 224 1315 2044
1286416800 328 384 1315 2044
1286415000 41 20 202 91
1286413200 7 1 15 6
1286411400 1 0 13 2
1286409600 12 2 45 13
1286407800 17 5 95 37
1286406000 0 0 11 2
1286404200 1 0 15 3
1286402400 1 0 11 3
1286400600 0 0 11 2
1286398800 2 0 14 2
1286397000 2 0 13 3
1286395200 2 0 12 3
1286393400 20 14 67 36
1286391600 8 1 324 88
1286389800 53 14 324 88
1286388000 1 0 10 2
1286386200 1 0 14 3
1286384400 1 0 11 2
1286382600 2 0 11 2
1286380800 1 0 16 3
1286379000 2 0 16 3
1286377200 1 0 12 2
1286375400 1 0 15 3
1286373600 2 0 15 3
1286371800 2 0 15 3
1286370000 4 0 15 3
1286368200 0 0 58 15
1286366400 35 5 167 28
1286364600 1 0 11 2
1286362800 1 0 12 3
1286361000 1 0 11 3
1286359200 3 0 13 2
1286357400 5 0 37 8
1286355600 0 0 0 0
1286353800 0 0 0 0
1286352000 0 0 0 0
1286350200 0 0 0 0
1286348400 0 0 0 0
1286346600 0 0 0 0
1286344800 0 0 0 0
1286343000 0 0 0 0
1286341200 0 0 0 0
1286339400 0 0 13 2
1286337600 2 0 13 3
1286335800 1 0 11 3
1286334000 1 0 12 3
1286332200 4 0 91 32
1286330400 56 27 164 78
1286328600 273 113 704 250
1286326800 178 132 485 408
1286325000 2 0 11 2
1286323200 6 0 30 4
1286321400 1 0 11 2
1286319600 3 0 15 5
1286317800 0 0 0 5
1286316000 11 23 35 131
1286314200 10 94 32 349
1286312400 0 1 0 8
1286310600 0 1 0 8
1286308800 0 1 0 8
1286307000 0 2 0 9
1286305200 0 2 0 9
1286303400 0 6 0 30
1286301600 0 11 0 42
1286299800 0 28 0 95
1286298000 1 0 37 6
1286296200 51 15 398 143
1286294400 65 22 398 143
1286292600 1 0 12 5
1286290800 1 0 12 2
1286289000 3 0 14 3
1286287200 1 0 10 2
1286285400 0 0 13 3
1286283600 20 4 115 33
1286281800 3 0 14 2
1286280000 1 0 15 3
1286278200 13 2 43 7
1286276400 1 0 13 5
1286274600 2 0 13 3
1286272800 2 0 13 2
1286271000 8 0 28 8
1286269200 0 0 0 0
1286267400 0 0 0 0
1286265600 0 0 0 0
1286263800 0 0 0 0
1286262000 0 0 0 0
1286260200 0 0 0 0
1286258400 0 0 11 2
1286256600 1 0 14 3
1286254800 2 0 14 3
1286253000 2 0 12 2
1286251200 73 103 217 483
1286249400 1 0 12 2
1286247600 3 1 366 293
1286245800 172 120 401 293
1286244000 169 90 454 238
1286242200 24 8 90 38
1286240400 1 0 14 2
1286238600 1 0 16 3
1286236800 4 0 16 4
1286235000 0 0 13 2
1286233200 2 0 13 2
1286231400 2 0 10 2
1286229600 1 0 13 3
1286227800 3 0 13 5
1286226000 1 0 15 8
1286224200 11 5 55 24
1286222400 25 13 236 86
1286220600 37 13 236 86
1286218800 3 0 14 4
1286217000 1 0 14 2
1286215200 1 0 14 2
1286213400 1 0 13 3
1286211600 1 0 14 3
1286209800 1 0 12 2
1286208000 1 0 15 3
1286206200 3 0 15 3
1286204400 1 0 11 2
1286202600 1 0 11 3
1286200800 1 0 11 2
1286199000 1 0 13 3
1286197200 2 0 13 3
1286195400 3 0 15 3
1286193600 1 0 14 3
1286191800 1 0 53 9
1286190000 12 1 53 9
1286188200 3 0 14 7
1286186400 0 0 17 4
1286184600 6 0 31 6
1286182800 0 0 0 0
1286181000 0 0 0 0
1286179200 0 0 0 0
1286177400 0 0 0 0
1286175600 0 0 0 0
1286173800 0 0 0 0
1286172000 2 8 15 12
1286170200 6 10 15 12
1286168400 5 10 15 13
1286166600 27 18 100 44
1286164800 19 19 68 53
1286163000 91 54 394 211
1286161200 8 11 141 55
1286159400 27 17 141 55
1286157600 3 10 18 13
1286155800 5 10 18 13
1286154000 8 10 85 37
1286152200 58 28 123 49
1286150400 35 19 75 33
1286148600 26 16 122 48
1286146800 42 22 122 48
1286145000 31 18 131 46
1286143200 68 28 140 49
1286141400 59 40 115 92
1286139600 97 44 420 183
1286137800 69 38 227 107
1286136000 6 10 13 17
1286134200 118 39 440 130
1286132400 15 10 100 53
1286130600 171 76 412 126
1286128800 170 51 375 97
1286127000 46 18 246 105
1286125200 7 2 16 4
1286123400 13 2 80 17
1286121600 72 41 139 72
1286119800 60 18 362 109
1286118000 1 0 11 2
1286116200 1 0 11 2
1286114400 1 0 14 3
1286112600 2 0 14 5
1286110800 2 0 13 2
1286109000 1 0 13 2
1286107200 2 0 13 5
1286105400 2 0 13 5
1286103600 0 0 11 2
1286101800 1 0 10 2
1286100000 3 0 13 3
1286098200 3 0 28 6
1286096400 0 0 0 0
1286094600 0 0 0 0
1286092800 0 0 0 0
1286091000 0 0 0 0
1286089200 0 0 0 0
1286087400 0 0 0 0
1286085600 0 0 0 0
1286083800 0 0 0 0
1286082000 0 0 0 0
1286080200 0 0 0 0
1286078400 0 0 0 0
1286076600 0 0 0 0
1286074800 0 0 0 0
1286073000 0 0 0 0
1286071200 0 0 0 0
1286069400 0 0 0 0
1286067600 0 0 0 0
1286065800 0 0 0 0
1286064000 0 0 0 0
1286062200 0 0 0 0
1286060400 0 0 0 0
1286058600 0 0 0 0
1286056800 0 0 0 0
1286055000 0 0 0 0
1286053200 0 0 0 0
1286051400 0 0 0 0
1286049600 0 0 0 0
1286047800 0 0 0 0
1286046000 0 0 0 0
1286044200 38 18 242 81
1286042400 58 26 242 81
1286040600 23 15 33 19
1286038800 202 74 449 151
1286037000 35 7 166 36
1286035200 0 0 11 3
1286033400 1 0 12 3
1286031600 1 0 13 3
1286029800 0 0 11 3
1286028000 1 0 11 3
1286026200 3 0 14 2
1286024400 1 0 15 3
1286022600 1 0 11 2
1286020800 3 0 14 5
1286019000 0 0 11 2
1286017200 1 0 14 5
1286015400 49 14 135 52
1286013600 1 0 38 6
1286011800 10 0 38 6
1286010000 0 0 0 0
1286008200 0 0 0 0
1286006400 0 0 0 0
1286004600 0 0 0 0
1286002800 0 0 0 0
1286001000 0 0 0 0
1285999200 0 0 0 0
1285997400 0 0 0 0
1285995600 0 0 1 1
1285993800 169 60 476 147
1285992000 194 56 581 172
1285990200 2 0 15 3
1285988400 2 0 15 3
1285986600 3 0 15 3
1285984800 1 0 50 13
1285983000 8 2 50 13
1285981200 7 5 30 29
1285979400 12 6 35 32
1285977600 4 3 16 16
1285975800 74 35 173 102
1285974000 14 2 44 13
1285972200 7 2 25 11
1285970400 14 3 75 19
1285968600 3 0 14 3
1285966800 0 0 11 3
1285965000 0 0 15 6
1285963200 2 0 15 6
1285961400 2 0 12 2
1285959600 1 0 14 3
1285957800 0 0 12 2
1285956000 1 0 11 3
1285954200 2 0 15 4
1285952400 26 3 134 23
1285950600 1 0 12 5
1285948800 1 0 14 5
1285947000 3 0 14 3
1285945200 0 0 13 2
1285943400 2 0 13 3
1285941600 2 0 13 3
1285939800 30 6 159 37
1285938000 1 0 12 3
1285936200 1 0 13 2
1285934400 3 0 15 3
1285932600 0 0 11 2
1285930800 1 0 13 8
1285929000 1 0 13 2
1285927200 1 0 13 2
1285925400 8 0 31 6
1285923600 0 0 0 0
1285921800 0 0 0 0
1285920000 0 0 0 0
1285918200 0 0 0 0
1285916400 0 0 0 0
1285914600 0 0 0 0
1285912800 0 0 0 0
1285911000 0 0 0 0
1285909200 0 0 0 0
1285907400 0 0 12 3
1285905600 2 0 12 3
1285903800 187 56 625 183
1285902000 130 40 336 118
1285900200 19 13 42 29
1285898400 44 16 264 81
1285896600 53 16 264 81
1285894800 6 2 72 35
1285893000 13 6 72 35
1285891200 2 0 11 3
1285889400 3 0 11 3
1285887600 2 0 12 2
1285885800 2 0 14 8
1285884000 4 1 15 8
1285882200 2 0 12 2
1285880400 1 0 11 3
1285878600 1 0 12 3
1285876800 3 0 12 3
1285875000 1 0 13 3
1285873200 2 0 13 2
1285871400 2 0 13 2
1285869600 3 0 13 3
1285867800 3 2 12 6
1285866000 59 17 342 103
1285864200 1 0 12 2
1285862400 3 0 14 2
1285860600 2 0 13 3
1285858800 2 0 13 3
1285857000 6 6 16 12
1285855200 4 10 15 12
1285853400 4 10 17 12
1285851600 5 10 18 12
1285849800 5 10 18 12
1285848000 6 10 16 12
1285846200 4 10 13 12
1285844400 4 10 18 12
1285842600 5 10 18 12
1285840800 5 7 17 12
1285839000 8 3 43 10
1285837200 0 0 0 0
1285835400 0 0 0 0
1285833600 0 0 0 0
1285831800 0 0 0 0
1285830000 0 0 0 0
1285828200 0 0 0 0
1285826400 0 0 0 0
1285824600 0 0 0 0
1285822800 0 0 0 0
1285821000 0 0 0 0
1285819200 0 0 0 0
1285817400 10 10 22 15
1285815600 47 23 209 68
1285813800 140 85 796 287
1285812000 271 92 796 287
1285810200 20 6 67 18
1285808400 116 31 324 100
1285806600 4 1 16 3
1285804800 23 5 123 27
1285803000 1 0 12 2
1285801200 1 0 13 3
1285799400 1 0 11 3
1285797600 19 10 80 45
1285795800 1 0 12 2
1285794000 1 0 13 2
1285792200 3 0 13 3
1285790400 1 0 15 3
1285788600 1 0 12 3
1285786800 1 0 12 3
1285785000 1 0 12 5
1285783200 1 0 12 3
1285781400 1 0 13 2
1285779600 2 0 13 2
1285777800 13 6 76 41
1285776000 1 0 14 6
1285774200 2 0 14 3
1285772400 2 0 10 2
1285770600 70 17 344 91
1285768800 1 0 13 4
1285767000 1 0 12 4
1285765200 1 0 12 3
1285763400 60 16 349 104
1285761600 1 0 12 5
1285759800 0 0 9 2
1285758000 0 0 12 3
1285756200 1 0 12 8
1285754400 4 1 12 8
1285752600 3 0 28 6
1285750800 0 0 0 0
1285749000 0 0 0 0
1285747200 0 0 0 0
1285745400 0 0 0 0
1285743600 0 0 0 0
1285741800 0 0 0 0
1285740000 0 0 0 0
1285738200 0 0 0 0
1285736400 0 0 0 0
1285734600 0 0 2 3
1285732800 1 0 9 3
1285731000 1 0 10 2
1285729200 2 0 12 2
1285727400 35 23 108 63
1285725600 226 72 619 194
1285723800 30 18 139 82
1285722000 22 11 97 50
1285720200 1 0 13 2
1285718400 20 5 94 23
1285716600 1 1 12 7
1285714800 3 0 14 3
1285713000 0 0 12 2
1285711200 30 15 127 53
1285709400 40 15 125 52
1285707600 8 3 334 129
1285705800 96 33 334 129
1285704000 1 0 15 5
1285702200 4 0 15 5
1285700400 0 0 12 2
1285698600 1 0 15 3
1285696800 2 0 15 4
1285695000 3 0 13 5
1285693200 0 0 12 3
1285691400 1 0 13 3
1285689600 3 0 14 3
1285687800 1 0 14 3
1285686000 0 0 12 3
1285684200 1 0 14 3
1285682400 0 0 12 3
1285680600 0 0 13 5
1285678800 2 0 14 5
1285677000 2 0 14 2
1285675200 27 3 146 25
1285673400 1 0 12 5
1285671600 1 0 13 3
1285669800 2 0 13 3
1285668000 3 0 23 9
1285666200 7 1 30 9
1285664400 0 0 0 0
1285662600 0 0 0 0
1285660800 0 0 0 0
1285659000 0 0 0 0
1285657200 0 0 0 0
1285655400 0 0 0 0
1285653600 0 0 0 0
1285651800 0 0 0 0
1285650000 0 0 0 0
1285646400 155 49 637 190
1285639200 42 22 165 121
1285632000 12 2 106 34
1285624800 6 1 109 31
1285617600 0 0 14 4
1285610400 1 0 14 3
1285603200 1 0 13 5
1285596000 19 3 310 84
1285588800 1 0 13 5
1285581600 1 0 30 8
1285574400 0 0 0 0
1285567200 0 0 0 0
1285560000 9 2 105 34
1285552800 41 20 164 67
1285545600 36 11 238 76
1285538400 72 25 450 214
1285531200 40 14 274 98
1285524000 43 15 203 82
1285516800 104 36 842 231
1285509600 1 0 16 5
1285502400 1 0 14 5
1285495200 1 0 28 6
1285488000 0 0 0 0
1285480800 0 0 13 2
1285473600 1 0 14 4
1285466400 11 4 191 79
1285459200 1 0 23 6
1285452000 0 0 0 0
1285444800 11 3 228 81
1285437600 63 20 619 192
1285430400 27 6 393 103
1285423200 0 0 12 3
1285416000 1 0 14 5
1285408800 2 0 42 6
1285401600 0 0 0 0
1285394400 0 0 15 3
1285387200 61 20 502 142
1285380000 54 27 178 77
1285372800 8 4 154 65
1285365600 12 4 154 56
1285358400 1 0 13 3
1285351200 13 3 259 89
1285344000 2 0 67 18
1285336800 6 1 139 37
1285329600 7 1 158 26
1285322400 1 0 27 6
1285315200 0 0 0 0
1285308000 0 0 0 0
1285300800 100 33 528 165
1285293600 48 14 477 139
1285286400 3 0 69 20
1285279200 1 0 13 5
1285272000 2 0 14 3
1285264800 5 1 55 27
1285257600 3 5 16 13
1285250400 9 10 118 35
1285243200 19 15 341 114
1285236000 3 4 50 15
1285228800 0 0 0 0
1285221600 0 0 0 0
1285214400 78 26 510 141
1285207200 22 7 528 180
1285200000 0 0 24 6
1285192800 26 5 234 64
1285185600 1 0 16 4
1285178400 1 0 15 6
1285171200 1 0 12 6
1285164000 14 12 123 52
1285156800 10 11 167 36
1285149600 2 3 31 15
1285142400 0 0 0 0
1285135200 0 0 0 0
1285128000 26 16 268 89
1285120800 125 64 1077 900
1285113600 7 0 133 29
1285106400 1 0 13 4
1285099200 1 0 14 3
1285092000 1 0 14 3
1285084800 2 0 14 9
1285077600 16 4 179 74
1285070400 0 0 13 5
1285063200 0 0 36 8
1285056000 0 0 0 0
1285048800 0 0 0 0
1285041600 15 5 429 120
1285034400 72 29 429 191
1285027200 6 1 121 32
1285020000 1 0 13 6
1285012800 1 0 15 4
1285005600 17 7 242 74
1284998400 6 0 125 28
1284991200 15 3 226 61
1284984000 0 0 14 4
1284976800 2 0 35 11
1284969600 0 0 0 0
1284962400 0 0 0 0
1284955200 7 1 162 48
1284948000 21 6 149 48
1284940800 19 10 149 55
1284933600 67 20 345 80
1284926400 35 8 194 65
1284919200 57 22 469 171
1284912000 60 17 426 125
1284904800 15 4 295 92
1284897600 1 0 14 5
1284890400 0 0 24 5
1284883200 0 0 0 0
1284876000 0 0 0 0
1284868800 0 0 0 0
1284861600 0 0 0 0
1284854400 0 0 0 0
1284847200 0 0 0 0
1284840000 0 0 0 0
1284832800 67 18 484 119
1284825600 56 13 318 80
1284818400 1 0 14 3
1284811200 1 0 12 5
1284804000 2 0 30 7
1284796800 0 0 0 0
1284789600 0 0 0 0
1284782400 32 9 331 102
1284775200 25 12 210 107
1284768000 2 1 188 66
1284760800 14 3 188 66
1284753600 1 0 14 8
1284746400 1 0 14 8
1284739200 1 0 13 3
1284732000 3 6 18 13
1284724800 3 10 15 13
1284717600 3 4 32 16
1284710400 0 0 0 0
1284703200 4 9 19 14
1284696000 20 13 230 91
1284688800 154 62 889 297
1284681600 12 3 140 41
1284674400 2 0 15 3
1284667200 2 0 16 5
1284660000 2 0 13 5
1284652800 1 0 13 4
1284645600 7 1 186 42
1284638400 1 0 15 4
1284631200 1 0 31 7
1284624000 0 0 0 0
1284616800 24 7 437 131
1284609600 32 10 441 121
1284602400 17 4 441 121
1284595200 3 0 80 18
1284588000 4 4 68 77
1284580800 61 13 636 164
1284573600 6 1 114 53
1284566400 1 0 14 5
1284559200 9 2 149 56
1284552000 7 1 150 27
1284544800 2 0 32 8
1284537600 0 0 0 0
1284530400 0 0 0 0
1284523200 0 0 15 20
1284516000 101 34 567 174
1284508800 6 2 103 50
1284501600 20 6 170 47
1284494400 12 2 153 37
1284487200 1 0 13 5
1284480000 1 0 15 5
1284472800 11 7 112 45
1284465600 3 10 17 13
1284458400 2 2 34 13
1284451200 0 0 0 0
1284444000 0 0 0 0
1284436800 42 16 917 290
1284429600 66 29 606 178
1284422400 2 0 15 8
1284415200 2 0 13 5
1284408000 1 0 14 3
1284400800 6 0 122 21
1284393600 9 2 163 50
1284386400 9 1 197 53
1284379200 0 0 13 5
1284372000 2 0 40 6
1284364800 0 0 0 0
1284357600 0 0 0 0
1284350400 25 9 469 167
1284343200 37 16 203 127
1284336000 4 1 17 10
1284328800 13 4 230 81
1284321600 14 7 96 76
1284314400 114 35 641 197
1284307200 4 1 84 44
1284300000 1 0 14 5
1284292800 0 0 14 5
1284285600 2 0 29 12
1284278400 0 0 0 0
1284271200 0 0 0 0
1284264000 0 0 0 0
1284256800 0 0 0 0
1284249600 0 0 0 0
1284242400 0 0 0 0
1284235200 0 0 0 0
1284228000 116 36 598 189
1284220800 5 2 88 55
1284213600 1 0 14 7
1284206400 0 0 13 5
1284199200 1 0 35 8
1284192000 0 0 0 0
1284184800 0 0 16 5
1284177600 3 2 52 45
1284170400 11 4 67 46
1284163200 13 4 112 59
1284156000 18 3 215 60
1284148800 0 0 14 3
1284141600 1 0 13 5
1284134400 11 2 66 23
1284127200 9 5 162 35
1284120000 2 5 16 9
1284112800 2 2 30 10
1284105600 0 0 0 0
1284098400 0 0 0 0
1284091200 70 39 633 295
1284084000 85 26 541 179
1284076800 1 0 14 3
1284069600 1 0 13 4
1284062400 26 9 220 73
1284055200 2 0 13 5
1284048000 1 0 13 3
1284040800 1 0 15 3
1284033600 7 1 149 26
1284026400 1 0 35 6
1284019200 0 0 0 0
1284012000 0 0 0 0
1284004800 44 14 332 134
1283997600 46 16 386 105
1283990400 30 8 342 103
1283983200 3 1 33 27
1283976000 10 3 188 79
1283968800 1 0 14 3
1283961600 0 0 14 3
1283954400 2 0 14 3
1283947200 7 0 154 26
1283940000 3 0 38 6
1283932800 0 0 0 0
1283925600 0 0 0 0
1283918400 15 6 117 42
1283911200 63 21 246 92
1283904000 97 37 383 138
1283896800 131 51 393 155
1283889600 7 2 97 27
1283882400 116 34 395 137
1283875200 40 11 332 108
1283868000 0 0 0 0
1283860800 0 0 0 0
1283853600 0 0 0 0
1283846400 0 0 0 0
1283839200 0 0 0 0
1283832000 0 0 0 0
1283824800 10 2 110 31
1283817600 0 0 0 0
1283810400 0 0 0 0
1283803200 0 0 0 0
1283796000 0 0 0 0
1283788800 20 5 380 114
1283781600 90 26 519 151
1283774400 0 0 13 3
1283767200 1 0 28 6
1283760000 0 0 0 0
1283752800 0 0 0 0
1283745600 21 6 55 35
1283738400 49 23 203 113
1283731200 58 19 415 143
1283724000 35 11 567 186
1283716800 9 2 46 17
1283709600 31 9 168 59
1283702400 54 22 292 118
1283695200 26 7 428 100
1283688000 22 7 215 66
1283680800 2 0 31 6
1283673600 0 0 0 0
1283666400 0 0 0 0
1283659200 0 0 0 0
1283652000 0 0 0 0
1283644800 0 0 0 0
1283637600 0 0 0 0
1283630400 0 0 0 0
1283623200 143 47 850 309
1283616000 46 15 499 127
1283608800 46 12 418 111
1283601600 1 0 14 3
1283594400 2 0 33 6
1283587200 0 0 0 0
1283580000 0 0 0 0
1283572800 59 19 307 89
1283565600 65 20 427 148
1283558400 4 0 88 22
1283551200 4 0 89 31
1283544000 14 5 311 133
1283536800 9 1 164 39
1283529600 1 0 16 5
1283522400 1 0 16 5
1283515200 1 0 12 4
1283508000 2 0 44 6
1283500800 0 0 0 0
1283493600 0 0 0 0
1283486400 72 23 490 162
1283479200 82 34 306 156
1283472000 3 2 54 46
1283464800 21 7 168 64
1283457600 6 1 58 33
1283450400 4 1 49 24
1283443200 1 0 14 3
1283436000 1 0 14 3
1283428800 5 1 223 69
1283421600 10 2 223 69
1283414400 0 0 0 0
1283407200 0 0 0 0
1283400000 46 13 383 118
1283392800 11 5 74 43
1283385600 1 0 15 5
1283378400 10 4 119 60
1283371200 16 8 203 95
1283364000 9 3 150 60
1283356800 5 6 42 23
1283349600 14 11 163 39
1283342400 10 10 153 35
1283335200 3 4 38 16
1283328000 0 0 0 0
1283320800 0 0 0 0
1283313600 32 13 183 84
1283306400 41 17 222 122
1283299200 18 8 234 143
1283292000 0 0 14 6
1283284800 11 1 105 26
1283277600 0 0 16 5
1283270400 1 0 15 3
1283263200 6 1 124 53
1283256000 9 2 200 59
1283248800 1 0 32 6
1283241600 0 0 0 0
1283234400 0 0 0 0
1283227200 16 5 124 51
1283220000 112 46 384 132
1283212800 0 0 12 3
1283205600 1 0 13 3
1283198400 1 0 16 5
1283191200 11 3 171 67
1283184000 1 0 18 8
1283176800 11 2 229 69
1283169600 0 0 14 3
1283162400 1 0 30 6
1283155200 0 0 0 0
1283148000 0 0 0 0
1283140800 26 11 328 92
1283133600 154 64 793 203
1283126400 77 34 415 160
1283119200 53 23 418 116
1283112000 10 12 28 20
1283104800 48 24 520 156
1283097600 76 35 401 135
1283090400 3 10 15 12
1283083200 4 10 17 13
1283076000 2 4 33 16
1283068800 0 0 0 0
1283061600 0 0 24 14
1283054400 4 1 43 15
1283047200 0 0 0 0
1283040000 0 0 0 0
1283032800 0 0 0 0
1283025600 0 0 0 0
1283018400 0 0 0 0
1283011200 0 0 0 0
1283004000 76 26 455 165
1282996800 1 0 12 3
1282989600 3 0 40 6
1282982400 0 0 0 0
1282975200 0 0 12 3
1282968000 16 6 166 68
1282960800 5 0 51 14
1282953600 0 0 14 5
1282946400 2 0 45 25
1282939200 7 1 96 23
1282932000 4 1 55 27
1282924800 1 0 15 4
1282917600 8 1 75 23
1282910400 7 0 151 25
1282903200 1 0 35 6
1282896000 0 0 0 0
1282888800 0 0 17 4
1282881600 9 3 80 41
1282874400 77 25 660 209
1282867200 1 0 13 2
1282860000 1 0 14 3
1282852800 1 0 13 3
1282845600 3 0 31 12
1282838400 2 0 17 3
1282831200 13 2 126 23
1282824000 1 0 14 3
1282816800 2 0 31 6
1282809600 0 0 0 0
1282802400 0 0 0 0
1282795200 64 25 438 155
1282788000 25 10 216 76
1282780800 27 9 398 115
1282773600 3 1 67 45
1282766400 2 0 49 15
1282759200 4 2 48 31
1282752000 4 0 98 27
1282744800 16 10 184 73
1282737600 11 11 170 38
1282730400 3 2 38 12
1282723200 0 0 0 0
1282716000 0 0 0 0
1282708800 28 17 192 87
1282701600 65 35 220 126
1282694400 31 9 333 100
1282687200 1 0 12 2
1282680000 1 0 14 3
1282672800 1 0 14 3
1282665600 1 0 13 3
1282658400 0 0 13 2
1282651200 7 0 148 26
1282644000 1 0 36 6
1282636800 0 0 0 0
1282629600 0 0 0 0
1282622400 11 6 142 91
1282615200 87 35 330 120
1282608000 12 2 209 55
1282600800 1 0 14 3
1282593600 7 1 97 25
1282586400 12 3 151 62
1282579200 1 0 16 3
1282572000 7 0 154 26
1282564800 1 0 11 2
1282557600 2 0 36 6
1282550400 0 0 0 0
1282543200 0 0 0 0
1282536000 64 20 800 254
1282528800 56 26 428 137
1282521600 60 21 428 137
1282514400 40 13 471 184
1282507200 25 7 88 30
1282500000 25 8 72 42
1282492800 48 15 349 104
1282485600 1 0 14 2
1282478400 1 0 14 3
1282471200 2 0 28 5
1282464000 0 0 0 0
1282456800 0 0 15 3
1282449600 5 2 53 52
1282442400 2 0 14 4
1282435200 11 4 141 54
1282428000 2 0 19 6
1282420800 10 1 141 38
1282413600 5 1 83 19
1282406400 47 14 563 169
1282399200 1 0 14 4
1282392000 2 0 16 4
1282384800 2 0 56 10
1282377600 0 0 0 0
1282370400 45 14 560 164
1282363200 27 9 319 123
1282356000 12 7 176 104
1282348800 11 5 154 86
1282341600 16 3 180 77
1282334400 1 0 14 3
1282327200 1 0 13 2
1282320000 0 0 12 3
1282312800 14 2 159 43
1282305600 11 2 181 41
1282298400 2 0 31 6
1282291200 0 0 0 0
1282284000 0 0 0 0
1282276800 5 2 115 61
1282269600 53 24 334 141
1282262400 16 3 215 55
1282255200 1 0 14 2
1282248000 1 0 13 3
1282240800 14 3 175 50
1282233600 1 0 14 3
1282226400 7 0 158 27
1282219200 1 0 14 3
1282212000 1 0 36 6
1282204800 0 0 0 0
1282197600 0 0 11 4
1282190400 18 7 121 65
1282183200 9 2 22 8
1282176000 48 15 317 116
1282168800 3 1 50 43
1282161600 12 3 185 83
1282154400 1 0 15 3
1282147200 9 1 169 34
1282140000 7 0 148 25
1282132800 1 0 15 3
1282125600 1 0 28 7
1282118400 0 0 0 0
1282111200 0 0 0 0
1282104000 1 0 13 5
1282096800 21 9 102 55
1282089600 8 3 100 59
1282082400 18 4 280 103
1282075200 2 0 14 4
1282068000 1 0 13 3
1282060800 1 0 14 3
1282053600 1 0 12 5
1282046400 1 0 12 3
1282039200 2 0 38 11
1282032000 0 0 0 0
1282024800 0 0 0 0
1282017600 0 0 22 10
1282010400 25 13 103 78
1282003200 6 1 108 25
1281996000 1 0 14 6
1281988800 2 0 27 6
1281981600 20 7 369 152
1281974400 1 0 14 3
1281967200 1 0 16 5
1281960000 7 1 146 27
1281952800 2 0 38 8
1281945600 0 0 0 0
1281938400 0 0 0 0
1281931200 72 28 581 191
1281924000 32 15 181 89
1281916800 0 0 15 5
1281909600 6 0 109 18
1281902400 17 9 209 100
1281895200 81 35 485 257
1281888000 36 10 606 176
1281880800 1 0 17 5
1281873600 1 0 14 5
1281866400 1 0 37 7
1281859200 0 0 0 0
1281852000 0 0 7 15
1281844800 16 14 198 55
1281837600 1 0 33 15
1281830400 0 0 0 0
1281823200 0 0 0 0
1281816000 0 0 0 0
1281808800 100 39 512 155
1281801600 29 7 636 171
1281794400 1 0 12 7
1281787200 1 0 14 7
1281780000 2 0 30 6
1281772800 0 0 0 0
1281765600 0 0 13 5
1281758400 4 1 41 28
1281751200 14 5 172 72
1281744000 1 0 14 3
1281736800 9 1 105 21
1281729600 0 0 16 6
1281722400 1 0 16 6
1281715200 1 0 15 3
1281708000 8 5 151 35
1281700800 4 10 18 14
1281693600 4 4 44 16
1281686400 0 0 0 0
1281679200 0 0 0 0
1281672000 8 10 192 130
1281664800 85 38 751 244
1281657600 1 0 14 4
1281650400 7 2 155 67
1281643200 1 0 15 5
1281636000 2 0 14 3
1281628800 1 0 14 8
1281621600 1 0 16 5
1281614400 24 7 205 64
1281607200 2 0 38 6
1281600000 0 0 0 0
1281592800 0 0 0 0
1281585600 34 17 303 176
1281578400 12 5 106 60
1281571200 31 13 333 115
1281564000 7 2 149 53
1281556800 1 0 11 5
1281549600 13 2 218 47
1281542400 1 0 15 5
1281535200 15 3 163 34
1281528000 1 0 14 5
1281520800 1 0 36 6
1281513600 0 0 0 0
1281506400 25 7 589 186
1281499200 1 0 15 5
1281492000 9 3 87 45
1281484800 7 4 65 39
1281477600 32 9 383 90
1281470400 0 0 16 5
1281463200 1 0 14 5
1281456000 1 0 16 4
1281448800 1 0 16 5
1281441600 12 2 152 33
1281434400 1 0 23 8
1281427200 0 0 0 0
1281420000 0 0 0 0
1281412800 9 2 163 54
1281405600 37 18 225 77
1281398400 0 0 14 3
1281391200 1 0 14 5
1281384000 1 0 13 5
1281376800 1 0 13 5
1281369600 6 1 108 28
1281362400 1 0 17 6
1281355200 34 12 293 123
1281348000 1 0 36 6
1281340800 0 0 0 0
1281333600 0 0 0 0
1281326400 24 8 466 168
1281312000 7 1 323 143
1281225600 10 1 637 207
1281139200 5 0 612 219
1281052800 1 0 219 51
1280966400 4 1 205 91
1280880000 2 1 344 167
1280793600 11 2 1011 307
1280707200 12 3 535 181
1280620800 8 0 685 225
1280534400 17 5 807 254
1280448000 3 0 203 94
1280361600 11 3 554 178
1280275200 2 0 302 121
1280188800 6 1 478 211
1280102400 1 0 334 100
1280016000 13 4 355 142
1279929600 9 1 496 164
1279843200 10 4 620 195
1279756800 2 0 193 82
1279670400 1 0 388 129
1279584000 2 0 215 100
1279497600 2 0 607 178
1279411200 0 0 254 71
1279324800 7 2 513 219
1279238400 4 0 168 68
1279152000 5 0 169 107
1279065600 9 3 412 148
1278979200 4 0 290 118
1278892800 7 1 233 77
1278806400 14 3 773 252
1278720000 7 2 497 198
1278633600 3 0 225 103
1278547200 3 0 445 127
1278460800 6 0 299 100
1278374400 6 0 285 132
1278288000 12 4 423 192
1278201600 8 2 600 231
1278115200 15 7 597 200
1278028800 7 2 468 138
1277942400 17 4 1300 463
1277856000 8 0 834 242
1277769600 7 2 501 179
1277683200 12 3 402 123
1277596800 10 2 482 144
1277510400 12 2 411 146
1277424000 8 2 606 153
1277337600 9 4 385 137
1277251200 8 4 337 118
1277164800 3 1 421 150
1277078400 1 0 546 176
1276992000 10 3 1020 732
1276905600 14 3 626 215
1276819200 6 0 517 161
1276732800 9 0 397 129
1276646400 8 2 281 302
1276560000 9 3 978 557
1276473600 37 14 1504 557
1276387200 17 5 441 142
1276300800 5 0 275 92
1276214400 13 2 313 104
1276128000 14 2 1118 354
1276041600 7 2 558 174
1275955200 4 3 316 129
1275868800 9 4 779 663
1275782400 8 4 569 190
1275696000 25 12 799 309
1275609600 3 0 262 108
1275523200 5 1 361 130
1275436800 8 3 636 247
1275350400 10 3 533 165
1275264000 5 2 243 83
1275177600 9 0 580 162
1275091200 10 2 517 243
1275004800 5 0 206 91
1274918400 7 0 401 114
1274832000 3 4 309 85
1274745600 14 10 1128 814
1274659200 19 7 1286 874
1274572800 8 1 409 133
1274486400 8 0 339 111
1274400000 11 2 274 139
1274313600 9 1 869 278
1274227200 14 3 921 336
1274140800 10 1 475 127
1274054400 8 0 536 135
1273968000 0 0 185 35
1273881600 9 2 371 147
1273795200 8 0 832 294
1273708800 9 1 573 197
1273622400 10 2 616 241
1273536000 9 2 402 159
1273449600 10 5 389 117
1273363200 13 2 370 115
1273276800 6 0 679 199
1273190400 4 0 123 36
1273104000 0 0 110 32
1273017600 0 0 172 62
1272931200 1 1 374 159
1272844800 7 4 522 308
1272758400 12 1 682 213
1272672000 7 0 792 231
1272585600 5 0 774 264
1272499200 8 2 575 463
1272412800 15 6 1682 1091
1272326400 7 0 509 160
1272240000 13 3 414 157
1272153600 14 3 747 254
1272067200 17 8 541 249
1271980800 6 0 428 147
1271894400 22 7 1038 475
1271808000 10 5 971 294
1271721600 5 5 358 126
1271635200 8 4 630 199
1271548800 10 3 641 503
1271462400 15 3 617 205
1271376000 8 3 380 128
1271289600 14 2 708 213
1271203200 6 1 557 245
1271116800 13 6 284 135
1271030400 24 9 547 185
1270944000 10 3 470 179
1270857600 9 2 420 134
1270771200 7 1 409 169
1270684800 11 1 459 178
1270598400 10 1 728 235
1270512000 5 1 202 107
1270425600 19 10 490 183
1270339200 16 8 655 209
1270252800 11 4 465 143
1270166400 8 2 334 151
1270080000 12 6 375 167
1269993600 10 4 723 250
1269907200 12 6 342 141
1269820800 15 4 595 185
1269734400 17 4 483 201
1269648000 10 2 304 122
1269561600 20 7 903 298
1269475200 23 12 838 664
1269388800 9 3 748 228
1269302400 6 4 585 185
1269216000 17 6 721 312
1269129600 15 2 894 274
1269043200 11 2 517 176
1268956800 6 0 212 94
1268870400 9 2 455 147
1268784000 6 0 449 176
1268697600 8 1 486 178
1268611200 17 3 573 184
1268524800 4 0 577 180
1268438400 4 0 475 135
1268352000 4 1 478 152
1268265600 21 9 784 743
1268179200 7 3 546 180
1268092800 18 6 686 212
1268006400 16 3 487 140
1267920000 15 3 866 261
1267833600 9 3 549 154
1267747200 12 2 524 166
1267660800 8 0 734 251
1267574400 10 2 393 127
1267488000 8 0 514 194
1267401600 15 3 400 160
1267315200 8 3 924 777
1267228800 3 1 305 124
1267142400 9 4 604 195
1267056000 9 4 237 99
1266969600 11 3 489 165
1266883200 1 0 299 95
1266796800 20 4 576 193
1266710400 11 1 611 188
1266624000 7 5 341 469
1266537600 8 2 495 158
1266451200 40 14 720 259
1266364800 18 7 752 242
1266278400 0 0 80 20
1266192000 1 1 232 98
1266105600 12 2 598 246
1266019200 7 5 324 331
1265932800 21 9 742 242
1265846400 13 3 564 202
1265760000 5 0 248 110
1265673600 6 1 693 222
1265587200 16 3 875 271
1265500800 4 0 590 160
1265414400 7 1 310 88
1265328000 11 4 645 213
1265241600 8 2 293 116
1265155200 14 8 579 280
1265068800 4 2 461 206
1264982400 12 7 596 149
1264896000 18 7 889 261
1264809600 5 2 173 95
1264723200 14 5 463 165
1264636800 8 3 779 270
1264550400 2 0 304 87
1264464000 29 11 839 277
1264377600 0 0 133 42
1264291200 7 0 422 140
1264204800 5 1 350 151
1264118400 20 8 731 307
1264032000 11 4 802 271
1263945600 13 3 570 197
1263859200 11 5 613 190
1263772800 9 0 469 132
1263686400 14 3 466 142
1263600000 8 4 355 124
1263513600 12 6 512 178
1263427200 24 15 725 233
1263340800 12 8 567 232
1263254400 16 6 469 194
1263168000 14 9 614 196
1263081600 15 6 1184 349
1262995200 14 8 1740 335
1262908800 0 0 271 96
1262822400 14 8 717 174
1262736000 5 1 486 138
1262649600 10 8 403 149
1262563200 8 3 432 259
1262476800 0 0 24 9
1262390400 5 2 269 84
1262304000 18 10 670 184
1262217600 1 0 393 116
1262131200 3 5 263 64
1262044800 10 5 608 185
1261958400 4 0 582 145
1261872000 9 1 506 172
1261785600 5 0 663 190
1261699200 11 4 712 253
1261612800 1 0 287 80
1261526400 9 7 802 288
1261440000 12 4 475 219
1261353600 15 11 702 189
1261267200 20 8 1390 911
1261180800 7 5 368 133
1261094400 13 9 849 269
1261008000 4 4 266 154
1260921600 17 13 1927 1341
1260835200 7 6 519 173
1260748800 26 14 871 355
1260662400 7 1 533 158
1260576000 7 5 356 178
1260489600 15 11 503 154
1260403200 8 8 297 128
1260316800 15 7 466 180
1260230400 16 5 855 341
1260144000 24 5 1010 223
1260057600 20 8 1122 345
1259971200 23 6 1254 752
1259884800 14 3 1072 290
1259798400 7 4 1039 258
1259712000 0 0 0 0
1259625600 0 0 0 0
1259539200 0 0 0 0
1259452800 0 0 0 0
1259366400 0 0 0 0
1259280000 0 0 0 0
1259193600 0 0 0 0
1259107200 0 0 0 0
1259020800 0 0 0 0
1258934400 0 0 0 0
1258848000 0 0 0 0
1258761600 0 0 0 0
1258675200 0 0 0 0
1258588800 0 0 0 0
1258502400 0 0 0 0
1258416000 0 0 0 0
1258329600 0 0 0 0
1258243200 0 0 0 0
1258156800 0 0 0 0
1258070400 0 0 0 0
1257984000 0 0 0 0
1257897600 0 0 0 0
1257811200 0 0 0 0
1257724800 0 0 0 0
1257638400 0 0 0 0
1257552000 0 0 0 0
1257465600 0 0 0 0
1257379200 0 0 0 0
1257292800 4 1 239 75
1257206400 19 12 705 245
1257120000 17 8 725 200
1257033600 6 4 676 243
1256947200 19 12 528 207
1256860800 26 13 770 255
1256774400 11 7 605 169
1256688000 11 9 777 218
1256601600 8 8 529 156
1256515200 9 8 427 139
1256428800 18 6 661 198
1256342400 11 9 558 143
1256256000 11 8 341 109
1256169600 22 13 1128 372
1256083200 12 2 867 232
1255996800 12 10 552 208
1255910400 15 10 956 241
1255824000 10 5 386 136
1255737600 12 5 794 770
1255651200 12 10 633 169
1255564800 13 8 750 222
1255478400 6 1 248 130
1255392000 23 12 1277 907
1255305600 5 0 294 92
1255219200 13 9 553 165
1255132800 26 19 691 579
1255046400 20 10 556 170
1254960000 32 17 622 223
1254873600 38 19 1908 1062
1254787200 49722 49714 1192727 1192827
1254700800 15 5 474 153
1254614400 1 0 211 56
1254528000 0 0 190 52
1254441600 0 0 114 47
1254355200 1 0 145 45
1254268800 3 0 223 83
1254182400 1 0 164 55
1254096000 5 1 406 176
1254009600 4 1 262 132
1253923200 3 1 199 50
1253836800 5 1 145 48
1253750400 1 0 192 49
1253664000 20 7 496 176
1253577600 16 5 885 476
1253491200 9 5 413 157
1253404800 19 13 501 148
1253318400 6 9 129 58
1253232000 23 14 881 283
1253145600 17 9 804 253
1253059200 10 4 466 180
1252972800 8 4 569 220
1252886400 7 2 415 135
1252800000 2 0 94 27
1252713600 6 6 292 100
1252627200 7 7 449 157
1252540800 8 9 299 97
1252454400 5 3 340 114
1252368000 9 2 368 139
1252281600 10 2 601 165
1252195200 7 1 408 125
1252108800 9 8 458 140
1252022400 7 7 286 101
1251936000 11 7 646 265
1251849600 6 2 586 194
1251763200 11 7 439 170
1251676800 20 7 352 140
1251590400 16 8 515 156
1251504000 8 6 585 293
1251417600 1 0 181 77
1251331200 14 9 454 177
1251244800 7 8 327 151
1251158400 1 1 180 56
1251072000 7 0 564 184
1250985600 13 6 566 246
1250899200 10 7 622 235
1250812800 2 4 196 96
1250726400 8 6 476 165
1250640000 5 4 488 143
1250553600 5 4 263 92
1250467200 15 3 454 168
1250380800 10 5 530 184
1250294400 6 0 324 125
1250208000 12 8 549 193
1250121600 14 6 801 334
1250035200 10 5 427 155
1249948800 5 3 302 76
1249862400 21 5 429 162
1249776000 7 0 531 122
1249689600 3 1 349 109
1249603200 13 8 408 191
1249516800 12 9 289 120
1249430400 5 1 423 165
1249344000 6 2 441 154
1249257600 18 7 305 228
1249171200 14 2 689 206
1249084800 8 5 459 125
1248998400 9 3 658 172
1248912000 8 4 494 125
1248825600 11 6 373 129
1248739200 9 4 431 137
1248652800 9 1 594 155
1248566400 22 9 525 169
1248480000 6 2 448 130
1248393600 8 3 1157 818
1248307200 3 0 214 67
1248220800 4 0 325 77
1248134400 3 0 220 127
1248048000 9 0 1005 258
1247961600 3 0 256 77
1247875200 3 0 132 38
1247788800 9 2 289 345
1247702400 6 0 178 63
1247616000 4 0 295 110
1247529600 3 0 412 186
1247443200 17 3 722 189
1247356800 10 2 248 89
1247270400 11 1 411 134
1247184000 11 1 219 91
1247097600 4 0 180 71
1247011200 4 0 204 59
1246924800 8 1 1192 342
1246838400 7 0 445 137
1246752000 9 2 229 111
1246665600 10 0 520 124
1246579200 8 0 423 101
1246492800 4 0 332 102
1246406400 5 0 396 112
1246320000 1 0 224 76
1246233600 7 0 979 377
1246147200 9 0 408 111
1246060800 5 0 290 100
1245974400 3 0 283 96
1245888000 4 0 682 198
1245801600 4 0 314 89
1245715200 1 0 85 40
1245628800 11 3 785 316
1245542400 10 2 564 338
1245456000 2 0 201 67
1245369600 7 0 1231 568
1245283200 7 0 369 101
1245196800 11 0 1045 246
1245110400 7 0 477 138
1245024000 7 0 274 80
1244937600 18 1 346 132
1244851200 20 3 419 118
1244764800 19 1 545 173
1244678400 10 0 525 120
1244592000 11 0 911 263
1244505600 7 0 263 78
1244419200 27 6 685 217
1244332800 23 4 781 246
1244246400 27 14 2394 1282
1244160000 8 5 434 155
1244073600 24 9 1038 282
1243987200 8 2 625 402
1243900800 11 8 534 223
1243814400 18 8 1046 452
1243728000 11 3 453 171
1243641600 12 1 804 271
1243555200 0 1 61 27
1243468800 0 0 0 0
1243382400 0 0 0 0
1243296000 0 0 0 0
1243209600 0 0 0 0
1243123200 0 0 0 0
1243036800 0 0 0 0
1242950400 0 0 0 0
1242864000 0 0 0 0
1242777600 0 0 0 0
1242691200 0 0 0 0
1242604800 0 0 0 0
1242518400 0 0 0 0
1242432000 0 0 0 0
1242345600 0 0 0 0
1242259200 0 0 0 0
1242172800 0 0 0 0
1242086400 0 0 0 0
1242000000 0 0 0 0
1241913600 0 0 0 0
1241827200 6 0 558 204
1241740800 9 0 920 240
1241654400 3 2 321 95
1241568000 11 2 791 543
1241481600 1 0 277 65
1241395200 6 1 336 101
1241308800 9 1 644 198
1241222400 19 5 1036 422
1241136000 6 0 458 146
1241049600 3 0 407 133
1240963200 6 0 789 348
1240876800 7 1 1052 300
1240790400 4 0 224 70
1240704000 11 1 1429 369
1240617600 7 0 1130 578
1240531200 3 0 173 108
1240444800 3 0 438 103
1240358400 13 2 993 458
1240272000 12 4 1291 609
1240185600 11 2 967 506
1240099200 8 0 739 238
1240012800 8 1 395 112
1239926400 7 1 374 175
1239840000 1 18 223 184
1239753600 2 0 298 84
1239667200 2 0 170 59
1239580800 9 1 397 129
1239494400 7 0 519 144
1239408000 8 0 408 114
1239321600 9 2 935 557
1239235200 1 0 134 46
1239148800 1 0 142 57
1239062400 6 0 355 108
1238976000 11 2 884 273
1238889600 10 5 1262 456
1238803200 5 0 251 72
1238716800 11 2 793 214
1238630400 7 1 493 310
1238544000 3 0 740 200
1238457600 8 2 1068 352
1238371200 6 2 327 98
1238284800 7 1 774 224
1238198400 6 1 324 80
1238112000 2 0 176 67
1238025600 6 0 873 210
1237939200 8 0 315 100
1237852800 3 0 254 93
1237766400 4 0 201 73
1237680000 3 0 149 68
1237593600 2 0 190 64
1237507200 1 0 141 56
1237420800 1 0 149 51
1237334400 1 0 101 41
1237248000 3 0 217 87
1237161600 12 3 429 140
1237075200 1 0 185 71
1236988800 1 0 220 72
1236902400 1 0 180 83
1236816000 4 0 569 153
1236729600 1 0 105 63
1236643200 2 0 150 51
1236556800 6 2 265 101
1236470400 1 0 263 89
1236384000 1 0 259 83
1236297600 2 0 219 87
1236211200 2 0 293 88
1236124800 3 0 301 111
1236038400 1 0 111 30
1235952000 4 0 450 146
1235865600 1 0 141 49
1235779200 1 0 200 65
1235692800 1 0 86 40
1235606400 15 5 1160 497
1235520000 4 0 192 69
1235433600 2 0 329 145
1235347200 0 0 155 55
1235260800 3 0 158 96
1235174400 8 2 696 369
1235088000 1 0 153 107
1235001600 5 1 263 77
1234915200 4 0 243 88
1234828800 0 0 174 76
1234742400 3 0 310 127
1234656000 6 0 365 137
1234569600 1 0 223 70
1234483200 1 0 142 62
1234396800 6 13 228 109
1234310400 4 1 471 102
1234224000 3 1 164 75
1234137600 4 1 186 59
1234051200 3 1 188 70
1233964800 4 1 235 86
1233878400 2 1 144 74
1233792000 2 1 187 73
1233705600 4 4 233 100
1233619200 8 2 1096 292
1233532800 2 0 195 75
1233446400 2 1 143 66
1233360000 9 3 898 361
1233273600 2 0 298 106
1233187200 3 0 166 77
1233100800 5 1 383 87
1233014400 2 1 110 47
1232928000 5 2 195 67
1232841600 3 2 199 114
1232755200 9 2 873 219
1232668800 12 4 647 330
1232582400 5 1 218 82
1232496000 8 2 322 92
1232409600 4 1 160 57
1232323200 4 0 162 44
1232236800 1 0 14 6
1232150400 4 1 255 56
1232064000 7 2 279 98
1231977600 5 1 262 136
1231891200 5 1 212 115
1231804800 2 0 206 82
1231718400 6 2 352 153
1231632000 6 3 140 151
1231545600 4 1 281 133
1231459200 6 1 219 102
1231372800 4 1 191 77
1231286400 7 2 644 186
1231200000 6 1 209 79
1231113600 3 1 273 107
1231027200 3 0 138 49
1230940800 3 1 287 115
1230854400 4 1 411 144
1230768000 4 0 273 129
1230681600 4 0 510 128
1230595200 0 0 0 0
1230508800 0 0 0 0
1230422400 0 0 0 0
1230336000 0 0 0 0
1230249600 0 0 0 0
1230163200 0 0 0 0
1230076800 0 0 25 9
1229990400 0 0 73 43
1229904000 4 1 114 57
1229817600 12 3 387 155
1229731200 9 1 278 96
1229644800 8 3 235 87
1229558400 12 2 689 224
1229472000 13 2 1150 271
1229385600 4 1 169 87
1229299200 7 1 546 145
1229212800 12 3 952 318
1229126400 11 5 220 136
1229040000 10 2 287 109
1228953600 5 0 249 89
1228867200 8 3 851 745
1228780800 4 1 144 64
1228694400 6 2 235 88
1228608000 3 1 474 135
1228521600 10 2 524 152
1228435200 3 0 171 81
1228348800 4 1 208 77
1228262400 1 0 93 22
1228176000 2 0 148 68
1228089600 2 0 185 71
1228003200 2 0 180 75
1227916800 6 1 406 155
1227830400 0 15 147 133
1227744000 1 0 214 93
1227657600 5 0 977 356
1227571200 4 1 293 83
1227484800 2 0 302 99
1227398400 0 0 10 3
1227312000 3 0 228 78
1227225600 7 0 1130 451
1227139200 7 1 490 146
1227052800 1 0 210 113
1226966400 0 0 79 56
1226880000 1 0 157 84
1226793600 1 0 282 102
1226707200 1 0 128 53
1226620800 5 0 1096 354
1226534400 2 0 167 67
1226448000 1 0 126 72
1226361600 1 0 128 46
1226275200 6 5 153 131
1226188800 2 0 223 112
1226102400 8 0 668 198
1226016000 1 0 115 73
1225929600 5 0 474 125
1225843200 1 0 134 67
1225756800 2 0 209 73
1225670400 0 1 103 193
1225584000 1 0 226 77
1225497600 1 0 127 49
1225411200 0 0 161 73
1225324800 4 2 212 275
1225238400 5 2 626 186
1225152000 1 5 285 129
1225065600 10 5 1188 387
1224979200 2 0 316 120
1224892800 2 1 159 125
1224806400 2 1 131 101
1224720000 6 2 149 119
1224633600 4 1 599 166
1224547200 2 3 142 52
1224460800 5 7 172 343
1224374400 5 1 159 71
1224288000 2 0 243 303
1224201600 3 0 307 120
1224115200 2 0 334 81
1224028800 1 0 233 244
1223942400 2 0 325 97
1223856000 4 2 342 211
1223769600 1 0 114 109
1223683200 1 0 118 50
1223596800 1 0 187 75
1223510400 2 0 185 70
1223424000 6 4 732 302
1223337600 3 0 232 153
1223251200 7 3 258 102
1223164800 1 0 62 40
1223078400 1 0 128 78
1222992000 1 0 263 100
1222905600 1 0 218 126
1222819200 1 0 281 62
1222732800 1 0 113 51
1222646400 2 0 220 105
1222560000 5 0 903 439
1222473600 3 0 214 109
1222387200 2 0 140 92
1222300800 0 0 84 130
1222214400 3 0 1086 223
1222128000 1 0 161 50
1222041600 6 1 166 92
1221955200 1 0 144 67
1221868800 1 0 162 68
1221782400 4 0 277 111
1221696000 1 0 164 66
1221609600 1 0 277 109
1221523200 1 0 277 109
1221436800 1 0 227 86
1221350400 1 0 197 86
1221264000 1 0 201 81
1221177600 1 0 94 35
1221091200 3 0 193 78
1221004800 167 165 1195983 1196018
1220918400 0 0 394 94
1220832000 1 0 154 53
1220745600 3 0 309 122
1220659200 0 0 58 18
1220572800 0 0 278 121
1220486400 0 0 191 78
1220400000 0 0 162 66
1220313600 0 0 116 40
1220227200 1 0 99 54
1220140800 0 0 140 54
1220054400 2 1 255 105
1219968000 0 0 58 14
1219881600 1 0 250 102
1219795200 0 0 162 60
1219708800 0 0 68 27
1219622400 1 0 258 82
1219536000 1 0 305 110
1219449600 0 0 72 40
1219363200 0 0 169 61
1219276800 0 0 99 27
1219190400 1 0 209 68
1219104000 0 0 175 97
1219017600 0 0 80 26
1218931200 3 1 203 65
1218844800 0 0 81 18
1218758400 0 0 109 142
1218672000 1 0 173 73
1218585600 0 0 165 70
1218499200 1 0 122 83
1218412800 3 1 127 54
1218326400 0 0 171 86
1218240000 0 0 92 41
1218153600 1 0 124 67
