1222018211 -1 -1
1222018211 0 0 0 0
1222017911 0 0 0 0
1222017900 0 0 0 0
1222017600 0 0 0 0
1222017300 0 0 0 0
1222017000 0 0 0 0
1222016700 0 0 0 0
1222016400 0 0 0 0
1222016100 0 0 0 0
1222015800 0 0 0 0
1222015500 0 0 0 0
1222015200 0 0 0 0
1222014900 0 0 0 0
1222014600 0 0 0 0
1222014300 0 0 0 0
1222014000 0 0 0 0
1222013700 0 0 0 0
1222013400 0 0 0 0
1222013100 0 0 0 0
1222012800 0 0 0 0
1222012500 0 0 0 0
1222012200 0 0 0 0
1222011900 0 0 0 0
1222011600 0 0 0 0
1222011300 0 0 0 0
1222011000 0 0 0 0
1222010700 0 0 0 0
1222010400 0 0 0 0
1222010100 0 0 0 0
1222009800 0 0 0 0
1222009500 0 0 0 0
1222009200 0 0 0 0
1222008900 0 0 0 0
1222008600 0 0 0 0
1222008300 0 0 0 0
1222008000 0 0 0 0
1222007700 0 0 0 0
1222007400 0 0 0 0
1222007100 0 0 0 0
1222006800 0 0 0 0
1222006500 0 0 0 0
1222006200 0 0 0 0
1222005900 0 0 0 0
1222005600 0 0 0 0
1222005300 0 0 0 0
1222005000 0 0 0 0
1222004700 0 0 0 0
1222004400 0 0 0 0
1222004100 0 0 0 0
1222003800 0 0 0 0
1222003500 0 0 0 0
1222003200 0 0 0 0
1222002900 0 0 0 0
1222002600 0 0 0 0
1222002300 0 0 0 0
1222002000 0 0 0 0
1222001700 0 0 0 0
1222001400 0 0 0 0
1222001100 0 0 0 0
1222000800 0 0 0 0
1222000500 0 0 0 0
1222000200 0 0 0 0
1221999900 0 0 0 0
1221999600 0 0 0 0
1221999300 0 0 0 0
1221999000 0 0 0 0
1221998700 0 0 0 0
1221998400 0 0 0 0
1221998100 0 0 0 0
1221997800 0 0 0 0
1221997500 0 0 0 0
1221997200 0 0 0 0
1221996900 0 0 0 0
1221996600 0 0 0 0
1221996300 0 0 0 0
1221996000 0 0 0 0
1221995700 0 0 0 0
1221995400 0 0 0 0
1221995100 0 0 0 0
1221994800 0 0 0 0
1221994500 0 0 0 0
1221994200 0 0 0 0
1221993900 0 0 0 0
1221993600 0 0 0 0
1221993300 0 0 0 0
1221993000 0 0 0 0
1221992700 0 0 0 0
1221992400 0 0 0 0
1221992100 0 0 0 0
1221991800 0 0 0 0
1221991500 0 0 0 0
1221991200 0 0 0 0
1221990900 0 0 0 0
1221990600 0 0 0 0
1221990300 0 0 0 0
1221990000 0 0 0 0
1221989700 0 0 0 0
1221989400 0 0 0 0
1221989100 0 0 0 0
1221988800 0 0 0 0
1221988500 0 0 0 0
1221988200 0 0 0 0
1221987900 0 0 0 0
1221987600 0 0 0 0
1221987300 0 0 0 0
1221987000 0 0 0 0
1221986700 0 0 0 0
1221986400 0 0 0 0
1221986100 0 0 0 0
1221985800 0 0 0 0
1221985500 0 0 0 0
1221985200 0 0 0 0
1221984900 0 0 0 0
1221984600 0 0 0 0
1221984300 0 0 0 0
1221984000 0 0 0 0
1221983700 0 0 0 0
1221983400 0 0 0 0
1221983100 0 0 0 0
1221982800 0 0 0 0
1221982500 0 0 0 0
1221982200 0 0 0 0
1221981900 0 0 0 0
1221981600 0 0 0 0
1221981300 0 0 0 0
1221981000 0 0 0 0
1221980700 0 0 0 0
1221980400 0 0 0 0
1221980100 0 0 0 0
1221979800 0 0 0 0
1221979500 0 0 0 0
1221979200 0 0 0 0
1221978900 0 0 0 0
1221978600 0 0 0 0
1221978300 0 0 0 0
1221978000 0 0 0 0
1221977700 0 0 0 0
1221977400 0 0 0 0
1221977100 0 0 0 0
1221976800 0 0 0 0
1221976500 0 0 0 0
1221976200 0 0 0 0
1221975900 0 0 0 0
1221975600 0 0 0 0
1221975300 0 0 0 0
1221975000 0 0 0 0
1221974700 0 0 0 0
1221974400 0 0 0 0
1221974100 0 0 0 0
1221973800 0 0 0 0
1221973500 0 0 0 0
1221973200 0 0 0 0
1221972900 0 0 0 0
1221972600 0 0 0 0
1221972300 0 0 0 0
1221972000 0 0 0 0
1221971700 0 0 0 0
1221971400 0 0 0 0
1221971100 0 0 0 0
1221970800 0 0 0 0
1221970500 0 0 0 0
1221970200 0 0 0 0
1221969900 0 0 0 0
1221969600 0 0 0 0
1221969300 0 0 0 0
1221969000 0 0 0 0
1221968700 0 0 0 0
1221968400 0 0 0 0
1221968100 0 0 0 0
1221967800 0 0 0 0
1221967500 0 0 0 0
1221967200 0 0 0 0
1221966900 0 0 0 0
1221966600 0 0 0 0
1221966300 0 0 0 0
1221966000 0 0 0 0
1221965700 0 0 0 0
1221965400 0 0 0 0
1221965100 0 0 0 0
1221964800 0 0 0 0
1221964500 0 0 0 0
1221964200 0 0 0 0
1221963900 0 0 0 0
1221963600 0 0 0 0
1221963300 0 0 0 0
1221963000 0 0 0 0
1221962700 0 0 0 0
1221962400 0 0 0 0
1221962100 0 0 0 0
1221961800 0 0 0 0
1221961500 0 0 0 0
1221961200 0 0 0 0
1221960900 0 0 0 0
1221960600 0 0 0 0
1221960300 0 0 0 0
1221960000 0 0 0 0
1221959700 0 0 0 0
1221959400 0 0 0 0
1221959100 0 0 0 0
1221958800 0 0 0 0
1221958500 0 0 0 0
1221958200 0 0 0 0
1221957900 0 0 0 0
1221957600 0 0 0 0
1221957300 0 0 0 0
1221957000 0 0 0 0
1221956700 0 0 0 0
1221956400 0 0 0 0
1221956100 0 0 0 0
1221955800 0 0 0 0
1221955500 0 0 0 0
1221955200 0 0 0 0
1221954900 0 0 0 0
1221954600 0 0 0 0
1221954300 0 0 0 0
1221954000 0 0 0 0
1221953700 0 0 0 0
1221953400 0 0 0 0
1221953100 0 0 0 0
1221952800 0 0 0 0
1221952500 0 0 0 0
1221952200 0 0 0 0
1221951900 0 0 0 0
1221951600 0 0 0 0
1221951300 0 0 0 0
1221951000 0 0 0 0
1221950700 0 0 0 0
1221950400 0 0 0 0
1221950100 0 0 0 0
1221949800 0 0 0 0
1221949500 0 0 0 0
1221949200 0 0 0 0
1221948900 0 0 0 0
1221948600 0 0 0 0
1221948300 0 0 0 0
1221948000 0 0 0 0
1221947700 0 0 0 0
1221947400 0 0 0 0
1221947100 0 0 0 0
1221946800 0 0 0 0
1221946500 0 0 0 0
1221946200 0 0 0 0
1221945900 0 0 0 0
1221945600 0 0 0 0
1221945300 0 0 0 0
1221945000 0 0 0 0
1221944700 0 0 0 0
1221944400 0 0 0 0
1221944100 0 0 0 0
1221943800 0 0 0 0
1221943500 0 0 0 0
1221943200 0 0 0 0
1221942900 0 0 0 0
1221942600 0 0 0 0
1221942300 0 0 0 0
1221942000 0 0 0 0
1221941700 0 0 0 0
1221941400 0 0 0 0
1221941100 0 0 0 0
1221940800 0 0 0 0
1221940500 0 0 0 0
1221940200 0 0 0 0
1221939900 0 0 0 0
1221939600 0 0 0 0
1221939300 0 0 0 0
1221939000 0 0 0 0
1221938700 0 0 0 0
1221938400 0 0 0 0
1221938100 0 0 0 0
1221937800 0 0 0 0
1221937500 0 0 0 0
1221937200 0 0 0 0
1221936900 0 0 0 0
1221936600 0 0 0 0
1221936300 0 0 0 0
1221936000 0 0 0 0
1221935700 0 0 0 0
1221935400 0 0 0 0
1221935100 0 0 0 0
1221934800 0 0 0 0
1221934500 0 0 0 0
1221934200 0 0 0 0
1221933900 0 0 0 0
1221933600 0 0 0 0
1221933300 0 0 0 0
1221933000 0 0 0 0
1221932700 0 0 0 0
1221932400 0 0 0 0
1221932100 0 0 0 0
1221931800 0 0 0 0
1221931500 0 0 0 0
1221931200 0 0 0 0
1221930900 0 0 0 0
1221930600 0 0 0 0
1221930300 0 0 0 0
1221930000 0 0 0 0
1221929700 0 0 0 0
1221929400 0 0 0 0
1221929100 0 0 0 0
1221928800 0 0 0 0
1221928500 0 0 0 0
1221928200 0 0 0 0
1221927900 0 0 0 0
1221927600 0 0 0 0
1221927300 0 0 0 0
1221927000 0 0 0 0
1221926700 0 0 0 0
1221926400 0 0 0 0
1221926100 0 0 0 0
1221925800 0 0 0 0
1221925500 0 0 0 0
1221925200 0 0 0 0
1221924900 0 0 0 0
1221924600 0 0 0 0
1221924300 0 0 0 0
1221924000 0 0 0 0
1221923700 0 0 0 0
1221923400 0 0 0 0
1221923100 0 0 0 0
1221922800 0 0 0 0
1221922500 0 0 0 0
1221922200 0 0 0 0
1221921900 0 0 0 0
1221921600 0 0 0 0
1221921300 0 0 0 0
1221921000 0 0 0 0
1221920700 0 0 0 0
1221920400 0 0 0 0
1221920100 0 0 0 0
1221919800 0 0 0 0
1221919500 0 0 0 0
1221919200 0 0 0 0
1221918900 0 0 0 0
1221918600 0 0 0 0
1221918300 0 0 0 0
1221918000 0 0 0 0
1221917700 0 0 0 0
1221917400 0 0 0 0
1221917100 0 0 0 0
1221916800 0 0 0 0
1221916500 0 0 0 0
1221916200 0 0 0 0
1221915900 0 0 0 0
1221915600 0 0 0 0
1221915300 0 0 0 0
1221915000 0 0 0 0
1221914700 0 0 0 0
1221914400 0 0 0 0
1221914100 0 0 0 0
1221913800 0 0 0 0
1221913500 0 0 0 0
1221913200 0 0 0 0
1221912900 0 0 0 0
1221912600 0 0 0 0
1221912300 0 0 0 0
1221912000 0 0 0 0
1221911700 0 0 0 0
1221911400 0 0 0 0
1221911100 0 0 0 0
1221910800 0 0 0 0
1221910500 0 0 0 0
1221910200 0 0 0 0
1221909900 0 0 0 0
1221909600 0 0 0 0
1221909300 0 0 0 0
1221909000 0 0 0 0
1221908700 0 0 0 0
1221908400 0 0 0 0
1221908100 0 0 0 0
1221907800 0 0 0 0
1221907500 0 0 0 0
1221907200 0 0 0 0
1221906900 0 0 0 0
1221906600 0 0 0 0
1221906300 0 0 0 0
1221906000 0 0 0 0
1221905700 0 0 0 0
1221905400 0 0 0 0
1221905100 0 0 0 0
1221904800 0 0 0 0
1221904500 0 0 0 0
1221904200 0 0 0 0
1221903900 0 0 0 0
1221903600 0 0 0 0
1221903300 0 0 0 0
1221903000 0 0 0 0
1221902700 0 0 0 0
1221902400 0 0 0 0
1221902100 0 0 0 0
1221901800 0 0 0 0
1221901500 0 0 0 0
1221901200 0 0 0 0
1221900900 0 0 0 0
1221900600 0 0 0 0
1221900300 0 0 0 0
1221900000 0 0 0 0
1221899700 0 0 0 0
1221899400 0 0 0 0
1221899100 0 0 0 0
1221898800 0 0 0 0
1221898500 0 0 0 0
1221898200 0 0 0 0
1221897900 0 0 0 0
1221897600 0 0 0 0
1221897300 0 0 0 0
1221897000 0 0 0 0
1221896700 0 0 0 0
1221896400 0 0 0 0
1221896100 0 0 0 0
1221895800 0 0 0 0
1221895500 0 0 0 0
1221895200 0 0 0 0
1221894900 0 0 0 0
1221894600 0 0 0 0
1221894300 0 0 0 0
1221894000 0 0 0 0
1221893700 0 0 0 0
1221893400 0 0 0 0
1221893100 0 0 0 0
1221892800 0 0 0 0
1221892500 0 0 0 0
1221892200 0 0 0 0
1221891900 0 0 0 0
1221891600 0 0 0 0
1221891300 0 0 0 0
1221891000 0 0 0 0
1221890700 0 0 0 0
1221890400 0 0 0 0
1221890100 0 0 0 0
1221889800 0 0 0 0
1221889500 0 0 0 0
1221889200 0 0 0 0
1221888900 0 0 0 0
1221888600 0 0 0 0
1221888300 0 0 0 0
1221888000 0 0 0 0
1221887700 0 0 0 0
1221887400 0 0 0 0
1221887100 0 0 0 0
1221886800 0 0 0 0
1221886500 0 0 0 0
1221886200 0 0 0 0
1221885900 0 0 0 0
1221885600 0 0 0 0
1221885300 0 0 0 0
1221885000 0 0 0 0
1221884700 0 0 0 0
1221884400 0 0 0 0
1221884100 0 0 0 0
1221883800 0 0 0 0
1221883500 0 0 0 0
1221883200 0 0 0 0
1221882900 0 0 0 0
1221882600 0 0 0 0
1221882300 0 0 0 0
1221882000 0 0 0 0
1221881700 0 0 0 0
1221881400 0 0 0 0
1221881100 0 0 0 0
1221880800 0 0 0 0
1221880500 0 0 0 0
1221880200 0 0 0 0
1221879900 0 0 0 0
1221879600 0 0 0 0
1221879300 0 0 0 0
1221879000 0 0 0 0
1221878700 0 0 0 0
1221878400 0 0 0 0
1221878100 0 0 0 0
1221877800 0 0 0 0
1221877500 0 0 0 0
1221877200 0 0 0 0
1221876900 0 0 0 0
1221876600 0 0 0 0
1221876300 0 0 0 0
1221876000 0 0 0 0
1221875700 0 0 0 0
1221875400 0 0 0 0
1221875100 0 0 0 0
1221874800 0 0 0 0
1221874500 0 0 0 0
1221874200 0 0 0 0
1221873900 0 0 0 0
1221873600 0 0 0 0
1221873300 0 0 0 0
1221873000 0 0 0 0
1221872700 0 0 0 0
1221872400 0 0 0 0
1221872100 0 0 0 0
1221871800 0 0 0 0
1221871500 0 0 0 0
1221871200 0 0 0 0
1221870900 0 0 0 0
1221870600 0 0 0 0
1221870300 0 0 0 0
1221870000 0 0 0 0
1221869700 0 0 0 0
1221869400 0 0 0 0
1221869100 0 0 0 0
1221868800 0 0 0 0
1221868500 0 0 0 0
1221868200 0 0 0 0
1221867900 0 0 0 0
1221867600 0 0 0 0
1221867300 0 0 0 0
1221867000 0 0 0 0
1221866700 0 0 0 0
1221866400 0 0 0 0
1221866100 0 0 0 0
1221865800 0 0 0 0
1221865500 0 0 0 0
1221865200 0 0 0 0
1221864900 0 0 0 0
1221864600 0 0 0 0
1221864300 0 0 0 0
1221864000 0 0 0 0
1221863700 0 0 0 0
1221863400 0 0 0 0
1221863100 0 0 0 0
1221862800 0 0 0 0
1221862500 0 0 0 0
1221862200 0 0 0 0
1221861900 0 0 0 0
1221861600 0 0 0 0
1221861300 0 0 0 0
1221861000 0 0 0 0
1221860700 0 0 0 0
1221860400 0 0 0 0
1221860100 0 0 0 0
1221859800 0 0 0 0
1221859500 0 0 0 0
1221859200 0 0 0 0
1221858900 0 0 0 0
1221858600 0 0 0 0
1221858300 0 0 0 0
1221858000 0 0 0 0
1221857700 0 0 0 0
1221857400 0 0 0 0
1221857100 0 0 0 0
1221856800 0 0 0 0
1221856500 0 0 0 0
1221856200 0 0 0 0
1221855900 0 0 0 0
1221855600 0 0 0 0
1221855300 0 0 0 0
1221855000 0 0 0 0
1221854700 0 0 0 0
1221854400 0 0 0 0
1221854100 0 0 0 0
1221853800 0 0 0 0
1221853500 0 0 0 0
1221853200 0 0 0 0
1221852900 0 0 0 0
1221852600 0 0 0 0
1221852300 0 0 0 0
1221852000 0 0 0 0
1221851700 0 0 0 0
1221851400 0 0 0 0
1221851100 0 0 0 0
1221850800 0 0 0 0
1221850500 0 0 0 0
1221850200 0 0 0 0
1221849900 0 0 0 0
1221849600 0 0 0 0
1221849300 0 0 0 0
1221849000 0 0 0 0
1221848700 0 0 0 0
1221848400 0 0 0 0
1221848100 0 0 0 0
1221847800 0 0 0 0
1221847500 0 0 0 0
1221847200 0 0 0 0
1221846900 0 0 0 0
1221846600 0 0 0 0
1221846300 0 0 0 0
1221846000 0 0 0 0
1221845700 0 0 0 0
1221845400 0 0 0 0
1221845100 0 0 0 0
1221844800 0 0 0 0
1221844500 0 0 0 0
1221844200 0 0 0 0
1221843900 0 0 0 0
1221843600 0 0 0 0
1221843300 0 0 0 0
1221843000 0 0 0 0
1221842700 0 0 0 0
1221842400 0 0 0 0
1221842100 0 0 0 0
1221841800 0 0 0 0
1221841500 0 0 0 0
1221841200 0 0 0 0
1221840900 0 0 0 0
1221840600 0 0 0 0
1221840300 0 0 0 0
1221840000 0 0 0 0
1221839700 0 0 0 0
1221839400 0 0 0 0
1221839100 0 0 0 0
1221838800 0 0 0 0
1221838500 0 0 0 0
1221838200 0 0 0 0
1221836400 0 0 0 0
1221834600 0 0 0 0
1221832800 0 0 0 0
1221831000 0 0 0 0
1221829200 0 0 0 0
1221827400 0 0 0 0
1221825600 0 0 0 0
1221823800 0 0 0 0
1221822000 0 0 0 0
1221820200 0 0 0 0
1221818400 0 0 0 0
1221816600 0 0 0 0
1221814800 0 0 0 0
1221813000 0 0 0 0
1221811200 0 0 0 0
1221809400 0 0 0 0
1221807600 0 0 0 0
1221805800 0 0 0 0
1221804000 0 0 0 0
1221802200 0 0 0 0
1221800400 0 0 0 0
1221798600 0 0 0 0
1221796800 0 0 0 0
1221795000 0 0 0 0
1221793200 0 0 0 0
1221791400 0 0 0 0
1221789600 0 0 0 0
1221787800 0 0 0 0
1221786000 0 0 0 0
1221784200 0 0 0 0
1221782400 0 0 0 0
1221780600 0 0 0 0
1221778800 0 0 0 0
1221777000 0 0 0 0
1221775200 0 0 0 0
1221773400 0 0 0 0
1221771600 0 0 0 0
1221769800 0 0 0 0
1221768000 0 0 0 0
1221766200 0 0 0 0
1221764400 0 0 0 0
1221762600 0 0 0 0
1221760800 0 0 0 0
1221759000 0 0 0 0
1221757200 0 0 0 0
1221755400 0 0 0 0
1221753600 0 0 0 0
1221751800 0 0 0 0
1221750000 0 0 0 0
1221748200 0 0 0 0
1221746400 0 0 0 0
1221744600 0 0 0 0
1221742800 0 0 0 0
1221741000 0 0 0 0
1221739200 0 0 0 0
1221737400 0 0 0 0
1221735600 0 0 0 0
1221733800 0 0 0 0
1221732000 0 0 0 0
1221730200 0 0 0 0
1221728400 0 0 0 0
1221726600 0 0 0 0
1221724800 0 0 0 0
1221723000 0 0 0 0
1221721200 0 0 0 0
1221719400 0 0 0 0
1221717600 0 0 0 0
1221715800 0 0 0 0
1221714000 0 0 0 0
1221712200 0 0 0 0
1221710400 0 0 0 0
1221708600 0 0 0 0
1221706800 0 0 0 0
1221705000 0 0 0 0
1221703200 0 0 0 0
1221701400 0 0 0 0
1221699600 0 0 0 0
1221697800 0 0 0 0
1221696000 0 0 0 0
1221694200 0 0 0 0
1221692400 0 0 0 0
1221690600 0 0 0 0
1221688800 0 0 0 0
1221687000 0 0 0 0
1221685200 0 0 0 0
1221683400 0 0 0 0
1221681600 0 0 0 0
1221679800 0 0 0 0
1221678000 0 0 0 0
1221676200 0 0 0 0
1221674400 0 0 0 0
1221672600 0 0 0 0
1221670800 0 0 0 0
1221669000 0 0 0 0
1221667200 0 0 0 0
1221665400 0 0 0 0
1221663600 0 0 0 0
1221661800 0 0 0 0
1221660000 0 0 0 0
1221658200 0 0 0 0
1221656400 0 0 0 0
1221654600 0 0 0 0
1221652800 0 0 0 0
1221651000 0 0 0 0
1221649200 0 0 0 0
1221647400 0 0 0 0
1221645600 0 0 0 0
1221643800 0 0 0 0
1221642000 0 0 0 0
1221640200 0 0 0 0
1221638400 0 0 0 0
1221636600 0 0 0 0
1221634800 0 0 0 0
1221633000 0 0 0 0
1221631200 0 0 0 0
1221629400 0 0 0 0
1221627600 0 0 0 0
1221625800 0 0 0 0
1221624000 0 0 0 0
1221622200 0 0 0 0
1221620400 0 0 0 0
1221618600 0 0 0 0
1221616800 0 0 0 0
1221615000 0 0 0 0
1221613200 0 0 0 0
1221611400 0 0 0 0
1221609600 0 0 0 0
1221607800 0 0 0 0
1221606000 0 0 0 0
1221604200 0 0 0 0
1221602400 0 0 0 0
1221600600 0 0 0 0
1221598800 0 0 0 0
1221597000 0 0 0 0
1221595200 0 0 0 0
1221593400 0 0 0 0
1221591600 0 0 0 0
1221589800 0 0 0 0
1221588000 0 0 0 0
1221586200 0 0 0 0
1221584400 0 0 0 0
1221582600 0 0 0 0
1221580800 0 0 0 0
1221579000 0 0 0 0
1221577200 0 0 0 0
1221575400 0 0 0 0
1221573600 0 0 0 0
1221571800 0 0 0 0
1221570000 0 0 0 0
1221568200 0 0 0 0
1221566400 0 0 0 0
1221564600 0 0 0 0
1221562800 0 0 0 0
1221561000 0 0 0 0
1221559200 0 0 0 0
1221557400 0 0 0 0
1221555600 0 0 0 0
1221553800 0 0 0 0
1221552000 0 0 0 0
1221550200 0 0 0 0
1221548400 0 0 0 0
1221546600 0 0 0 0
1221544800 0 0 0 0
1221543000 0 0 0 0
1221541200 0 0 0 0
1221539400 0 0 0 0
1221537600 0 0 0 0
1221535800 0 0 0 0
1221534000 0 0 0 0
1221532200 0 0 0 0
1221530400 0 0 0 0
1221528600 0 0 0 0
1221526800 0 0 0 0
1221525000 0 0 0 0
1221523200 0 0 0 0
1221521400 0 0 0 0
1221519600 0 0 0 0
1221517800 0 0 0 0
1221516000 0 0 0 0
1221514200 0 0 0 0
1221512400 0 0 0 0
1221510600 0 0 0 0
1221508800 0 0 0 0
1221507000 0 0 0 0
1221505200 0 0 0 0
1221503400 0 0 0 0
1221501600 0 0 0 0
1221499800 0 0 0 0
1221498000 0 0 0 0
1221496200 0 0 0 0
1221494400 0 0 0 0
1221492600 0 0 0 0
1221490800 0 0 0 0
1221489000 0 0 0 0
1221487200 0 0 0 0
1221485400 0 0 0 0
1221483600 0 0 0 0
1221481800 0 0 0 0
1221480000 0 0 0 0
1221478200 0 0 0 0
1221476400 0 0 0 0
1221474600 0 0 0 0
1221472800 0 0 0 0
1221471000 0 0 0 0
1221469200 0 0 0 0
1221467400 0 0 0 0
1221465600 0 0 0 0
1221463800 0 0 0 0
1221462000 0 0 0 0
1221460200 0 0 0 0
1221458400 0 0 0 0
1221456600 0 0 0 0
1221454800 0 0 0 0
1221453000 0 0 0 0
1221451200 0 0 0 0
1221449400 0 0 0 0
1221447600 0 0 0 0
1221445800 0 0 0 0
1221444000 0 0 0 0
1221442200 0 0 0 0
1221440400 0 0 0 0
1221438600 0 0 0 0
1221436800 0 0 0 0
1221435000 0 0 0 0
1221433200 0 0 0 0
1221431400 0 0 0 0
1221429600 0 0 0 0
1221427800 0 0 0 0
1221426000 0 0 0 0
1221424200 0 0 0 0
1221422400 0 0 0 0
1221420600 0 0 0 0
1221418800 0 0 0 0
1221417000 0 0 0 0
1221415200 0 0 0 0
1221413400 0 0 0 0
1221411600 0 0 0 0
1221409800 0 0 0 0
1221408000 0 0 0 0
1221406200 0 0 0 0
1221404400 0 0 0 0
1221402600 0 0 0 0
1221400800 0 0 0 0
1221399000 0 0 0 0
1221397200 0 0 0 0
1221395400 0 0 0 0
1221393600 0 0 0 0
1221391800 0 0 0 0
1221390000 0 0 0 0
1221388200 0 0 0 0
1221386400 0 0 0 0
1221384600 0 0 0 0
1221382800 0 0 0 0
1221381000 0 0 0 0
1221379200 0 0 0 0
1221377400 0 0 0 0
1221375600 0 0 0 0
1221373800 0 0 0 0
1221372000 0 0 0 0
1221370200 0 0 0 0
1221368400 0 0 0 0
1221366600 0 0 0 0
1221364800 0 0 0 0
1221363000 0 0 0 0
1221361200 0 0 0 0
1221359400 0 0 0 0
1221357600 0 0 0 0
1221355800 0 0 0 0
1221354000 0 0 0 0
1221352200 0 0 0 0
1221350400 0 0 0 0
1221348600 0 0 0 0
1221346800 0 0 0 0
1221345000 0 0 0 0
1221343200 0 0 0 0
1221341400 0 0 0 0
1221339600 0 0 0 0
1221337800 0 0 0 0
1221336000 0 0 0 0
1221334200 0 0 0 0
1221332400 0 0 0 0
1221330600 0 0 0 0
1221328800 0 0 0 0
1221327000 0 0 0 0
1221325200 0 0 0 0
1221323400 0 0 0 0
1221321600 0 0 0 0
1221319800 0 0 0 0
1221318000 0 0 0 0
1221316200 0 0 0 0
1221314400 0 0 0 0
1221312600 0 0 0 0
1221310800 0 0 0 0
1221309000 0 0 0 0
1221307200 0 0 0 0
1221305400 0 0 0 0
1221303600 0 0 0 0
1221301800 0 0 0 0
1221300000 0 0 0 0
1221298200 0 0 0 0
1221296400 0 0 0 0
1221294600 0 0 0 0
1221292800 0 0 0 0
1221291000 0 0 0 0
1221289200 0 0 0 0
1221287400 0 0 0 0
1221285600 0 0 0 0
1221283800 0 0 0 0
1221282000 0 0 0 0
1221280200 0 0 0 0
1221278400 0 0 0 0
1221276600 0 0 0 0
1221274800 0 0 0 0
1221273000 0 0 0 0
1221271200 0 0 0 0
1221269400 0 0 0 0
1221267600 0 0 0 0
1221265800 0 0 0 0
1221264000 0 0 0 0
1221262200 0 0 0 0
1221260400 0 0 0 0
1221258600 0 0 0 0
1221256800 0 0 0 0
1221255000 0 0 0 0
1221253200 0 0 0 0
1221251400 0 0 0 0
1221249600 0 0 0 0
1221247800 0 0 0 0
1221246000 0 0 0 0
1221244200 0 0 0 0
1221242400 0 0 0 0
1221240600 0 0 0 0
1221238800 0 0 0 0
1221237000 0 0 0 0
1221235200 0 0 0 0
1221233400 0 0 0 0
1221231600 0 0 0 0
1221229800 0 0 0 0
1221228000 0 0 0 0
1221226200 0 0 0 0
1221224400 0 0 0 0
1221222600 0 0 0 0
1221220800 0 0 0 0
1221219000 0 0 0 0
1221217200 0 0 0 0
1221215400 0 0 0 0
1221213600 0 0 0 0
1221211800 0 0 0 0
1221210000 0 0 0 0
1221208200 0 0 0 0
1221206400 0 0 0 0
1221204600 0 0 0 0
1221202800 0 0 0 0
1221201000 0 0 0 0
1221199200 0 0 0 0
1221197400 0 0 0 0
1221195600 0 0 0 0
1221193800 0 0 0 0
1221192000 0 0 0 0
1221190200 0 0 0 0
1221188400 0 0 0 0
1221186600 0 0 0 0
1221184800 0 0 0 0
1221183000 0 0 0 0
1221181200 0 0 0 0
1221179400 0 0 0 0
1221177600 0 0 0 0
1221175800 0 0 0 0
1221174000 0 0 0 0
1221172200 0 0 0 0
1221170400 0 0 0 0
1221168600 0 0 0 0
1221166800 0 0 0 0
1221165000 0 0 0 0
1221163200 0 0 0 0
1221161400 0 0 0 0
1221159600 0 0 0 0
1221157800 0 0 0 0
1221156000 0 0 0 0
1221154200 0 0 0 0
1221152400 0 0 0 0
1221150600 0 0 0 0
1221148800 0 0 0 0
1221147000 0 0 0 0
1221145200 0 0 0 0
1221143400 0 0 0 0
1221141600 0 0 0 0
1221139800 0 0 0 0
1221138000 0 0 0 0
1221136200 0 0 0 0
1221134400 0 0 0 0
1221132600 0 0 0 0
1221130800 0 0 0 0
1221129000 0 0 0 0
1221127200 0 0 0 0
1221125400 0 0 0 0
1221123600 0 0 0 0
1221121800 0 0 0 0
1221120000 0 0 0 0
1221118200 0 0 0 0
1221116400 0 0 0 0
1221114600 0 0 0 0
1221112800 0 0 0 0
1221111000 0 0 0 0
1221109200 0 0 0 0
1221107400 0 0 0 0
1221105600 0 0 0 0
1221103800 0 0 0 0
1221102000 0 0 0 0
1221100200 0 0 0 0
1221098400 0 0 0 0
1221096600 0 0 0 0
1221094800 0 0 0 0
1221093000 0 0 0 0
1221091200 0 0 0 0
1221089400 0 0 0 0
1221087600 0 0 0 0
1221085800 0 0 0 0
1221084000 0 0 0 0
1221082200 0 0 0 0
1221080400 0 0 0 0
1221078600 0 0 0 0
1221076800 0 0 0 0
1221075000 0 0 0 0
1221073200 0 0 0 0
1221071400 0 0 0 0
1221069600 0 0 0 0
1221067800 0 0 0 0
1221066000 0 0 0 0
1221064200 0 0 0 0
1221062400 0 0 0 0
1221060600 0 0 0 0
1221058800 0 0 0 0
1221057000 0 0 0 0
1221055200 0 0 0 0
1221053400 0 0 0 0
1221051600 0 0 0 0
1221049800 0 0 0 0
1221048000 0 0 0 0
1221046200 0 0 0 0
1221044400 0 0 0 0
1221042600 0 0 0 0
1221040800 0 0 0 0
1221039000 0 0 0 0
1221037200 0 0 0 0
1221035400 0 0 0 0
1221033600 0 0 0 0
1221031800 0 0 0 0
1221030000 0 0 0 0
1221028200 0 0 0 0
1221026400 0 0 0 0
1221024600 0 0 0 0
1221022800 0 0 0 0
1221021000 0 0 0 0
1221019200 0 0 0 0
1221017400 0 0 0 0
1221015600 0 0 0 0
1221013800 0 0 0 0
1221012000 0 0 0 0
1221010200 0 0 0 0
1221008400 0 0 0 0
1221006600 0 0 0 0
1221004800 0 0 0 0
1221003000 0 0 0 0
1221001200 0 0 0 0
1220999400 0 0 0 0
1220997600 0 0 0 0
1220995800 0 0 0 0
1220994000 0 0 0 0
1220992200 0 0 0 0
1220990400 0 0 0 0
1220988600 0 0 0 0
1220986800 0 0 0 0
1220985000 0 0 0 0
1220983200 0 0 0 0
1220981400 0 0 0 0
1220979600 0 0 0 0
1220977800 0 0 0 0
1220976000 0 0 0 0
1220974200 0 0 0 0
1220972400 0 0 0 0
1220970600 0 0 0 0
1220968800 0 0 0 0
1220967000 0 0 0 0
1220965200 0 0 0 0
1220963400 0 0 0 0
1220961600 0 0 0 0
1220959800 0 0 0 0
1220958000 0 0 0 0
1220956200 0 0 0 0
1220954400 0 0 0 0
1220952600 0 0 0 0
1220950800 0 0 0 0
1220949000 0 0 0 0
1220947200 0 0 0 0
1220945400 0 0 0 0
1220943600 0 0 0 0
1220941800 0 0 0 0
1220940000 0 0 0 0
1220938200 0 0 0 0
1220936400 0 0 0 0
1220934600 0 0 0 0
1220932800 0 0 0 0
1220931000 0 0 0 0
1220929200 0 0 0 0
1220927400 0 0 0 0
1220925600 0 0 0 0
1220923800 0 0 0 0
1220922000 0 0 0 0
1220920200 0 0 0 0
1220918400 0 0 0 0
1220916600 0 0 0 0
1220914800 0 0 0 0
1220913000 0 0 0 0
1220911200 0 0 0 0
1220909400 0 0 0 0
1220907600 0 0 0 0
1220905800 0 0 0 0
1220904000 0 0 0 0
1220902200 0 0 0 0
1220900400 0 0 0 0
1220898600 0 0 0 0
1220896800 0 0 0 0
1220895000 0 0 0 0
1220893200 0 0 0 0
1220891400 0 0 0 0
1220889600 0 0 0 0
1220887800 0 0 0 0
1220886000 0 0 0 0
1220884200 0 0 0 0
1220882400 0 0 0 0
1220880600 0 0 0 0
1220878800 0 0 0 0
1220877000 0 0 0 0
1220875200 0 0 0 0
1220873400 0 0 0 0
1220871600 0 0 0 0
1220869800 0 0 0 0
1220868000 0 0 0 0
1220866200 0 0 0 0
1220864400 0 0 0 0
1220862600 0 0 0 0
1220860800 0 0 0 0
1220859000 0 0 0 0
1220857200 0 0 0 0
1220855400 0 0 0 0
1220853600 0 0 0 0
1220851800 0 0 0 0
1220850000 0 0 0 0
1220848200 0 0 0 0
1220846400 0 0 0 0
1220844600 0 0 0 0
1220842800 0 0 0 0
1220841000 0 0 0 0
1220839200 0 0 0 0
1220837400 0 0 0 0
1220835600 0 0 0 0
1220833800 0 0 0 0
1220832000 0 0 0 0
1220830200 0 0 0 0
1220828400 0 0 0 0
1220826600 0 0 0 0
1220824800 0 0 0 0
1220823000 0 0 0 0
1220821200 0 0 0 0
1220819400 0 0 0 0
1220817600 0 0 0 0
1220815800 0 0 0 0
1220814000 0 0 0 0
1220812200 0 0 0 0
1220810400 0 0 0 0
1220808600 0 0 0 0
1220806800 0 0 0 0
1220805000 0 0 0 0
1220803200 0 0 0 0
1220801400 0 0 0 0
1220799600 0 0 0 0
1220797800 0 0 0 0
1220796000 0 0 0 0
1220794200 0 0 0 0
1220792400 0 0 0 0
1220790600 0 0 0 0
1220788800 0 0 0 0
1220787000 0 0 0 0
1220785200 0 0 0 0
1220783400 0 0 0 0
1220781600 0 0 0 0
1220779800 0 0 0 0
1220778000 0 0 0 0
1220776200 0 0 0 0
1220774400 0 0 0 0
1220772600 0 0 0 0
1220770800 0 0 0 0
1220769000 0 0 0 0
1220767200 0 0 0 0
1220765400 0 0 0 0
1220763600 0 0 0 0
1220761800 0 0 0 0
1220760000 0 0 0 0
1220758200 0 0 0 0
1220752800 0 0 0 0
1220745600 0 0 0 0
1220738400 0 0 0 0
1220731200 0 0 0 0
1220724000 0 0 0 0
1220716800 7365 307 83575 4247
1220709600 89 5 2169 129
1220702400 0 0 0 0
1220695200 0 0 0 0
1220688000 0 0 0 0
1220680800 949 448 6532 4694
1220673600 1595 258 6969 1133
1220666400 0 0 6 2
1220659200 0 0 6 6
1220652000 0 0 5 2
1220644800 0 0 6 3
1220637600 188 3929 806 16444
1220630400 108733 18019 166003 20382
1220623200 2068 275 48307 6250
1220616000 90 4 2165 129
1220608800 0 0 1 0
1220601600 0 0 25 4
1220594400 4 0 37 20
1220587200 5815 668 60627 3723
1220580000 0 0 4 2
1220572800 0 0 4 2
1220565600 0 1 42 47
1220558400 10 11 255 266
1220551200 56 47 862 368
1220544000 0 0 2 0
1220536800 160 11 3859 287
1220529600 10 21 706 358
1220522400 29 2 706 64
1220515200 0 0 0 0
1220508000 0 0 26 3
1220500800 72 51 717 220
1220493600 1551 488 10561 3789
1220486400 10323 338 133956 3883
1220479200 13871 594 133956 4107
1220472000 39 107 46 112
1220464800 624 1647 12330 16513
1220457600 98184 18530 197796 41059
1220450400 83027 11507 170169 18158
1220443200 115 6 2773 151
1220436000 0 0 0 0
1220428800 0 0 0 0
1220421600 1 4 43 126
1220414400 10917 611 79938 3019
1220407200 808 60 8519 662
1220400000 39 97 85 235
1220392800 40 101 71 235
1220385600 39 96 78 137
1220378400 38 96 41 100
1220371200 37 92 42 100
1220364000 12 33 3488 311
1220356800 236 18 3488 311
1220349600 0 0 0 0
1220342400 3 0 94 122
1220335200 21 22 246 141
1220328000 18619 695 171397 4450
1220320800 1835 239 25927 1711
1220313600 0 0 4 1
1220306400 0 0 5 1
1220299200 0 0 2 0
1220292000 0 0 5 1
1220284800 0 0 3 1
1220277600 56 1295 1118 30758
1220270400 0 0 16 13
1220263200 4 2 81 39
1220256000 0 0 0 0
1220248800 159 81 854 549
1220241600 642 391 1490 511
1220234400 1241 288 9146 1478
1220227200 2128 404 8792 1204
1220220000 1068 213 6334 1087
1220212800 1440 1059 26682 5340
1220205600 7175 216 156769 3402
1220198400 19736 823 114322 3647
1220191200 930 403 5972 2463
1220184000 144 120 328 243
1220176800 192 180 390 402
1220169600 165 144 412 442
1220162400 138 119 304 306
1220155200 147 249 488 3177
1220148000 1534 399 10285 1472
1220140800 1445 338 8686 1045
1220133600 420 89 4991 308
1220126400 461 81 6487 524
1220119200 10273 501 99978 2716
1220112000 284 53 4017 689
1220104800 0 0 0 0
1220097600 0 0 0 0
1220090400 0 0 0 0
1220083200 0 0 0 0
1220076000 753 42 132999 3180
1220068800 10047 590 132999 3180
1220061600 2179 116 19068 890
1220054400 31500 1366 126290 4789
1220047200 24 62 43 102
1220040000 34 87 44 129
1220032800 8 24 53 188
1220025600 0 0 6 1
1220018400 8 7 199 187
1220011200 3 1 92 50
1220004000 0 0 0 0
1219996800 0 0 0 0
1219989600 138 65 765 430
1219982400 3478 661 21460 2783
1219975200 0 0 5 0
1219968000 0 0 3 0
1219960800 0 0 6 1
1219953600 0 0 7 2
1219946400 0 0 4 1
1219939200 57 7 1346 184
1219932000 0 0 5 1
1219924800 29 2 700 64
1219917600 0 0 0 0
1219910400 0 0 0 0
1219903200 23 16 288 169
1219896000 89 51 1283 266
1219888800 0 0 9 1
1219881600 27511 1035 142014 4472
1219874400 2201 178 52499 3754
1219867200 28 49 136 171
1219860000 23 43 27 53
1219852800 23 42 29 53
1219845600 24 53 85 360
1219838400 11 9 136 127
1219831200 0 0 0 0
1219824000 0 0 0 0
1219816800 73 294 313 3732
1219809600 403 145 4663 482
1219802400 199 103 2441 540
1219795200 4230 7579 140802 20747
1219788000 110124 16682 208111 40055
1219780800 1 0 5 1
1219773600 359 85 4550 956
1219766400 942 221 8313 1829
1219759200 59324 10048 142960 19770
1219752000 653 37 7879 517
1219744800 0 0 0 0
1219737600 0 0 0 0
1219730400 0 0 2 0
1219723200 95 11 2236 279
1219716000 19418 941 84867 2965
1219708800 39 112 43 117
1219701600 223 4141 889 16883
1219694400 55012 11213 140176 30222
1219687200 42 108 116 185
1219680000 54 660 360 8442
1219672800 0 0 6 1
1219665600 5 1 129 51
1219658400 0 0 0 0
1219651200 0 0 0 0
1219644000 0 0 27 3
1219636800 18640 551 128821 3338
1219629600 18971 845 102094 3006
1219622400 1583 347 8746 1106
1219615200 1201 269 14678 1468
1219608000 5032 598 36446 2825
1219600800 1610 254 21290 2567
1219593600 0 0 0 0
1219586400 0 0 0 0
1219579200 0 0 0 0
1219572000 0 0 0 0
1219564800 0 0 0 0
1219557600 0 0 27 3
1219550400 2 0 28 3
1219543200 0 0 5 1
1219536000 0 0 4 1
1219528800 148 57 2379 979
1219521600 3895 128 34644 930
1219514400 6326 229 45569 1345
1219507200 17285 719 104210 3018
1219500000 0 0 0 0
1219492800 0 0 0 0
1219485600 0 0 0 0
1219478400 0 0 0 0
1219471200 1867 462 18833 3014
1219464000 1388 521 7163 1558
1219456800 1 0 6 2
1219449600 14 22 30 57
1219442400 26 46 49 57
1219435200 32 63 75 216
1219428000 687 13852 1058 16722
1219420800 95934 16763 142817 17262
1219413600 49489 11850 111215 16826
1219406400 5 2 107 53
1219399200 0 0 0 0
1219392000 0 0 0 0
1219384800 1 0 27 4
1219377600 21565 966 81766 2545
1219370400 1008 217 14185 1440
1219363200 378 8145 820 16726
1219356000 61472 17466 159508 29569
1219348800 153159 17500 180071 18666
1219341600 175893 18590 185523 19249
1219334400 135748 17790 167940 19201
1219327200 107428 16836 180666 18530
1219320000 3282 292 33417 1710
1219312800 0 0 0 0
1219305600 0 0 0 0
1219298400 6 4 63 120
1219291200 2852 290 39722 1396
1219284000 13398 574 78992 2935
1219276800 0 0 0 0
1219269600 33 72 262 124
1219262400 6037 8970 14259 17824
1219255200 13415 12451 20408 16374
1219248000 10159 11340 20408 16374
1219240800 4056 7638 12374 14434
1219233600 303 311 4880 2434
1219226400 0 0 0 0
1219219200 0 0 0 0
1219212000 1 4 41 119
1219204800 16729 622 126175 3341
1219197600 13 25 10606 16510
1219190400 18556 16799 26598 17181
1219183200 24986 15853 42335 17165
1219176000 23621 16186 35303 16687
1219168800 17589 10815 57053 16506
1219161600 997 155 11154 1881
1219154400 26 22 302 313
1219147200 3 1 86 51
1219140000 0 0 0 0
1219132800 0 0 0 0
1219125600 3 0 27 4
1219118400 963 170 9359 840
1219111200 24890 945 93488 3884
1219104000 3495 108 8392 267
1219096800 1518 236 8392 633
1219089600 126 186 168 237
1219082400 140 485 4907 4371
1219075200 1381 349 15407 1809
1219068000 900 1071 12010 18918
1219060800 3 1 90 50
1219053600 0 0 0 0
1219046400 0 0 0 0
1219039200 0 0 25 3
1219032000 12514 450 85786 2808
1219024800 11792 577 75735 2038
1219017600 1375 219 13344 1913
1219010400 3662 281 55372 1961
1219003200 3 0 29 3
1218996000 3132 251 36472 1960
1218988800 25061 703 161279 4484
1218981600 6 1 147 53
1218974400 0 0 0 0
1218967200 0 0 0 0
1218960000 0 0 0 0
1218952800 1 0 26 3
1218945600 77 15 1864 362
1218938400 1405 84 22170 1342
1218931200 636 113 9319 1271
1218924000 732 167 8359 2374
1218916800 35 1362 428 16089
1218909600 379 79 7528 1452
1218902400 32306 1289 191642 5289
1218895200 21979 1045 121693 3877
1218888000 0 0 0 0
1218880800 0 0 0 0
1218873600 0 0 0 0
1218866400 47 547 233 4742
1218859200 6246 621 55672 2934
1218852000 138 129 301 310
1218844800 121 109 324 348
1218837600 185 386 344 7493
1218830400 254 543 1971 7493
1218823200 2245 2735 20255 19774
1218816000 41 125 76 141
1218808800 39 115 207 392
1218801600 118 5 2725 134
1218794400 0 0 0 0
1218787200 0 0 0 0
1218780000 176 114 1428 808
1218772800 853 3523 4621 17165
1218765600 36425 16859 61671 17654
1218758400 39518 16777 56146 17425
1218751200 40543 16326 59203 16769
1218744000 33846 16045 54399 17043
1218736800 46857 22024 64275 46750
1218729600 26051 39621 46765 46750
1218722400 19639 14751 38355 17626
1218715200 53150 16154 99323 17013
1218708000 55718 16501 70241 16918
1218700800 53207 16442 67390 16918
1218693600 56463 16348 73490 17050
1218686400 48407 16584 71848 17815
1218679200 38435 16817 47404 18412
1218672000 69475 17326 192473 20316
1218664800 47505 18764 64931 72759
1218657600 50187 19945 70089 45933
1218650400 44757 22223 64040 46747
1218643200 47212 16913 67680 17601
1218636000 48955 16857 82231 17400
1218628800 66867 16715 119437 17335
1218621600 58763 17033 78943 17563
1218614400 57048 16848 83901 17472
1218607200 42652 16488 125965 17289
1218600000 16558 10431 46091 17950
1218592800 34879 17175 59322 17950
1218585600 44642 17077 117655 17553
1218578400 39857 16973 66035 20456
1218571200 29210 20968 41972 46763
1218564000 26199 16898 50440 26136
1218556800 24887 15256 62469 20072
1218549600 30240 15229 57462 17456
1218542400 663 100 9445 549
1218535200 0 0 0 0
1218528000 0 0 0 0
1218520800 4227 7119 13088 16233
1218513600 5776 16112 10571 16276
1218506400 16971 9284 75292 17400
1218499200 2022 3240 10094 17400
1218492000 715 1335 10810 9912
1218484800 14805 1267 20687 1689
1218477600 9452 840 16218 1286
1218470400 20538 6756 31547 14328
1218463200 8382 3792 31547 9114
1218456000 0 0 4 0
1218448800 0 0 0 0
1218441600 0 0 0 0
1218434400 4 1 84 49
1218427200 19910 753 214577 5366
1218420000 2093 461 6928 1255
1218412800 1347 319 8877 1661
1218405600 664 920 7027 11122
1218398400 8328 4478 41080 40423
1218391200 5397 452 74673 2940
1218384000 1 1 7 3
1218376800 10 16 259 398
1218369600 0 0 0 0
1218362400 0 0 0 0
1218355200 5088 1143 24574 5177
1218348000 24690 10822 32455 16353
1218340800 6753 12299 22165 16314
1218333600 8834 14904 21184 18700
1218326400 37002 15156 108414 20855
1218319200 14679 14545 42647 17817
1218312000 6339 15929 33806 17697
1218304800 42085 17103 66625 17616
1218297600 32630 4974 151079 16759
1218290400 4260 210 57418 2647
1218283200 0 0 0 0
1218276000 0 0 0 0
1218268800 0 0 0 0
1218261600 15256 1119 71749 5283
1218254400 11297 1370 77450 7899
1218247200 92 75 146 138
1218240000 125 1640 407 12876
1218232800 5743 6152 16711 18362
1218225600 14801 6610 37306 11613
1218218400 8977 2851 37306 15696
1218211200 14442 8671 29587 16152
1218204000 14693 1055 43103 2616
1218196800 112 4 2718 117
1218189600 0 0 0 0
1218182400 0 0 0 0
1218175200 1338 1134 41904 16362
1218168000 30630 7829 72124 17275
1218160800 48 9 78983 17904
1218153600 45176 9183 78983 17958
1218146400 10041 5772 23601 17718
1218139200 8282 10556 35430 17736
1218132000 6761 3664 24769 11613
1218124800 13265 9899 29327 17486
1218117600 14198 1438 93480 11568
1218110400 111 4 2657 127
1218103200 0 0 0 0
1218096000 0 0 0 0
1218088800 13605 316 113637 2585
1218081600 29351 6199 54177 12965
1218074400 46566 7119 152137 16434
1218067200 1587 429 20651 2704
1218060000 138 686 350 11930
1218052800 1272 6888 21761 45442
1218045600 19 19 313 267
1218038400 0 0 8 0
1218031200 0 0 3 0
1218024000 456 55 8897 1204
1218016800 0 0 0 0
1218009600 0 0 0 0
1218002400 12 0 95246 2141
1217995200 25738 1632 120118 5345
1217988000 2963 383 25426 1359
1217980800 174 184 867 999
1217973600 141 131 284 290
1217966400 218 166 1550 433
1217959200 288 199 3398 1230
1217952000 776 896 15010 14696
1217944800 11 8 245 183
1217937600 0 0 2 0
1217930400 0 0 0 0
1217923200 0 0 0 0
1217916000 10 0 80030 1872
1217908800 8082 287 80030 2053
1217901600 18668 696 160378 3859
1217894400 6896 682 52728 3162
1217887200 137 127 1652 485
1217880000 40 105 93 161
1217872800 3209 286 40331 1172
1217865600 4442 198 71376 2326
1217858400 1059 140 23375 2268
1217851200 3 1 86 49
1217844000 0 0 0 0
1217836800 0 0 0 0
1217829600 0 0 0 0
1217822400 2295 321 17090 1768
1217815200 833 187 9920 2176
1217808000 2897 136 65847 2838
1217800800 497 104 5573 840
1217793600 0 0 8 0
1217786400 247 56 4746 652
1217779200 12158 782 77935 4515
1217772000 0 0 0 0
1217764800 0 0 0 0
1217757600 0 0 0 0
1217750400 0 0 0 0
1217743200 1 0 8846 500
1217736000 1842 104 8846 500
1217728800 0 0 6 1
1217721600 0 0 3 0
1217714400 1 0 40 1
1217707200 0 0 2 0
1217700000 2356 376 27033 4015
1217692800 1380 252 9212 1415
1217685600 21191 1030 134077 4176
1217678400 0 0 0 0
1217671200 0 0 0 0
1217664000 0 0 0 0
1217656800 0 0 0 0
1217649600 33712 1396 214682 6330
1217642400 1651 372 11143 2137
1217635200 11629 1331 53385 4156
1217628000 946 121 22758 2914
1217620800 4988 259 59990 2372
1217613600 0 0 2 1
1217606400 0 0 7 0
1217599200 8 7 121 81
1217592000 0 0 2 0
1217584800 0 0 0 0
1217577600 0 0 0 0
1217570400 0 0 0 0
1217563200 11284 620 82306 2160
1217556000 4331 687 13874 1980
1217548800 19554 800 141466 4485
1217541600 1 6 48 155
1217534400 981 207 22916 3474
1217527200 12747 11825 128132 45463
1217520000 93810 11875 163565 23144
1217512800 203 85 3137 682
1217505600 24 23 307 265
1217498400 0 0 0 0
1217491200 0 0 0 0
1217484000 0 0 0 0
1217476800 645 88 15547 863
1217469600 35424 1774 152394 4674
1217462400 0 0 3 1
1217455200 33 42 247 313
1217448000 0 0 3 1
1217440800 0 0 6 1
1217433600 153 17 3882 433
1217426400 170 25 3882 433
1217419200 6 1 173 55
1217412000 0 0 0 0
1217404800 0 0 0 0
1217397600 0 0 0 0
1217390400 885 218 8584 1633
1217383200 3372 673 34222 2549
1217376000 13273 906 123961 5474
1217368800 2679 1089 32541 15474
1217361600 101 90 166 180
1217354400 4652 536 60617 4924
1217347200 10943 481 67127 2175
1217340000 2271 102 30195 941
1217332800 109 5 2504 138
1217325600 0 0 0 0
1217318400 0 0 0 0
1217311200 0 0 0 0
1217304000 904 108 22199 3384
1217296800 10518 1209 28119 4440
1217289600 13821 1273 88693 5477
1217282400 0 0 3 0
1217275200 16 40 209 519
1217268000 220 3272 1164 19333
1217260800 637 3398 4206 24608
1217253600 0 0 6 0
1217246400 24 2 616 63
1217239200 0 0 0 0
1217232000 0 0 0 0
1217224800 0 0 0 0
1217217600 444 98 10678 2363
1217210400 1365 67 22570 740
1217203200 12853 648 101768 2903
1217196000 2107 183 8749 1523
1217188800 1099 106 8749 946
1217181600 13 10 174 70
1217174400 0 0 7 0
1217167200 0 0 108 116
1217160000 4 4 108 116
1217152800 0 0 0 0
1217145600 0 0 0 0
1217138400 1759 157 10236 2254
1217131200 629 24 7575 294
1217124000 9 6 203 144
1217116800 0 0 8 1
1217109600 0 0 4 0
1217102400 0 0 3 1
1217095200 0 0 4 0
1217088000 0 0 0 0
1217080800 11760 777 89752 4104
1217073600 0 0 0 0
1217066400 0 0 0 0
1217059200 0 0 0 0
1217052000 1122 28 136733 3084
1217044800 25259 669 159972 3860
1217037600 0 0 4 0
1217030400 4025 347 49212 1876
1217023200 23 58 40 98
1217016000 36 91 77 126
1217008800 36 93 41 96
1217001600 37 93 42 98
1216994400 2514 215 32283 1002
1216987200 108 6 2481 136
1216980000 0 0 0 0
1216972800 0 0 0 0
1216965600 0 0 0 0
1216958400 41898 1452 221879 7060
1216951200 1039 272 9351 1400
1216944000 122 113 344 330
1216936800 125 191 280 1475
1216929600 574 1081 11023 13063
1216922400 88 10 2110 243
1216915200 1971 248 18447 1384
1216908000 831 177 6518 1021
1216900800 223 36 2446 392
1216893600 0 0 0 0
1216886400 0 0 0 0
1216879200 0 0 23 9
1216872000 1335 371 5939 1163
1216864800 691 216 4542 1076
1216857600 24962 1201 134605 4148
1216850400 2201 696 9816 8332
1216843200 1155 202 6340 975
1216836000 30332 1074 221774 6755
1216828800 33 65 526 1468
1216821600 389 425 5671 1473
1216814400 165 36 2885 466
1216807200 0 0 0 0
1216800000 0 0 0 0
1216792800 0 0 0 0
1216785600 1063 356 6057 1155
1216778400 13245 680 86319 3211
1216771200 294 104 2631 922
1216764000 0 0 7 2
1216756800 20 18 123 115
1216749600 37 77 299 233
1216742400 145 135 2320 516
1216735200 20 42 107 158
1216728000 0 0 8 1
1216720800 0 0 0 0
1216713600 0 0 0 0
1216706400 0 0 0 0
1216699200 5929 1089 68169 12706
1216692000 6093 2424 39393 11587
1216684800 9123 7107 39393 14679
1216677600 5785 8409 14407 15292
1216670400 18548 10832 54436 16681
1216663200 34011 11208 54361 16867
1216656000 7223 796 48145 2424
1216648800 0 0 6 1
1216641600 2 1 65 46
1216634400 0 0 0 0
1216627200 0 0 0 0
1216620000 0 0 0 0
1216612800 15267 715 81666 2750
1216605600 1858 529 8971 1338
1216598400 3610 414 42873 1988
1216591200 3774 169 42873 1426
1216584000 2301 292 25950 3181
1216576800 2039 627 12969 4231
1216569600 17776 1108 81955 3925
1216562400 366 133 4493 1201
1216555200 0 0 0 0
1216548000 0 0 0 0
1216540800 0 0 0 0
1216533600 3030 294 26557 1887
1216526400 3122 779 10912 3080
1216519200 587 195 4875 1732
1216512000 0 0 4 0
1216504800 427 48 5175 532
1216497600 21 1086 264 13387
1216490400 1441 480 10308 3216
1216483200 8547 468 74838 2579
1216476000 5282 397 69533 3341
1216468800 0 0 0 0
1216461600 0 0 0 0
1216454400 0 0 0 0
1216447200 0 0 0 0
1216440000 24884 1281 86649 3489
1216432800 254 153 2375 1470
1216425600 3259 261 115448 3743
1216339200 4214 343 142137 22036
1216252800 3632 300 160766 4896
1216166400 6982 1190 138635 17391
1216080000 10276 6222 107389 20815
1215993600 1054 250 35475 1962
1215907200 6263 484 192627 18919
1215820800 3836 394 147316 15724
1215734400 9512 413 158240 3624
1215648000 4045 553 80250 8708
1215561600 581 372 32268 13977
1215475200 0 0 0 0
1215388800 0 0 0 0
1215302400 0 0 0 0
1215216000 0 0 0 0
1215129600 0 0 0 0
1215043200 0 0 0 0
1214956800 0 0 0 0
1214870400 0 0 0 0
1214784000 0 0 0 0
1214697600 0 0 0 0
1214611200 0 0 0 0
1214524800 0 0 0 0
1214438400 0 0 0 0
1214352000 0 0 0 0
1214265600 0 0 0 0
1214179200 0 0 0 0
1214092800 0 0 0 0
1214006400 0 0 0 0
1213920000 0 0 0 0
1213833600 0 0 0 0
1213747200 0 0 0 0
1213660800 0 0 0 0
1213574400 0 0 0 0
1213488000 0 0 0 0
1213401600 0 0 0 0
1213315200 0 0 0 0
1213228800 0 0 0 0
1213142400 0 0 0 0
1213056000 0 0 0 0
1212969600 0 0 0 0
1212883200 0 0 0 0
1212796800 0 0 0 0
1212710400 0 0 0 0
1212624000 0 0 0 0
1212537600 0 0 0 0
1212451200 0 0 0 0
1212364800 0 0 0 0
1212278400 0 0 0 0
1212192000 0 0 0 0
1212105600 0 0 0 0
1212019200 0 0 0 0
1211932800 0 0 0 0
1211846400 0 0 0 0
1211760000 0 0 0 0
1211673600 0 0 0 0
1211587200 0 0 0 0
1211500800 0 0 0 0
1211414400 0 0 0 0
1211328000 0 0 0 0
1211241600 0 0 0 0
1211155200 0 0 0 0
1211068800 0 0 0 0
1210982400 0 0 0 0
1210896000 0 0 0 0
1210809600 0 0 0 0
1210723200 0 0 0 0
1210636800 0 0 0 0
1210550400 0 0 0 0
1210464000 0 0 0 0
1210377600 0 0 0 0
1210291200 0 0 0 0
1210204800 0 0 0 0
1210118400 0 0 0 0
1210032000 0 0 0 0
1209945600 0 0 0 0
1209859200 0 0 0 0
1209772800 0 0 0 0
1209686400 0 0 0 0
1209600000 0 0 0 0
1209513600 0 0 0 0
1209427200 0 0 0 0
1209340800 0 0 0 0
1209254400 0 0 0 0
1209168000 0 0 0 0
1209081600 0 0 0 0
1208995200 0 0 0 0
1208908800 0 0 0 0
1208822400 0 0 0 0
1208736000 0 0 0 0
1208649600 0 0 0 0
1208563200 0 0 0 0
1208476800 0 0 0 0
1208390400 0 0 0 0
1208304000 0 0 0 0
1208217600 0 0 0 0
1208131200 0 0 0 0
1208044800 0 0 0 0
1207958400 0 0 0 0
1207872000 0 0 0 0
1207785600 0 0 0 0
1207699200 0 0 0 0
1207612800 0 0 0 0
1207526400 0 0 0 0
1207440000 0 0 0 0
1207353600 0 0 0 0
1207267200 0 0 0 0
1207180800 0 0 0 0
1207094400 0 0 0 0
1207008000 0 0 0 0
1206921600 0 0 0 0
1206835200 0 0 0 0
1206748800 0 0 0 0
1206662400 0 0 0 0
1206576000 0 0 0 0
1206489600 0 0 0 0
1206403200 0 0 0 0
1206316800 0 0 0 0
1206230400 0 0 0 0
1206144000 0 0 0 0
1206057600 0 0 0 0
1205971200 0 0 0 0
1205884800 0 0 0 0
1205798400 0 0 0 0
1205712000 0 0 0 0
1205625600 0 0 0 0
1205539200 0 0 0 0
1205452800 0 0 0 0
1205366400 0 0 0 0
1205280000 0 0 0 0
1205193600 0 0 0 0
1205107200 0 0 0 0
1205020800 0 0 0 0
1204934400 0 0 0 0
1204848000 0 0 0 0
1204761600 0 0 0 0
1204675200 0 0 0 0
1204588800 0 0 0 0
1204502400 0 0 0 0
1204416000 0 0 0 0
1204329600 0 0 0 0
1204243200 0 0 0 0
1204156800 0 0 0 0
1204070400 0 0 0 0
1203984000 0 0 0 0
1203897600 0 0 0 0
1203811200 0 0 0 0
1203724800 0 0 0 0
1203638400 0 0 0 0
1203552000 0 0 0 0
1203465600 0 0 0 0
1203379200 0 0 0 0
1203292800 0 0 0 0
1203206400 0 0 0 0
1203120000 0 0 0 0
1203033600 0 0 0 0
1202947200 0 0 0 0
1202860800 0 0 0 0
1202774400 0 0 0 0
1202688000 0 0 0 0
1202601600 0 0 0 0
1202515200 0 0 0 0
1202428800 0 0 0 0
1202342400 0 0 0 0
1202256000 0 0 0 0
1202169600 0 0 0 0
1202083200 0 0 0 0
1201996800 0 0 0 0
1201910400 0 0 0 0
1201824000 0 0 0 0
1201737600 0 0 0 0
1201651200 0 0 0 0
1201564800 0 0 0 0
1201478400 0 0 0 0
1201392000 0 0 0 0
1201305600 0 0 0 0
1201219200 0 0 0 0
1201132800 0 0 0 0
1201046400 0 0 0 0
1200960000 0 0 0 0
1200873600 0 0 0 0
1200787200 0 0 0 0
1200700800 0 0 0 0
1200614400 0 0 0 0
1200528000 0 0 0 0
1200441600 0 0 0 0
1200355200 0 0 0 0
1200268800 0 0 0 0
1200182400 0 0 0 0
1200096000 0 0 0 0
1200009600 0 0 0 0
1199923200 0 0 0 0
1199836800 0 0 0 0
1199750400 0 0 0 0
1199664000 0 0 0 0
1199577600 0 0 0 0
1199491200 0 0 0 0
1199404800 0 0 0 0
1199318400 0 0 0 0
1199232000 0 0 0 0
1199145600 0 0 0 0
1199059200 0 0 0 0
1198972800 0 0 0 0
1198886400 0 0 0 0
1198800000 0 0 0 0
1198713600 0 0 0 0
1198627200 0 0 0 0
1198540800 0 0 0 0
1198454400 0 0 0 0
1198368000 0 0 0 0
1198281600 0 0 0 0
1198195200 0 0 0 0
1198108800 0 0 0 0
1198022400 0 0 0 0
1197936000 0 0 0 0
1197849600 0 0 0 0
1197763200 0 0 0 0
1197676800 0 0 0 0
1197590400 0 0 0 0
1197504000 0 0 0 0
1197417600 0 0 0 0
1197331200 0 0 0 0
1197244800 0 0 0 0
1197158400 0 0 0 0
1197072000 0 0 0 0
1196985600 0 0 0 0
1196899200 0 0 0 0
1196812800 0 0 0 0
1196726400 0 0 0 0
1196640000 0 0 0 0
1196553600 0 0 0 0
1196467200 0 0 0 0
1196380800 0 0 0 0
1196294400 0 0 0 0
1196208000 0 0 0 0
1196121600 0 0 0 0
1196035200 0 0 0 0
1195948800 0 0 0 0
1195862400 0 0 0 0
1195776000 0 0 0 0
1195689600 0 0 0 0
1195603200 0 0 0 0
1195516800 0 0 0 0
1195430400 0 0 0 0
1195344000 0 0 0 0
1195257600 0 0 0 0
1195171200 0 0 0 0
1195084800 0 0 0 0
1194998400 0 0 0 0
1194912000 0 0 0 0
1194825600 0 0 0 0
1194739200 0 0 0 0
1194652800 0 0 0 0
1194566400 0 0 0 0
1194480000 0 0 0 0
1194393600 0 0 0 0
1194307200 0 0 0 0
1194220800 0 0 0 0
1194134400 0 0 0 0
1194048000 0 0 0 0
1193961600 0 0 0 0
1193875200 0 0 0 0
1193788800 0 0 0 0
1193702400 0 0 0 0
1193616000 0 0 0 0
1193529600 0 0 0 0
1193443200 0 0 0 0
1193356800 0 0 0 0
1193270400 0 0 0 0
1193184000 0 0 0 0
1193097600 0 0 0 0
1193011200 0 0 0 0
1192924800 0 0 0 0
1192838400 0 0 0 0
1192752000 0 0 0 0
1192665600 0 0 0 0
1192579200 0 0 0 0
1192492800 0 0 0 0
1192406400 0 0 0 0
1192320000 0 0 0 0
1192233600 0 0 0 0
1192147200 0 0 0 0
1192060800 0 0 0 0
1191974400 0 0 0 0
1191888000 0 0 0 0
1191801600 0 0 0 0
1191715200 0 0 0 0
1191628800 0 0 0 0
1191542400 0 0 0 0
1191456000 0 0 0 0
1191369600 0 0 0 0
1191283200 0 0 0 0
1191196800 0 0 0 0
1191110400 0 0 0 0
1191024000 0 0 0 0
1190937600 0 0 0 0
1190851200 0 0 0 0
1190764800 0 0 0 0
1190678400 0 0 0 0
1190592000 0 0 0 0
1190505600 0 0 0 0
1190419200 0 0 0 0
1190332800 0 0 0 0
1190246400 0 0 0 0
1190160000 0 0 0 0
1190073600 0 0 0 0
1189987200 0 0 0 0
1189900800 0 0 0 0
1189814400 0 0 0 0
1189728000 0 0 0 0
1189641600 0 0 0 0
1189555200 0 0 0 0
1189468800 0 0 0 0
1189382400 0 0 0 0
1189296000 0 0 0 0
1189209600 0 0 0 0
1189123200 0 0 0 0
1189036800 0 0 0 0
1188950400 0 0 0 0
1188864000 0 0 0 0
1188777600 0 0 0 0
1188691200 0 0 0 0
1188604800 0 0 0 0
1188518400 0 0 0 0
1188432000 0 0 0 0
1188345600 0 0 0 0
1188259200 0 0 0 0
1188172800 0 0 0 0
1188086400 0 0 0 0
1188000000 0 0 0 0
1187913600 0 0 0 0
1187827200 0 0 0 0
1187740800 0 0 0 0
1187654400 0 0 0 0
1187568000 0 0 0 0
1187481600 0 0 0 0
1187395200 0 0 0 0
1187308800 0 0 0 0
1187222400 0 0 0 0
1187136000 0 0 0 0
1187049600 0 0 0 0
1186963200 0 0 0 0
1186876800 0 0 0 0
1186790400 0 0 0 0
1186704000 0 0 0 0
1186617600 0 0 0 0
1186531200 0 0 0 0
1186444800 0 0 0 0
1186358400 0 0 0 0
1186272000 0 0 0 0
1186185600 0 0 0 0
1186099200 0 0 0 0
1186012800 0 0 0 0
1185926400 0 0 0 0
1185840000 0 0 0 0
1185753600 0 0 0 0
1185667200 0 0 0 0
1185580800 0 0 0 0
1185494400 0 0 0 0
1185408000 0 0 0 0
1185321600 0 0 0 0
1185235200 0 0 0 0
1185148800 0 0 0 0
1185062400 0 0 0 0
1184976000 0 0 0 0
1184889600 0 0 0 0
1184803200 0 0 0 0
1184716800 0 0 0 0
1184630400 0 0 0 0
1184544000 0 0 0 0
1184457600 0 0 0 0
1184371200 0 0 0 0
1184284800 0 0 0 0
1184198400 0 0 0 0
1184112000 0 0 0 0
1184025600 0 0 0 0
1183939200 0 0 0 0
1183852800 0 0 0 0
1183766400 0 0 0 0
1183680000 0 0 0 0
1183593600 0 0 0 0
1183507200 0 0 0 0
1183420800 0 0 0 0
1183334400 0 0 0 0
1183248000 0 0 0 0
1183161600 0 0 0 0
1183075200 0 0 0 0
1182988800 0 0 0 0
1182902400 0 0 0 0
1182816000 0 0 0 0
1182729600 0 0 0 0
1182643200 0 0 0 0
1182556800 0 0 0 0
1182470400 0 0 0 0
1182384000 0 0 0 0
1182297600 0 0 0 0
1182211200 0 0 0 0
1182124800 0 0 0 0
1182038400 0 0 0 0
1181952000 0 0 0 0
1181865600 0 0 0 0
1181779200 0 0 0 0
1181692800 0 0 0 0
1181606400 0 0 0 0
1181520000 0 0 0 0
1181433600 0 0 0 0
1181347200 0 0 0 0
1181260800 0 0 0 0
1181174400 0 0 0 0
1181088000 0 0 0 0
1181001600 0 0 0 0
1180915200 0 0 0 0
1180828800 0 0 0 0
1180742400 0 0 0 0
1180656000 0 0 0 0
1180569600 0 0 0 0
1180483200 0 0 0 0
1180396800 0 0 0 0
1180310400 0 0 0 0
1180224000 0 0 0 0
1180137600 0 0 0 0
1180051200 0 0 0 0
1179964800 0 0 0 0
1179878400 0 0 0 0
1179792000 0 0 0 0
1179705600 0 0 0 0
1179619200 0 0 0 0
1179532800 0 0 0 0
1179446400 0 0 0 0
1179360000 0 0 0 0
1179273600 0 0 0 0
1179187200 0 0 0 0
1179100800 0 0 0 0
1179014400 0 0 0 0
1178928000 0 0 0 0
1178841600 0 0 0 0
1178755200 0 0 0 0
1178668800 0 0 0 0
1178582400 0 0 0 0
1178496000 0 0 0 0
1178409600 0 0 0 0
1178323200 0 0 0 0
1178236800 0 0 0 0
1178150400 0 0 0 0
1178064000 0 0 0 0
1177977600 0 0 0 0
1177891200 0 0 0 0
1177804800 0 0 0 0
1177718400 0 0 0 0
1177632000 0 0 0 0
1177545600 0 0 0 0
1177459200 0 0 0 0
1177372800 0 0 0 0
1177286400 0 0 0 0
1177200000 0 0 0 0
1177113600 0 0 0 0
1177027200 0 0 0 0
1176940800 0 0 0 0
1176854400 0 0 0 0
1176768000 0 0 0 0
1176681600 0 0 0 0
1176595200 0 0 0 0
1176508800 0 0 0 0
1176422400 0 0 0 0
1176336000 0 0 0 0
1176249600 0 0 0 0
1176163200 0 0 0 0
1176076800 0 0 0 0
1175990400 0 0 0 0
1175904000 0 0 0 0
1175817600 0 0 0 0
1175731200 0 0 0 0
1175644800 0 0 0 0
1175558400 0 0 0 0
1175472000 0 0 0 0
1175385600 0 0 0 0
1175299200 0 0 0 0
1175212800 0 0 0 0
1175126400 0 0 0 0
1175040000 0 0 0 0
1174953600 0 0 0 0
1174867200 0 0 0 0
1174780800 0 0 0 0
1174694400 0 0 0 0
1174608000 0 0 0 0
1174521600 0 0 0 0
1174435200 0 0 0 0
1174348800 0 0 0 0
1174262400 0 0 0 0
1174176000 0 0 0 0
1174089600 0 0 0 0
1174003200 0 0 0 0
1173916800 0 0 0 0
1173830400 0 0 0 0
1173744000 0 0 0 0
1173657600 0 0 0 0
1173571200 0 0 0 0
1173484800 0 0 0 0
1173398400 0 0 0 0
1173312000 0 0 0 0
1173225600 0 0 0 0
1173139200 0 0 0 0
1173052800 0 0 0 0
1172966400 0 0 0 0
1172880000 0 0 0 0
1172793600 0 0 0 0
1172707200 0 0 0 0
1172620800 0 0 0 0
1172534400 0 0 0 0
1172448000 0 0 0 0
1172361600 0 0 0 0
1172275200 0 0 0 0
1172188800 0 0 0 0
1172102400 0 0 0 0
1172016000 0 0 0 0
1171929600 0 0 0 0
1171843200 0 0 0 0
1171756800 0 0 0 0
1171670400 0 0 0 0
1171584000 0 0 0 0
1171497600 0 0 0 0
1171411200 0 0 0 0
1171324800 0 0 0 0
1171238400 0 0 0 0
1171152000 0 0 0 0
1171065600 0 0 0 0
1170979200 0 0 0 0
1170892800 0 0 0 0
1170806400 0 0 0 0
1170720000 0 0 0 0
1170633600 0 0 0 0
1170547200 0 0 0 0
1170460800 0 0 0 0
1170374400 0 0 0 0
1170288000 0 0 0 0
1170201600 0 0 0 0
1170115200 0 0 0 0
1170028800 0 0 0 0
1169942400 0 0 0 0
1169856000 0 0 0 0
1169769600 0 0 0 0
1169683200 0 0 0 0
1169596800 0 0 0 0
1169510400 0 0 0 0
1169424000 0 0 0 0
1169337600 0 0 0 0
1169251200 0 0 0 0
1169164800 0 0 0 0
1169078400 0 0 0 0
1168992000 0 0 0 0
1168905600 0 0 0 0
1168819200 0 0 0 0
1168732800 0 0 0 0
1168646400 0 0 0 0
1168560000 0 0 0 0
1168473600 0 0 0 0
1168387200 0 0 0 0
1168300800 0 0 0 0
1168214400 0 0 0 0
1168128000 0 0 0 0
1168041600 0 0 0 0
1167955200 0 0 0 0
1167868800 0 0 0 0
1167782400 0 0 0 0
1167696000 0 0 0 0
1167609600 0 0 0 0
1167523200 0 0 0 0
1167436800 0 0 0 0
1167350400 0 0 0 0
1167264000 0 0 0 0
1167177600 0 0 0 0
1167091200 0 0 0 0
1167004800 0 0 0 0
1166918400 0 0 0 0
1166832000 0 0 0 0
1166745600 0 0 0 0
1166659200 0 0 0 0
1166572800 0 0 0 0
1166486400 0 0 0 0
1166400000 0 0 0 0
1166313600 0 0 0 0
1166227200 0 0 0 0
1166140800 0 0 0 0
1166054400 0 0 0 0
1165968000 0 0 0 0
1165881600 0 0 0 0
1165795200 0 0 0 0
1165708800 0 0 0 0
1165622400 0 0 0 0
1165536000 0 0 0 0
1165449600 0 0 0 0
1165363200 0 0 0 0
1165276800 0 0 0 0
1165190400 0 0 0 0
1165104000 0 0 0 0
1165017600 0 0 0 0
1164931200 0 0 0 0
1164844800 0 0 0 0
1164758400 0 0 0 0
1164672000 0 0 0 0
1164585600 0 0 0 0
1164499200 0 0 0 0
1164412800 0 0 0 0
1164326400 0 0 0 0
1164240000 0 0 0 0
1164153600 0 0 0 0
1164067200 0 0 0 0
1163980800 0 0 0 0
1163894400 0 0 0 0
1163808000 0 0 0 0
1163721600 0 0 0 0
1163635200 0 0 0 0
1163548800 0 0 0 0
1163462400 0 0 0 0
1163376000 0 0 0 0
1163289600 0 0 0 0
1163203200 0 0 0 0
1163116800 0 0 0 0
1163030400 0 0 0 0
1162944000 0 0 0 0
1162857600 0 0 0 0
1162771200 0 0 0 0
1162684800 0 0 0 0
1162598400 0 0 0 0
1162512000 0 0 0 0
1162425600 0 0 0 0
1162339200 0 0 0 0
1162252800 0 0 0 0
1162166400 0 0 0 0
1162080000 0 0 0 0
1161993600 0 0 0 0
1161907200 0 0 0 0
1161820800 0 0 0 0
1161734400 0 0 0 0
1161648000 0 0 0 0
1161561600 0 0 0 0
1161475200 0 0 0 0
1161388800 0 0 0 0
1161302400 0 0 0 0
1161216000 0 0 0 0
1161129600 0 0 0 0
1161043200 0 0 0 0
1160956800 0 0 0 0
1160870400 0 0 0 0
1160784000 0 0 0 0
1160697600 0 0 0 0
1160611200 0 0 0 0
1160524800 0 0 0 0
1160438400 0 0 0 0
1160352000 0 0 0 0
1160265600 0 0 0 0
1160179200 0 0 0 0
1160092800 0 0 0 0
1160006400 0 0 0 0
1159920000 0 0 0 0
1159833600 0 0 0 0
1159747200 0 0 0 0
1159660800 0 0 0 0
1159574400 0 0 0 0
1159488000 0 0 0 0
1159401600 0 0 0 0
1159315200 0 0 0 0
1159228800 0 0 0 0
1159142400 0 0 0 0
1159056000 0 0 0 0
1158969600 0 0 0 0
1158883200 0 0 0 0
1158796800 0 0 0 0
1158710400 0 0 0 0
1158624000 0 0 0 0
1158537600 0 0 0 0
1158451200 0 0 0 0
1158364800 0 0 0 0
1158278400 0 0 0 0
1158192000 0 0 0 0
1158105600 0 0 0 0
1158019200 0 0 0 0
1157932800 0 0 0 0
1157846400 0 0 0 0
1157760000 0 0 0 0
1157673600 0 0 0 0
1157587200 0 0 0 0
1157500800 0 0 0 0
1157414400 0 0 0 0
1157328000 0 0 0 0
1157241600 0 0 0 0
1157155200 0 0 0 0
1157068800 0 0 0 0
1156982400 0 0 0 0
1156896000 0 0 0 0
1156809600 0 0 0 0
1156723200 0 0 0 0
1156636800 0 0 0 0
1156550400 0 0 0 0
1156464000 0 0 0 0
1156377600 0 0 0 0
1156291200 0 0 0 0
1156204800 0 0 0 0
1156118400 0 0 0 0
1156032000 0 0 0 0
1155945600 0 0 0 0
1155859200 0 0 0 0
1155772800 0 0 0 0
1155686400 0 0 0 0
1155600000 0 0 0 0
1155513600 0 0 0 0
1155427200 0 0 0 0
1155340800 0 0 0 0
1155254400 0 0 0 0
1155168000 0 0 0 0
1155081600 0 0 0 0
1154995200 0 0 0 0
1154908800 0 0 0 0
1154822400 0 0 0 0
1154736000 0 0 0 0
1154649600 0 0 0 0
1154563200 0 0 0 0
1154476800 0 0 0 0
1154390400 0 0 0 0
1154304000 0 0 0 0
1154217600 0 0 0 0
1154131200 0 0 0 0
1154044800 0 0 0 0
1153958400 0 0 0 0
1153872000 0 0 0 0
1153785600 0 0 0 0
1153699200 0 0 0 0
1153612800 0 0 0 0
1153526400 0 0 0 0
1153440000 0 0 0 0
1153353600 0 0 0 0
1153267200 0 0 0 0
