1222018211 -1 -1
1222018211 0 0 0 0
1222017911 0 0 0 0
1222017900 0 0 0 0
1222017600 0 0 0 0
1222017300 0 0 0 0
1222017000 0 0 0 0
1222016700 0 0 0 0
1222016400 0 0 0 0
1222016100 0 0 0 0
1222015800 0 0 0 0
1222015500 0 0 0 0
1222015200 0 0 0 0
1222014900 0 0 0 0
1222014600 0 0 0 0
1222014300 0 0 0 0
1222014000 0 0 0 0
1222013700 0 0 0 0
1222013400 0 0 0 0
1222013100 0 0 0 0
1222012800 0 0 0 0
1222012500 0 0 0 0
1222012200 0 0 0 0
1222011900 0 0 0 0
1222011600 0 0 0 0
1222011300 0 0 0 0
1222011000 0 0 0 0
1222010700 0 0 0 0
1222010400 0 0 0 0
1222010100 0 0 0 0
1222009800 0 0 0 0
1222009500 0 0 0 0
1222009200 0 0 0 0
1222008900 0 0 0 0
1222008600 0 0 0 0
1222008300 0 0 0 0
1222008000 0 0 0 0
1222007700 0 0 0 0
1222007400 0 0 0 0
1222007100 0 0 0 0
1222006800 0 0 0 0
1222006500 0 0 0 0
1222006200 0 0 0 0
1222005900 0 0 0 0
1222005600 0 0 0 0
1222005300 0 0 0 0
1222005000 0 0 0 0
1222004700 0 0 0 0
1222004400 0 0 0 0
1222004100 0 0 0 0
1222003800 0 0 0 0
1222003500 0 0 0 0
1222003200 0 0 0 0
1222002900 0 0 0 0
1222002600 0 0 0 0
1222002300 0 0 0 0
1222002000 0 0 0 0
1222001700 0 0 0 0
1222001400 0 0 0 0
1222001100 0 0 0 0
1222000800 0 0 0 0
1222000500 0 0 0 0
1222000200 0 0 0 0
1221999900 0 0 0 0
1221999600 0 0 0 0
1221999300 0 0 0 0
1221999000 0 0 0 0
1221998700 0 0 0 0
1221998400 0 0 0 0
1221998100 0 0 0 0
1221997800 0 0 0 0
1221997500 0 0 0 0
1221997200 0 0 0 0
1221996900 0 0 0 0
1221996600 0 0 0 0
1221996300 0 0 0 0
1221996000 0 0 0 0
1221995700 0 0 0 0
1221995400 0 0 0 0
1221995100 0 0 0 0
1221994800 0 0 0 0
1221994500 0 0 0 0
1221994200 0 0 0 0
1221993900 0 0 0 0
1221993600 0 0 0 0
1221993300 0 0 0 0
1221993000 0 0 0 0
1221992700 0 0 0 0
1221992400 0 0 0 0
1221992100 0 0 0 0
1221991800 0 0 0 0
1221991500 0 0 0 0
1221991200 0 0 0 0
1221990900 0 0 0 0
1221990600 0 0 0 0
1221990300 0 0 0 0
1221990000 0 0 0 0
1221989700 0 0 0 0
1221989400 0 0 0 0
1221989100 0 0 0 0
1221988800 0 0 0 0
1221988500 0 0 0 0
1221988200 0 0 0 0
1221987900 0 0 0 0
1221987600 0 0 0 0
1221987300 0 0 0 0
1221987000 0 0 0 0
1221986700 0 0 0 0
1221986400 0 0 0 0
1221986100 0 0 0 0
1221985800 0 0 0 0
1221985500 0 0 0 0
1221985200 0 0 0 0
1221984900 0 0 0 0
1221984600 0 0 0 0
1221984300 0 0 0 0
1221984000 0 0 0 0
1221983700 0 0 0 0
1221983400 0 0 0 0
1221983100 0 0 0 0
1221982800 0 0 0 0
1221982500 0 0 0 0
1221982200 0 0 0 0
1221981900 0 0 0 0
1221981600 0 0 0 0
1221981300 0 0 0 0
1221981000 0 0 0 0
1221980700 0 0 0 0
1221980400 0 0 0 0
1221980100 0 0 0 0
1221979800 0 0 0 0
1221979500 0 0 0 0
1221979200 0 0 0 0
1221978900 0 0 0 0
1221978600 0 0 0 0
1221978300 0 0 0 0
1221978000 0 0 0 0
1221977700 0 0 0 0
1221977400 0 0 0 0
1221977100 0 0 0 0
1221976800 0 0 0 0
1221976500 0 0 0 0
1221976200 0 0 0 0
1221975900 0 0 0 0
1221975600 0 0 0 0
1221975300 0 0 0 0
1221975000 0 0 0 0
1221974700 0 0 0 0
1221974400 0 0 0 0
1221974100 0 0 0 0
1221973800 0 0 0 0
1221973500 0 0 0 0
1221973200 0 0 0 0
1221972900 0 0 0 0
1221972600 0 0 0 0
1221972300 0 0 0 0
1221972000 0 0 0 0
1221971700 0 0 0 0
1221971400 0 0 0 0
1221971100 0 0 0 0
1221970800 0 0 0 0
1221970500 0 0 0 0
1221970200 0 0 0 0
1221969900 0 0 0 0
1221969600 0 0 0 0
1221969300 0 0 0 0
1221969000 0 0 0 0
1221968700 0 0 0 0
1221968400 0 0 0 0
1221968100 0 0 0 0
1221967800 0 0 0 0
1221967500 0 0 0 0
1221967200 0 0 0 0
1221966900 0 0 0 0
1221966600 0 0 0 0
1221966300 0 0 0 0
1221966000 0 0 0 0
1221965700 0 0 0 0
1221965400 0 0 0 0
1221965100 0 0 0 0
1221964800 0 0 0 0
1221964500 0 0 0 0
1221964200 0 0 0 0
1221963900 0 0 0 0
1221963600 0 0 0 0
1221963300 0 0 0 0
1221963000 0 0 0 0
1221962700 0 0 0 0
1221962400 0 0 0 0
1221962100 0 0 0 0
1221961800 0 0 0 0
1221961500 0 0 0 0
1221961200 0 0 0 0
1221960900 0 0 0 0
1221960600 0 0 0 0
1221960300 0 0 0 0
1221960000 0 0 0 0
1221959700 0 0 0 0
1221959400 0 0 0 0
1221959100 0 0 0 0
1221958800 0 0 0 0
1221958500 0 0 0 0
1221958200 0 0 0 0
1221957900 0 0 0 0
1221957600 0 0 0 0
1221957300 0 0 0 0
1221957000 0 0 0 0
1221956700 0 0 0 0
1221956400 0 0 0 0
1221956100 0 0 0 0
1221955800 0 0 0 0
1221955500 0 0 0 0
1221955200 0 0 0 0
1221954900 0 0 0 0
1221954600 0 0 0 0
1221954300 0 0 0 0
1221954000 0 0 0 0
1221953700 0 0 0 0
1221953400 0 0 0 0
1221953100 0 0 0 0
1221952800 0 0 0 0
1221952500 0 0 0 0
1221952200 0 0 0 0
1221951900 0 0 0 0
1221951600 0 0 0 0
1221951300 0 0 0 0
1221951000 0 0 0 0
1221950700 0 0 0 0
1221950400 0 0 0 0
1221950100 0 0 0 0
1221949800 0 0 0 0
1221949500 0 0 0 0
1221949200 0 0 0 0
1221948900 0 0 0 0
1221948600 0 0 0 0
1221948300 0 0 0 0
1221948000 0 0 0 0
1221947700 0 0 0 0
1221947400 0 0 0 0
1221947100 0 0 0 0
1221946800 0 0 0 0
1221946500 0 0 0 0
1221946200 0 0 0 0
1221945900 0 0 0 0
1221945600 0 0 0 0
1221945300 0 0 0 0
1221945000 0 0 0 0
1221944700 0 0 0 0
1221944400 0 0 0 0
1221944100 0 0 0 0
1221943800 0 0 0 0
1221943500 0 0 0 0
1221943200 0 0 0 0
1221942900 0 0 0 0
1221942600 0 0 0 0
1221942300 0 0 0 0
1221942000 0 0 0 0
1221941700 0 0 0 0
1221941400 0 0 0 0
1221941100 0 0 0 0
1221940800 0 0 0 0
1221940500 0 0 0 0
1221940200 0 0 0 0
1221939900 0 0 0 0
1221939600 0 0 0 0
1221939300 0 0 0 0
1221939000 0 0 0 0
1221938700 0 0 0 0
1221938400 0 0 0 0
1221938100 0 0 0 0
1221937800 0 0 0 0
1221937500 0 0 0 0
1221937200 0 0 0 0
1221936900 0 0 0 0
1221936600 0 0 0 0
1221936300 0 0 0 0
1221936000 0 0 0 0
1221935700 0 0 0 0
1221935400 0 0 0 0
1221935100 0 0 0 0
1221934800 0 0 0 0
1221934500 0 0 0 0
1221934200 0 0 0 0
1221933900 0 0 0 0
1221933600 0 0 0 0
1221933300 0 0 0 0
1221933000 0 0 0 0
1221932700 0 0 0 0
1221932400 0 0 0 0
1221932100 0 0 0 0
1221931800 0 0 0 0
1221931500 0 0 0 0
1221931200 0 0 0 0
1221930900 0 0 0 0
1221930600 0 0 0 0
1221930300 0 0 0 0
1221930000 0 0 0 0
1221929700 0 0 0 0
1221929400 0 0 0 0
1221929100 0 0 0 0
1221928800 0 0 0 0
1221928500 0 0 0 0
1221928200 0 0 0 0
1221927900 0 0 0 0
1221927600 0 0 0 0
1221927300 0 0 0 0
1221927000 0 0 0 0
1221926700 0 0 0 0
1221926400 0 0 0 0
1221926100 0 0 0 0
1221925800 0 0 0 0
1221925500 0 0 0 0
1221925200 0 0 0 0
1221924900 0 0 0 0
1221924600 0 0 0 0
1221924300 0 0 0 0
1221924000 0 0 0 0
1221923700 0 0 0 0
1221923400 0 0 0 0
1221923100 0 0 0 0
1221922800 0 0 0 0
1221922500 0 0 0 0
1221922200 0 0 0 0
1221921900 0 0 0 0
1221921600 0 0 0 0
1221921300 0 0 0 0
1221921000 0 0 0 0
1221920700 0 0 0 0
1221920400 0 0 0 0
1221920100 0 0 0 0
1221919800 0 0 0 0
1221919500 0 0 0 0
1221919200 0 0 0 0
1221918900 0 0 0 0
1221918600 0 0 0 0
1221918300 0 0 0 0
1221918000 0 0 0 0
1221917700 0 0 0 0
1221917400 0 0 0 0
1221917100 0 0 0 0
1221916800 0 0 0 0
1221916500 0 0 0 0
1221916200 0 0 0 0
1221915900 0 0 0 0
1221915600 0 0 0 0
1221915300 0 0 0 0
1221915000 0 0 0 0
1221914700 0 0 0 0
1221914400 0 0 0 0
1221914100 0 0 0 0
1221913800 0 0 0 0
1221913500 0 0 0 0
1221913200 0 0 0 0
1221912900 0 0 0 0
1221912600 0 0 0 0
1221912300 0 0 0 0
1221912000 0 0 0 0
1221911700 0 0 0 0
1221911400 0 0 0 0
1221911100 0 0 0 0
1221910800 0 0 0 0
1221910500 0 0 0 0
1221910200 0 0 0 0
1221909900 0 0 0 0
1221909600 0 0 0 0
1221909300 0 0 0 0
1221909000 0 0 0 0
1221908700 0 0 0 0
1221908400 0 0 0 0
1221908100 0 0 0 0
1221907800 0 0 0 0
1221907500 0 0 0 0
1221907200 0 0 0 0
1221906900 0 0 0 0
1221906600 0 0 0 0
1221906300 0 0 0 0
1221906000 0 0 0 0
1221905700 0 0 0 0
1221905400 0 0 0 0
1221905100 0 0 0 0
1221904800 0 0 0 0
1221904500 0 0 0 0
1221904200 0 0 0 0
1221903900 0 0 0 0
1221903600 0 0 0 0
1221903300 0 0 0 0
1221903000 0 0 0 0
1221902700 0 0 0 0
1221902400 0 0 0 0
1221902100 0 0 0 0
1221901800 0 0 0 0
1221901500 0 0 0 0
1221901200 0 0 0 0
1221900900 0 0 0 0
1221900600 0 0 0 0
1221900300 0 0 0 0
1221900000 0 0 0 0
1221899700 0 0 0 0
1221899400 0 0 0 0
1221899100 0 0 0 0
1221898800 0 0 0 0
1221898500 0 0 0 0
1221898200 0 0 0 0
1221897900 0 0 0 0
1221897600 0 0 0 0
1221897300 0 0 0 0
1221897000 0 0 0 0
1221896700 0 0 0 0
1221896400 0 0 0 0
1221896100 0 0 0 0
1221895800 0 0 0 0
1221895500 0 0 0 0
1221895200 0 0 0 0
1221894900 0 0 0 0
1221894600 0 0 0 0
1221894300 0 0 0 0
1221894000 0 0 0 0
1221893700 0 0 0 0
1221893400 0 0 0 0
1221893100 0 0 0 0
1221892800 0 0 0 0
1221892500 0 0 0 0
1221892200 0 0 0 0
1221891900 0 0 0 0
1221891600 0 0 0 0
1221891300 0 0 0 0
1221891000 0 0 0 0
1221890700 0 0 0 0
1221890400 0 0 0 0
1221890100 0 0 0 0
1221889800 0 0 0 0
1221889500 0 0 0 0
1221889200 0 0 0 0
1221888900 0 0 0 0
1221888600 0 0 0 0
1221888300 0 0 0 0
1221888000 0 0 0 0
1221887700 0 0 0 0
1221887400 0 0 0 0
1221887100 0 0 0 0
1221886800 0 0 0 0
1221886500 0 0 0 0
1221886200 0 0 0 0
1221885900 0 0 0 0
1221885600 0 0 0 0
1221885300 0 0 0 0
1221885000 0 0 0 0
1221884700 0 0 0 0
1221884400 0 0 0 0
1221884100 0 0 0 0
1221883800 0 0 0 0
1221883500 0 0 0 0
1221883200 0 0 0 0
1221882900 0 0 0 0
1221882600 0 0 0 0
1221882300 0 0 0 0
1221882000 0 0 0 0
1221881700 0 0 0 0
1221881400 0 0 0 0
1221881100 0 0 0 0
1221880800 0 0 0 0
1221880500 0 0 0 0
1221880200 0 0 0 0
1221879900 0 0 0 0
1221879600 0 0 0 0
1221879300 0 0 0 0
1221879000 0 0 0 0
1221878700 0 0 0 0
1221878400 0 0 0 0
1221878100 0 0 0 0
1221877800 0 0 0 0
1221877500 0 0 0 0
1221877200 0 0 0 0
1221876900 0 0 0 0
1221876600 0 0 0 0
1221876300 0 0 0 0
1221876000 0 0 0 0
1221875700 0 0 0 0
1221875400 0 0 0 0
1221875100 0 0 0 0
1221874800 0 0 0 0
1221874500 0 0 0 0
1221874200 0 0 0 0
1221873900 0 0 0 0
1221873600 0 0 0 0
1221873300 0 0 0 0
1221873000 0 0 0 0
1221872700 0 0 0 0
1221872400 0 0 0 0
1221872100 0 0 0 0
1221871800 0 0 0 0
1221871500 0 0 0 0
1221871200 0 0 0 0
1221870900 0 0 0 0
1221870600 0 0 0 0
1221870300 0 0 0 0
1221870000 0 0 0 0
1221869700 0 0 0 0
1221869400 0 0 0 0
1221869100 0 0 0 0
1221868800 0 0 0 0
1221868500 0 0 0 0
1221868200 0 0 0 0
1221867900 0 0 0 0
1221867600 0 0 0 0
1221867300 0 0 0 0
1221867000 0 0 0 0
1221866700 0 0 0 0
1221866400 0 0 0 0
1221866100 0 0 0 0
1221865800 0 0 0 0
1221865500 0 0 0 0
1221865200 0 0 0 0
1221864900 0 0 0 0
1221864600 0 0 0 0
1221864300 0 0 0 0
1221864000 0 0 0 0
1221863700 0 0 0 0
1221863400 0 0 0 0
1221863100 0 0 0 0
1221862800 0 0 0 0
1221862500 0 0 0 0
1221862200 0 0 0 0
1221861900 0 0 0 0
1221861600 0 0 0 0
1221861300 0 0 0 0
1221861000 0 0 0 0
1221860700 0 0 0 0
1221860400 0 0 0 0
1221860100 0 0 0 0
1221859800 0 0 0 0
1221859500 0 0 0 0
1221859200 0 0 0 0
1221858900 0 0 0 0
1221858600 0 0 0 0
1221858300 0 0 0 0
1221858000 0 0 0 0
1221857700 0 0 0 0
1221857400 0 0 0 0
1221857100 0 0 0 0
1221856800 0 0 0 0
1221856500 0 0 0 0
1221856200 0 0 0 0
1221855900 0 0 0 0
1221855600 0 0 0 0
1221855300 0 0 0 0
1221855000 0 0 0 0
1221854700 0 0 0 0
1221854400 0 0 0 0
1221854100 0 0 0 0
1221853800 0 0 0 0
1221853500 0 0 0 0
1221853200 0 0 0 0
1221852900 0 0 0 0
1221852600 0 0 0 0
1221852300 0 0 0 0
1221852000 0 0 0 0
1221851700 0 0 0 0
1221851400 0 0 0 0
1221851100 0 0 0 0
1221850800 0 0 0 0
1221850500 0 0 0 0
1221850200 0 0 0 0
1221849900 0 0 0 0
1221849600 0 0 0 0
1221849300 0 0 0 0
1221849000 0 0 0 0
1221848700 0 0 0 0
1221848400 0 0 0 0
1221848100 0 0 0 0
1221847800 0 0 0 0
1221847500 0 0 0 0
1221847200 0 0 0 0
1221846900 0 0 0 0
1221846600 0 0 0 0
1221846300 0 0 0 0
1221846000 0 0 0 0
1221845700 0 0 0 0
1221845400 0 0 0 0
1221845100 0 0 0 0
1221844800 0 0 0 0
1221844500 0 0 0 0
1221844200 0 0 0 0
1221843900 0 0 0 0
1221843600 0 0 0 0
1221843300 0 0 0 0
1221843000 0 0 0 0
1221842700 0 0 0 0
1221842400 0 0 0 0
1221842100 0 0 0 0
1221841800 0 0 0 0
1221841500 0 0 0 0
1221841200 0 0 0 0
1221840900 0 0 0 0
1221840600 0 0 0 0
1221840300 0 0 0 0
1221840000 0 0 0 0
1221839700 0 0 0 0
1221839400 0 0 0 0
1221839100 0 0 0 0
1221838800 0 0 0 0
1221838500 0 0 0 0
1221838200 0 0 0 0
1221836400 0 0 0 0
1221834600 0 0 0 0
1221832800 0 0 0 0
1221831000 0 0 0 0
1221829200 0 0 0 0
1221827400 0 0 0 0
1221825600 0 0 0 0
1221823800 0 0 0 0
1221822000 0 0 0 0
1221820200 0 0 0 0
1221818400 0 0 0 0
1221816600 0 0 0 0
1221814800 0 0 0 0
1221813000 0 0 0 0
1221811200 0 0 0 0
1221809400 0 0 0 0
1221807600 0 0 0 0
1221805800 0 0 0 0
1221804000 0 0 0 0
1221802200 0 0 0 0
1221800400 0 0 0 0
1221798600 0 0 0 0
1221796800 0 0 0 0
1221795000 0 0 0 0
1221793200 0 0 0 0
1221791400 0 0 0 0
1221789600 0 0 0 0
1221787800 0 0 0 0
1221786000 0 0 0 0
1221784200 0 0 0 0
1221782400 0 0 0 0
1221780600 0 0 0 0
1221778800 0 0 0 0
1221777000 0 0 0 0
1221775200 0 0 0 0
1221773400 0 0 0 0
1221771600 0 0 0 0
1221769800 0 0 0 0
1221768000 0 0 0 0
1221766200 0 0 0 0
1221764400 0 0 0 0
1221762600 0 0 0 0
1221760800 0 0 0 0
1221759000 0 0 0 0
1221757200 0 0 0 0
1221755400 0 0 0 0
1221753600 0 0 0 0
1221751800 0 0 0 0
1221750000 0 0 0 0
1221748200 0 0 0 0
1221746400 0 0 0 0
1221744600 0 0 0 0
1221742800 0 0 0 0
1221741000 0 0 0 0
1221739200 0 0 0 0
1221737400 0 0 0 0
1221735600 0 0 0 0
1221733800 0 0 0 0
1221732000 0 0 0 0
1221730200 0 0 0 0
1221728400 0 0 0 0
1221726600 0 0 0 0
1221724800 0 0 0 0
1221723000 0 0 0 0
1221721200 0 0 0 0
1221719400 0 0 0 0
1221717600 0 0 0 0
1221715800 0 0 0 0
1221714000 0 0 0 0
1221712200 0 0 0 0
1221710400 0 0 0 0
1221708600 0 0 0 0
1221706800 0 0 0 0
1221705000 0 0 0 0
1221703200 0 0 0 0
1221701400 0 0 0 0
1221699600 0 0 0 0
1221697800 0 0 0 0
1221696000 0 0 0 0
1221694200 0 0 0 0
1221692400 0 0 0 0
1221690600 0 0 0 0
1221688800 0 0 0 0
1221687000 0 0 0 0
1221685200 0 0 0 0
1221683400 0 0 0 0
1221681600 0 0 0 0
1221679800 0 0 0 0
1221678000 0 0 0 0
1221676200 0 0 0 0
1221674400 0 0 0 0
1221672600 0 0 0 0
1221670800 0 0 0 0
1221669000 0 0 0 0
1221667200 0 0 0 0
1221665400 0 0 0 0
1221663600 0 0 0 0
1221661800 0 0 0 0
1221660000 0 0 0 0
1221658200 0 0 0 0
1221656400 0 0 0 0
1221654600 0 0 0 0
1221652800 0 0 0 0
1221651000 0 0 0 0
1221649200 0 0 0 0
1221647400 0 0 0 0
1221645600 0 0 0 0
1221643800 0 0 0 0
1221642000 0 0 0 0
1221640200 0 0 0 0
1221638400 0 0 0 0
1221636600 0 0 0 0
1221634800 0 0 0 0
1221633000 0 0 0 0
1221631200 0 0 0 0
1221629400 0 0 0 0
1221627600 0 0 0 0
1221625800 0 0 0 0
1221624000 0 0 0 0
1221622200 0 0 0 0
1221620400 0 0 0 0
1221618600 0 0 0 0
1221616800 0 0 0 0
1221615000 0 0 0 0
1221613200 0 0 0 0
1221611400 0 0 0 0
1221609600 0 0 0 0
1221607800 0 0 0 0
1221606000 0 0 0 0
1221604200 0 0 0 0
1221602400 0 0 0 0
1221600600 0 0 0 0
1221598800 0 0 0 0
1221597000 0 0 0 0
1221595200 0 0 0 0
1221593400 0 0 0 0
1221591600 0 0 0 0
1221589800 0 0 0 0
1221588000 0 0 0 0
1221586200 0 0 0 0
1221584400 0 0 0 0
1221582600 0 0 0 0
1221580800 0 0 0 0
1221579000 0 0 0 0
1221577200 0 0 0 0
1221575400 0 0 0 0
1221573600 0 0 0 0
1221571800 0 0 0 0
1221570000 0 0 0 0
1221568200 0 0 0 0
1221566400 0 0 0 0
1221564600 0 0 0 0
1221562800 0 0 0 0
1221561000 0 0 0 0
1221559200 0 0 0 0
1221557400 0 0 0 0
1221555600 0 0 0 0
1221553800 0 0 0 0
1221552000 0 0 0 0
1221550200 0 0 0 0
1221548400 0 0 0 0
1221546600 0 0 0 0
1221544800 0 0 0 0
1221543000 0 0 0 0
1221541200 0 0 0 0
1221539400 0 0 0 0
1221537600 0 0 0 0
1221535800 0 0 0 0
1221534000 0 0 0 0
1221532200 0 0 0 0
1221530400 0 0 0 0
1221528600 0 0 0 0
1221526800 0 0 0 0
1221525000 0 0 0 0
1221523200 0 0 0 0
1221521400 0 0 0 0
1221519600 0 0 0 0
1221517800 0 0 0 0
1221516000 0 0 0 0
1221514200 0 0 0 0
1221512400 0 0 0 0
1221510600 0 0 0 0
1221508800 0 0 0 0
1221507000 0 0 0 0
1221505200 0 0 0 0
1221503400 0 0 0 0
1221501600 0 0 0 0
1221499800 0 0 0 0
1221498000 0 0 0 0
1221496200 0 0 0 0
1221494400 0 0 0 0
1221492600 0 0 0 0
1221490800 0 0 0 0
1221489000 0 0 0 0
1221487200 0 0 0 0
1221485400 0 0 0 0
1221483600 0 0 0 0
1221481800 0 0 0 0
1221480000 0 0 0 0
1221478200 0 0 0 0
1221476400 0 0 0 0
1221474600 0 0 0 0
1221472800 0 0 0 0
1221471000 0 0 0 0
1221469200 0 0 0 0
1221467400 0 0 0 0
1221465600 0 0 0 0
1221463800 0 0 0 0
1221462000 0 0 0 0
1221460200 0 0 0 0
1221458400 0 0 0 0
1221456600 0 0 0 0
1221454800 0 0 0 0
1221453000 0 0 0 0
1221451200 0 0 0 0
1221449400 0 0 0 0
1221447600 0 0 0 0
1221445800 0 0 0 0
1221444000 0 0 0 0
1221442200 0 0 0 0
1221440400 0 0 0 0
1221438600 0 0 0 0
1221436800 0 0 0 0
1221435000 0 0 0 0
1221433200 0 0 0 0
1221431400 0 0 0 0
1221429600 0 0 0 0
1221427800 0 0 0 0
1221426000 0 0 0 0
1221424200 0 0 0 0
1221422400 0 0 0 0
1221420600 0 0 0 0
1221418800 0 0 0 0
1221417000 0 0 0 0
1221415200 0 0 0 0
1221413400 0 0 0 0
1221411600 0 0 0 0
1221409800 0 0 0 0
1221408000 0 0 0 0
1221406200 0 0 0 0
1221404400 0 0 0 0
1221402600 0 0 0 0
1221400800 0 0 0 0
1221399000 0 0 0 0
1221397200 0 0 0 0
1221395400 0 0 0 0
1221393600 0 0 0 0
1221391800 0 0 0 0
1221390000 0 0 0 0
1221388200 0 0 0 0
1221386400 0 0 0 0
1221384600 0 0 0 0
1221382800 0 0 0 0
1221381000 0 0 0 0
1221379200 0 0 0 0
1221377400 0 0 0 0
1221375600 0 0 0 0
1221373800 0 0 0 0
1221372000 0 0 0 0
1221370200 0 0 0 0
1221368400 0 0 0 0
1221366600 0 0 0 0
1221364800 0 0 0 0
1221363000 0 0 0 0
1221361200 0 0 0 0
1221359400 0 0 0 0
1221357600 0 0 0 0
1221355800 0 0 0 0
1221354000 0 0 0 0
1221352200 0 0 0 0
1221350400 0 0 0 0
1221348600 0 0 0 0
1221346800 0 0 0 0
1221345000 0 0 0 0
1221343200 0 0 0 0
1221341400 0 0 0 0
1221339600 0 0 0 0
1221337800 0 0 0 0
1221336000 0 0 0 0
1221334200 0 0 0 0
1221332400 0 0 0 0
1221330600 0 0 0 0
1221328800 0 0 0 0
1221327000 0 0 0 0
1221325200 0 0 0 0
1221323400 0 0 0 0
1221321600 0 0 0 0
1221319800 0 0 0 0
1221318000 0 0 0 0
1221316200 0 0 0 0
1221314400 0 0 0 0
1221312600 0 0 0 0
1221310800 0 0 0 0
1221309000 0 0 0 0
1221307200 0 0 0 0
1221305400 0 0 0 0
1221303600 0 0 0 0
1221301800 0 0 0 0
1221300000 0 0 0 0
1221298200 0 0 0 0
1221296400 0 0 0 0
1221294600 0 0 0 0
1221292800 0 0 0 0
1221291000 0 0 0 0
1221289200 0 0 0 0
1221287400 0 0 0 0
1221285600 0 0 0 0
1221283800 0 0 0 0
1221282000 0 0 0 0
1221280200 0 0 0 0
1221278400 0 0 0 0
1221276600 0 0 0 0
1221274800 0 0 0 0
1221273000 0 0 0 0
1221271200 0 0 0 0
1221269400 0 0 0 0
1221267600 0 0 0 0
1221265800 0 0 0 0
1221264000 0 0 0 0
1221262200 0 0 0 0
1221260400 0 0 0 0
1221258600 0 0 0 0
1221256800 0 0 0 0
1221255000 0 0 0 0
1221253200 0 0 0 0
1221251400 0 0 0 0
1221249600 0 0 0 0
1221247800 0 0 0 0
1221246000 0 0 0 0
1221244200 0 0 0 0
1221242400 0 0 0 0
1221240600 0 0 0 0
1221238800 0 0 0 0
1221237000 0 0 0 0
1221235200 0 0 0 0
1221233400 0 0 0 0
1221231600 0 0 0 0
1221229800 0 0 0 0
1221228000 0 0 0 0
1221226200 0 0 0 0
1221224400 0 0 0 0
1221222600 0 0 0 0
1221220800 0 0 0 0
1221219000 0 0 0 0
1221217200 0 0 0 0
1221215400 0 0 0 0
1221213600 0 0 0 0
1221211800 0 0 0 0
1221210000 0 0 0 0
1221208200 0 0 0 0
1221206400 0 0 0 0
1221204600 0 0 0 0
1221202800 0 0 0 0
1221201000 0 0 0 0
1221199200 0 0 0 0
1221197400 0 0 0 0
1221195600 0 0 0 0
1221193800 0 0 0 0
1221192000 0 0 0 0
1221190200 0 0 0 0
1221188400 0 0 0 0
1221186600 0 0 0 0
1221184800 0 0 0 0
1221183000 0 0 0 0
1221181200 0 0 0 0
1221179400 0 0 0 0
1221177600 0 0 0 0
1221175800 0 0 0 0
1221174000 0 0 0 0
1221172200 0 0 0 0
1221170400 0 0 0 0
1221168600 0 0 0 0
1221166800 0 0 0 0
1221165000 0 0 0 0
1221163200 0 0 0 0
1221161400 0 0 0 0
1221159600 0 0 0 0
1221157800 0 0 0 0
1221156000 0 0 0 0
1221154200 0 0 0 0
1221152400 0 0 0 0
1221150600 0 0 0 0
1221148800 0 0 0 0
1221147000 0 0 0 0
1221145200 0 0 0 0
1221143400 0 0 0 0
1221141600 0 0 0 0
1221139800 0 0 0 0
1221138000 0 0 0 0
1221136200 0 0 0 0
1221134400 0 0 0 0
1221132600 0 0 0 0
1221130800 0 0 0 0
1221129000 0 0 0 0
1221127200 0 0 0 0
1221125400 0 0 0 0
1221123600 0 0 0 0
1221121800 0 0 0 0
1221120000 0 0 0 0
1221118200 0 0 0 0
1221116400 0 0 0 0
1221114600 0 0 0 0
1221112800 0 0 0 0
1221111000 0 0 0 0
1221109200 0 0 0 0
1221107400 0 0 0 0
1221105600 0 0 0 0
1221103800 0 0 0 0
1221102000 0 0 0 0
1221100200 0 0 0 0
1221098400 0 0 0 0
1221096600 0 0 0 0
1221094800 0 0 0 0
1221093000 0 0 0 0
1221091200 0 0 0 0
1221089400 0 0 0 0
1221087600 0 0 0 0
1221085800 0 0 0 0
1221084000 0 0 0 0
1221082200 0 0 0 0
1221080400 0 0 0 0
1221078600 0 0 0 0
1221076800 0 0 0 0
1221075000 0 0 0 0
1221073200 0 0 0 0
1221071400 0 0 0 0
1221069600 0 0 0 0
1221067800 0 0 0 0
1221066000 0 0 0 0
1221064200 0 0 0 0
1221062400 0 0 0 0
1221060600 0 0 0 0
1221058800 0 0 0 0
1221057000 0 0 0 0
1221055200 0 0 0 0
1221053400 0 0 0 0
1221051600 0 0 0 0
1221049800 0 0 0 0
1221048000 0 0 0 0
1221046200 0 0 0 0
1221044400 0 0 0 0
1221042600 0 0 0 0
1221040800 0 0 0 0
1221039000 0 0 0 0
1221037200 0 0 0 0
1221035400 0 0 0 0
1221033600 0 0 0 0
1221031800 0 0 0 0
1221030000 0 0 0 0
1221028200 0 0 0 0
1221026400 0 0 0 0
1221024600 0 0 0 0
1221022800 0 0 0 0
1221021000 0 0 0 0
1221019200 0 0 0 0
1221017400 0 0 0 0
1221015600 0 0 0 0
1221013800 0 0 0 0
1221012000 0 0 0 0
1221010200 0 0 0 0
1221008400 0 0 0 0
1221006600 0 0 0 0
1221004800 0 0 0 0
1221003000 0 0 0 0
1221001200 0 0 0 0
1220999400 0 0 0 0
1220997600 0 0 0 0
1220995800 0 0 0 0
1220994000 0 0 0 0
1220992200 0 0 0 0
1220990400 0 0 0 0
1220988600 0 0 0 0
1220986800 0 0 0 0
1220985000 0 0 0 0
1220983200 0 0 0 0
1220981400 0 0 0 0
1220979600 0 0 0 0
1220977800 0 0 0 0
1220976000 0 0 0 0
1220974200 0 0 0 0
1220972400 0 0 0 0
1220970600 0 0 0 0
1220968800 0 0 0 0
1220967000 0 0 0 0
1220965200 0 0 0 0
1220963400 0 0 0 0
1220961600 0 0 0 0
1220959800 0 0 0 0
1220958000 0 0 0 0
1220956200 0 0 0 0
1220954400 0 0 0 0
1220952600 0 0 0 0
1220950800 0 0 0 0
1220949000 0 0 0 0
1220947200 0 0 0 0
1220945400 0 0 0 0
1220943600 0 0 0 0
1220941800 0 0 0 0
1220940000 0 0 0 0
1220938200 0 0 0 0
1220936400 0 0 0 0
1220934600 0 0 0 0
1220932800 0 0 0 0
1220931000 0 0 0 0
1220929200 0 0 0 0
1220927400 0 0 0 0
1220925600 0 0 0 0
1220923800 0 0 0 0
1220922000 0 0 0 0
1220920200 0 0 0 0
1220918400 0 0 0 0
1220916600 0 0 0 0
1220914800 0 0 0 0
1220913000 0 0 0 0
1220911200 0 0 0 0
1220909400 0 0 0 0
1220907600 0 0 0 0
1220905800 0 0 0 0
1220904000 0 0 0 0
1220902200 0 0 0 0
1220900400 0 0 0 0
1220898600 0 0 0 0
1220896800 0 0 0 0
1220895000 0 0 0 0
1220893200 0 0 0 0
1220891400 0 0 0 0
1220889600 0 0 0 0
1220887800 0 0 0 0
1220886000 0 0 0 0
1220884200 0 0 0 0
1220882400 0 0 0 0
1220880600 0 0 0 0
1220878800 0 0 0 0
1220877000 0 0 0 0
1220875200 0 0 0 0
1220873400 0 0 0 0
1220871600 0 0 0 0
1220869800 0 0 0 0
1220868000 0 0 0 0
1220866200 0 0 0 0
1220864400 0 0 0 0
1220862600 0 0 0 0
1220860800 0 0 0 0
1220859000 0 0 0 0
1220857200 0 0 0 0
1220855400 0 0 0 0
1220853600 0 0 0 0
1220851800 0 0 0 0
1220850000 0 0 0 0
1220848200 0 0 0 0
1220846400 0 0 0 0
1220844600 0 0 0 0
1220842800 0 0 0 0
1220841000 0 0 0 0
1220839200 0 0 0 0
1220837400 0 0 0 0
1220835600 0 0 0 0
1220833800 0 0 0 0
1220832000 0 0 0 0
1220830200 0 0 0 0
1220828400 0 0 0 0
1220826600 0 0 0 0
1220824800 0 0 0 0
1220823000 0 0 0 0
1220821200 0 0 0 0
1220819400 0 0 0 0
1220817600 0 0 0 0
1220815800 0 0 0 0
1220814000 0 0 0 0
1220812200 0 0 0 0
1220810400 0 0 0 0
1220808600 0 0 0 0
1220806800 0 0 0 0
1220805000 0 0 0 0
1220803200 0 0 0 0
1220801400 0 0 0 0
1220799600 0 0 0 0
1220797800 0 0 0 0
1220796000 0 0 0 0
1220794200 0 0 0 0
1220792400 0 0 0 0
1220790600 0 0 0 0
1220788800 0 0 0 0
1220787000 0 0 0 0
1220785200 0 0 0 0
1220783400 0 0 0 0
1220781600 0 0 0 0
1220779800 0 0 0 0
1220778000 0 0 0 0
1220776200 0 0 0 0
1220774400 0 0 0 0
1220772600 0 0 0 0
1220770800 0 0 0 0
1220769000 0 0 0 0
1220767200 0 0 0 0
1220765400 0 0 0 0
1220763600 0 0 0 0
1220761800 0 0 0 0
1220760000 0 0 0 0
1220758200 0 0 0 0
1220752800 0 0 0 0
1220745600 0 0 0 0
1220738400 0 0 0 0
1220731200 0 0 0 0
1220724000 0 0 0 0
1220716800 283 7384 3912 83830
1220709600 4 90 118 2181
1220702400 0 0 0 0
1220695200 0 0 0 0
1220688000 0 0 0 0
1220680800 443 957 4657 6564
1220673600 255 1599 1122 7008
1220666400 1 1 3 7
1220659200 1 1 7 7
1220652000 1 1 3 6
1220644800 1 2 3 8
1220637600 3899 208 16320 884
1220630400 17415 109442 19413 167183
1220623200 266 2079 6040 48539
1220616000 5 91 118 2177
1220608800 0 0 1 2
1220601600 0 0 5 26
1220594400 1 6 20 32
1220587200 638 5767 3464 60622
1220580000 1 1 3 5
1220572800 1 1 3 6
1220565600 2 2 46 46
1220558400 11 12 251 273
1220551200 45 60 346 890
1220544000 1 1 1 3
1220536800 11 162 265 3881
1220529600 22 12 349 712
1220522400 2 29 61 712
1220515200 0 0 0 0
1220508000 0 1 3 27
1220500800 52 75 218 726
1220493600 482 1533 3767 10451
1220486400 306 10314 3459 134158
1220479200 552 13866 3801 134158
1220472000 107 41 111 49
1220464800 1632 636 16406 12382
1220457600 18183 98798 40813 198929
1220450400 11192 83544 17625 171245
1220443200 5 116 138 2787
1220436000 0 0 0 0
1220428800 0 0 0 0
1220421600 4 1 126 46
1220414400 569 10904 2767 80248
1220407200 58 811 633 8559
1220400000 97 42 234 89
1220392800 101 42 234 74
1220385600 96 41 135 82
1220378400 96 41 100 43
1220371200 91 39 100 44
1220364000 33 14 289 3512
1220356800 17 239 289 3512
1220349600 0 0 0 0
1220342400 0 3 122 96
1220335200 22 23 140 250
1220328000 632 18681 3902 172024
1220320800 232 1842 1667 26052
1220313600 1 1 1 5
1220306400 1 1 1 5
1220299200 1 1 1 3
1220292000 1 1 2 6
1220284800 1 1 2 4
1220277600 1289 62 30592 1217
1220270400 1 1 13 17
1220263200 2 4 37 84
1220256000 0 0 0 0
1220248800 78 121 525 672
1220241600 373 543 494 1515
1220234400 270 1236 1408 8980
1220227200 380 2136 1152 8746
1220220000 199 1070 1043 6284
1220212800 1044 1457 5297 26807
1220205600 197 7206 2971 157406
1220198400 736 19797 3200 114755
1220191200 383 952 2404 6040
1220184000 109 156 220 354
1220176800 163 209 365 423
1220169600 130 180 401 447
1220162400 107 149 278 328
1220155200 236 160 3153 517
1220148000 389 1556 1476 10355
1220140800 332 1462 1062 8741
1220133600 81 429 275 5021
1220126400 75 467 487 6524
1220119200 457 10053 2476 58627
1220112000 51 287 658 4042
1220104800 0 0 0 0
1220097600 0 0 0 0
1220090400 0 0 0 0
1220083200 0 0 0 0
1220076000 42 758 3063 133541
1220068800 577 10036 3063 133541
1220061600 111 2188 853 19155
1220054400 1255 31433 4312 126189
1220047200 62 26 101 45
1220040000 87 36 129 47
1220032800 24 10 186 57
1220025600 1 1 2 8
1220018400 8 10 178 210
1220011200 1 4 48 95
1220004000 0 0 0 0
1219996800 0 0 0 0
1219989600 63 97 421 563
1219982400 644 3319 2713 21554
1219975200 1 1 1 6
1219968000 1 1 1 4
1219960800 1 2 2 7
1219953600 1 2 3 9
1219946400 1 2 1 5
1219939200 8 58 173 1359
1219932000 1 2 2 6
1219924800 2 30 61 706
1219917600 0 0 0 0
1219910400 0 0 0 0
1219903200 16 24 167 292
1219896000 50 87 257 1205
1219888800 1 1 1 10
1219881600 922 27425 3926 142536
1219874400 174 2209 3662 52594
1219867200 48 30 165 144
1219860000 43 25 53 29
1219852800 42 25 53 31
1219845600 53 26 358 89
1219838400 9 13 122 143
1219831200 0 0 0 0
1219824000 0 0 0 0
1219816800 288 80 3706 340
1219809600 134 415 466 4695
1219802400 95 209 504 2471
1219795200 7493 4276 19877 141322
1219788000 16028 110868 39529 209531
1219780800 1 2 2 7
1219773600 84 363 945 4578
1219766400 218 949 1794 8369
1219759200 9699 59729 19052 143925
1219752000 35 655 483 7914
1219744800 0 0 0 0
1219737600 0 0 0 0
1219730400 0 0 1 3
1219723200 11 87 265 2001
1219716000 859 19351 2700 84786
1219708800 111 42 117 46
1219701600 4105 243 16750 979
1219694400 10915 55345 29412 141074
1219687200 108 45 180 124
1219680000 657 58 8395 391
1219672800 1 1 2 8
1219665600 1 4 49 108
1219658400 0 0 0 0
1219651200 0 0 0 0
1219644000 0 0 3 29
1219636800 486 18646 2914 129251
1219629600 772 18959 2722 102466
1219622400 334 1600 1076 8797
1219615200 255 1199 1379 14414
1219608000 570 4975 2802 36527
1219600800 248 1573 2513 20847
1219593600 0 0 0 0
1219586400 0 0 0 0
1219579200 0 0 0 0
1219572000 0 0 0 0
1219564800 0 0 0 0
1219557600 0 0 3 28
1219550400 1 3 4 29
1219543200 1 1 1 6
1219536000 1 1 2 6
1219528800 57 151 960 2405
1219521600 122 3910 878 34748
1219514400 221 6351 1298 45694
1219507200 655 17286 2745 104621
1219500000 0 0 0 0
1219492800 0 0 0 0
1219485600 0 0 0 0
1219478400 0 0 0 0
1219471200 453 1868 2964 18898
1219464000 511 1377 1502 7024
1219456800 1 2 3 8
1219449600 22 15 56 33
1219442400 46 28 57 52
1219435200 63 35 214 79
1219428000 13747 760 16610 1162
1219420800 16399 96498 16891 143690
1219413600 11670 49779 16416 111830
1219406400 2 6 51 111
1219399200 0 0 0 0
1219392000 0 0 0 0
1219384800 0 1 4 29
1219377600 886 21557 2380 81989
1219370400 213 1017 1409 14257
1219363200 8082 418 16582 898
1219356000 17166 61854 29194 160384
1219348800 16891 153948 17950 180862
1219341600 17876 176941 18477 186623
1219334400 17173 136535 18500 168906
1219327200 16349 108054 18093 181607
1219320000 269 3307 1538 33601
1219312800 0 0 0 0
1219305600 0 0 0 0
1219298400 5 6 120 65
1219291200 283 2868 1373 39890
1219284000 523 13367 2689 79041
1219276800 0 0 0 0
1219269600 72 35 123 266
1219262400 8870 6119 17682 14390
1219255200 12323 13535 16206 20568
1219248000 11227 10251 16206 20568
1219240800 7572 4103 14314 12473
1219233600 307 298 2408 4793
1219226400 0 0 0 0
1219219200 0 0 0 0
1219212000 4 1 119 43
1219204800 563 16623 2920 125678
1219197600 26 14 16343 10734
1219190400 16591 18735 16964 26817
1219183200 15653 25173 16909 42580
1219176000 16016 23783 16496 35525
1219168800 10700 17700 16347 57237
1219161600 153 1000 1847 11177
1219154400 22 28 302 316
1219147200 1 3 49 89
1219140000 0 0 0 0
1219132800 0 0 0 0
1219125600 0 3 5 29
1219118400 164 880 803 9377
1219111200 854 24737 3529 93632
1219104000 104 3510 256 8424
1219096800 224 1532 620 8424
1219089600 177 135 225 178
1219082400 474 151 4338 4938
1219075200 335 1399 1768 15487
1219068000 1054 916 18759 12151
1219060800 1 4 48 93
1219053600 0 0 0 0
1219046400 0 0 0 0
1219039200 0 0 4 27
1219032000 405 12544 2495 86014
1219024800 548 11820 1904 75547
1219017600 218 1382 1839 13341
1219010400 267 3671 1910 55592
1219003200 1 4 3 30
1218996000 238 3129 1819 36477
1218988800 621 25055 3968 161024
1218981600 1 6 50 151
1218974400 0 0 0 0
1218967200 0 0 0 0
1218960000 0 0 0 0
1218952800 0 2 4 27
1218945600 15 78 348 1865
1218938400 83 1414 1314 22264
1218931200 112 642 1244 9376
1218924000 165 738 2333 8427
1218916800 1356 40 16004 466
1218909600 78 370 1405 7299
1218902400 1181 32371 4642 192202
1218895200 962 21956 3544 121884
1218888000 0 0 0 0
1218880800 0 0 0 0
1218873600 0 0 0 0
1218866400 541 51 4708 255
1218859200 591 6229 2733 55582
1218852000 116 149 277 326
1218844800 97 132 313 348
1218837600 367 201 7436 377
1218830400 526 267 7436 1988
1218823200 2708 2269 19653 20353
1218816000 124 43 139 79
1218808800 114 42 376 209
1218801600 5 114 128 2739
1218794400 0 0 0 0
1218787200 0 0 0 0
1218780000 113 175 796 1429
1218772800 3488 830 17024 4155
1218765600 16605 36716 17340 62101
1218758400 16531 39822 17127 56491
1218751200 16109 40816 16578 59577
1218744000 15816 34100 16753 54748
1218736800 21733 47203 46364 64672
1218729600 39271 26375 46364 47222
1218722400 14551 19831 17368 38716
1218715200 15898 53508 16703 99865
1218708000 16232 56084 16585 70671
1218700800 16173 53537 16585 67836
1218693600 16103 56823 16769 73933
1218686400 16324 48745 17548 72283
1218679200 16545 38716 18070 47760
1218672000 18669 69776 72245 213778
1218664800 16868 47874 45487 65360
1218657600 19670 50577 45572 70537
1218650400 21951 45119 46343 64481
1218643200 16644 47576 17292 68094
1218636000 16583 49322 17069 82734
1218628800 16421 67321 16975 120320
1218621600 16720 59221 17218 79435
1218614400 16557 57485 17136 84566
1218607200 16241 42976 16954 126838
1218600000 10286 16709 17627 46502
1218592800 16894 35204 17627 59755
1218585600 16791 45503 17208 101912
1218578400 16711 40188 20153 66625
1218571200 20706 29458 46348 42226
1218564000 16647 26429 25874 50776
1218556800 15038 25105 19760 62897
1218549600 15021 30462 17129 57887
1218542400 94 669 519 9493
1218535200 0 0 0 0
1218528000 0 0 0 0
1218520800 7041 4275 16067 13211
1218513600 15955 5865 16117 10678
1218506400 9144 17006 17201 75479
1218499200 3177 2060 17201 10067
1218492000 1293 744 9812 10882
1218484800 1161 14908 1566 20808
1218477600 768 9519 1178 16315
1218470400 6607 20683 14132 31770
1218463200 3708 8458 8883 31770
1218456000 0 0 1 5
1218448800 0 0 0 0
1218441600 0 0 0 0
1218434400 1 5 47 87
1218427200 679 19974 4692 215351
1218420000 442 2109 1218 6968
1218412800 304 1357 1634 8838
1218405600 903 681 11046 7104
1218398400 4429 8374 40188 41292
1218391200 427 5380 2676 74948
1218384000 1 1 1 8
1218376800 16 11 385 269
1218369600 0 0 0 0
1218362400 0 0 0 0
1218355200 1110 5116 5024 24706
1218348000 10599 24868 16100 32670
1218340800 12195 6827 16197 22292
1218333600 14757 8938 18466 21381
1218326400 14924 37244 20472 109027
1218319200 14347 14835 17588 42940
1218312000 15770 6436 17546 34068
1218304800 16754 42374 17173 67023
1218297600 4818 32782 16354 151694
1218290400 191 4274 2412 57594
1218283200 0 0 0 0
1218276000 0 0 0 0
1218268800 0 0 0 0
1218261600 1061 15327 5027 72075
1218254400 1321 11355 7846 77779
1218247200 68 98 125 156
1218240000 1624 137 12795 449
1218232800 6058 5812 18120 16881
1218225600 6462 14936 11360 37550
1218218400 2786 9044 15418 37550
1218211200 8513 14575 16021 29817
1218204000 941 14796 2465 43356
1218196800 4 112 106 2701
1218189600 0 0 0 0
1218182400 0 0 0 0
1218175200 1122 1347 16111 42151
1218168000 7660 30774 17040 72219
1218160800 9 40 17385 79458
1218153600 8865 45476 17477 79458
1218146400 5655 10143 17409 23765
1218139200 10363 8422 17409 35746
1218132000 3551 6854 11446 24946
1218124800 9733 13394 17171 29587
1218117600 1347 14279 11095 93926
1218110400 4 112 116 2654
1218103200 0 0 0 0
1218096000 0 0 0 0
1218088800 276 13661 2248 114103
1218081600 5980 29523 12718 54378
1218074400 6856 46776 16202 152522
1218067200 410 1533 2594 19805
1218060000 671 150 11853 389
1218052800 6831 1312 45183 21994
1218045600 19 21 247 328
1218038400 1 1 1 9
1218031200 1 1 1 4
1218024000 52 454 1150 8831
1218016800 0 0 0 0
1218009600 0 0 0 0
1218002400 0 12 1864 95639
1217995200 1537 25837 5302 120601
1217988000 364 2989 1322 25542
1217980800 167 187 925 915
1217973600 117 154 260 307
1217966400 150 232 416 1570
1217959200 183 302 1212 3429
1217952000 878 791 14548 15136
1217944800 8 13 174 255
1217937600 0 0 1 3
1217930400 0 0 0 0
1217923200 0 0 0 0
1217916000 0 10 1628 80324
1217908800 260 8081 1844 80324
1217901600 635 18678 3371 161018
1217894400 652 6829 2981 52564
1217887200 126 139 470 1653
1217880000 104 43 158 99
1217872800 280 3225 1119 40497
1217865600 181 4463 2059 71674
1217858400 135 1066 2148 23502
1217851200 1 4 47 89
1217844000 0 0 0 0
1217836800 0 0 0 0
1217829600 0 0 0 0
1217822400 307 2265 1716 16853
1217815200 182 816 2108 9762
1217808000 132 2909 2738 66094
1217800800 103 502 833 5615
1217793600 1 1 1 9
1217786400 57 209 618 4086
1217779200 730 12105 4188 77598
1217772000 0 0 0 0
1217764800 0 0 0 0
1217757600 0 0 0 0
1217750400 0 0 0 0
1217743200 0 1 477 8826
1217736000 100 1839 477 8826
1217728800 1 1 1 7
1217721600 1 1 1 4
1217714400 1 2 1 46
1217707200 1 1 1 3
1217700000 370 2368 3948 27155
1217692800 243 1357 1355 9225
1217685600 948 21236 3693 134598
1217678400 0 0 0 0
1217671200 0 0 0 0
1217664000 0 0 0 0
1217656800 0 0 0 0
1217649600 1276 33713 5664 215346
1217642400 368 1653 2120 11186
1217635200 1285 11324 4011 52990
1217628000 118 925 2822 22217
1217620800 238 5011 2115 60243
1217613600 1 1 1 3
1217606400 1 1 1 9
1217599200 8 10 78 126
1217592000 0 0 1 3
1217584800 0 0 0 0
1217577600 0 0 0 0
1217570400 0 0 0 0
1217563200 575 11277 1893 82464
1217556000 673 4331 1942 13938
1217548800 725 19560 3975 141866
1217541600 7 2 154 51
1217534400 202 988 3336 23057
1217527200 11462 12926 45230 128732
1217520000 11469 94256 22545 164307
1217512800 78 210 625 3184
1217505600 22 25 256 326
1217498400 0 0 0 0
1217491200 0 0 0 0
1217484000 0 0 0 0
1217476800 84 619 815 15455
1217469600 1655 35408 4372 152919
1217462400 1 1 1 5
1217455200 40 37 299 265
1217448000 1 1 1 5
1217440800 1 1 1 7
1217433600 17 153 417 3852
1217426400 25 169 417 3852
1217419200 1 7 53 177
1217412000 0 0 0 0
1217404800 0 0 0 0
1217397600 0 0 0 0
1217390400 206 861 1567 8107
1217383200 656 3397 2524 34390
1217376000 842 13315 4961 124286
1217368800 1057 2674 15381 32432
1217361600 80 110 166 178
1217354400 510 4676 4878 60730
1217347200 468 10986 2106 67396
1217340000 95 2281 883 30325
1217332800 5 110 128 2517
1217325600 0 0 0 0
1217318400 0 0 0 0
1217311200 0 0 0 0
1217304000 104 860 3229 22276
1217296800 1164 10532 4226 28296
1217289600 1211 13812 5141 88849
1217282400 1 1 1 5
1217275200 39 18 506 224
1217268000 3253 232 19223 1200
1217260800 3378 653 24463 4262
1217253600 1 1 1 7
1217246400 2 25 59 621
1217239200 0 0 0 0
1217232000 0 0 0 0
1217224800 0 0 0 0
1217217600 95 439 2264 10527
1217210400 66 1372 719 22666
1217203200 629 12874 2805 102132
1217196000 177 2109 1468 8788
1217188800 102 1105 895 8788
1217181600 10 14 68 177
1217174400 0 0 1 8
1217167200 1 1 116 63
1217160000 4 2 116 63
1217152800 0 0 0 0
1217145600 0 0 0 0
1217138400 152 1706 2186 9110
1217131200 24 632 282 7596
1217124000 7 10 138 209
1217116800 1 1 1 9
1217109600 1 1 1 5
1217102400 1 1 1 4
1217095200 0 0 1 5
1217088000 0 0 1 1
1217080800 728 11769 3841 89693
1217073600 0 0 0 0
1217066400 0 0 0 0
1217059200 0 0 0 0
1217052000 25 1125 2678 137278
1217044800 590 25359 3362 160611
1217037600 1 1 1 5
1217030400 329 3940 1689 49071
1217023200 58 25 98 42
1217016000 90 39 123 82
1217008800 92 39 95 43
1217001600 92 39 97 44
1216994400 203 2529 894 32420
1216987200 6 109 124 2494
1216980000 0 0 0 0
1216972800 0 0 0 0
1216965600 0 0 0 0
1216958400 1305 41952 6293 222672
1216951200 253 1048 1338 9402
1216944000 100 132 301 370
1216936800 179 135 1454 303
1216929600 1067 586 12975 11090
1216922400 10 90 227 2126
1216915200 240 1023 1336 10659
1216908000 170 679 985 5319
1216900800 36 226 378 2459
1216893600 0 0 0 0
1216886400 0 0 0 0
1216879200 0 0 9 20
1216872000 361 1280 1127 5844
1216864800 212 657 1044 4512
1216857600 1101 24881 3653 134998
1216850400 665 1154 7951 10503
1216843200 195 1234 942 6801
1216836000 966 30459 6033 222643
1216828800 64 35 1419 565
1216821600 410 403 1423 5702
1216814400 36 163 447 2869
1216807200 0 0 0 0
1216800000 0 0 0 0
1216792800 0 0 0 0
1216785600 347 1002 1105 5812
1216778400 632 13215 2991 86269
1216771200 102 261 902 2245
1216764000 1 2 2 8
1216756800 18 23 109 133
1216749600 76 40 219 316
1216742400 133 149 501 2329
1216735200 42 21 157 113
1216728000 0 0 1 9
1216720800 0 0 0 0
1216713600 0 0 0 0
1216706400 0 0 0 0
1216699200 1061 5912 12637 68293
1216692000 2380 6039 11426 39599
1216684800 6991 9188 14519 39599
1216677600 8308 5855 15072 14551
1216670400 10673 18680 16473 54764
1216663200 10988 34222 16596 54664
1216656000 748 7272 2385 48378
1216648800 1 1 1 7
1216641600 1 2 44 68
1216634400 0 0 0 0
1216627200 0 0 0 0
1216620000 0 0 0 0
1216612800 659 15217 2479 81668
1216605600 519 1827 1304 8964
1216598400 405 3630 1952 43048
1216591200 164 3792 1373 43048
1216584000 284 2290 3093 26019
1216576800 618 2043 4172 13089
1216569600 1034 17725 3794 81931
1216562400 130 328 1168 4086
1216555200 0 0 0 0
1216548000 0 0 0 0
1216540800 0 0 0 0
1216533600 287 3037 1810 26581
1216526400 764 3112 3016 10725
1216519200 191 593 1698 4908
1216512000 1 1 1 5
1216504800 46 431 498 5212
1216497600 1082 25 13317 295
1216490400 468 1420 3145 10313
1216483200 435 8433 2304 74140
1216476000 374 5231 3134 69423
1216468800 0 0 0 0
1216461600 0 0 0 0
1216454400 0 0 0 0
1216447200 0 0 0 0
1216440000 1197 24873 3307 86856
1216432800 151 258 1446 2398
1216425600 248 3268 3455 115908
1216339200 327 4232 21878 142713
1216252800 285 3643 4360 161339
1216166400 1156 7002 16950 139196
1216080000 6129 10345 20655 107831
1215993600 246 1049 1912 35533
1215907200 458 6280 18799 193341
1215820800 374 3853 15627 147906
1215734400 382 9541 3470 158877
1215648000 524 4051 8650 80560
1215561600 364 589 13884 32416
1215475200 0 0 0 0
1215388800 0 0 0 0
1215302400 0 0 0 0
1215216000 0 0 0 0
1215129600 0 0 0 0
1215043200 0 0 0 0
1214956800 0 0 0 0
1214870400 0 0 0 0
1214784000 0 0 0 0
1214697600 0 0 0 0
1214611200 0 0 0 0
1214524800 0 0 0 0
1214438400 0 0 0 0
1214352000 0 0 0 0
1214265600 0 0 0 0
1214179200 0 0 0 0
1214092800 0 0 0 0
1214006400 0 0 0 0
1213920000 0 0 0 0
1213833600 0 0 0 0
1213747200 0 0 0 0
1213660800 0 0 0 0
1213574400 0 0 0 0
1213488000 0 0 0 0
1213401600 0 0 0 0
1213315200 0 0 0 0
1213228800 0 0 0 0
1213142400 0 0 0 0
1213056000 0 0 0 0
1212969600 0 0 0 0
1212883200 0 0 0 0
1212796800 0 0 0 0
1212710400 0 0 0 0
1212624000 0 0 0 0
1212537600 0 0 0 0
1212451200 0 0 0 0
1212364800 0 0 0 0
1212278400 0 0 0 0
1212192000 0 0 0 0
1212105600 0 0 0 0
1212019200 0 0 0 0
1211932800 0 0 0 0
1211846400 0 0 0 0
1211760000 0 0 0 0
1211673600 0 0 0 0
1211587200 0 0 0 0
1211500800 0 0 0 0
1211414400 0 0 0 0
1211328000 0 0 0 0
1211241600 0 0 0 0
1211155200 0 0 0 0
1211068800 0 0 0 0
1210982400 0 0 0 0
1210896000 0 0 0 0
1210809600 0 0 0 0
1210723200 0 0 0 0
1210636800 0 0 0 0
1210550400 0 0 0 0
1210464000 0 0 0 0
1210377600 0 0 0 0
1210291200 0 0 0 0
1210204800 0 0 0 0
1210118400 0 0 0 0
1210032000 0 0 0 0
1209945600 0 0 0 0
1209859200 0 0 0 0
1209772800 0 0 0 0
1209686400 0 0 0 0
1209600000 0 0 0 0
1209513600 0 0 0 0
1209427200 0 0 0 0
1209340800 0 0 0 0
1209254400 0 0 0 0
1209168000 0 0 0 0
1209081600 0 0 0 0
1208995200 0 0 0 0
1208908800 0 0 0 0
1208822400 0 0 0 0
1208736000 0 0 0 0
1208649600 0 0 0 0
1208563200 0 0 0 0
1208476800 0 0 0 0
1208390400 0 0 0 0
1208304000 0 0 0 0
1208217600 0 0 0 0
1208131200 0 0 0 0
1208044800 0 0 0 0
1207958400 0 0 0 0
1207872000 0 0 0 0
1207785600 0 0 0 0
1207699200 0 0 0 0
1207612800 0 0 0 0
1207526400 0 0 0 0
1207440000 0 0 0 0
1207353600 0 0 0 0
1207267200 0 0 0 0
1207180800 0 0 0 0
1207094400 0 0 0 0
1207008000 0 0 0 0
1206921600 0 0 0 0
1206835200 0 0 0 0
1206748800 0 0 0 0
1206662400 0 0 0 0
1206576000 0 0 0 0
1206489600 0 0 0 0
1206403200 0 0 0 0
1206316800 0 0 0 0
1206230400 0 0 0 0
1206144000 0 0 0 0
1206057600 0 0 0 0
1205971200 0 0 0 0
1205884800 0 0 0 0
1205798400 0 0 0 0
1205712000 0 0 0 0
1205625600 0 0 0 0
1205539200 0 0 0 0
1205452800 0 0 0 0
1205366400 0 0 0 0
1205280000 0 0 0 0
1205193600 0 0 0 0
1205107200 0 0 0 0
1205020800 0 0 0 0
1204934400 0 0 0 0
1204848000 0 0 0 0
1204761600 0 0 0 0
1204675200 0 0 0 0
1204588800 0 0 0 0
1204502400 0 0 0 0
1204416000 0 0 0 0
1204329600 0 0 0 0
1204243200 0 0 0 0
1204156800 0 0 0 0
1204070400 0 0 0 0
1203984000 0 0 0 0
1203897600 0 0 0 0
1203811200 0 0 0 0
1203724800 0 0 0 0
1203638400 0 0 0 0
1203552000 0 0 0 0
1203465600 0 0 0 0
1203379200 0 0 0 0
1203292800 0 0 0 0
1203206400 0 0 0 0
1203120000 0 0 0 0
1203033600 0 0 0 0
1202947200 0 0 0 0
1202860800 0 0 0 0
1202774400 0 0 0 0
1202688000 0 0 0 0
1202601600 0 0 0 0
1202515200 0 0 0 0
1202428800 0 0 0 0
1202342400 0 0 0 0
1202256000 0 0 0 0
1202169600 0 0 0 0
1202083200 0 0 0 0
1201996800 0 0 0 0
1201910400 0 0 0 0
1201824000 0 0 0 0
1201737600 0 0 0 0
1201651200 0 0 0 0
1201564800 0 0 0 0
1201478400 0 0 0 0
1201392000 0 0 0 0
1201305600 0 0 0 0
1201219200 0 0 0 0
1201132800 0 0 0 0
1201046400 0 0 0 0
1200960000 0 0 0 0
1200873600 0 0 0 0
1200787200 0 0 0 0
1200700800 0 0 0 0
1200614400 0 0 0 0
1200528000 0 0 0 0
1200441600 0 0 0 0
1200355200 0 0 0 0
1200268800 0 0 0 0
1200182400 0 0 0 0
1200096000 0 0 0 0
1200009600 0 0 0 0
1199923200 0 0 0 0
1199836800 0 0 0 0
1199750400 0 0 0 0
1199664000 0 0 0 0
1199577600 0 0 0 0
1199491200 0 0 0 0
1199404800 0 0 0 0
1199318400 0 0 0 0
1199232000 0 0 0 0
1199145600 0 0 0 0
1199059200 0 0 0 0
1198972800 0 0 0 0
1198886400 0 0 0 0
1198800000 0 0 0 0
1198713600 0 0 0 0
1198627200 0 0 0 0
1198540800 0 0 0 0
1198454400 0 0 0 0
1198368000 0 0 0 0
1198281600 0 0 0 0
1198195200 0 0 0 0
1198108800 0 0 0 0
1198022400 0 0 0 0
1197936000 0 0 0 0
1197849600 0 0 0 0
1197763200 0 0 0 0
1197676800 0 0 0 0
1197590400 0 0 0 0
1197504000 0 0 0 0
1197417600 0 0 0 0
1197331200 0 0 0 0
1197244800 0 0 0 0
1197158400 0 0 0 0
1197072000 0 0 0 0
1196985600 0 0 0 0
1196899200 0 0 0 0
1196812800 0 0 0 0
1196726400 0 0 0 0
1196640000 0 0 0 0
1196553600 0 0 0 0
1196467200 0 0 0 0
1196380800 0 0 0 0
1196294400 0 0 0 0
1196208000 0 0 0 0
1196121600 0 0 0 0
1196035200 0 0 0 0
1195948800 0 0 0 0
1195862400 0 0 0 0
1195776000 0 0 0 0
1195689600 0 0 0 0
1195603200 0 0 0 0
1195516800 0 0 0 0
1195430400 0 0 0 0
1195344000 0 0 0 0
1195257600 0 0 0 0
1195171200 0 0 0 0
1195084800 0 0 0 0
1194998400 0 0 0 0
1194912000 0 0 0 0
1194825600 0 0 0 0
1194739200 0 0 0 0
1194652800 0 0 0 0
1194566400 0 0 0 0
1194480000 0 0 0 0
1194393600 0 0 0 0
1194307200 0 0 0 0
1194220800 0 0 0 0
1194134400 0 0 0 0
1194048000 0 0 0 0
1193961600 0 0 0 0
1193875200 0 0 0 0
1193788800 0 0 0 0
1193702400 0 0 0 0
1193616000 0 0 0 0
1193529600 0 0 0 0
1193443200 0 0 0 0
1193356800 0 0 0 0
1193270400 0 0 0 0
1193184000 0 0 0 0
1193097600 0 0 0 0
1193011200 0 0 0 0
1192924800 0 0 0 0
1192838400 0 0 0 0
1192752000 0 0 0 0
1192665600 0 0 0 0
1192579200 0 0 0 0
1192492800 0 0 0 0
1192406400 0 0 0 0
1192320000 0 0 0 0
1192233600 0 0 0 0
1192147200 0 0 0 0
1192060800 0 0 0 0
1191974400 0 0 0 0
1191888000 0 0 0 0
1191801600 0 0 0 0
1191715200 0 0 0 0
1191628800 0 0 0 0
1191542400 0 0 0 0
1191456000 0 0 0 0
1191369600 0 0 0 0
1191283200 0 0 0 0
1191196800 0 0 0 0
1191110400 0 0 0 0
1191024000 0 0 0 0
1190937600 0 0 0 0
1190851200 0 0 0 0
1190764800 0 0 0 0
1190678400 0 0 0 0
1190592000 0 0 0 0
1190505600 0 0 0 0
1190419200 0 0 0 0
1190332800 0 0 0 0
1190246400 0 0 0 0
1190160000 0 0 0 0
1190073600 0 0 0 0
1189987200 0 0 0 0
1189900800 0 0 0 0
1189814400 0 0 0 0
1189728000 0 0 0 0
1189641600 0 0 0 0
1189555200 0 0 0 0
1189468800 0 0 0 0
1189382400 0 0 0 0
1189296000 0 0 0 0
1189209600 0 0 0 0
1189123200 0 0 0 0
1189036800 0 0 0 0
1188950400 0 0 0 0
1188864000 0 0 0 0
1188777600 0 0 0 0
1188691200 0 0 0 0
1188604800 0 0 0 0
1188518400 0 0 0 0
1188432000 0 0 0 0
1188345600 0 0 0 0
1188259200 0 0 0 0
1188172800 0 0 0 0
1188086400 0 0 0 0
1188000000 0 0 0 0
1187913600 0 0 0 0
1187827200 0 0 0 0
1187740800 0 0 0 0
1187654400 0 0 0 0
1187568000 0 0 0 0
1187481600 0 0 0 0
1187395200 0 0 0 0
1187308800 0 0 0 0
1187222400 0 0 0 0
1187136000 0 0 0 0
1187049600 0 0 0 0
1186963200 0 0 0 0
1186876800 0 0 0 0
1186790400 0 0 0 0
1186704000 0 0 0 0
1186617600 0 0 0 0
1186531200 0 0 0 0
1186444800 0 0 0 0
1186358400 0 0 0 0
1186272000 0 0 0 0
1186185600 0 0 0 0
1186099200 0 0 0 0
1186012800 0 0 0 0
1185926400 0 0 0 0
1185840000 0 0 0 0
1185753600 0 0 0 0
1185667200 0 0 0 0
1185580800 0 0 0 0
1185494400 0 0 0 0
1185408000 0 0 0 0
1185321600 0 0 0 0
1185235200 0 0 0 0
1185148800 0 0 0 0
1185062400 0 0 0 0
1184976000 0 0 0 0
1184889600 0 0 0 0
1184803200 0 0 0 0
1184716800 0 0 0 0
1184630400 0 0 0 0
1184544000 0 0 0 0
1184457600 0 0 0 0
1184371200 0 0 0 0
1184284800 0 0 0 0
1184198400 0 0 0 0
1184112000 0 0 0 0
1184025600 0 0 0 0
1183939200 0 0 0 0
1183852800 0 0 0 0
1183766400 0 0 0 0
1183680000 0 0 0 0
1183593600 0 0 0 0
1183507200 0 0 0 0
1183420800 0 0 0 0
1183334400 0 0 0 0
1183248000 0 0 0 0
1183161600 0 0 0 0
1183075200 0 0 0 0
1182988800 0 0 0 0
1182902400 0 0 0 0
1182816000 0 0 0 0
1182729600 0 0 0 0
1182643200 0 0 0 0
1182556800 0 0 0 0
1182470400 0 0 0 0
1182384000 0 0 0 0
1182297600 0 0 0 0
1182211200 0 0 0 0
1182124800 0 0 0 0
1182038400 0 0 0 0
1181952000 0 0 0 0
1181865600 0 0 0 0
1181779200 0 0 0 0
1181692800 0 0 0 0
1181606400 0 0 0 0
1181520000 0 0 0 0
1181433600 0 0 0 0
1181347200 0 0 0 0
1181260800 0 0 0 0
1181174400 0 0 0 0
1181088000 0 0 0 0
1181001600 0 0 0 0
1180915200 0 0 0 0
1180828800 0 0 0 0
1180742400 0 0 0 0
1180656000 0 0 0 0
1180569600 0 0 0 0
1180483200 0 0 0 0
1180396800 0 0 0 0
1180310400 0 0 0 0
1180224000 0 0 0 0
1180137600 0 0 0 0
1180051200 0 0 0 0
1179964800 0 0 0 0
1179878400 0 0 0 0
1179792000 0 0 0 0
1179705600 0 0 0 0
1179619200 0 0 0 0
1179532800 0 0 0 0
1179446400 0 0 0 0
1179360000 0 0 0 0
1179273600 0 0 0 0
1179187200 0 0 0 0
1179100800 0 0 0 0
1179014400 0 0 0 0
1178928000 0 0 0 0
1178841600 0 0 0 0
1178755200 0 0 0 0
1178668800 0 0 0 0
1178582400 0 0 0 0
1178496000 0 0 0 0
1178409600 0 0 0 0
1178323200 0 0 0 0
1178236800 0 0 0 0
1178150400 0 0 0 0
1178064000 0 0 0 0
1177977600 0 0 0 0
1177891200 0 0 0 0
1177804800 0 0 0 0
1177718400 0 0 0 0
1177632000 0 0 0 0
1177545600 0 0 0 0
1177459200 0 0 0 0
1177372800 0 0 0 0
1177286400 0 0 0 0
1177200000 0 0 0 0
1177113600 0 0 0 0
1177027200 0 0 0 0
1176940800 0 0 0 0
1176854400 0 0 0 0
1176768000 0 0 0 0
1176681600 0 0 0 0
1176595200 0 0 0 0
1176508800 0 0 0 0
1176422400 0 0 0 0
1176336000 0 0 0 0
1176249600 0 0 0 0
1176163200 0 0 0 0
1176076800 0 0 0 0
1175990400 0 0 0 0
1175904000 0 0 0 0
1175817600 0 0 0 0
1175731200 0 0 0 0
1175644800 0 0 0 0
1175558400 0 0 0 0
1175472000 0 0 0 0
1175385600 0 0 0 0
1175299200 0 0 0 0
1175212800 0 0 0 0
1175126400 0 0 0 0
1175040000 0 0 0 0
1174953600 0 0 0 0
1174867200 0 0 0 0
1174780800 0 0 0 0
1174694400 0 0 0 0
1174608000 0 0 0 0
1174521600 0 0 0 0
1174435200 0 0 0 0
1174348800 0 0 0 0
1174262400 0 0 0 0
1174176000 0 0 0 0
1174089600 0 0 0 0
1174003200 0 0 0 0
1173916800 0 0 0 0
1173830400 0 0 0 0
1173744000 0 0 0 0
1173657600 0 0 0 0
1173571200 0 0 0 0
1173484800 0 0 0 0
1173398400 0 0 0 0
1173312000 0 0 0 0
1173225600 0 0 0 0
1173139200 0 0 0 0
1173052800 0 0 0 0
1172966400 0 0 0 0
1172880000 0 0 0 0
1172793600 0 0 0 0
1172707200 0 0 0 0
1172620800 0 0 0 0
1172534400 0 0 0 0
1172448000 0 0 0 0
1172361600 0 0 0 0
1172275200 0 0 0 0
1172188800 0 0 0 0
1172102400 0 0 0 0
1172016000 0 0 0 0
1171929600 0 0 0 0
1171843200 0 0 0 0
1171756800 0 0 0 0
1171670400 0 0 0 0
1171584000 0 0 0 0
1171497600 0 0 0 0
1171411200 0 0 0 0
1171324800 0 0 0 0
1171238400 0 0 0 0
1171152000 0 0 0 0
1171065600 0 0 0 0
1170979200 0 0 0 0
1170892800 0 0 0 0
1170806400 0 0 0 0
1170720000 0 0 0 0
1170633600 0 0 0 0
1170547200 0 0 0 0
1170460800 0 0 0 0
1170374400 0 0 0 0
1170288000 0 0 0 0
1170201600 0 0 0 0
1170115200 0 0 0 0
1170028800 0 0 0 0
1169942400 0 0 0 0
1169856000 0 0 0 0
1169769600 0 0 0 0
1169683200 0 0 0 0
1169596800 0 0 0 0
1169510400 0 0 0 0
1169424000 0 0 0 0
1169337600 0 0 0 0
1169251200 0 0 0 0
1169164800 0 0 0 0
1169078400 0 0 0 0
1168992000 0 0 0 0
1168905600 0 0 0 0
1168819200 0 0 0 0
1168732800 0 0 0 0
1168646400 0 0 0 0
1168560000 0 0 0 0
1168473600 0 0 0 0
1168387200 0 0 0 0
1168300800 0 0 0 0
1168214400 0 0 0 0
1168128000 0 0 0 0
1168041600 0 0 0 0
1167955200 0 0 0 0
1167868800 0 0 0 0
1167782400 0 0 0 0
1167696000 0 0 0 0
1167609600 0 0 0 0
1167523200 0 0 0 0
1167436800 0 0 0 0
1167350400 0 0 0 0
1167264000 0 0 0 0
1167177600 0 0 0 0
1167091200 0 0 0 0
1167004800 0 0 0 0
1166918400 0 0 0 0
1166832000 0 0 0 0
1166745600 0 0 0 0
1166659200 0 0 0 0
1166572800 0 0 0 0
1166486400 0 0 0 0
1166400000 0 0 0 0
1166313600 0 0 0 0
1166227200 0 0 0 0
1166140800 0 0 0 0
1166054400 0 0 0 0
1165968000 0 0 0 0
1165881600 0 0 0 0
1165795200 0 0 0 0
1165708800 0 0 0 0
1165622400 0 0 0 0
1165536000 0 0 0 0
1165449600 0 0 0 0
1165363200 0 0 0 0
1165276800 0 0 0 0
1165190400 0 0 0 0
1165104000 0 0 0 0
1165017600 0 0 0 0
1164931200 0 0 0 0
1164844800 0 0 0 0
1164758400 0 0 0 0
1164672000 0 0 0 0
1164585600 0 0 0 0
1164499200 0 0 0 0
1164412800 0 0 0 0
1164326400 0 0 0 0
1164240000 0 0 0 0
1164153600 0 0 0 0
1164067200 0 0 0 0
1163980800 0 0 0 0
1163894400 0 0 0 0
1163808000 0 0 0 0
1163721600 0 0 0 0
1163635200 0 0 0 0
1163548800 0 0 0 0
1163462400 0 0 0 0
1163376000 0 0 0 0
1163289600 0 0 0 0
1163203200 0 0 0 0
1163116800 0 0 0 0
1163030400 0 0 0 0
1162944000 0 0 0 0
1162857600 0 0 0 0
1162771200 0 0 0 0
1162684800 0 0 0 0
1162598400 0 0 0 0
1162512000 0 0 0 0
1162425600 0 0 0 0
1162339200 0 0 0 0
1162252800 0 0 0 0
1162166400 0 0 0 0
1162080000 0 0 0 0
1161993600 0 0 0 0
1161907200 0 0 0 0
1161820800 0 0 0 0
1161734400 0 0 0 0
1161648000 0 0 0 0
1161561600 0 0 0 0
1161475200 0 0 0 0
1161388800 0 0 0 0
1161302400 0 0 0 0
1161216000 0 0 0 0
1161129600 0 0 0 0
1161043200 0 0 0 0
1160956800 0 0 0 0
1160870400 0 0 0 0
1160784000 0 0 0 0
1160697600 0 0 0 0
1160611200 0 0 0 0
1160524800 0 0 0 0
1160438400 0 0 0 0
1160352000 0 0 0 0
1160265600 0 0 0 0
1160179200 0 0 0 0
1160092800 0 0 0 0
1160006400 0 0 0 0
1159920000 0 0 0 0
1159833600 0 0 0 0
1159747200 0 0 0 0
1159660800 0 0 0 0
1159574400 0 0 0 0
1159488000 0 0 0 0
1159401600 0 0 0 0
1159315200 0 0 0 0
1159228800 0 0 0 0
1159142400 0 0 0 0
1159056000 0 0 0 0
1158969600 0 0 0 0
1158883200 0 0 0 0
1158796800 0 0 0 0
1158710400 0 0 0 0
1158624000 0 0 0 0
1158537600 0 0 0 0
1158451200 0 0 0 0
1158364800 0 0 0 0
1158278400 0 0 0 0
1158192000 0 0 0 0
1158105600 0 0 0 0
1158019200 0 0 0 0
1157932800 0 0 0 0
1157846400 0 0 0 0
1157760000 0 0 0 0
1157673600 0 0 0 0
1157587200 0 0 0 0
1157500800 0 0 0 0
1157414400 0 0 0 0
1157328000 0 0 0 0
1157241600 0 0 0 0
1157155200 0 0 0 0
1157068800 0 0 0 0
1156982400 0 0 0 0
1156896000 0 0 0 0
1156809600 0 0 0 0
1156723200 0 0 0 0
1156636800 0 0 0 0
1156550400 0 0 0 0
1156464000 0 0 0 0
1156377600 0 0 0 0
1156291200 0 0 0 0
1156204800 0 0 0 0
1156118400 0 0 0 0
1156032000 0 0 0 0
1155945600 0 0 0 0
1155859200 0 0 0 0
1155772800 0 0 0 0
1155686400 0 0 0 0
1155600000 0 0 0 0
1155513600 0 0 0 0
1155427200 0 0 0 0
1155340800 0 0 0 0
1155254400 0 0 0 0
1155168000 0 0 0 0
1155081600 0 0 0 0
1154995200 0 0 0 0
1154908800 0 0 0 0
1154822400 0 0 0 0
1154736000 0 0 0 0
1154649600 0 0 0 0
1154563200 0 0 0 0
1154476800 0 0 0 0
1154390400 0 0 0 0
1154304000 0 0 0 0
1154217600 0 0 0 0
1154131200 0 0 0 0
1154044800 0 0 0 0
1153958400 0 0 0 0
1153872000 0 0 0 0
1153785600 0 0 0 0
1153699200 0 0 0 0
1153612800 0 0 0 0
1153526400 0 0 0 0
1153440000 0 0 0 0
1153353600 0 0 0 0
1153267200 0 0 0 0
